###############################################################################
#                                                                             #
# IAR ANSI C/C++ Compiler V6.50.3.4676/W32 for ARM      30/Jun/2015  23:09:41 #
# Copyright 1999-2013 IAR Systems AB.                                         #
#                                                                             #
#    Cpu mode        =  thumb                                                 #
#    Endian          =  little                                                #
#    Source file     =  F:\stuff\rusefi_sourceforge\firmware\chibios\os\ports #
#                       \IAR\ARMCMx\chcore.c                                  #
#    Command line    =  F:\stuff\rusefi_sourceforge\firmware\chibios\os\ports #
#                       \IAR\ARMCMx\chcore.c -lCN                             #
#                       F:\stuff\rusefi_sourceforge\firmware\iar\Debug\List\  #
#                       -lA F:\stuff\rusefi_sourceforge\firmware\iar\Debug\Li #
#                       st\ -o F:\stuff\rusefi_sourceforge\firmware\iar\Debug #
#                       \Obj\ --no_cse --no_unroll --no_inline                #
#                       --no_code_motion --no_tbaa --no_clustering            #
#                       --no_scheduling --debug --endian=little               #
#                       --cpu=Cortex-M4 -e --fpu=VFPv4_sp --dlib_config       #
#                       "C:\Program Files (x86)\IAR Systems\Embedded          #
#                       Workbench 6.5\arm\INC\c\DLib_Config_Normal.h"         #
#                       --misrac2004=1.2-1.4,2.3,3.4,4.2,6.5-7,8.2-8.3,9.3,   #
#                       12.3,13.6-13,15.5,17.3,19.17,20.7-20.9,20.11 -I       #
#                       F:\stuff\rusefi_sourceforge\firmware\iar\..\ -I       #
#                       F:\stuff\rusefi_sourceforge\firmware\iar\..\chibios\o #
#                       s\kernel\include\ -I F:\stuff\rusefi_sourceforge\firm #
#                       ware\iar\..\chibios\os\ports\common\ARMCMx\ -I        #
#                       F:\stuff\rusefi_sourceforge\firmware\iar\..\chibios\o #
#                       s\ports\common\ARMCMx\CMSIS\include\ -I               #
#                       F:\stuff\rusefi_sourceforge\firmware\iar\..\chibios\o #
#                       s\ports\IAR\ARMCMx\ -I F:\stuff\rusefi_sourceforge\fi #
#                       rmware\iar\..\chibios\os\ports\IAR\ARMCMx\STM32F4xx\  #
#                       -I F:\stuff\rusefi_sourceforge\firmware\iar\..\chibio #
#                       s\os\hal\include\ -I F:\stuff\rusefi_sourceforge\firm #
#                       ware\iar\..\chibios\os\hal\platforms\STM32\ -I        #
#                       F:\stuff\rusefi_sourceforge\firmware\iar\..\chibios\o #
#                       s\hal\platforms\STM32\DMAv1\ -I                       #
#                       F:\stuff\rusefi_sourceforge\firmware\iar\..\chibios\o #
#                       s\hal\platforms\STM32\GPIOv2\ -I                      #
#                       F:\stuff\rusefi_sourceforge\firmware\iar\..\chibios\o #
#                       s\hal\platforms\STM32\I2Cv1\ -I                       #
#                       F:\stuff\rusefi_sourceforge\firmware\iar\..\chibios\o #
#                       s\hal\platforms\STM32\SPIv1\ -I                       #
#                       F:\stuff\rusefi_sourceforge\firmware\iar\..\chibios\o #
#                       s\hal\platforms\STM32\TIMv1\ -I                       #
#                       F:\stuff\rusefi_sourceforge\firmware\iar\..\chibios\o #
#                       s\hal\platforms\STM32\RTCv2\ -I                       #
#                       F:\stuff\rusefi_sourceforge\firmware\iar\..\chibios\o #
#                       s\hal\platforms\STM32\USARTv1\ -I                     #
#                       F:\stuff\rusefi_sourceforge\firmware\iar\..\chibios\o #
#                       s\hal\platforms\STM32\OTGv1\ -I                       #
#                       F:\stuff\rusefi_sourceforge\firmware\iar\..\chibios\o #
#                       s\hal\platforms\STM32F4xx\ -I                         #
#                       F:\stuff\rusefi_sourceforge\firmware\iar\..\chibios\o #
#                       s\various\ -I F:\stuff\rusefi_sourceforge\firmware\ia #
#                       r\..\chibios\os\various\devices_lib\accel\ -I         #
#                       F:\stuff\rusefi_sourceforge\firmware\iar\..\chibios\b #
#                       oards\ST_STM32F4_DISCOVERY\ -I                        #
#                       F:\stuff\rusefi_sourceforge\firmware\iar\..\controlle #
#                       rs\ -I F:\stuff\rusefi_sourceforge\firmware\iar\..\co #
#                       ntrollers\algo\ -I F:\stuff\rusefi_sourceforge\firmwa #
#                       re\iar\..\controllers\core\ -I                        #
#                       F:\stuff\rusefi_sourceforge\firmware\iar\..\controlle #
#                       rs\system\ -I F:\stuff\rusefi_sourceforge\firmware\ia #
#                       r\..\controllers\sensors\ -I                          #
#                       F:\stuff\rusefi_sourceforge\firmware\iar\..\controlle #
#                       rs\math\ -I F:\stuff\rusefi_sourceforge\firmware\iar\ #
#                       ..\controllers\trigger\ -I                            #
#                       F:\stuff\rusefi_sourceforge\firmware\iar\..\console\  #
#                       -I F:\stuff\rusefi_sourceforge\firmware\iar\..\config #
#                       \ -I F:\stuff\rusefi_sourceforge\firmware\iar\..\conf #
#                       ig\engines\ -I F:\stuff\rusefi_sourceforge\firmware\i #
#                       ar\..\config\stm32f4ems\ -I                           #
#                       F:\stuff\rusefi_sourceforge\firmware\iar\..\console\b #
#                       inary\ -I F:\stuff\rusefi_sourceforge\firmware\iar\.. #
#                       \console_util\ -I F:\stuff\rusefi_sourceforge\firmwar #
#                       e\iar\..\development\ -I F:\stuff\rusefi_sourceforge\ #
#                       firmware\iar\..\development\test\ -I                  #
#                       F:\stuff\rusefi_sourceforge\firmware\iar\..\developme #
#                       nt\hw_layer\ -I F:\stuff\rusefi_sourceforge\firmware\ #
#                       iar\..\hw_layer\algo\ -I F:\stuff\rusefi_sourceforge\ #
#                       firmware\iar\..\hw_layer\lcd\ -I                      #
#                       F:\stuff\rusefi_sourceforge\firmware\iar\..\hw_layer\ #
#                       stm32f4\ -I F:\stuff\rusefi_sourceforge\firmware\iar\ #
#                       ..\hw_layer\serial_over_usb\ -I                       #
#                       F:\stuff\rusefi_sourceforge\firmware\iar\..\hw_layer\ #
#                        -I F:\stuff\rusefi_sourceforge\firmware\iar\..\ext\  #
#                       -I F:\stuff\rusefi_sourceforge\firmware\iar\..\ext_al #
#                       go\ -I F:\stuff\rusefi_sourceforge\firmware\iar\..\de #
#                       velopment\ -I F:\stuff\rusefi_sourceforge\firmware\ia #
#                       r\..\development\hw_layer\ -I                         #
#                       F:\stuff\rusefi_sourceforge\firmware\iar\..\util\ -On #
#    MISRA C version =  2004                                                  #
#      Enabled       =  1.2-1.4 2.3 3.4 4.2 6.5 7 8.2 8.3 9.3 12.3 13.6 13.7  #
#                       15.5 17.3 19.17 20.7-20.9 20.11                       #
#      Checked       =  1.4 2.3 4.2 6.5 7 8.2 8.3 9.3 12.3 13.7 15.5          #
#                       20.7-20.9 20.11                                       #
#      Not checked   =  1.1-1.3 1.5-2.2 2.4-4.1 5-6.4 8.1 8.4-9.2 10-12.2     #
#                       12.4-13.6 14-15.4 16-20.6 20.10 20.12 21              #
#    List file       =  F:\stuff\rusefi_sourceforge\firmware\iar\Debug\List\c #
#                       hcore.lst                                             #
#    Object file     =  F:\stuff\rusefi_sourceforge\firmware\iar\Debug\Obj\ch #
#                       core.o                                                #
#                                                                             #
#                                                                             #
###############################################################################

F:\stuff\rusefi_sourceforge\firmware\chibios\os\ports\IAR\ARMCMx\chcore.c
      1          /*
      2              ChibiOS/RT - Copyright (C) 2006,2007,2008,2009,2010,
      3                           2011,2012,2013 Giovanni Di Sirio.
      4          
      5              This file is part of ChibiOS/RT.
      6          
      7              ChibiOS/RT is free software; you can redistribute it and/or modify
      8              it under the terms of the GNU General Public License as published by
      9              the Free Software Foundation; either version 3 of the License, or
     10              (at your option) any later version.
     11          
     12              ChibiOS/RT is distributed in the hope that it will be useful,
     13              but WITHOUT ANY WARRANTY; without even the implied warranty of
     14              MERCHANTABILITY or FITNESS FOR A PARTICULAR PURPOSE.  See the
     15              GNU General Public License for more details.
     16          
     17              You should have received a copy of the GNU General Public License
     18              along with this program.  If not, see <http://www.gnu.org/licenses/>.
     19          
     20                                                ---
     21          
     22              A special exception to the GPL can be applied should you wish to distribute
     23              a combined work that includes ChibiOS/RT, without being obliged to provide
     24              the source code for any proprietary components. See the file exception.txt
     25              for full details of how and when the exception can be applied.
     26          */
     27          
     28          /**
     29           * @file    IAR/ARMCMx/chcore.c
     30           * @brief   ARM Cortex-Mx port code.
     31           *
     32           * @addtogroup IAR_ARMCMx_CORE
     33           * @{
     34           */
     35          
     36          #include "ch.h"
     37          
     38          /**
     39           * @brief   Halts the system.
     40           * @note    The function is declared as a weak symbol, it is possible
     41           *          to redefine it in your application code.
     42           */
     43          #if !defined(__DOXYGEN__)

   \                                 In section .text, align 2, keep-with-next
     44          __weak
     45          #endif
     46          void port_halt(void) {
     47          
     48            port_disable();
   \                     port_halt:
   \   00000000   0xB672             CPSID    I
     49            while (TRUE) {
   \                     ??port_halt_0:
   \   00000002   0xE7FE             B.N      ??port_halt_0
     50            }
     51          }
     52          
     53          /** @} */

   Maximum stack usage in bytes:

   .cstack Function
   ------- --------
       0   port_halt


   Section sizes:

   Bytes  Function/Label
   -----  --------------
       4  port_halt

 
 4 bytes in section .text
 
 4 bytes of CODE memory

Errors: none
Warnings: none
