###############################################################################
#                                                                             #
# IAR ANSI C/C++ Compiler V6.50.3.4676/W32 for ARM      30/Jun/2015  23:09:37 #
# Copyright 1999-2013 IAR Systems AB.                                         #
#                                                                             #
#    Cpu mode        =  thumb                                                 #
#    Endian          =  little                                                #
#    Source file     =  F:\stuff\rusefi_sourceforge\firmware\config\engines\G #
#                       Y6_139QMB.cpp                                         #
#    Command line    =  F:\stuff\rusefi_sourceforge\firmware\config\engines\G #
#                       Y6_139QMB.cpp -lCN F:\stuff\rusefi_sourceforge\firmwa #
#                       re\iar\Debug\List\ -lA F:\stuff\rusefi_sourceforge\fi #
#                       rmware\iar\Debug\List\ -o                             #
#                       F:\stuff\rusefi_sourceforge\firmware\iar\Debug\Obj\   #
#                       --no_cse --no_unroll --no_inline --no_code_motion     #
#                       --no_tbaa --no_clustering --no_scheduling --debug     #
#                       --endian=little --cpu=Cortex-M4 -e --fpu=VFPv4_sp     #
#                       --dlib_config "C:\Program Files (x86)\IAR             #
#                       Systems\Embedded Workbench                            #
#                       6.5\arm\INC\c\DLib_Config_Normal.h"                   #
#                       --misrac2004=1.2-1.4,2.3,3.4,4.2,6.5-7,8.2-8.3,9.3,   #
#                       12.3,13.6-13,15.5,17.3,19.17,20.7-20.9,20.11 -I       #
#                       F:\stuff\rusefi_sourceforge\firmware\iar\..\ -I       #
#                       F:\stuff\rusefi_sourceforge\firmware\iar\..\chibios\o #
#                       s\kernel\include\ -I F:\stuff\rusefi_sourceforge\firm #
#                       ware\iar\..\chibios\os\ports\common\ARMCMx\ -I        #
#                       F:\stuff\rusefi_sourceforge\firmware\iar\..\chibios\o #
#                       s\ports\common\ARMCMx\CMSIS\include\ -I               #
#                       F:\stuff\rusefi_sourceforge\firmware\iar\..\chibios\o #
#                       s\ports\IAR\ARMCMx\ -I F:\stuff\rusefi_sourceforge\fi #
#                       rmware\iar\..\chibios\os\ports\IAR\ARMCMx\STM32F4xx\  #
#                       -I F:\stuff\rusefi_sourceforge\firmware\iar\..\chibio #
#                       s\os\hal\include\ -I F:\stuff\rusefi_sourceforge\firm #
#                       ware\iar\..\chibios\os\hal\platforms\STM32\ -I        #
#                       F:\stuff\rusefi_sourceforge\firmware\iar\..\chibios\o #
#                       s\hal\platforms\STM32\DMAv1\ -I                       #
#                       F:\stuff\rusefi_sourceforge\firmware\iar\..\chibios\o #
#                       s\hal\platforms\STM32\GPIOv2\ -I                      #
#                       F:\stuff\rusefi_sourceforge\firmware\iar\..\chibios\o #
#                       s\hal\platforms\STM32\I2Cv1\ -I                       #
#                       F:\stuff\rusefi_sourceforge\firmware\iar\..\chibios\o #
#                       s\hal\platforms\STM32\SPIv1\ -I                       #
#                       F:\stuff\rusefi_sourceforge\firmware\iar\..\chibios\o #
#                       s\hal\platforms\STM32\TIMv1\ -I                       #
#                       F:\stuff\rusefi_sourceforge\firmware\iar\..\chibios\o #
#                       s\hal\platforms\STM32\RTCv2\ -I                       #
#                       F:\stuff\rusefi_sourceforge\firmware\iar\..\chibios\o #
#                       s\hal\platforms\STM32\USARTv1\ -I                     #
#                       F:\stuff\rusefi_sourceforge\firmware\iar\..\chibios\o #
#                       s\hal\platforms\STM32\OTGv1\ -I                       #
#                       F:\stuff\rusefi_sourceforge\firmware\iar\..\chibios\o #
#                       s\hal\platforms\STM32F4xx\ -I                         #
#                       F:\stuff\rusefi_sourceforge\firmware\iar\..\chibios\o #
#                       s\various\ -I F:\stuff\rusefi_sourceforge\firmware\ia #
#                       r\..\chibios\os\various\devices_lib\accel\ -I         #
#                       F:\stuff\rusefi_sourceforge\firmware\iar\..\chibios\b #
#                       oards\ST_STM32F4_DISCOVERY\ -I                        #
#                       F:\stuff\rusefi_sourceforge\firmware\iar\..\controlle #
#                       rs\ -I F:\stuff\rusefi_sourceforge\firmware\iar\..\co #
#                       ntrollers\algo\ -I F:\stuff\rusefi_sourceforge\firmwa #
#                       re\iar\..\controllers\core\ -I                        #
#                       F:\stuff\rusefi_sourceforge\firmware\iar\..\controlle #
#                       rs\system\ -I F:\stuff\rusefi_sourceforge\firmware\ia #
#                       r\..\controllers\sensors\ -I                          #
#                       F:\stuff\rusefi_sourceforge\firmware\iar\..\controlle #
#                       rs\math\ -I F:\stuff\rusefi_sourceforge\firmware\iar\ #
#                       ..\controllers\trigger\ -I                            #
#                       F:\stuff\rusefi_sourceforge\firmware\iar\..\console\  #
#                       -I F:\stuff\rusefi_sourceforge\firmware\iar\..\config #
#                       \ -I F:\stuff\rusefi_sourceforge\firmware\iar\..\conf #
#                       ig\engines\ -I F:\stuff\rusefi_sourceforge\firmware\i #
#                       ar\..\config\stm32f4ems\ -I                           #
#                       F:\stuff\rusefi_sourceforge\firmware\iar\..\console\b #
#                       inary\ -I F:\stuff\rusefi_sourceforge\firmware\iar\.. #
#                       \console_util\ -I F:\stuff\rusefi_sourceforge\firmwar #
#                       e\iar\..\development\ -I F:\stuff\rusefi_sourceforge\ #
#                       firmware\iar\..\development\test\ -I                  #
#                       F:\stuff\rusefi_sourceforge\firmware\iar\..\developme #
#                       nt\hw_layer\ -I F:\stuff\rusefi_sourceforge\firmware\ #
#                       iar\..\hw_layer\algo\ -I F:\stuff\rusefi_sourceforge\ #
#                       firmware\iar\..\hw_layer\lcd\ -I                      #
#                       F:\stuff\rusefi_sourceforge\firmware\iar\..\hw_layer\ #
#                       stm32f4\ -I F:\stuff\rusefi_sourceforge\firmware\iar\ #
#                       ..\hw_layer\serial_over_usb\ -I                       #
#                       F:\stuff\rusefi_sourceforge\firmware\iar\..\hw_layer\ #
#                        -I F:\stuff\rusefi_sourceforge\firmware\iar\..\ext\  #
#                       -I F:\stuff\rusefi_sourceforge\firmware\iar\..\ext_al #
#                       go\ -I F:\stuff\rusefi_sourceforge\firmware\iar\..\de #
#                       velopment\ -I F:\stuff\rusefi_sourceforge\firmware\ia #
#                       r\..\development\hw_layer\ -I                         #
#                       F:\stuff\rusefi_sourceforge\firmware\iar\..\util\     #
#                       -On --eec++                                           #
#    MISRA C version =  2004                                                  #
#      Enabled       =  1.2-1.4 2.3 3.4 4.2 6.5 7 8.2 8.3 9.3 12.3 13.6 13.7  #
#                       15.5 17.3 19.17 20.7-20.9 20.11                       #
#      Checked       =  1.4 2.3 4.2 6.5 7 8.2 8.3 9.3 12.3 13.7 15.5          #
#                       20.7-20.9 20.11                                       #
#      Not checked   =  1.1-1.3 1.5-2.2 2.4-4.1 5-6.4 8.1 8.4-9.2 10-12.2     #
#                       12.4-13.6 14-15.4 16-20.6 20.10 20.12 21              #
#    List file       =  F:\stuff\rusefi_sourceforge\firmware\iar\Debug\List\G #
#                       Y6_139QMB.lst                                         #
#    Object file     =  F:\stuff\rusefi_sourceforge\firmware\iar\Debug\Obj\GY #
#                       6_139QMB.o                                            #
#                                                                             #
#                                                                             #
###############################################################################

F:\stuff\rusefi_sourceforge\firmware\config\engines\GY6_139QMB.cpp
      1          /**
      2           * @file	GY6_139QMB.cpp
      3           * @brief	139qmb default engine configuration
      4           *
      5           * @date Feb 13, 2014
      6           * @author rus084, (c) 2015
      7           * @author Andrey Belomutskiy, (c) 2012-2015
      8           */
      9          
     10          #include "main.h"
     11          #include "GY6_139QMB.h"
     12          #include "engine_math.h"
     13          #include "engine_configuration.h"
     14          #include "allsensors.h"
     15          #include "advance_map.h"
     16          
     17          EXTERN_ENGINE
     18          ;
     19          

   \                                 In section .rodata, align 4
     20          static const fuel_table_t default_139qmb_fuel_table = {
   \                     default_139qmb_fuel_table:
   \   00000000   0x40C00000         DC32 40C00000H, 40C00000H, 40C00000H, 40C00000H, 40C00000H, 40C00000H
   \              0x40C00000   
   \              0x40C00000   
   \              0x40C00000   
   \              0x40C00000   
   \              0x40C00000   
   \   00000018   0x40C00000         DC32 40C00000H, 40C00000H, 40C00000H, 40C00000H, 40C00000H, 40C00000H
   \              0x40C00000   
   \              0x40C00000   
   \              0x40C00000   
   \              0x40C00000   
   \              0x40C00000   
   \   00000030   0x40C00000         DC32 40C00000H, 40C00000H, 40C00000H, 40C00000H, 40C00000H, 40C00000H
   \              0x40C00000   
   \              0x40C00000   
   \              0x40C00000   
   \              0x40C00000   
   \              0x40C00000   
   \   00000048   0x40C00000         DC32 40C00000H, 40C00000H, 40C00000H, 40C00000H, 40C00000H, 40C00000H
   \              0x40C00000   
   \              0x40C00000   
   \              0x40C00000   
   \              0x40C00000   
   \              0x40C00000   
   \   00000060   0x40C00000         DC32 40C00000H, 40C00000H, 40C00000H, 40C00000H, 40C00000H, 40C00000H
   \              0x40C00000   
   \              0x40C00000   
   \              0x40C00000   
   \              0x40C00000   
   \              0x40C00000   
   \   00000078   0x40C00000         DC32 40C00000H, 40C00000H, 40C00000H, 40C00000H, 40C00000H, 40C00000H
   \              0x40C00000   
   \              0x40C00000   
   \              0x40C00000   
   \              0x40C00000   
   \              0x40C00000   
   \   00000090   0x40C00000         DC32 40C00000H, 40C00000H, 40C00000H, 40C00000H, 40C00000H, 40C00000H
   \              0x40C00000   
   \              0x40C00000   
   \              0x40C00000   
   \              0x40C00000   
   \              0x40C00000   
   \   000000A8   0x40C00000         DC32 40C00000H, 40C00000H, 40C00000H, 40C00000H, 40C00000H, 40C00000H
   \              0x40C00000   
   \              0x40C00000   
   \              0x40C00000   
   \              0x40C00000   
   \              0x40C00000   
   \   000000C0   0x40C00000         DC32 40C00000H, 40C00000H, 40C00000H, 40C00000H, 40C00000H, 40C00000H
   \              0x40C00000   
   \              0x40C00000   
   \              0x40C00000   
   \              0x40C00000   
   \              0x40C00000   
   \   000000D8   0x40C00000         DC32 40C00000H, 40C00000H, 40C00000H, 40C00000H, 40C00000H, 40C00000H
   \              0x40C00000   
   \              0x40C00000   
   \              0x40C00000   
   \              0x40C00000   
   \              0x40C00000   
   \   000000F0   0x40C00000         DC32 40C00000H, 40C00000H, 40C00000H, 40C00000H, 40C00000H, 40C00000H
   \              0x40C00000   
   \              0x40C00000   
   \              0x40C00000   
   \              0x40C00000   
   \              0x40C00000   
   \   00000108   0x40C00000         DC32 40C00000H, 40C00000H, 40C00000H, 40C00000H, 40C00000H, 40C00000H
   \              0x40C00000   
   \              0x40C00000   
   \              0x40C00000   
   \              0x40C00000   
   \              0x40C00000   
   \   00000120   0x40C00000         DC32 40C00000H, 40C00000H, 40C00000H, 40C00000H, 40C00000H, 40C00000H
   \              0x40C00000   
   \              0x40C00000   
   \              0x40C00000   
   \              0x40C00000   
   \              0x40C00000   
   \   00000138   0x40C00000         DC32 40C00000H, 40C00000H, 40C00000H, 40C00000H, 40C00000H, 40C00000H
   \              0x40C00000   
   \              0x40C00000   
   \              0x40C00000   
   \              0x40C00000   
   \              0x40C00000   
   \   00000150   0x40C00000         DC32 40C00000H, 40C00000H, 40C00000H, 40C00000H, 40C00000H, 40C00000H
   \              0x40C00000   
   \              0x40C00000   
   \              0x40C00000   
   \              0x40C00000   
   \              0x40C00000   
   \   00000168   0x40C00000         DC32 40C00000H, 40C00000H, 40C00000H, 40C00000H, 40C00000H, 40C00000H
   \              0x40C00000   
   \              0x40C00000   
   \              0x40C00000   
   \              0x40C00000   
   \              0x40C00000   
   \   00000180   0x40C00000         DC32 40C00000H, 40C00000H, 40C00000H, 40C00000H, 40C00000H, 40C00000H
   \              0x40C00000   
   \              0x40C00000   
   \              0x40C00000   
   \              0x40C00000   
   \              0x40C00000   
   \   00000198   0x40C00000         DC32 40C00000H, 40C00000H, 40C00000H, 40C00000H, 40C00000H, 40C00000H
   \              0x40C00000   
   \              0x40C00000   
   \              0x40C00000   
   \              0x40C00000   
   \              0x40C00000   
   \   000001B0   0x40C00000         DC32 40C00000H, 40C00000H, 40C00000H, 40C00000H, 40C00000H, 40C00000H
   \              0x40C00000   
   \              0x40C00000   
   \              0x40C00000   
   \              0x40C00000   
   \              0x40C00000   
   \   000001C8   0x40C00000         DC32 40C00000H, 40C00000H, 40C00000H, 40C00000H, 40C00000H, 40C00000H
   \              0x40C00000   
   \              0x40C00000   
   \              0x40C00000   
   \              0x40C00000   
   \              0x40C00000   
   \   000001E0   0x40C00000         DC32 40C00000H, 40C00000H, 40C00000H, 40C00000H, 40C00000H, 40C00000H
   \              0x40C00000   
   \              0x40C00000   
   \              0x40C00000   
   \              0x40C00000   
   \              0x40C00000   
   \   000001F8   0x40C00000         DC32 40C00000H, 40C00000H, 40C00000H, 40C00000H, 40C00000H, 40C00000H
   \              0x40C00000   
   \              0x40C00000   
   \              0x40C00000   
   \              0x40C00000   
   \              0x40C00000   
   \   00000210   0x40C00000         DC32 40C00000H, 40C00000H, 40C00000H, 40C00000H, 40C00000H, 40C00000H
   \              0x40C00000   
   \              0x40C00000   
   \              0x40C00000   
   \              0x40C00000   
   \              0x40C00000   
   \   00000228   0x40C00000         DC32 40C00000H, 40C00000H, 40C00000H, 40C00000H, 40C00000H, 40C00000H
   \              0x40C00000   
   \              0x40C00000   
   \              0x40C00000   
   \              0x40C00000   
   \              0x40C00000   
   \   00000240   0x40C00000         DC32 40C00000H, 40C00000H, 40C00000H, 40C00000H, 40C00000H, 40C00000H
   \              0x40C00000   
   \              0x40C00000   
   \              0x40C00000   
   \              0x40C00000   
   \              0x40C00000   
   \   00000258   0x40C00000         DC32 40C00000H, 40C00000H, 40C00000H, 40C00000H, 40C00000H, 40C00000H
   \              0x40C00000   
   \              0x40C00000   
   \              0x40C00000   
   \              0x40C00000   
   \              0x40C00000   
   \   00000270   0x40C00000         DC32 40C00000H, 40C00000H, 40C00000H, 40C00000H, 40C00000H, 40C00000H
   \              0x40C00000   
   \              0x40C00000   
   \              0x40C00000   
   \              0x40C00000   
   \              0x40C00000   
   \   00000288   0x40C00000         DC32 40C00000H, 40C00000H, 40C00000H, 40C00000H, 40C00000H, 40C00000H
   \              0x40C00000   
   \              0x40C00000   
   \              0x40C00000   
   \              0x40C00000   
   \              0x40C00000   
   \   000002A0   0x40C00000         DC32 40C00000H, 40C00000H, 40C00000H, 40C00000H, 40C00000H, 40C00000H
   \              0x40C00000   
   \              0x40C00000   
   \              0x40C00000   
   \              0x40C00000   
   \              0x40C00000   
   \   000002B8   0x40C00000         DC32 40C00000H, 40C00000H, 40C00000H, 40C00000H, 40C00000H, 40C00000H
   \              0x40C00000   
   \              0x40C00000   
   \              0x40C00000   
   \              0x40C00000   
   \              0x40C00000   
   \   000002D0   0x40C00000         DC32 40C00000H, 40C00000H, 40C00000H, 40C00000H, 40C00000H, 40C00000H
   \              0x40C00000   
   \              0x40C00000   
   \              0x40C00000   
   \              0x40C00000   
   \              0x40C00000   
   \   000002E8   0x40C00000         DC32 40C00000H, 40C00000H, 40C00000H, 40C00000H, 40C00000H, 40C00000H
   \              0x40C00000   
   \              0x40C00000   
   \              0x40C00000   
   \              0x40C00000   
   \              0x40C00000   
   \   00000300   0x40C00000         DC32 40C00000H, 40C00000H, 40C00000H, 40C00000H, 40C00000H, 40C00000H
   \              0x40C00000   
   \              0x40C00000   
   \              0x40C00000   
   \              0x40C00000   
   \              0x40C00000   
   \   00000318   0x40C00000         DC32 40C00000H, 40C00000H, 40C00000H, 40C00000H, 40C00000H, 40C00000H
   \              0x40C00000   
   \              0x40C00000   
   \              0x40C00000   
   \              0x40C00000   
   \              0x40C00000   
   \   00000330   0x40C00000         DC32 40C00000H, 40C00000H, 40C00000H, 40C00000H, 40C00000H, 40C00000H
   \              0x40C00000   
   \              0x40C00000   
   \              0x40C00000   
   \              0x40C00000   
   \              0x40C00000   
   \   00000348   0x40C00000         DC32 40C00000H, 40C00000H, 40C00000H, 40C00000H, 40C00000H, 40C00000H
   \              0x40C00000   
   \              0x40C00000   
   \              0x40C00000   
   \              0x40C00000   
   \              0x40C00000   
   \   00000360   0x40C00000         DC32 40C00000H, 40C00000H, 40C00000H, 40C00000H, 40C00000H, 40C00000H
   \              0x40C00000   
   \              0x40C00000   
   \              0x40C00000   
   \              0x40C00000   
   \              0x40C00000   
   \   00000378   0x40C00000         DC32 40C00000H, 40C00000H, 40C00000H, 40C00000H, 40C00000H, 40C00000H
   \              0x40C00000   
   \              0x40C00000   
   \              0x40C00000   
   \              0x40C00000   
   \              0x40C00000   
   \   00000390   0x40C00000         DC32 40C00000H, 40C00000H, 40C00000H, 40C00000H, 40C00000H, 40C00000H
   \              0x40C00000   
   \              0x40C00000   
   \              0x40C00000   
   \              0x40C00000   
   \              0x40C00000   
   \   000003A8   0x40C00000         DC32 40C00000H, 40C00000H, 40C00000H, 40C00000H, 40C00000H, 40C00000H
   \              0x40C00000   
   \              0x40C00000   
   \              0x40C00000   
   \              0x40C00000   
   \              0x40C00000   
   \   000003C0   0x40C00000         DC32 40C00000H, 40C00000H, 40C00000H, 40C00000H, 40C00000H, 40C00000H
   \              0x40C00000   
   \              0x40C00000   
   \              0x40C00000   
   \              0x40C00000   
   \              0x40C00000   
   \   000003D8   0x40C00000         DC32 40C00000H, 40C00000H, 40C00000H, 40C00000H, 40C00000H, 40C00000H
   \              0x40C00000   
   \              0x40C00000   
   \              0x40C00000   
   \              0x40C00000   
   \              0x40C00000   
   \   000003F0   0x40C00000         DC32 40C00000H, 40C00000H, 40C00000H, 40C00000H
   \              0x40C00000   
   \              0x40C00000   
   \              0x40C00000   
     21          
     22          { 6.000000, 6.000000, 6.000000, 6.000000, 6.000000, 6.000000, 6.000000,
     23          		6.000000, 6.000000, 6.000000, 6.000000, 6.000000, 6.000000, 6.000000,
     24          		6.000000, 6.000000 }, { 6.000000, 6.000000, 6.000000, 6.000000,
     25          		6.000000, 6.000000, 6.000000, 6.000000, 6.000000, 6.000000, 6.000000,
     26          		6.000000, 6.000000, 6.000000, 6.000000, 6.000000 }, { 6.000000,
     27          		6.000000, 6.000000, 6.000000, 6.000000, 6.000000, 6.000000, 6.000000,
     28          		6.000000, 6.000000, 6.000000, 6.000000, 6.000000, 6.000000, 6.000000,
     29          		6.000000 }, { 6.000000, 6.000000, 6.000000, 6.000000, 6.000000,
     30          		6.000000, 6.000000, 6.000000, 6.000000, 6.000000, 6.000000, 6.000000,
     31          		6.000000, 6.000000, 6.000000, 6.000000 }, { 6.000000, 6.000000,
     32          		6.000000, 6.000000, 6.000000, 6.000000, 6.000000, 6.000000, 6.000000,
     33          		6.000000, 6.000000, 6.000000, 6.000000, 6.000000, 6.000000, 6.000000 },
     34          		{ 6.000000, 6.000000, 6.000000, 6.000000, 6.000000, 6.000000, 6.000000,
     35          				6.000000, 6.000000, 6.000000, 6.000000, 6.000000, 6.000000,
     36          				6.000000, 6.000000, 6.000000 }, { 6.000000, 6.000000, 6.000000,
     37          				6.000000, 6.000000, 6.000000, 6.000000, 6.000000, 6.000000,
     38          				6.000000, 6.000000, 6.000000, 6.000000, 6.000000, 6.000000,
     39          				6.000000 }, { 6.000000, 6.000000, 6.000000, 6.000000, 6.000000,
     40          				6.000000, 6.000000, 6.000000, 6.000000, 6.000000, 6.000000,
     41          				6.000000, 6.000000, 6.000000, 6.000000, 6.000000 }, { 6.000000,
     42          				6.000000, 6.000000, 6.000000, 6.000000, 6.000000, 6.000000,
     43          				6.000000, 6.000000, 6.000000, 6.000000, 6.000000, 6.000000,
     44          				6.000000, 6.000000, 6.000000 }, { 6.000000, 6.000000, 6.000000,
     45          				6.000000, 6.000000, 6.000000, 6.000000, 6.000000, 6.000000,
     46          				6.000000, 6.000000, 6.000000, 6.000000, 6.000000, 6.000000,
     47          				6.000000 }, { 6.000000, 6.000000, 6.000000, 6.000000, 6.000000,
     48          				6.000000, 6.000000, 6.000000, 6.000000, 6.000000, 6.000000,
     49          				6.000000, 6.000000, 6.000000, 6.000000, 6.000000 }, { 6.000000,
     50          				6.000000, 6.000000, 6.000000, 6.000000, 6.000000, 6.000000,
     51          				6.000000, 6.000000, 6.000000, 6.000000, 6.000000, 6.000000,
     52          				6.000000, 6.000000, 6.000000 }, { 6.000000, 6.000000, 6.000000,
     53          				6.000000, 6.000000, 6.000000, 6.000000, 6.000000, 6.000000,
     54          				6.000000, 6.000000, 6.000000, 6.000000, 6.000000, 6.000000,
     55          				6.000000 }, { 6.000000, 6.000000, 6.000000, 6.000000, 6.000000,
     56          				6.000000, 6.000000, 6.000000, 6.000000, 6.000000, 6.000000,
     57          				6.000000, 6.000000, 6.000000, 6.000000, 6.000000 }, { 6.000000,
     58          				6.000000, 6.000000, 6.000000, 6.000000, 6.000000, 6.000000,
     59          				6.000000, 6.000000, 6.000000, 6.000000, 6.000000, 6.000000,
     60          				6.000000, 6.000000, 6.000000 }, { 6.000000, 6.000000, 6.000000,
     61          				6.000000, 6.000000, 6.000000, 6.000000, 6.000000, 6.000000,
     62          				6.000000, 6.000000, 6.000000, 6.000000, 6.000000, 6.000000,
     63          				6.000000 }
     64          
     65          };
     66          

   \                                 In section .text, align 4, keep-with-next
     67          static void setDefault139qmbMaps(DECLARE_ENGINE_PARAMETER_F) {
   \                     _Z20setDefault139qmbMapsv:
   \   00000000   0xB580             PUSH     {R7,LR}
     68          
     69          	setFuelLoadBin(1.2, 4.4 PASS_ENGINE_PARAMETER);
   \   00000002   0xEDDF 0x....      VLDR.W   S1,??DataTable1  ;; 0x408ccccd
   \   00000006   0xED9F 0x....      VLDR.W   S0,??DataTable1_1  ;; 0x3f99999a
   \   0000000A   0x.... 0x....      BL       _Z14setFuelLoadBinff
     70          	setFuelRpmBin(1000, 11000 PASS_ENGINE_PARAMETER);
   \   0000000E   0xEDDF 0x....      VLDR.W   S1,??DataTable1_2  ;; 0x462be000
   \   00000012   0xED9F 0x....      VLDR.W   S0,??DataTable1_3  ;; 0x447a0000
   \   00000016   0x.... 0x....      BL       _Z13setFuelRpmBinff
     71          	setTimingLoadBin(1.2, 4.4 PASS_ENGINE_PARAMETER);
   \   0000001A   0xEDDF 0x....      VLDR.W   S1,??DataTable1  ;; 0x408ccccd
   \   0000001E   0xED9F 0x....      VLDR.W   S0,??DataTable1_1  ;; 0x3f99999a
   \   00000022   0x.... 0x....      BL       _Z16setTimingLoadBinff
     72          	setTimingRpmBin(1000, 11000 PASS_ENGINE_PARAMETER);
   \   00000026   0xEDDF 0x....      VLDR.W   S1,??DataTable1_2  ;; 0x462be000
   \   0000002A   0xED9F 0x....      VLDR.W   S0,??DataTable1_3  ;; 0x447a0000
   \   0000002E   0x.... 0x....      BL       _Z15setTimingRpmBinff
     73          
     74          	copyFuelTable(default_139qmb_fuel_table, config->fuelTable);
   \   00000032   0x....             LDR.N    R0,??DataTable1_4
   \   00000034   0x6800             LDR      R0,[R0, #+0]
   \   00000036   0xF500 0x5124      ADD      R1,R0,#+10496
   \   0000003A   0x31B8             ADDS     R1,R1,#+184
   \   0000003C   0x....             LDR.N    R0,??DataTable1_5
   \   0000003E   0x.... 0x....      BL       _Z13copyFuelTablePA16_KfPA16_f
     75          	//copyTimingTable(default_139qmb_timing_table, config->ignitionTable);
     76          }
   \   00000042   0xBD01             POP      {R0,PC}          ;; return
     77          

   \                                 In section .text, align 2, keep-with-next
     78          void setGy6139qmbDefaultEngineConfiguration(DECLARE_ENGINE_PARAMETER_F) {
   \                     _Z38setGy6139qmbDefaultEngineConfigurationv:
   \   00000000   0xB580             PUSH     {R7,LR}
     79          	setDefault139qmbMaps(PASS_ENGINE_PARAMETER_F);
   \   00000002   0x.... 0x....      BL       _Z20setDefault139qmbMapsv
     80          //        engineConfiguration->map.sensor.type = MT_3V_SENSOR;
     81          	setEgoSensor(ES_NarrowBand PASS_ENGINE_PARAMETER);
   \   00000006   0x2003             MOVS     R0,#+3
   \   00000008   0x.... 0x....      BL       _Z12setEgoSensor12ego_sensor_e
     82          
     83          	engineConfiguration->rpmHardLimit = 9000;
   \   0000000C   0x....             LDR.N    R0,??DataTable1_6
   \   0000000E   0x6800             LDR      R0,[R0, #+0]
   \   00000010   0xF242 0x3128      MOVW     R1,#+9000
   \   00000014   0xF8C0 0x11A4      STR      R1,[R0, #+420]
     84          	engineConfiguration->cranking.rpm = 1100;
   \   00000018   0x....             LDR.N    R0,??DataTable1_6
   \   0000001A   0x6800             LDR      R0,[R0, #+0]
   \   0000001C   0xF240 0x414C      MOVW     R1,#+1100
   \   00000020   0xF8A0 0x1060      STRH     R1,[R0, #+96]
     85          	engineConfiguration->targetIdleRpm = 2000;
   \   00000024   0x....             LDR.N    R0,??DataTable1_6
   \   00000026   0x6800             LDR      R0,[R0, #+0]
   \   00000028   0xF44F 0x61FA      MOV      R1,#+2000
   \   0000002C   0xF8C0 0x15EC      STR      R1,[R0, #+1516]
     86          	engineConfiguration->analogInputDividerCoefficient = 1;
   \   00000030   0x....             LDR.N    R0,??DataTable1_6
   \   00000032   0x6800             LDR      R0,[R0, #+0]
   \   00000034   0xF05F 0x517E      MOVS     R1,#+1065353216
   \   00000038   0xF8C0 0x11D0      STR      R1,[R0, #+464]
     87          	engineConfiguration->algorithm = LM_MAP;
   \   0000003C   0x....             LDR.N    R0,??DataTable1_6
   \   0000003E   0x6800             LDR      R0,[R0, #+0]
   \   00000040   0x2102             MOVS     R1,#+2
   \   00000042   0xF8C0 0x11A8      STR      R1,[R0, #+424]
     88          	engineConfiguration->globalTriggerAngleOffset = 45;
   \   00000046   0x....             LDR.N    R0,??DataTable1_6
   \   00000048   0x6800             LDR      R0,[R0, #+0]
   \   0000004A   0x....             LDR.N    R1,??DataTable1_7  ;; 0x42340000
   \   0000004C   0xF8C0 0x11CC      STR      R1,[R0, #+460]
     89          	engineConfiguration->bc.sensorChartMode = SC_MAP;
   \   00000050   0x....             LDR.N    R0,??DataTable1_6
   \   00000052   0x6800             LDR      R0,[R0, #+0]
   \   00000054   0x2102             MOVS     R1,#+2
   \   00000056   0xF8C0 0x1580      STR      R1,[R0, #+1408]
     90          	engineConfiguration->specs.displacement = 0.072; // 72cc
   \   0000005A   0x....             LDR.N    R0,??DataTable1_6
   \   0000005C   0x6800             LDR      R0,[R0, #+0]
   \   0000005E   0x....             LDR.N    R1,??DataTable1_8  ;; 0x3d9374bc
   \   00000060   0xF8C0 0x1190      STR      R1,[R0, #+400]
     91          	engineConfiguration->specs.cylindersCount = 1;
   \   00000064   0x....             LDR.N    R0,??DataTable1_6
   \   00000066   0x6800             LDR      R0,[R0, #+0]
   \   00000068   0x2101             MOVS     R1,#+1
   \   0000006A   0xF8C0 0x1194      STR      R1,[R0, #+404]
     92          	setOperationMode(engineConfiguration, FOUR_STROKE_CRANK_SENSOR);
   \   0000006E   0x2101             MOVS     R1,#+1
   \   00000070   0x....             LDR.N    R0,??DataTable1_6
   \   00000072   0x6800             LDR      R0,[R0, #+0]
   \   00000074   0x.... 0x....      BL       _Z16setOperationModeP22engine_configuration_s16operation_mode_e
     93          
     94          	engineConfiguration->specs.firingOrder = FO_ONE_CYLINDER;
   \   00000078   0x....             LDR.N    R0,??DataTable1_6
   \   0000007A   0x6800             LDR      R0,[R0, #+0]
   \   0000007C   0x2100             MOVS     R1,#+0
   \   0000007E   0xF8C0 0x1198      STR      R1,[R0, #+408]
     95          
     96          	/**
     97          	 * We treat the trigger as 8-1 toothed wheel
     98          	 */
     99          	engineConfiguration->trigger.type = TT_TOOTHED_WHEEL;
   \   00000082   0x....             LDR.N    R0,??DataTable1_6
   \   00000084   0x6800             LDR      R0,[R0, #+0]
   \   00000086   0x2100             MOVS     R1,#+0
   \   00000088   0xF8C0 0x1218      STR      R1,[R0, #+536]
    100          	engineConfiguration->trigger.customTotalToothCount = 8;
   \   0000008C   0x....             LDR.N    R0,??DataTable1_6
   \   0000008E   0x6800             LDR      R0,[R0, #+0]
   \   00000090   0x2108             MOVS     R1,#+8
   \   00000092   0xF8C0 0x1220      STR      R1,[R0, #+544]
    101          	engineConfiguration->trigger.customSkippedToothCount = 1;
   \   00000096   0x....             LDR.N    R0,??DataTable1_6
   \   00000098   0x6800             LDR      R0,[R0, #+0]
   \   0000009A   0x2101             MOVS     R1,#+1
   \   0000009C   0xF8C0 0x1224      STR      R1,[R0, #+548]
    102          
    103          	boardConfiguration->injectionPins[0] = GPIOC_9;
   \   000000A0   0x....             LDR.N    R0,??DataTable1_9
   \   000000A2   0x6800             LDR      R0,[R0, #+0]
   \   000000A4   0x2129             MOVS     R1,#+41
   \   000000A6   0x6201             STR      R1,[R0, #+32]
    104          	boardConfiguration->ignitionPins[0] = GPIOC_8;
   \   000000A8   0x....             LDR.N    R0,??DataTable1_9
   \   000000AA   0x6800             LDR      R0,[R0, #+0]
   \   000000AC   0x2128             MOVS     R1,#+40
   \   000000AE   0x6541             STR      R1,[R0, #+84]
    105          
    106          }
   \   000000B0   0xBD01             POP      {R0,PC}          ;; return

   \                                 In section .text, align 4, keep-with-next
   \                     ??DataTable1:
   \   00000000   0x408CCCCD         DC32     0x408ccccd

   \                                 In section .text, align 4, keep-with-next
   \                     ??DataTable1_1:
   \   00000000   0x3F99999A         DC32     0x3f99999a

   \                                 In section .text, align 4, keep-with-next
   \                     ??DataTable1_2:
   \   00000000   0x462BE000         DC32     0x462be000

   \                                 In section .text, align 4, keep-with-next
   \                     ??DataTable1_3:
   \   00000000   0x447A0000         DC32     0x447a0000

   \                                 In section .text, align 4, keep-with-next
   \                     ??DataTable1_4:
   \   00000000   0x........         DC32     config

   \                                 In section .text, align 4, keep-with-next
   \                     ??DataTable1_5:
   \   00000000   0x........         DC32     default_139qmb_fuel_table

   \                                 In section .text, align 4, keep-with-next
   \                     ??DataTable1_6:
   \   00000000   0x........         DC32     engineConfiguration

   \                                 In section .text, align 4, keep-with-next
   \                     ??DataTable1_7:
   \   00000000   0x42340000         DC32     0x42340000

   \                                 In section .text, align 4, keep-with-next
   \                     ??DataTable1_8:
   \   00000000   0x3D9374BC         DC32     0x3d9374bc

   \                                 In section .text, align 4, keep-with-next
   \                     ??DataTable1_9:
   \   00000000   0x........         DC32     boardConfiguration

   Maximum stack usage in bytes:

   .cstack Function
   ------- --------
       8   setDefault139qmbMaps()
         8   -> copyFuelTable(float const (*)[16], float (*)[16])
         8   -> setFuelLoadBin(float, float)
         8   -> setFuelRpmBin(float, float)
         8   -> setTimingLoadBin(float, float)
         8   -> setTimingRpmBin(float, float)
       8   setGy6139qmbDefaultEngineConfiguration()
         8   -> setDefault139qmbMaps()
         8   -> setEgoSensor(ego_sensor_e)
         8   -> setOperationMode(engine_configuration_s *, operation_mode_e)


   Section sizes:

   Bytes  Function/Label
   -----  --------------
       4  ??DataTable1
       4  ??DataTable1_1
       4  ??DataTable1_2
       4  ??DataTable1_3
       4  ??DataTable1_4
       4  ??DataTable1_5
       4  ??DataTable1_6
       4  ??DataTable1_7
       4  ??DataTable1_8
       4  ??DataTable1_9
    1024  default_139qmb_fuel_table
      68  setDefault139qmbMaps()
     178  setGy6139qmbDefaultEngineConfiguration()

 
 1 024 bytes in section .rodata
   286 bytes in section .text
 
   286 bytes of CODE  memory
 1 024 bytes of CONST memory

Errors: none
Warnings: 1
