###############################################################################
#                                                                             #
# IAR ANSI C/C++ Compiler V6.50.3.4676/W32 for ARM      30/Jun/2015  23:09:13 #
# Copyright 1999-2013 IAR Systems AB.                                         #
#                                                                             #
#    Cpu mode        =  thumb                                                 #
#    Endian          =  little                                                #
#    Source file     =  F:\stuff\rusefi_sourceforge\firmware\util\LocalVersio #
#                       nHolder.cpp                                           #
#    Command line    =  F:\stuff\rusefi_sourceforge\firmware\util\LocalVersio #
#                       nHolder.cpp -lCN F:\stuff\rusefi_sourceforge\firmware #
#                       \iar\Debug\List\ -lA F:\stuff\rusefi_sourceforge\firm #
#                       ware\iar\Debug\List\ -o F:\stuff\rusefi_sourceforge\f #
#                       irmware\iar\Debug\Obj\ --no_cse --no_unroll           #
#                       --no_inline --no_code_motion --no_tbaa                #
#                       --no_clustering --no_scheduling --debug               #
#                       --endian=little --cpu=Cortex-M4 -e --fpu=VFPv4_sp     #
#                       --dlib_config "C:\Program Files (x86)\IAR             #
#                       Systems\Embedded Workbench                            #
#                       6.5\arm\INC\c\DLib_Config_Normal.h"                   #
#                       --misrac2004=1.2-1.4,2.3,3.4,4.2,6.5-7,8.2-8.3,9.3,   #
#                       12.3,13.6-13,15.5,17.3,19.17,20.7-20.9,20.11 -I       #
#                       F:\stuff\rusefi_sourceforge\firmware\iar\..\ -I       #
#                       F:\stuff\rusefi_sourceforge\firmware\iar\..\chibios\o #
#                       s\kernel\include\ -I F:\stuff\rusefi_sourceforge\firm #
#                       ware\iar\..\chibios\os\ports\common\ARMCMx\ -I        #
#                       F:\stuff\rusefi_sourceforge\firmware\iar\..\chibios\o #
#                       s\ports\common\ARMCMx\CMSIS\include\ -I               #
#                       F:\stuff\rusefi_sourceforge\firmware\iar\..\chibios\o #
#                       s\ports\IAR\ARMCMx\ -I F:\stuff\rusefi_sourceforge\fi #
#                       rmware\iar\..\chibios\os\ports\IAR\ARMCMx\STM32F4xx\  #
#                       -I F:\stuff\rusefi_sourceforge\firmware\iar\..\chibio #
#                       s\os\hal\include\ -I F:\stuff\rusefi_sourceforge\firm #
#                       ware\iar\..\chibios\os\hal\platforms\STM32\ -I        #
#                       F:\stuff\rusefi_sourceforge\firmware\iar\..\chibios\o #
#                       s\hal\platforms\STM32\DMAv1\ -I                       #
#                       F:\stuff\rusefi_sourceforge\firmware\iar\..\chibios\o #
#                       s\hal\platforms\STM32\GPIOv2\ -I                      #
#                       F:\stuff\rusefi_sourceforge\firmware\iar\..\chibios\o #
#                       s\hal\platforms\STM32\I2Cv1\ -I                       #
#                       F:\stuff\rusefi_sourceforge\firmware\iar\..\chibios\o #
#                       s\hal\platforms\STM32\SPIv1\ -I                       #
#                       F:\stuff\rusefi_sourceforge\firmware\iar\..\chibios\o #
#                       s\hal\platforms\STM32\TIMv1\ -I                       #
#                       F:\stuff\rusefi_sourceforge\firmware\iar\..\chibios\o #
#                       s\hal\platforms\STM32\RTCv2\ -I                       #
#                       F:\stuff\rusefi_sourceforge\firmware\iar\..\chibios\o #
#                       s\hal\platforms\STM32\USARTv1\ -I                     #
#                       F:\stuff\rusefi_sourceforge\firmware\iar\..\chibios\o #
#                       s\hal\platforms\STM32\OTGv1\ -I                       #
#                       F:\stuff\rusefi_sourceforge\firmware\iar\..\chibios\o #
#                       s\hal\platforms\STM32F4xx\ -I                         #
#                       F:\stuff\rusefi_sourceforge\firmware\iar\..\chibios\o #
#                       s\various\ -I F:\stuff\rusefi_sourceforge\firmware\ia #
#                       r\..\chibios\os\various\devices_lib\accel\ -I         #
#                       F:\stuff\rusefi_sourceforge\firmware\iar\..\chibios\b #
#                       oards\ST_STM32F4_DISCOVERY\ -I                        #
#                       F:\stuff\rusefi_sourceforge\firmware\iar\..\controlle #
#                       rs\ -I F:\stuff\rusefi_sourceforge\firmware\iar\..\co #
#                       ntrollers\algo\ -I F:\stuff\rusefi_sourceforge\firmwa #
#                       re\iar\..\controllers\core\ -I                        #
#                       F:\stuff\rusefi_sourceforge\firmware\iar\..\controlle #
#                       rs\system\ -I F:\stuff\rusefi_sourceforge\firmware\ia #
#                       r\..\controllers\sensors\ -I                          #
#                       F:\stuff\rusefi_sourceforge\firmware\iar\..\controlle #
#                       rs\math\ -I F:\stuff\rusefi_sourceforge\firmware\iar\ #
#                       ..\controllers\trigger\ -I                            #
#                       F:\stuff\rusefi_sourceforge\firmware\iar\..\console\  #
#                       -I F:\stuff\rusefi_sourceforge\firmware\iar\..\config #
#                       \ -I F:\stuff\rusefi_sourceforge\firmware\iar\..\conf #
#                       ig\engines\ -I F:\stuff\rusefi_sourceforge\firmware\i #
#                       ar\..\config\stm32f4ems\ -I                           #
#                       F:\stuff\rusefi_sourceforge\firmware\iar\..\console\b #
#                       inary\ -I F:\stuff\rusefi_sourceforge\firmware\iar\.. #
#                       \console_util\ -I F:\stuff\rusefi_sourceforge\firmwar #
#                       e\iar\..\development\ -I F:\stuff\rusefi_sourceforge\ #
#                       firmware\iar\..\development\test\ -I                  #
#                       F:\stuff\rusefi_sourceforge\firmware\iar\..\developme #
#                       nt\hw_layer\ -I F:\stuff\rusefi_sourceforge\firmware\ #
#                       iar\..\hw_layer\algo\ -I F:\stuff\rusefi_sourceforge\ #
#                       firmware\iar\..\hw_layer\lcd\ -I                      #
#                       F:\stuff\rusefi_sourceforge\firmware\iar\..\hw_layer\ #
#                       stm32f4\ -I F:\stuff\rusefi_sourceforge\firmware\iar\ #
#                       ..\hw_layer\serial_over_usb\ -I                       #
#                       F:\stuff\rusefi_sourceforge\firmware\iar\..\hw_layer\ #
#                        -I F:\stuff\rusefi_sourceforge\firmware\iar\..\ext\  #
#                       -I F:\stuff\rusefi_sourceforge\firmware\iar\..\ext_al #
#                       go\ -I F:\stuff\rusefi_sourceforge\firmware\iar\..\de #
#                       velopment\ -I F:\stuff\rusefi_sourceforge\firmware\ia #
#                       r\..\development\hw_layer\ -I                         #
#                       F:\stuff\rusefi_sourceforge\firmware\iar\..\util\     #
#                       -On --eec++                                           #
#    MISRA C version =  2004                                                  #
#      Enabled       =  1.2-1.4 2.3 3.4 4.2 6.5 7 8.2 8.3 9.3 12.3 13.6 13.7  #
#                       15.5 17.3 19.17 20.7-20.9 20.11                       #
#      Checked       =  1.4 2.3 4.2 6.5 7 8.2 8.3 9.3 12.3 13.7 15.5          #
#                       20.7-20.9 20.11                                       #
#      Not checked   =  1.1-1.3 1.5-2.2 2.4-4.1 5-6.4 8.1 8.4-9.2 10-12.2     #
#                       12.4-13.6 14-15.4 16-20.6 20.10 20.12 21              #
#    List file       =  F:\stuff\rusefi_sourceforge\firmware\iar\Debug\List\L #
#                       ocalVersionHolder.lst                                 #
#    Object file     =  F:\stuff\rusefi_sourceforge\firmware\iar\Debug\Obj\Lo #
#                       calVersionHolder.o                                    #
#                                                                             #
#                                                                             #
###############################################################################

F:\stuff\rusefi_sourceforge\firmware\util\LocalVersionHolder.cpp
      1          /**
      2           * @file	LocalVersionHolder.cpp
      3           *
      4           * @date Mar 19, 2014
      5           * @author Andrey Belomutskiy, (c) 2012-2015
      6           */
      7          
      8          #include "LocalVersionHolder.h"
      9          
     10          int getGlobalConfigurationVersion(void);
     11          
     12          //ctor

   \                                 In section .text, align 2, keep-with-next
   \   __code __interwork __softfp LocalVersionHolder::subobject LocalVersionHolder()
   \                     _ZN18LocalVersionHolderC2Ev:
   \   00000000   0xB510             PUSH     {R4,LR}
   \   00000002   0x0004             MOVS     R4,R0
   \   00000004   0x0020             MOVS     R0,R4
   \   00000006   0x.... 0x....      BL       _ZN18LocalVersionHolderC1Ev
   \   0000000A   0xBD10             POP      {R4,PC}          ;; return

   \                                 In section .text, align 2, keep-with-next
     13          LocalVersionHolder::LocalVersionHolder() {
     14          	/**
     15          	 * we want local version to be 'old' on instantiation
     16          	 */
     17          	localVersion = -1;
   \                     _ZN18LocalVersionHolderC1Ev:
   \   00000000   0xF05F 0x31FF      MOVS     R1,#-1
   \   00000004   0x6001             STR      R1,[R0, #+0]
     18          }
   \   00000006   0x4770             BX       LR               ;; return
     19          

   \                                 In section .text, align 2, keep-with-next
     20          int LocalVersionHolder::getVersion() {
     21          	return localVersion;
   \                     _ZN18LocalVersionHolder10getVersionEv:
   \   00000000   0x6800             LDR      R0,[R0, #+0]
   \   00000002   0x4770             BX       LR               ;; return
     22          }
     23          

   \                                 In section .text, align 2, keep-with-next
     24          bool LocalVersionHolder::isOld() {
   \                     _ZN18LocalVersionHolder5isOldEv:
   \   00000000   0xB510             PUSH     {R4,LR}
   \   00000002   0x0004             MOVS     R4,R0
     25          	int global = getGlobalConfigurationVersion();
   \   00000004   0x.... 0x....      BL       _Z29getGlobalConfigurationVersionv
   \   00000008   0x0001             MOVS     R1,R0
     26          	if (global > localVersion) {
   \   0000000A   0x6820             LDR      R0,[R4, #+0]
   \   0000000C   0x4288             CMP      R0,R1
   \   0000000E   0xDA02             BGE.N    ??isOld_0
     27          		localVersion = global;
   \   00000010   0x6021             STR      R1,[R4, #+0]
     28          		return true;
   \   00000012   0x2001             MOVS     R0,#+1
   \   00000014   0xE000             B.N      ??isOld_1
     29          	}
     30          	return false;
   \                     ??isOld_0:
   \   00000016   0x2000             MOVS     R0,#+0
   \                     ??isOld_1:
   \   00000018   0xBD10             POP      {R4,PC}          ;; return
     31          }

   Maximum stack usage in bytes:

   .cstack Function
   ------- --------
       0   LocalVersionHolder::LocalVersionHolder()
       0   LocalVersionHolder::getVersion()
       8   LocalVersionHolder::isOld()
         8   -> getGlobalConfigurationVersion()
       8   LocalVersionHolder::subobject LocalVersionHolder()
         8   -> LocalVersionHolder::LocalVersionHolder()


   Section sizes:

   Bytes  Function/Label
   -----  --------------
       8  LocalVersionHolder::LocalVersionHolder()
       4  LocalVersionHolder::getVersion()
      26  LocalVersionHolder::isOld()
      12  LocalVersionHolder::subobject LocalVersionHolder()

 
 50 bytes in section .text
 
 50 bytes of CODE memory

Errors: none
Warnings: none
