###############################################################################
#                                                                             #
# IAR ANSI C/C++ Compiler V6.50.3.4676/W32 for ARM      30/Jun/2015  23:09:07 #
# Copyright 1999-2013 IAR Systems AB.                                         #
#                                                                             #
#    Cpu mode        =  thumb                                                 #
#    Endian          =  little                                                #
#    Source file     =  F:\stuff\rusefi_sourceforge\firmware\main.cpp         #
#    Command line    =  F:\stuff\rusefi_sourceforge\firmware\main.cpp -lCN    #
#                       F:\stuff\rusefi_sourceforge\firmware\iar\Debug\List\  #
#                       -lA F:\stuff\rusefi_sourceforge\firmware\iar\Debug\Li #
#                       st\ -o F:\stuff\rusefi_sourceforge\firmware\iar\Debug #
#                       \Obj\ --no_cse --no_unroll --no_inline                #
#                       --no_code_motion --no_tbaa --no_clustering            #
#                       --no_scheduling --debug --endian=little               #
#                       --cpu=Cortex-M4 -e --fpu=VFPv4_sp --dlib_config       #
#                       "C:\Program Files (x86)\IAR Systems\Embedded          #
#                       Workbench 6.5\arm\INC\c\DLib_Config_Normal.h"         #
#                       --misrac2004=1.2-1.4,2.3,3.4,4.2,6.5-7,8.2-8.3,9.3,   #
#                       12.3,13.6-13,15.5,17.3,19.17,20.7-20.9,20.11 -I       #
#                       F:\stuff\rusefi_sourceforge\firmware\iar\..\ -I       #
#                       F:\stuff\rusefi_sourceforge\firmware\iar\..\chibios\o #
#                       s\kernel\include\ -I F:\stuff\rusefi_sourceforge\firm #
#                       ware\iar\..\chibios\os\ports\common\ARMCMx\ -I        #
#                       F:\stuff\rusefi_sourceforge\firmware\iar\..\chibios\o #
#                       s\ports\common\ARMCMx\CMSIS\include\ -I               #
#                       F:\stuff\rusefi_sourceforge\firmware\iar\..\chibios\o #
#                       s\ports\IAR\ARMCMx\ -I F:\stuff\rusefi_sourceforge\fi #
#                       rmware\iar\..\chibios\os\ports\IAR\ARMCMx\STM32F4xx\  #
#                       -I F:\stuff\rusefi_sourceforge\firmware\iar\..\chibio #
#                       s\os\hal\include\ -I F:\stuff\rusefi_sourceforge\firm #
#                       ware\iar\..\chibios\os\hal\platforms\STM32\ -I        #
#                       F:\stuff\rusefi_sourceforge\firmware\iar\..\chibios\o #
#                       s\hal\platforms\STM32\DMAv1\ -I                       #
#                       F:\stuff\rusefi_sourceforge\firmware\iar\..\chibios\o #
#                       s\hal\platforms\STM32\GPIOv2\ -I                      #
#                       F:\stuff\rusefi_sourceforge\firmware\iar\..\chibios\o #
#                       s\hal\platforms\STM32\I2Cv1\ -I                       #
#                       F:\stuff\rusefi_sourceforge\firmware\iar\..\chibios\o #
#                       s\hal\platforms\STM32\SPIv1\ -I                       #
#                       F:\stuff\rusefi_sourceforge\firmware\iar\..\chibios\o #
#                       s\hal\platforms\STM32\TIMv1\ -I                       #
#                       F:\stuff\rusefi_sourceforge\firmware\iar\..\chibios\o #
#                       s\hal\platforms\STM32\RTCv2\ -I                       #
#                       F:\stuff\rusefi_sourceforge\firmware\iar\..\chibios\o #
#                       s\hal\platforms\STM32\USARTv1\ -I                     #
#                       F:\stuff\rusefi_sourceforge\firmware\iar\..\chibios\o #
#                       s\hal\platforms\STM32\OTGv1\ -I                       #
#                       F:\stuff\rusefi_sourceforge\firmware\iar\..\chibios\o #
#                       s\hal\platforms\STM32F4xx\ -I                         #
#                       F:\stuff\rusefi_sourceforge\firmware\iar\..\chibios\o #
#                       s\various\ -I F:\stuff\rusefi_sourceforge\firmware\ia #
#                       r\..\chibios\os\various\devices_lib\accel\ -I         #
#                       F:\stuff\rusefi_sourceforge\firmware\iar\..\chibios\b #
#                       oards\ST_STM32F4_DISCOVERY\ -I                        #
#                       F:\stuff\rusefi_sourceforge\firmware\iar\..\controlle #
#                       rs\ -I F:\stuff\rusefi_sourceforge\firmware\iar\..\co #
#                       ntrollers\algo\ -I F:\stuff\rusefi_sourceforge\firmwa #
#                       re\iar\..\controllers\core\ -I                        #
#                       F:\stuff\rusefi_sourceforge\firmware\iar\..\controlle #
#                       rs\system\ -I F:\stuff\rusefi_sourceforge\firmware\ia #
#                       r\..\controllers\sensors\ -I                          #
#                       F:\stuff\rusefi_sourceforge\firmware\iar\..\controlle #
#                       rs\math\ -I F:\stuff\rusefi_sourceforge\firmware\iar\ #
#                       ..\controllers\trigger\ -I                            #
#                       F:\stuff\rusefi_sourceforge\firmware\iar\..\console\  #
#                       -I F:\stuff\rusefi_sourceforge\firmware\iar\..\config #
#                       \ -I F:\stuff\rusefi_sourceforge\firmware\iar\..\conf #
#                       ig\engines\ -I F:\stuff\rusefi_sourceforge\firmware\i #
#                       ar\..\config\stm32f4ems\ -I                           #
#                       F:\stuff\rusefi_sourceforge\firmware\iar\..\console\b #
#                       inary\ -I F:\stuff\rusefi_sourceforge\firmware\iar\.. #
#                       \console_util\ -I F:\stuff\rusefi_sourceforge\firmwar #
#                       e\iar\..\development\ -I F:\stuff\rusefi_sourceforge\ #
#                       firmware\iar\..\development\test\ -I                  #
#                       F:\stuff\rusefi_sourceforge\firmware\iar\..\developme #
#                       nt\hw_layer\ -I F:\stuff\rusefi_sourceforge\firmware\ #
#                       iar\..\hw_layer\algo\ -I F:\stuff\rusefi_sourceforge\ #
#                       firmware\iar\..\hw_layer\lcd\ -I                      #
#                       F:\stuff\rusefi_sourceforge\firmware\iar\..\hw_layer\ #
#                       stm32f4\ -I F:\stuff\rusefi_sourceforge\firmware\iar\ #
#                       ..\hw_layer\serial_over_usb\ -I                       #
#                       F:\stuff\rusefi_sourceforge\firmware\iar\..\hw_layer\ #
#                        -I F:\stuff\rusefi_sourceforge\firmware\iar\..\ext\  #
#                       -I F:\stuff\rusefi_sourceforge\firmware\iar\..\ext_al #
#                       go\ -I F:\stuff\rusefi_sourceforge\firmware\iar\..\de #
#                       velopment\ -I F:\stuff\rusefi_sourceforge\firmware\ia #
#                       r\..\development\hw_layer\ -I                         #
#                       F:\stuff\rusefi_sourceforge\firmware\iar\..\util\     #
#                       -On --eec++                                           #
#    MISRA C version =  2004                                                  #
#      Enabled       =  1.2-1.4 2.3 3.4 4.2 6.5 7 8.2 8.3 9.3 12.3 13.6 13.7  #
#                       15.5 17.3 19.17 20.7-20.9 20.11                       #
#      Checked       =  1.4 2.3 4.2 6.5 7 8.2 8.3 9.3 12.3 13.7 15.5          #
#                       20.7-20.9 20.11                                       #
#      Not checked   =  1.1-1.3 1.5-2.2 2.4-4.1 5-6.4 8.1 8.4-9.2 10-12.2     #
#                       12.4-13.6 14-15.4 16-20.6 20.10 20.12 21              #
#    List file       =  F:\stuff\rusefi_sourceforge\firmware\iar\Debug\List\m #
#                       ain.lst                                               #
#    Object file     =  F:\stuff\rusefi_sourceforge\firmware\iar\Debug\Obj\ma #
#                       in.o                                                  #
#                                                                             #
#                                                                             #
###############################################################################

F:\stuff\rusefi_sourceforge\firmware\main.cpp
      1          /**
      2           * @file	main.cpp
      3           * @brief C++ main entry point
      4           *
      5           * @date Nov 29, 2012
      6           * @author Andrey Belomutskiy, (c) 2012-2015
      7           *      http://rusefi.com/
      8           */
      9          
     10          #include "main.h"
     11          #include "rusefi.h"
     12          #include "mpu_util.h"
     13          

   \                                 In section .text, align 2, keep-with-next
     14          int main(void) {
   \                     main:
   \   00000000   0xB580             PUSH     {R7,LR}
     15          	/*
     16          	 * ChibiOS/RT initialization
     17          	 */
     18          	halInit();
   \   00000002   0x.... 0x....      BL       halInit
     19          	chSysInit();
   \   00000006   0x.... 0x....      BL       chSysInit
     20          
     21          	baseHardwareInit();
   \   0000000A   0x.... 0x....      BL       _Z16baseHardwareInitv
     22          
     23          	runRusEfi();
   \   0000000E   0x.... 0x....      BL       runRusEfi
     24          	return 0;
   \   00000012   0x2000             MOVS     R0,#+0
   \   00000014   0xBD02             POP      {R1,PC}          ;; return
     25          }
     26          

   Maximum stack usage in bytes:

   .cstack Function
   ------- --------
       8   main()
         8   -> baseHardwareInit()
         8   -> chSysInit
         8   -> halInit
         8   -> runRusEfi


   Section sizes:

   Bytes  Function/Label
   -----  --------------
      22  main()

 
 22 bytes in section .text
 
 22 bytes of CODE memory

Errors: none
Warnings: none
