GAS LISTING /cygdrive/c/DOCUME~1/andrey/LOCALS~1/Temp/ccSgFr8x.s 			page 1


   1              		.file	"chmemcore.c"
   2              	 # GNU C (GCC) version 4.8.2 (i686-pc-cygwin)
   3              	 #	compiled by GNU C version 4.8.2, GMP version 5.1.3, MPFR version 3.1.2, MPC version 1.0.1
   4              	 # GGC heuristics: --param ggc-min-expand=100 --param ggc-min-heapsize=131072
   5              	 # options passed:  -I . -I ../firmware/chibios/os/ports/GCC/SIMIA32
   6              	 # -I ../firmware/chibios/os/kernel/include
   7              	 # -I ../firmware/chibios/os/hal/include
   8              	 # -I ../firmware/chibios/os/hal/platforms/Win32
   9              	 # -I ../firmware/chibios/boards/simulator -I ../firmware/util
  10              	 # -I ../firmware/console -I ../firmware/console_util
  11              	 # -I ../firmware/config/engines -I ../firmware/ext_algo
  12              	 # -I ../firmware/controllers/sensors -I ../firmware/controllers/system
  13              	 # -I ../firmware/controllers/algo -I ../firmware/controllers/math
  14              	 # -I ../firmware/controllers/trigger -I ../firmware/chibios/os/various
  15              	 # -MD ../firmware/chibios/os/kernel/src/chmemcore.d -MF .dep/chmemcore.o.d
  16              	 # -MP -MQ ../firmware/chibios/os/kernel/src/chmemcore.o -Dunix
  17              	 # -idirafter /usr/lib/gcc/i686-pc-cygwin/4.8.2/../../../../include/w32api
  18              	 # -idirafter ../../include/w32api -D SIMULATOR -D SHELL_USE_IPRINTF=FALSE
  19              	 # ../firmware/chibios/os/kernel/src/chmemcore.c -mtune=generic -march=i686
  20              	 # -auxbase-strip ../firmware/chibios/os/kernel/src/chmemcore.o -ggdb -O2
  21              	 # -Wall -Wextra -Wstrict-prototypes -std=gnu99 -fomit-frame-pointer
  22              	 # -fgnu89-inline -fverbose-asm
  23              	 # options enabled:  -faggressive-loop-optimizations
  24              	 # -fasynchronous-unwind-tables -fauto-inc-dec -fbranch-count-reg
  25              	 # -fcaller-saves -fcombine-stack-adjustments -fcommon -fcompare-elim
  26              	 # -fcprop-registers -fcrossjumping -fcse-follow-jumps -fdefer-pop
  27              	 # -fdelete-null-pointer-checks -fdevirtualize -fdwarf2-cfi-asm
  28              	 # -fearly-inlining -feliminate-unused-debug-types
  29              	 # -fexpensive-optimizations -fforward-propagate -ffunction-cse -fgcse
  30              	 # -fgcse-lm -fgnu-runtime -fguess-branch-probability
  31              	 # -fhoist-adjacent-loads -fident -fif-conversion -fif-conversion2
  32              	 # -findirect-inlining -finline -finline-atomics
  33              	 # -finline-functions-called-once -finline-small-functions -fipa-cp
  34              	 # -fipa-profile -fipa-pure-const -fipa-reference -fipa-sra
  35              	 # -fira-hoist-pressure -fira-share-save-slots -fira-share-spill-slots
  36              	 # -fivopts -fkeep-inline-dllexport -fkeep-static-consts
  37              	 # -fleading-underscore -fmath-errno -fmerge-constants
  38              	 # -fmerge-debug-strings -fmove-loop-invariants -fomit-frame-pointer
  39              	 # -foptimize-register-move -foptimize-sibling-calls -foptimize-strlen
  40              	 # -fpartial-inlining -fpeephole -fpeephole2 -fprefetch-loop-arrays -free
  41              	 # -freg-struct-return -fregmove -freorder-blocks -freorder-functions
  42              	 # -frerun-cse-after-loop -fsched-critical-path-heuristic
  43              	 # -fsched-dep-count-heuristic -fsched-group-heuristic -fsched-interblock
  44              	 # -fsched-last-insn-heuristic -fsched-rank-heuristic -fsched-spec
  45              	 # -fsched-spec-insn-heuristic -fsched-stalled-insns-dep -fschedule-insns2
  46              	 # -fset-stack-executable -fshow-column -fshrink-wrap -fsigned-zeros
  47              	 # -fsplit-ivs-in-unroller -fsplit-wide-types -fstrict-aliasing
  48              	 # -fstrict-overflow -fstrict-volatile-bitfields -fsync-libcalls
  49              	 # -fthread-jumps -ftoplevel-reorder -ftrapping-math -ftree-bit-ccp
  50              	 # -ftree-builtin-call-dce -ftree-ccp -ftree-ch -ftree-coalesce-vars
  51              	 # -ftree-copy-prop -ftree-copyrename -ftree-cselim -ftree-dce
  52              	 # -ftree-dominator-opts -ftree-dse -ftree-forwprop -ftree-fre
  53              	 # -ftree-loop-if-convert -ftree-loop-im -ftree-loop-ivcanon
  54              	 # -ftree-loop-optimize -ftree-parallelize-loops= -ftree-phiprop -ftree-pre
  55              	 # -ftree-pta -ftree-reassoc -ftree-scev-cprop -ftree-sink
  56              	 # -ftree-slp-vectorize -ftree-slsr -ftree-sra -ftree-switch-conversion
  57              	 # -ftree-tail-merge -ftree-ter -ftree-vect-loop-version -ftree-vrp
GAS LISTING /cygdrive/c/DOCUME~1/andrey/LOCALS~1/Temp/ccSgFr8x.s 			page 2


  58              	 # -funit-at-a-time -funwind-tables -fvar-tracking
  59              	 # -fvar-tracking-assignments -fverbose-asm -fzero-initialized-in-bss -m32
  60              	 # -m80387 -m96bit-long-double -maccumulate-outgoing-args -malign-double
  61              	 # -malign-stringops -mfancy-math-387 -mfp-ret-in-387 -mieee-fp
  62              	 # -mlong-double-80 -mno-red-zone -mno-sse4 -mpush-args -msahf
  63              	 # -mstack-arg-probe
  64              	
  65              		.text
  66              	Ltext0:
  67              		.p2align 4,,15
  68              		.globl	__core_init
  69              		.def	__core_init;	.scl	2;	.type	32;	.endef
  70              	__core_init:
  71              	LFB7:
  72              		.file 1 "../firmware/chibios/os/kernel/src/chmemcore.c"
  73              		.loc 1 66 0
  74              		.cfi_startproc
  75              		.loc 1 74 0
  76 0000 C7050400 		movl	$_buffer.2025, _nextmem	 #, nextmem
  76      02000000 
  76      0000
  77              		.loc 1 75 0
  78 000a C7050000 		movl	$_buffer.2025+131072, _endmem	 #, endmem
  78      02000000 
  78      0200
  79 0014 C3       		ret
  80              		.cfi_endproc
  81              	LFE7:
  82 0015 8D742600 		.p2align 4,,15
  82      8DBC2700 
  82      000000
  83              		.globl	_chCoreAllocI
  84              		.def	_chCoreAllocI;	.scl	2;	.type	32;	.endef
  85              	_chCoreAllocI:
  86              	LFB9:
  87              		.loc 1 112 0
  88              		.cfi_startproc
  89              	LVL0:
  90 0020 83EC0C   		subl	$12, %esp	 #,
  91              		.cfi_def_cfa_offset 16
  92              		.loc 1 115 0
  93 0023 E8000000 		call	_chDbgCheckClassI	 #
  93      00
  94              	LVL1:
  95              		.loc 1 117 0
  96 0028 8B442410 		movl	16(%esp), %eax	 # size, tmp75
  97              		.loc 1 118 0
  98 002c 8B0D0000 		movl	_endmem, %ecx	 # endmem, D.2073
  98      0200
  99              		.loc 1 117 0
 100 0032 8D500F   		leal	15(%eax), %edx	 #, size
 101              		.loc 1 118 0
 102 0035 A1040002 		movl	_nextmem, %eax	 # nextmem, nextmem.2
 102      00
 103              		.loc 1 117 0
 104 003a 83E2F0   		andl	$-16, %edx	 #, size
 105              	LVL2:
GAS LISTING /cygdrive/c/DOCUME~1/andrey/LOCALS~1/Temp/ccSgFr8x.s 			page 3


 106              		.loc 1 118 0
 107 003d 29C1     		subl	%eax, %ecx	 # nextmem.2, D.2073
 108 003f 39CA     		cmpl	%ecx, %edx	 # D.2073, size
 109 0041 770D     		ja	L4	 #,
 110              	LVL3:
 111              		.loc 1 121 0
 112 0043 01C2     		addl	%eax, %edx	 # nextmem.2, tmp73
 113              	LVL4:
 114 0045 89150400 		movl	%edx, _nextmem	 # tmp73, nextmem
 114      0200
 115              		.loc 1 123 0
 116 004b 83C40C   		addl	$12, %esp	 #,
 117              		.cfi_remember_state
 118              		.cfi_def_cfa_offset 4
 119 004e C3       		ret
 120              	LVL5:
 121 004f 90       		.p2align 4,,7
 122              	L4:
 123              		.cfi_restore_state
 124              		.loc 1 119 0
 125 0050 31C0     		xorl	%eax, %eax	 # D.2071
 126              		.loc 1 123 0
 127 0052 83C40C   		addl	$12, %esp	 #,
 128              		.cfi_def_cfa_offset 4
 129 0055 C3       		ret
 130              		.cfi_endproc
 131              	LFE9:
 132 0056 8D76008D 		.p2align 4,,15
 132      BC270000 
 132      0000
 133              		.globl	_chCoreAlloc
 134              		.def	_chCoreAlloc;	.scl	2;	.type	32;	.endef
 135              	_chCoreAlloc:
 136              	LFB8:
 137              		.loc 1 91 0
 138              		.cfi_startproc
 139              	LVL6:
 140 0060 53       		pushl	%ebx	 #
 141              		.cfi_def_cfa_offset 8
 142              		.cfi_offset 3, -8
 143 0061 83EC18   		subl	$24, %esp	 #,
 144              		.cfi_def_cfa_offset 32
 145              		.loc 1 94 0
 146              	/APP
 147              	 # 94 "../firmware/chibios/os/kernel/src/chmemcore.c" 1
 148 0064 90       		nop
 149              	 # 0 "" 2
 150              	/NO_APP
 151 0065 E8000000 		call	_dbg_check_lock	 #
 151      00
 152              	LVL7:
 153              		.loc 1 95 0
 154 006a 8B442420 		movl	32(%esp), %eax	 # size, size
 155 006e 890424   		movl	%eax, (%esp)	 # size,
 156 0071 E8AAFFFF 		call	_chCoreAllocI	 #
 156      FF
 157              	LVL8:
GAS LISTING /cygdrive/c/DOCUME~1/andrey/LOCALS~1/Temp/ccSgFr8x.s 			page 4


 158 0076 89C3     		movl	%eax, %ebx	 #, p
 159              	LVL9:
 160              		.loc 1 96 0
 161 0078 E8000000 		call	_dbg_check_unlock	 #
 161      00
 162              	LVL10:
 163              	/APP
 164              	 # 96 "../firmware/chibios/os/kernel/src/chmemcore.c" 1
 165 007d 90       		nop
 166              	 # 0 "" 2
 167              		.loc 1 98 0
 168              	/NO_APP
 169 007e 83C418   		addl	$24, %esp	 #,
 170              		.cfi_def_cfa_offset 8
 171 0081 89D8     		movl	%ebx, %eax	 # p,
 172 0083 5B       		popl	%ebx	 #
 173              		.cfi_restore 3
 174              		.cfi_def_cfa_offset 4
 175              	LVL11:
 176 0084 C3       		ret
 177              		.cfi_endproc
 178              	LFE8:
 179 0085 8D742600 		.p2align 4,,15
 179      8DBC2700 
 179      000000
 180              		.globl	_chCoreStatus
 181              		.def	_chCoreStatus;	.scl	2;	.type	32;	.endef
 182              	_chCoreStatus:
 183              	LFB10:
 184              		.loc 1 132 0
 185              		.cfi_startproc
 186              		.loc 1 134 0
 187 0090 A1000002 		movl	_endmem, %eax	 # endmem, D.2078
 187      00
 188 0095 2B050400 		subl	_nextmem, %eax	 # nextmem, D.2078
 188      0200
 189              		.loc 1 135 0
 190 009b C3       		ret
 191              		.cfi_endproc
 192              	LFE10:
 193              	.lcomm _buffer.2025,131072,32
 194              	.lcomm _endmem,4,4
 195              	.lcomm _nextmem,4,4
 196              	Letext0:
 197              		.file 2 "/usr/lib/gcc/i686-pc-cygwin/4.8.2/include/stddef.h"
 198              		.file 3 "/usr/include/stdint.h"
 199              		.file 4 "../firmware/chibios/os/ports/GCC/SIMIA32/chcore.h"
 200              		.file 5 "../firmware/chibios/os/kernel/include/chdebug.h"
 201 009c 90909090 		.section	.debug_info,"dr"
 202              	Ldebug_info0:
 203 0000 6D030000 		.long	0x36d
 204 0004 0400     		.word	0x4
 205 0006 00000000 		.secrel32	Ldebug_abbrev0
 206 000a 04       		.byte	0x4
 207 000b 01       		.uleb128 0x1
 208 000c 474E5520 		.ascii "GNU C 4.8.2 -mtune=generic -march=i686 -ggdb -O2 -std=gnu99 -fomit-frame-pointer -fgnu89-i
 208      4320342E 
GAS LISTING /cygdrive/c/DOCUME~1/andrey/LOCALS~1/Temp/ccSgFr8x.s 			page 5


 208      382E3220 
 208      2D6D7475 
 208      6E653D67 
 209 006c 01       		.byte	0x1
 210 006d 2E2E2F66 		.ascii "../firmware/chibios/os/kernel/src/chmemcore.c\0"
 210      69726D77 
 210      6172652F 
 210      63686962 
 210      696F732F 
 211 009b 2F637967 		.ascii "/cygdrive/c/Program Files/Jenkins/workspace/runEfi win32 functional/win32_functional_tests
 211      64726976 
 211      652F632F 
 211      50726F67 
 211      72616D20 
 212 00f6 00000000 		.long	Ltext0
 213 00fa 9C000000 		.long	Letext0-Ltext0
 214 00fe 00000000 		.secrel32	Ldebug_line0
 215 0102 02       		.uleb128 0x2
 216 0103 04       		.byte	0x4
 217 0104 05       		.byte	0x5
 218 0105 696E7400 		.ascii "int\0"
 219 0109 03       		.uleb128 0x3
 220 010a 73697A65 		.ascii "size_t\0"
 220      5F7400
 221 0111 02       		.byte	0x2
 222 0112 D4       		.byte	0xd4
 223 0113 17010000 		.long	0x117
 224 0117 02       		.uleb128 0x2
 225 0118 04       		.byte	0x4
 226 0119 07       		.byte	0x7
 227 011a 756E7369 		.ascii "unsigned int\0"
 227      676E6564 
 227      20696E74 
 227      00
 228 0127 02       		.uleb128 0x2
 229 0128 02       		.byte	0x2
 230 0129 07       		.byte	0x7
 231 012a 73686F72 		.ascii "short unsigned int\0"
 231      7420756E 
 231      7369676E 
 231      65642069 
 231      6E7400
 232 013d 02       		.uleb128 0x2
 233 013e 01       		.byte	0x1
 234 013f 06       		.byte	0x6
 235 0140 7369676E 		.ascii "signed char\0"
 235      65642063 
 235      68617200 
 236 014c 02       		.uleb128 0x2
 237 014d 02       		.byte	0x2
 238 014e 05       		.byte	0x5
 239 014f 73686F72 		.ascii "short int\0"
 239      7420696E 
 239      7400
 240 0159 02       		.uleb128 0x2
 241 015a 08       		.byte	0x8
 242 015b 05       		.byte	0x5
GAS LISTING /cygdrive/c/DOCUME~1/andrey/LOCALS~1/Temp/ccSgFr8x.s 			page 6


 243 015c 6C6F6E67 		.ascii "long long int\0"
 243      206C6F6E 
 243      6720696E 
 243      7400
 244 016a 03       		.uleb128 0x3
 245 016b 75696E74 		.ascii "uint8_t\0"
 245      385F7400 
 246 0173 03       		.byte	0x3
 247 0174 1E       		.byte	0x1e
 248 0175 79010000 		.long	0x179
 249 0179 02       		.uleb128 0x2
 250 017a 01       		.byte	0x1
 251 017b 08       		.byte	0x8
 252 017c 756E7369 		.ascii "unsigned char\0"
 252      676E6564 
 252      20636861 
 252      7200
 253 018a 02       		.uleb128 0x2
 254 018b 08       		.byte	0x8
 255 018c 07       		.byte	0x7
 256 018d 6C6F6E67 		.ascii "long long unsigned int\0"
 256      206C6F6E 
 256      6720756E 
 256      7369676E 
 256      65642069 
 257 01a4 02       		.uleb128 0x2
 258 01a5 01       		.byte	0x1
 259 01a6 02       		.byte	0x2
 260 01a7 5F426F6F 		.ascii "_Bool\0"
 260      6C00
 261 01ad 04       		.uleb128 0x4
 262 01ae 10       		.byte	0x10
 263 01af 04       		.byte	0x4
 264 01b0 44       		.byte	0x44
 265 01b1 C0010000 		.long	0x1c0
 266 01b5 05       		.uleb128 0x5
 267 01b6 6100     		.ascii "a\0"
 268 01b8 04       		.byte	0x4
 269 01b9 45       		.byte	0x45
 270 01ba C0010000 		.long	0x1c0
 271 01be 00       		.byte	0
 272 01bf 00       		.byte	0
 273 01c0 06       		.uleb128 0x6
 274 01c1 6A010000 		.long	0x16a
 275 01c5 D0010000 		.long	0x1d0
 276 01c9 07       		.uleb128 0x7
 277 01ca D0010000 		.long	0x1d0
 278 01ce 0F       		.byte	0xf
 279 01cf 00       		.byte	0
 280 01d0 02       		.uleb128 0x2
 281 01d1 04       		.byte	0x4
 282 01d2 07       		.byte	0x7
 283 01d3 73697A65 		.ascii "sizetype\0"
 283      74797065 
 283      00
 284 01dc 03       		.uleb128 0x3
 285 01dd 73746B61 		.ascii "stkalign_t\0"
GAS LISTING /cygdrive/c/DOCUME~1/andrey/LOCALS~1/Temp/ccSgFr8x.s 			page 7


 285      6C69676E 
 285      5F7400
 286 01e8 04       		.byte	0x4
 287 01e9 46       		.byte	0x46
 288 01ea AD010000 		.long	0x1ad
 289 01ee 08       		.uleb128 0x8
 290 01ef 04       		.byte	0x4
 291 01f0 02       		.uleb128 0x2
 292 01f1 01       		.byte	0x1
 293 01f2 06       		.byte	0x6
 294 01f3 63686172 		.ascii "char\0"
 294      00
 295 01f8 09       		.uleb128 0x9
 296 01f9 04       		.byte	0x4
 297 01fa 6A010000 		.long	0x16a
 298 01fe 0A       		.uleb128 0xa
 299 01ff 5F636F72 		.ascii "_core_init\0"
 299      655F696E 
 299      697400
 300 020a 01       		.byte	0x1
 301 020b 42       		.byte	0x42
 302 020c 00000000 		.long	LFB7
 303 0210 15000000 		.long	LFE7-LFB7
 304 0214 01       		.uleb128 0x1
 305 0215 9C       		.byte	0x9c
 306 0216 2F020000 		.long	0x22f
 307 021a 0B       		.uleb128 0xb
 308 021b 62756666 		.ascii "buffer\0"
 308      657200
 309 0222 01       		.byte	0x1
 310 0223 49       		.byte	0x49
 311 0224 2F020000 		.long	0x22f
 312 0228 05       		.uleb128 0x5
 313 0229 03       		.byte	0x3
 314 022a 00000000 		.long	_buffer.2025
 315 022e 00       		.byte	0
 316 022f 06       		.uleb128 0x6
 317 0230 DC010000 		.long	0x1dc
 318 0234 40020000 		.long	0x240
 319 0238 0C       		.uleb128 0xc
 320 0239 D0010000 		.long	0x1d0
 321 023d FF1F     		.word	0x1fff
 322 023f 00       		.byte	0
 323 0240 0D       		.uleb128 0xd
 324 0241 6368436F 		.ascii "chCoreAllocI\0"
 324      7265416C 
 324      6C6F6349 
 324      00
 325 024e 01       		.byte	0x1
 326 024f 70       		.byte	0x70
 327 0250 EE010000 		.long	0x1ee
 328 0254 20000000 		.long	LFB9
 329 0258 36000000 		.long	LFE9-LFB9
 330 025c 01       		.uleb128 0x1
 331 025d 9C       		.byte	0x9c
 332 025e 89020000 		.long	0x289
 333 0262 0E       		.uleb128 0xe
GAS LISTING /cygdrive/c/DOCUME~1/andrey/LOCALS~1/Temp/ccSgFr8x.s 			page 8


 334 0263 73697A65 		.ascii "size\0"
 334      00
 335 0268 01       		.byte	0x1
 336 0269 70       		.byte	0x70
 337 026a 09010000 		.long	0x109
 338 026e 00000000 		.secrel32	LLST0
 339 0272 0F       		.uleb128 0xf
 340 0273 7000     		.ascii "p\0"
 341 0275 01       		.byte	0x1
 342 0276 71       		.byte	0x71
 343 0277 EE010000 		.long	0x1ee
 344 027b 3D000000 		.secrel32	LLST1
 345 027f 10       		.uleb128 0x10
 346 0280 28000000 		.long	LVL1
 347 0284 36030000 		.long	0x336
 348 0288 00       		.byte	0
 349 0289 0D       		.uleb128 0xd
 350 028a 6368436F 		.ascii "chCoreAlloc\0"
 350      7265416C 
 350      6C6F6300 
 351 0296 01       		.byte	0x1
 352 0297 5B       		.byte	0x5b
 353 0298 EE010000 		.long	0x1ee
 354 029c 60000000 		.long	LFB8
 355 02a0 25000000 		.long	LFE8-LFB8
 356 02a4 01       		.uleb128 0x1
 357 02a5 9C       		.byte	0x9c
 358 02a6 EF020000 		.long	0x2ef
 359 02aa 11       		.uleb128 0x11
 360 02ab 73697A65 		.ascii "size\0"
 360      00
 361 02b0 01       		.byte	0x1
 362 02b1 5B       		.byte	0x5b
 363 02b2 09010000 		.long	0x109
 364 02b6 02       		.uleb128 0x2
 365 02b7 91       		.byte	0x91
 366 02b8 00       		.sleb128 0
 367 02b9 0F       		.uleb128 0xf
 368 02ba 7000     		.ascii "p\0"
 369 02bc 01       		.byte	0x1
 370 02bd 5C       		.byte	0x5c
 371 02be EE010000 		.long	0x1ee
 372 02c2 50000000 		.secrel32	LLST2
 373 02c6 10       		.uleb128 0x10
 374 02c7 6A000000 		.long	LVL7
 375 02cb 4A030000 		.long	0x34a
 376 02cf 12       		.uleb128 0x12
 377 02d0 76000000 		.long	LVL8
 378 02d4 40020000 		.long	0x240
 379 02d8 E5020000 		.long	0x2e5
 380 02dc 13       		.uleb128 0x13
 381 02dd 02       		.uleb128 0x2
 382 02de 74       		.byte	0x74
 383 02df 00       		.sleb128 0
 384 02e0 03       		.uleb128 0x3
 385 02e1 91       		.byte	0x91
 386 02e2 00       		.sleb128 0
GAS LISTING /cygdrive/c/DOCUME~1/andrey/LOCALS~1/Temp/ccSgFr8x.s 			page 9


 387 02e3 06       		.byte	0x6
 388 02e4 00       		.byte	0
 389 02e5 10       		.uleb128 0x10
 390 02e6 7D000000 		.long	LVL10
 391 02ea 5C030000 		.long	0x35c
 392 02ee 00       		.byte	0
 393 02ef 14       		.uleb128 0x14
 394 02f0 6368436F 		.ascii "chCoreStatus\0"
 394      72655374 
 394      61747573 
 394      00
 395 02fd 01       		.byte	0x1
 396 02fe 84       		.byte	0x84
 397 02ff 09010000 		.long	0x109
 398 0303 90000000 		.long	LFB10
 399 0307 0C000000 		.long	LFE10-LFB10
 400 030b 01       		.uleb128 0x1
 401 030c 9C       		.byte	0x9c
 402 030d 0B       		.uleb128 0xb
 403 030e 6E657874 		.ascii "nextmem\0"
 403      6D656D00 
 404 0316 01       		.byte	0x1
 405 0317 3A       		.byte	0x3a
 406 0318 F8010000 		.long	0x1f8
 407 031c 05       		.uleb128 0x5
 408 031d 03       		.byte	0x3
 409 031e 04000200 		.long	_nextmem
 410 0322 0B       		.uleb128 0xb
 411 0323 656E646D 		.ascii "endmem\0"
 411      656D00
 412 032a 01       		.byte	0x1
 413 032b 3B       		.byte	0x3b
 414 032c F8010000 		.long	0x1f8
 415 0330 05       		.uleb128 0x5
 416 0331 03       		.byte	0x3
 417 0332 00000200 		.long	_endmem
 418 0336 15       		.uleb128 0x15
 419 0337 63684462 		.ascii "chDbgCheckClassI\0"
 419      67436865 
 419      636B436C 
 419      61737349 
 419      00
 420 0348 05       		.byte	0x5
 421 0349 ED       		.byte	0xed
 422 034a 15       		.uleb128 0x15
 423 034b 6462675F 		.ascii "dbg_check_lock\0"
 423      63686563 
 423      6B5F6C6F 
 423      636B00
 424 035a 05       		.byte	0x5
 425 035b E7       		.byte	0xe7
 426 035c 15       		.uleb128 0x15
 427 035d 6462675F 		.ascii "dbg_check_unlock\0"
 427      63686563 
 427      6B5F756E 
 427      6C6F636B 
 427      00
GAS LISTING /cygdrive/c/DOCUME~1/andrey/LOCALS~1/Temp/ccSgFr8x.s 			page 10


 428 036e 05       		.byte	0x5
 429 036f E8       		.byte	0xe8
 430 0370 00       		.byte	0
 431              		.section	.debug_abbrev,"dr"
 432              	Ldebug_abbrev0:
 433 0000 01       		.uleb128 0x1
 434 0001 11       		.uleb128 0x11
 435 0002 01       		.byte	0x1
 436 0003 25       		.uleb128 0x25
 437 0004 08       		.uleb128 0x8
 438 0005 13       		.uleb128 0x13
 439 0006 0B       		.uleb128 0xb
 440 0007 03       		.uleb128 0x3
 441 0008 08       		.uleb128 0x8
 442 0009 1B       		.uleb128 0x1b
 443 000a 08       		.uleb128 0x8
 444 000b 11       		.uleb128 0x11
 445 000c 01       		.uleb128 0x1
 446 000d 12       		.uleb128 0x12
 447 000e 06       		.uleb128 0x6
 448 000f 10       		.uleb128 0x10
 449 0010 17       		.uleb128 0x17
 450 0011 00       		.byte	0
 451 0012 00       		.byte	0
 452 0013 02       		.uleb128 0x2
 453 0014 24       		.uleb128 0x24
 454 0015 00       		.byte	0
 455 0016 0B       		.uleb128 0xb
 456 0017 0B       		.uleb128 0xb
 457 0018 3E       		.uleb128 0x3e
 458 0019 0B       		.uleb128 0xb
 459 001a 03       		.uleb128 0x3
 460 001b 08       		.uleb128 0x8
 461 001c 00       		.byte	0
 462 001d 00       		.byte	0
 463 001e 03       		.uleb128 0x3
 464 001f 16       		.uleb128 0x16
 465 0020 00       		.byte	0
 466 0021 03       		.uleb128 0x3
 467 0022 08       		.uleb128 0x8
 468 0023 3A       		.uleb128 0x3a
 469 0024 0B       		.uleb128 0xb
 470 0025 3B       		.uleb128 0x3b
 471 0026 0B       		.uleb128 0xb
 472 0027 49       		.uleb128 0x49
 473 0028 13       		.uleb128 0x13
 474 0029 00       		.byte	0
 475 002a 00       		.byte	0
 476 002b 04       		.uleb128 0x4
 477 002c 13       		.uleb128 0x13
 478 002d 01       		.byte	0x1
 479 002e 0B       		.uleb128 0xb
 480 002f 0B       		.uleb128 0xb
 481 0030 3A       		.uleb128 0x3a
 482 0031 0B       		.uleb128 0xb
 483 0032 3B       		.uleb128 0x3b
 484 0033 0B       		.uleb128 0xb
GAS LISTING /cygdrive/c/DOCUME~1/andrey/LOCALS~1/Temp/ccSgFr8x.s 			page 11


 485 0034 01       		.uleb128 0x1
 486 0035 13       		.uleb128 0x13
 487 0036 00       		.byte	0
 488 0037 00       		.byte	0
 489 0038 05       		.uleb128 0x5
 490 0039 0D       		.uleb128 0xd
 491 003a 00       		.byte	0
 492 003b 03       		.uleb128 0x3
 493 003c 08       		.uleb128 0x8
 494 003d 3A       		.uleb128 0x3a
 495 003e 0B       		.uleb128 0xb
 496 003f 3B       		.uleb128 0x3b
 497 0040 0B       		.uleb128 0xb
 498 0041 49       		.uleb128 0x49
 499 0042 13       		.uleb128 0x13
 500 0043 38       		.uleb128 0x38
 501 0044 0B       		.uleb128 0xb
 502 0045 00       		.byte	0
 503 0046 00       		.byte	0
 504 0047 06       		.uleb128 0x6
 505 0048 01       		.uleb128 0x1
 506 0049 01       		.byte	0x1
 507 004a 49       		.uleb128 0x49
 508 004b 13       		.uleb128 0x13
 509 004c 01       		.uleb128 0x1
 510 004d 13       		.uleb128 0x13
 511 004e 00       		.byte	0
 512 004f 00       		.byte	0
 513 0050 07       		.uleb128 0x7
 514 0051 21       		.uleb128 0x21
 515 0052 00       		.byte	0
 516 0053 49       		.uleb128 0x49
 517 0054 13       		.uleb128 0x13
 518 0055 2F       		.uleb128 0x2f
 519 0056 0B       		.uleb128 0xb
 520 0057 00       		.byte	0
 521 0058 00       		.byte	0
 522 0059 08       		.uleb128 0x8
 523 005a 0F       		.uleb128 0xf
 524 005b 00       		.byte	0
 525 005c 0B       		.uleb128 0xb
 526 005d 0B       		.uleb128 0xb
 527 005e 00       		.byte	0
 528 005f 00       		.byte	0
 529 0060 09       		.uleb128 0x9
 530 0061 0F       		.uleb128 0xf
 531 0062 00       		.byte	0
 532 0063 0B       		.uleb128 0xb
 533 0064 0B       		.uleb128 0xb
 534 0065 49       		.uleb128 0x49
 535 0066 13       		.uleb128 0x13
 536 0067 00       		.byte	0
 537 0068 00       		.byte	0
 538 0069 0A       		.uleb128 0xa
 539 006a 2E       		.uleb128 0x2e
 540 006b 01       		.byte	0x1
 541 006c 3F       		.uleb128 0x3f
GAS LISTING /cygdrive/c/DOCUME~1/andrey/LOCALS~1/Temp/ccSgFr8x.s 			page 12


 542 006d 19       		.uleb128 0x19
 543 006e 03       		.uleb128 0x3
 544 006f 08       		.uleb128 0x8
 545 0070 3A       		.uleb128 0x3a
 546 0071 0B       		.uleb128 0xb
 547 0072 3B       		.uleb128 0x3b
 548 0073 0B       		.uleb128 0xb
 549 0074 27       		.uleb128 0x27
 550 0075 19       		.uleb128 0x19
 551 0076 11       		.uleb128 0x11
 552 0077 01       		.uleb128 0x1
 553 0078 12       		.uleb128 0x12
 554 0079 06       		.uleb128 0x6
 555 007a 40       		.uleb128 0x40
 556 007b 18       		.uleb128 0x18
 557 007c 9742     		.uleb128 0x2117
 558 007e 19       		.uleb128 0x19
 559 007f 01       		.uleb128 0x1
 560 0080 13       		.uleb128 0x13
 561 0081 00       		.byte	0
 562 0082 00       		.byte	0
 563 0083 0B       		.uleb128 0xb
 564 0084 34       		.uleb128 0x34
 565 0085 00       		.byte	0
 566 0086 03       		.uleb128 0x3
 567 0087 08       		.uleb128 0x8
 568 0088 3A       		.uleb128 0x3a
 569 0089 0B       		.uleb128 0xb
 570 008a 3B       		.uleb128 0x3b
 571 008b 0B       		.uleb128 0xb
 572 008c 49       		.uleb128 0x49
 573 008d 13       		.uleb128 0x13
 574 008e 02       		.uleb128 0x2
 575 008f 18       		.uleb128 0x18
 576 0090 00       		.byte	0
 577 0091 00       		.byte	0
 578 0092 0C       		.uleb128 0xc
 579 0093 21       		.uleb128 0x21
 580 0094 00       		.byte	0
 581 0095 49       		.uleb128 0x49
 582 0096 13       		.uleb128 0x13
 583 0097 2F       		.uleb128 0x2f
 584 0098 05       		.uleb128 0x5
 585 0099 00       		.byte	0
 586 009a 00       		.byte	0
 587 009b 0D       		.uleb128 0xd
 588 009c 2E       		.uleb128 0x2e
 589 009d 01       		.byte	0x1
 590 009e 3F       		.uleb128 0x3f
 591 009f 19       		.uleb128 0x19
 592 00a0 03       		.uleb128 0x3
 593 00a1 08       		.uleb128 0x8
 594 00a2 3A       		.uleb128 0x3a
 595 00a3 0B       		.uleb128 0xb
 596 00a4 3B       		.uleb128 0x3b
 597 00a5 0B       		.uleb128 0xb
 598 00a6 27       		.uleb128 0x27
GAS LISTING /cygdrive/c/DOCUME~1/andrey/LOCALS~1/Temp/ccSgFr8x.s 			page 13


 599 00a7 19       		.uleb128 0x19
 600 00a8 49       		.uleb128 0x49
 601 00a9 13       		.uleb128 0x13
 602 00aa 11       		.uleb128 0x11
 603 00ab 01       		.uleb128 0x1
 604 00ac 12       		.uleb128 0x12
 605 00ad 06       		.uleb128 0x6
 606 00ae 40       		.uleb128 0x40
 607 00af 18       		.uleb128 0x18
 608 00b0 9742     		.uleb128 0x2117
 609 00b2 19       		.uleb128 0x19
 610 00b3 01       		.uleb128 0x1
 611 00b4 13       		.uleb128 0x13
 612 00b5 00       		.byte	0
 613 00b6 00       		.byte	0
 614 00b7 0E       		.uleb128 0xe
 615 00b8 05       		.uleb128 0x5
 616 00b9 00       		.byte	0
 617 00ba 03       		.uleb128 0x3
 618 00bb 08       		.uleb128 0x8
 619 00bc 3A       		.uleb128 0x3a
 620 00bd 0B       		.uleb128 0xb
 621 00be 3B       		.uleb128 0x3b
 622 00bf 0B       		.uleb128 0xb
 623 00c0 49       		.uleb128 0x49
 624 00c1 13       		.uleb128 0x13
 625 00c2 02       		.uleb128 0x2
 626 00c3 17       		.uleb128 0x17
 627 00c4 00       		.byte	0
 628 00c5 00       		.byte	0
 629 00c6 0F       		.uleb128 0xf
 630 00c7 34       		.uleb128 0x34
 631 00c8 00       		.byte	0
 632 00c9 03       		.uleb128 0x3
 633 00ca 08       		.uleb128 0x8
 634 00cb 3A       		.uleb128 0x3a
 635 00cc 0B       		.uleb128 0xb
 636 00cd 3B       		.uleb128 0x3b
 637 00ce 0B       		.uleb128 0xb
 638 00cf 49       		.uleb128 0x49
 639 00d0 13       		.uleb128 0x13
 640 00d1 02       		.uleb128 0x2
 641 00d2 17       		.uleb128 0x17
 642 00d3 00       		.byte	0
 643 00d4 00       		.byte	0
 644 00d5 10       		.uleb128 0x10
 645 00d6 898201   		.uleb128 0x4109
 646 00d9 00       		.byte	0
 647 00da 11       		.uleb128 0x11
 648 00db 01       		.uleb128 0x1
 649 00dc 31       		.uleb128 0x31
 650 00dd 13       		.uleb128 0x13
 651 00de 00       		.byte	0
 652 00df 00       		.byte	0
 653 00e0 11       		.uleb128 0x11
 654 00e1 05       		.uleb128 0x5
 655 00e2 00       		.byte	0
GAS LISTING /cygdrive/c/DOCUME~1/andrey/LOCALS~1/Temp/ccSgFr8x.s 			page 14


 656 00e3 03       		.uleb128 0x3
 657 00e4 08       		.uleb128 0x8
 658 00e5 3A       		.uleb128 0x3a
 659 00e6 0B       		.uleb128 0xb
 660 00e7 3B       		.uleb128 0x3b
 661 00e8 0B       		.uleb128 0xb
 662 00e9 49       		.uleb128 0x49
 663 00ea 13       		.uleb128 0x13
 664 00eb 02       		.uleb128 0x2
 665 00ec 18       		.uleb128 0x18
 666 00ed 00       		.byte	0
 667 00ee 00       		.byte	0
 668 00ef 12       		.uleb128 0x12
 669 00f0 898201   		.uleb128 0x4109
 670 00f3 01       		.byte	0x1
 671 00f4 11       		.uleb128 0x11
 672 00f5 01       		.uleb128 0x1
 673 00f6 31       		.uleb128 0x31
 674 00f7 13       		.uleb128 0x13
 675 00f8 01       		.uleb128 0x1
 676 00f9 13       		.uleb128 0x13
 677 00fa 00       		.byte	0
 678 00fb 00       		.byte	0
 679 00fc 13       		.uleb128 0x13
 680 00fd 8A8201   		.uleb128 0x410a
 681 0100 00       		.byte	0
 682 0101 02       		.uleb128 0x2
 683 0102 18       		.uleb128 0x18
 684 0103 9142     		.uleb128 0x2111
 685 0105 18       		.uleb128 0x18
 686 0106 00       		.byte	0
 687 0107 00       		.byte	0
 688 0108 14       		.uleb128 0x14
 689 0109 2E       		.uleb128 0x2e
 690 010a 00       		.byte	0
 691 010b 3F       		.uleb128 0x3f
 692 010c 19       		.uleb128 0x19
 693 010d 03       		.uleb128 0x3
 694 010e 08       		.uleb128 0x8
 695 010f 3A       		.uleb128 0x3a
 696 0110 0B       		.uleb128 0xb
 697 0111 3B       		.uleb128 0x3b
 698 0112 0B       		.uleb128 0xb
 699 0113 27       		.uleb128 0x27
 700 0114 19       		.uleb128 0x19
 701 0115 49       		.uleb128 0x49
 702 0116 13       		.uleb128 0x13
 703 0117 11       		.uleb128 0x11
 704 0118 01       		.uleb128 0x1
 705 0119 12       		.uleb128 0x12
 706 011a 06       		.uleb128 0x6
 707 011b 40       		.uleb128 0x40
 708 011c 18       		.uleb128 0x18
 709 011d 9742     		.uleb128 0x2117
 710 011f 19       		.uleb128 0x19
 711 0120 00       		.byte	0
 712 0121 00       		.byte	0
GAS LISTING /cygdrive/c/DOCUME~1/andrey/LOCALS~1/Temp/ccSgFr8x.s 			page 15


 713 0122 15       		.uleb128 0x15
 714 0123 2E       		.uleb128 0x2e
 715 0124 00       		.byte	0
 716 0125 3F       		.uleb128 0x3f
 717 0126 19       		.uleb128 0x19
 718 0127 03       		.uleb128 0x3
 719 0128 08       		.uleb128 0x8
 720 0129 3A       		.uleb128 0x3a
 721 012a 0B       		.uleb128 0xb
 722 012b 3B       		.uleb128 0x3b
 723 012c 0B       		.uleb128 0xb
 724 012d 27       		.uleb128 0x27
 725 012e 19       		.uleb128 0x19
 726 012f 3C       		.uleb128 0x3c
 727 0130 19       		.uleb128 0x19
 728 0131 00       		.byte	0
 729 0132 00       		.byte	0
 730 0133 00       		.byte	0
 731              		.section	.debug_loc,"dr"
 732              	Ldebug_loc0:
 733              	LLST0:
 734 0000 20000000 		.long	LVL0-Ltext0
 735 0004 3D000000 		.long	LVL2-Ltext0
 736 0008 0200     		.word	0x2
 737 000a 91       		.byte	0x91
 738 000b 00       		.sleb128 0
 739 000c 3D000000 		.long	LVL2-Ltext0
 740 0010 45000000 		.long	LVL4-Ltext0
 741 0014 0100     		.word	0x1
 742 0016 52       		.byte	0x52
 743 0017 45000000 		.long	LVL4-Ltext0
 744 001b 4F000000 		.long	LVL5-Ltext0
 745 001f 0900     		.word	0x9
 746 0021 91       		.byte	0x91
 747 0022 00       		.sleb128 0
 748 0023 06       		.byte	0x6
 749 0024 23       		.byte	0x23
 750 0025 0F       		.uleb128 0xf
 751 0026 09       		.byte	0x9
 752 0027 F0       		.byte	0xf0
 753 0028 1A       		.byte	0x1a
 754 0029 9F       		.byte	0x9f
 755 002a 4F000000 		.long	LVL5-Ltext0
 756 002e 56000000 		.long	LFE9-Ltext0
 757 0032 0100     		.word	0x1
 758 0034 52       		.byte	0x52
 759 0035 00000000 		.long	0
 760 0039 00000000 		.long	0
 761              	LLST1:
 762 003d 43000000 		.long	LVL3-Ltext0
 763 0041 4F000000 		.long	LVL5-Ltext0
 764 0045 0100     		.word	0x1
 765 0047 50       		.byte	0x50
 766 0048 00000000 		.long	0
 767 004c 00000000 		.long	0
 768              	LLST2:
 769 0050 78000000 		.long	LVL9-Ltext0
GAS LISTING /cygdrive/c/DOCUME~1/andrey/LOCALS~1/Temp/ccSgFr8x.s 			page 16


 770 0054 7C000000 		.long	LVL10-1-Ltext0
 771 0058 0100     		.word	0x1
 772 005a 50       		.byte	0x50
 773 005b 7C000000 		.long	LVL10-1-Ltext0
 774 005f 84000000 		.long	LVL11-Ltext0
 775 0063 0100     		.word	0x1
 776 0065 53       		.byte	0x53
 777 0066 84000000 		.long	LVL11-Ltext0
 778 006a 85000000 		.long	LFE8-Ltext0
 779 006e 0100     		.word	0x1
 780 0070 50       		.byte	0x50
 781 0071 00000000 		.long	0
 782 0075 00000000 		.long	0
 783              		.section	.debug_aranges,"dr"
 784 0000 1C000000 		.long	0x1c
 785 0004 0200     		.word	0x2
 786 0006 00000000 		.secrel32	Ldebug_info0
 787 000a 04       		.byte	0x4
 788 000b 00       		.byte	0
 789 000c 0000     		.word	0
 790 000e 0000     		.word	0
 791 0010 00000000 		.long	Ltext0
 792 0014 9C000000 		.long	Letext0-Ltext0
 793 0018 00000000 		.long	0
 794 001c 00000000 		.long	0
 795              		.section	.debug_line,"dr"
 796              	Ldebug_line0:
 797 0000 2F010000 		.section	.debug_str,"dr"
 797      0200FB00 
 797      00000101 
 797      FB0E0D00 
 797      01010101 
 798              		.ident	"GCC: (GNU) 4.8.2"
 799              		.def	_chDbgCheckClassI;	.scl	2;	.type	32;	.endef
 800              		.def	_dbg_check_lock;	.scl	2;	.type	32;	.endef
 801              		.def	_dbg_check_unlock;	.scl	2;	.type	32;	.endef
GAS LISTING /cygdrive/c/DOCUME~1/andrey/LOCALS~1/Temp/ccSgFr8x.s 			page 17


DEFINED SYMBOLS
                            *ABS*:00000000 chmemcore.c
/cygdrive/c/DOCUME~1/andrey/LOCALS~1/Temp/ccSgFr8x.s:70     .text:00000000 __core_init
/cygdrive/c/DOCUME~1/andrey/LOCALS~1/Temp/ccSgFr8x.s:193    .bss:00000000 _buffer.2025
/cygdrive/c/DOCUME~1/andrey/LOCALS~1/Temp/ccSgFr8x.s:195    .bss:00020004 _nextmem
/cygdrive/c/DOCUME~1/andrey/LOCALS~1/Temp/ccSgFr8x.s:194    .bss:00020000 _endmem
/cygdrive/c/DOCUME~1/andrey/LOCALS~1/Temp/ccSgFr8x.s:85     .text:00000020 _chCoreAllocI
/cygdrive/c/DOCUME~1/andrey/LOCALS~1/Temp/ccSgFr8x.s:135    .text:00000060 _chCoreAlloc
/cygdrive/c/DOCUME~1/andrey/LOCALS~1/Temp/ccSgFr8x.s:182    .text:00000090 _chCoreStatus

UNDEFINED SYMBOLS
_chDbgCheckClassI
_dbg_check_lock
_dbg_check_unlock
