GAS LISTING /cygdrive/c/DOCUME~1/andrey/LOCALS~1/Temp/cc60YpKF.s 			page 1


   1              		.file	"chregistry.c"
   2              	 # GNU C (GCC) version 4.8.2 (i686-pc-cygwin)
   3              	 #	compiled by GNU C version 4.8.2, GMP version 5.1.3, MPFR version 3.1.2, MPC version 1.0.1
   4              	 # GGC heuristics: --param ggc-min-expand=100 --param ggc-min-heapsize=131072
   5              	 # options passed:  -I . -I ../firmware/chibios/os/ports/GCC/SIMIA32
   6              	 # -I ../firmware/chibios/os/kernel/include
   7              	 # -I ../firmware/chibios/os/hal/include
   8              	 # -I ../firmware/chibios/os/hal/platforms/Win32
   9              	 # -I ../firmware/chibios/boards/simulator -I ../firmware/util
  10              	 # -I ../firmware/console -I ../firmware/console_util
  11              	 # -I ../firmware/config/engines -I ../firmware/ext_algo
  12              	 # -I ../firmware/controllers/sensors -I ../firmware/controllers/system
  13              	 # -I ../firmware/controllers/algo -I ../firmware/controllers/math
  14              	 # -I ../firmware/controllers/trigger -I ../firmware/chibios/os/various
  15              	 # -MD ../firmware/chibios/os/kernel/src/chregistry.d
  16              	 # -MF .dep/chregistry.o.d -MP
  17              	 # -MQ ../firmware/chibios/os/kernel/src/chregistry.o -Dunix
  18              	 # -idirafter /usr/lib/gcc/i686-pc-cygwin/4.8.2/../../../../include/w32api
  19              	 # -idirafter ../../include/w32api -D SIMULATOR -D SHELL_USE_IPRINTF=FALSE
  20              	 # ../firmware/chibios/os/kernel/src/chregistry.c -mtune=generic
  21              	 # -march=i686
  22              	 # -auxbase-strip ../firmware/chibios/os/kernel/src/chregistry.o -ggdb -O2
  23              	 # -Wall -Wextra -Wstrict-prototypes -std=gnu99 -fomit-frame-pointer
  24              	 # -fgnu89-inline -fverbose-asm
  25              	 # options enabled:  -faggressive-loop-optimizations
  26              	 # -fasynchronous-unwind-tables -fauto-inc-dec -fbranch-count-reg
  27              	 # -fcaller-saves -fcombine-stack-adjustments -fcommon -fcompare-elim
  28              	 # -fcprop-registers -fcrossjumping -fcse-follow-jumps -fdefer-pop
  29              	 # -fdelete-null-pointer-checks -fdevirtualize -fdwarf2-cfi-asm
  30              	 # -fearly-inlining -feliminate-unused-debug-types
  31              	 # -fexpensive-optimizations -fforward-propagate -ffunction-cse -fgcse
  32              	 # -fgcse-lm -fgnu-runtime -fguess-branch-probability
  33              	 # -fhoist-adjacent-loads -fident -fif-conversion -fif-conversion2
  34              	 # -findirect-inlining -finline -finline-atomics
  35              	 # -finline-functions-called-once -finline-small-functions -fipa-cp
  36              	 # -fipa-profile -fipa-pure-const -fipa-reference -fipa-sra
  37              	 # -fira-hoist-pressure -fira-share-save-slots -fira-share-spill-slots
  38              	 # -fivopts -fkeep-inline-dllexport -fkeep-static-consts
  39              	 # -fleading-underscore -fmath-errno -fmerge-constants
  40              	 # -fmerge-debug-strings -fmove-loop-invariants -fomit-frame-pointer
  41              	 # -foptimize-register-move -foptimize-sibling-calls -foptimize-strlen
  42              	 # -fpartial-inlining -fpeephole -fpeephole2 -fprefetch-loop-arrays -free
  43              	 # -freg-struct-return -fregmove -freorder-blocks -freorder-functions
  44              	 # -frerun-cse-after-loop -fsched-critical-path-heuristic
  45              	 # -fsched-dep-count-heuristic -fsched-group-heuristic -fsched-interblock
  46              	 # -fsched-last-insn-heuristic -fsched-rank-heuristic -fsched-spec
  47              	 # -fsched-spec-insn-heuristic -fsched-stalled-insns-dep -fschedule-insns2
  48              	 # -fset-stack-executable -fshow-column -fshrink-wrap -fsigned-zeros
  49              	 # -fsplit-ivs-in-unroller -fsplit-wide-types -fstrict-aliasing
  50              	 # -fstrict-overflow -fstrict-volatile-bitfields -fsync-libcalls
  51              	 # -fthread-jumps -ftoplevel-reorder -ftrapping-math -ftree-bit-ccp
  52              	 # -ftree-builtin-call-dce -ftree-ccp -ftree-ch -ftree-coalesce-vars
  53              	 # -ftree-copy-prop -ftree-copyrename -ftree-cselim -ftree-dce
  54              	 # -ftree-dominator-opts -ftree-dse -ftree-forwprop -ftree-fre
  55              	 # -ftree-loop-if-convert -ftree-loop-im -ftree-loop-ivcanon
  56              	 # -ftree-loop-optimize -ftree-parallelize-loops= -ftree-phiprop -ftree-pre
  57              	 # -ftree-pta -ftree-reassoc -ftree-scev-cprop -ftree-sink
GAS LISTING /cygdrive/c/DOCUME~1/andrey/LOCALS~1/Temp/cc60YpKF.s 			page 2


  58              	 # -ftree-slp-vectorize -ftree-slsr -ftree-sra -ftree-switch-conversion
  59              	 # -ftree-tail-merge -ftree-ter -ftree-vect-loop-version -ftree-vrp
  60              	 # -funit-at-a-time -funwind-tables -fvar-tracking
  61              	 # -fvar-tracking-assignments -fverbose-asm -fzero-initialized-in-bss -m32
  62              	 # -m80387 -m96bit-long-double -maccumulate-outgoing-args -malign-double
  63              	 # -malign-stringops -mfancy-math-387 -mfp-ret-in-387 -mieee-fp
  64              	 # -mlong-double-80 -mno-red-zone -mno-sse4 -mpush-args -msahf
  65              	 # -mstack-arg-probe
  66              	
  67              		.text
  68              	Ltext0:
  69              		.p2align 4,,15
  70              		.globl	_chRegFirstThread
  71              		.def	_chRegFirstThread;	.scl	2;	.type	32;	.endef
  72              	_chRegFirstThread:
  73              	LFB7:
  74              		.file 1 "../firmware/chibios/os/kernel/src/chregistry.c"
  75              		.loc 1 117 0
  76              		.cfi_startproc
  77 0000 53       		pushl	%ebx	 #
  78              		.cfi_def_cfa_offset 8
  79              		.cfi_offset 3, -8
  80 0001 83EC08   		subl	$8, %esp	 #,
  81              		.cfi_def_cfa_offset 16
  82              		.loc 1 120 0
  83              	/APP
  84              	 # 120 "../firmware/chibios/os/kernel/src/chregistry.c" 1
  85 0004 90       		nop
  86              	 # 0 "" 2
  87              	/NO_APP
  88 0005 E8000000 		call	_dbg_check_lock	 #
  88      00
  89              	LVL0:
  90              		.loc 1 121 0
  91 000a 8B1D1000 		movl	_rlist+16, %ebx	 # rlist.r_newer, tp
  91      0000
  92              	LVL1:
  93              		.loc 1 123 0
  94 0010 80431E01 		addb	$1, 30(%ebx)	 #, tp_3->p_refs
  95              		.loc 1 125 0
  96 0014 E8000000 		call	_dbg_check_unlock	 #
  96      00
  97              	LVL2:
  98              	/APP
  99              	 # 125 "../firmware/chibios/os/kernel/src/chregistry.c" 1
 100 0019 90       		nop
 101              	 # 0 "" 2
 102              		.loc 1 127 0
 103              	/NO_APP
 104 001a 83C408   		addl	$8, %esp	 #,
 105              		.cfi_def_cfa_offset 8
 106 001d 89D8     		movl	%ebx, %eax	 # tp,
 107 001f 5B       		popl	%ebx	 #
 108              		.cfi_restore 3
 109              		.cfi_def_cfa_offset 4
 110              	LVL3:
 111 0020 C3       		ret
GAS LISTING /cygdrive/c/DOCUME~1/andrey/LOCALS~1/Temp/cc60YpKF.s 			page 3


 112              		.cfi_endproc
 113              	LFE7:
 114              		.section .rdata,"dr"
 115              		.align 4
 116              	LC0:
 117 0000 2E2E2F66 		.ascii "../firmware/chibios/os/kernel/src/chregistry.c\0"
 117      69726D77 
 117      6172652F 
 117      63686962 
 117      696F732F 
 118              	LC1:
 119 002f 63685265 		.ascii "chRegNextThread(), #1\0"
 119      674E6578 
 119      74546872 
 119      65616428 
 119      292C2023 
 120              		.text
 121 0021 EB0D9090 		.p2align 4,,15
 121      90909090 
 121      90909090 
 121      909090
 122              		.globl	_chRegNextThread
 123              		.def	_chRegNextThread;	.scl	2;	.type	32;	.endef
 124              	_chRegNextThread:
 125              	LFB8:
 126              		.loc 1 140 0
 127              		.cfi_startproc
 128              	LVL4:
 129 0030 56       		pushl	%esi	 #
 130              		.cfi_def_cfa_offset 8
 131              		.cfi_offset 6, -8
 132 0031 53       		pushl	%ebx	 #
 133              		.cfi_def_cfa_offset 12
 134              		.cfi_offset 3, -12
 135 0032 83EC14   		subl	$20, %esp	 #,
 136              		.cfi_def_cfa_offset 32
 137              		.loc 1 140 0
 138 0035 8B742420 		movl	32(%esp), %esi	 # tp, tp
 139              		.loc 1 143 0
 140              	/APP
 141              	 # 143 "../firmware/chibios/os/kernel/src/chregistry.c" 1
 142 0039 90       		nop
 143              	 # 0 "" 2
 144              	/NO_APP
 145 003a E8000000 		call	_dbg_check_lock	 #
 145      00
 146              	LVL5:
 147              		.loc 1 144 0
 148 003f 8B5E10   		movl	16(%esi), %ebx	 # tp_6(D)->p_newer, ntp
 149              	LVL6:
 150              		.loc 1 145 0
 151 0042 81FB0000 		cmpl	$_rlist, %ebx	 #, ntp
 151      0000
 152 0048 7448     		je	L6	 #,
 153              		.loc 1 149 0
 154 004a 0FB6431E 		movzbl	30(%ebx), %eax	 # ntp_7->p_refs, D.2055
 155 004e 3CFF     		cmpb	$-1, %al	 #, D.2055
GAS LISTING /cygdrive/c/DOCUME~1/andrey/LOCALS~1/Temp/cc60YpKF.s 			page 4


 156 0050 741E     		je	L10	 #,
 157              	L5:
 158              		.loc 1 151 0
 159 0052 83C001   		addl	$1, %eax	 #, tmp65
 160 0055 88431E   		movb	%al, 30(%ebx)	 # tmp65, ntp_7->p_refs
 161              	LVL7:
 162              	L4:
 163              		.loc 1 154 0
 164 0058 E8000000 		call	_dbg_check_unlock	 #
 164      00
 165              	LVL8:
 166              	/APP
 167              	 # 154 "../firmware/chibios/os/kernel/src/chregistry.c" 1
 168 005d 90       		nop
 169              	 # 0 "" 2
 170              		.loc 1 156 0
 171              	/NO_APP
 172 005e 893424   		movl	%esi, (%esp)	 # tp,
 173 0061 E8000000 		call	_chThdRelease	 #
 173      00
 174              	LVL9:
 175              		.loc 1 159 0
 176 0066 83C414   		addl	$20, %esp	 #,
 177              		.cfi_remember_state
 178              		.cfi_def_cfa_offset 12
 179 0069 89D8     		movl	%ebx, %eax	 # ntp,
 180 006b 5B       		popl	%ebx	 #
 181              		.cfi_restore 3
 182              		.cfi_def_cfa_offset 8
 183              	LVL10:
 184 006c 5E       		popl	%esi	 #
 185              		.cfi_restore 6
 186              		.cfi_def_cfa_offset 4
 187 006d C3       		ret
 188              	LVL11:
 189 006e 6690     		.p2align 4,,7
 190              	L10:
 191              		.cfi_restore_state
 192              		.loc 1 149 0 discriminator 1
 193 0070 C7442408 		movl	$150, 8(%esp)	 #,
 193      96000000 
 194 0078 C7442404 		movl	$LC0, 4(%esp)	 #,
 194      00000000 
 195 0080 C704242F 		movl	$LC1, (%esp)	 #,
 195      000000
 196 0087 E8000000 		call	_chDbgPanic	 #
 196      00
 197              	LVL12:
 198 008c 0FB6431E 		movzbl	30(%ebx), %eax	 # ntp_7->p_refs, D.2055
 199 0090 EBC0     		jmp	L5	 #
 200              		.p2align 4,,7
 201              	L6:
 202              		.loc 1 146 0
 203 0092 31DB     		xorl	%ebx, %ebx	 # ntp
 204              	LVL13:
 205 0094 EBC2     		jmp	L4	 #
 206              		.cfi_endproc
GAS LISTING /cygdrive/c/DOCUME~1/andrey/LOCALS~1/Temp/cc60YpKF.s 			page 5


 207              	LFE8:
 208              		.globl	_ch_debug
 209              		.section .rdata,"dr"
 210 0045 00       		.align 2
 211              	_ch_debug:
 212              	 # ch_identifier:
 213 0046 6D61696E 		.ascii "main"
 214              	 # ch_zero:
 215 004a 00       		.byte	0
 216              	 # ch_size:
 217 004b 16       		.byte	22
 218              	 # ch_version:
 219 004c 8111     		.word	4481
 220              	 # ch_ptrsize:
 221 004e 04       		.byte	4
 222              	 # ch_timesize:
 223 004f 04       		.byte	4
 224              	 # ch_threadsize:
 225 0050 48       		.byte	72
 226              	 # cf_off_prio:
 227 0051 08       		.byte	8
 228              	 # cf_off_ctx:
 229 0052 0C       		.byte	12
 230              	 # cf_off_newer:
 231 0053 10       		.byte	16
 232              	 # cf_off_older:
 233 0054 14       		.byte	20
 234              	 # cf_off_name:
 235 0055 18       		.byte	24
 236              	 # cf_off_stklimit:
 237 0056 00       		.byte	0
 238              	 # cf_off_state:
 239 0057 1C       		.byte	28
 240              	 # cf_off_flags:
 241 0058 1D       		.byte	29
 242              	 # cf_off_refs:
 243 0059 1E       		.byte	30
 244              	 # cf_off_preempt:
 245 005a 1F       		.byte	31
 246              	 # cf_off_time:
 247 005b 20       		.byte	32
 248              		.text
 249              	Letext0:
 250              		.file 2 "/usr/lib/gcc/i686-pc-cygwin/4.8.2/include/stddef.h"
 251              		.file 3 "/usr/include/stdint.h"
 252              		.file 4 "../firmware/chibios/os/ports/GCC/SIMIA32/chtypes.h"
 253              		.file 5 "../firmware/chibios/os/kernel/include/chlists.h"
 254              		.file 6 "../firmware/chibios/os/kernel/include/chthreads.h"
 255              		.file 7 "../firmware/chibios/os/ports/GCC/SIMIA32/chcore.h"
 256              		.file 8 "../firmware/chibios/os/kernel/include/chschd.h"
 257              		.file 9 "../firmware/chibios/os/kernel/include/chmtx.h"
 258              		.file 10 "../firmware/chibios/os/kernel/include/chregistry.h"
 259              		.file 11 "../firmware/chibios/os/kernel/include/chdebug.h"
 260              		.file 12 "../firmware/chibios/os/kernel/include/chdynamic.h"
 261 0096 90909090 		.section	.debug_info,"dr"
 261      90909090 
 261      9090
GAS LISTING /cygdrive/c/DOCUME~1/andrey/LOCALS~1/Temp/cc60YpKF.s 			page 6


 262              	Ldebug_info0:
 263 0000 D1080000 		.long	0x8d1
 264 0004 0400     		.word	0x4
 265 0006 00000000 		.secrel32	Ldebug_abbrev0
 266 000a 04       		.byte	0x4
 267 000b 01       		.uleb128 0x1
 268 000c 474E5520 		.ascii "GNU C 4.8.2 -mtune=generic -march=i686 -ggdb -O2 -std=gnu99 -fomit-frame-pointer -fgnu89-i
 268      4320342E 
 268      382E3220 
 268      2D6D7475 
 268      6E653D67 
 269 006c 01       		.byte	0x1
 270 006d 2E2E2F66 		.ascii "../firmware/chibios/os/kernel/src/chregistry.c\0"
 270      69726D77 
 270      6172652F 
 270      63686962 
 270      696F732F 
 271 009c 2F637967 		.ascii "/cygdrive/c/Program Files/Jenkins/workspace/runEfi win32 functional/win32_functional_tests
 271      64726976 
 271      652F632F 
 271      50726F67 
 271      72616D20 
 272 00f7 00000000 		.long	Ltext0
 273 00fb 96000000 		.long	Letext0-Ltext0
 274 00ff 00000000 		.secrel32	Ldebug_line0
 275 0103 02       		.uleb128 0x2
 276 0104 04       		.byte	0x4
 277 0105 05       		.byte	0x5
 278 0106 696E7400 		.ascii "int\0"
 279 010a 03       		.uleb128 0x3
 280 010b 73697A65 		.ascii "size_t\0"
 280      5F7400
 281 0112 02       		.byte	0x2
 282 0113 D4       		.byte	0xd4
 283 0114 18010000 		.long	0x118
 284 0118 02       		.uleb128 0x2
 285 0119 04       		.byte	0x4
 286 011a 07       		.byte	0x7
 287 011b 756E7369 		.ascii "unsigned int\0"
 287      676E6564 
 287      20696E74 
 287      00
 288 0128 02       		.uleb128 0x2
 289 0129 02       		.byte	0x2
 290 012a 07       		.byte	0x7
 291 012b 73686F72 		.ascii "short unsigned int\0"
 291      7420756E 
 291      7369676E 
 291      65642069 
 291      6E7400
 292 013e 02       		.uleb128 0x2
 293 013f 01       		.byte	0x1
 294 0140 06       		.byte	0x6
 295 0141 7369676E 		.ascii "signed char\0"
 295      65642063 
 295      68617200 
 296 014d 02       		.uleb128 0x2
GAS LISTING /cygdrive/c/DOCUME~1/andrey/LOCALS~1/Temp/cc60YpKF.s 			page 7


 297 014e 02       		.byte	0x2
 298 014f 05       		.byte	0x5
 299 0150 73686F72 		.ascii "short int\0"
 299      7420696E 
 299      7400
 300 015a 03       		.uleb128 0x3
 301 015b 696E7433 		.ascii "int32_t\0"
 301      325F7400 
 302 0163 03       		.byte	0x3
 303 0164 16       		.byte	0x16
 304 0165 03010000 		.long	0x103
 305 0169 02       		.uleb128 0x2
 306 016a 08       		.byte	0x8
 307 016b 05       		.byte	0x5
 308 016c 6C6F6E67 		.ascii "long long int\0"
 308      206C6F6E 
 308      6720696E 
 308      7400
 309 017a 03       		.uleb128 0x3
 310 017b 75696E74 		.ascii "uint8_t\0"
 310      385F7400 
 311 0183 03       		.byte	0x3
 312 0184 1E       		.byte	0x1e
 313 0185 89010000 		.long	0x189
 314 0189 02       		.uleb128 0x2
 315 018a 01       		.byte	0x1
 316 018b 08       		.byte	0x8
 317 018c 756E7369 		.ascii "unsigned char\0"
 317      676E6564 
 317      20636861 
 317      7200
 318 019a 03       		.uleb128 0x3
 319 019b 75696E74 		.ascii "uint16_t\0"
 319      31365F74 
 319      00
 320 01a4 03       		.byte	0x3
 321 01a5 1F       		.byte	0x1f
 322 01a6 28010000 		.long	0x128
 323 01aa 03       		.uleb128 0x3
 324 01ab 75696E74 		.ascii "uint32_t\0"
 324      33325F74 
 324      00
 325 01b4 03       		.byte	0x3
 326 01b5 22       		.byte	0x22
 327 01b6 18010000 		.long	0x118
 328 01ba 02       		.uleb128 0x2
 329 01bb 08       		.byte	0x8
 330 01bc 07       		.byte	0x7
 331 01bd 6C6F6E67 		.ascii "long long unsigned int\0"
 331      206C6F6E 
 331      6720756E 
 331      7369676E 
 331      65642069 
 332 01d4 02       		.uleb128 0x2
 333 01d5 01       		.byte	0x1
 334 01d6 02       		.byte	0x2
 335 01d7 5F426F6F 		.ascii "_Bool\0"
GAS LISTING /cygdrive/c/DOCUME~1/andrey/LOCALS~1/Temp/cc60YpKF.s 			page 8


 335      6C00
 336 01dd 03       		.uleb128 0x3
 337 01de 746D6F64 		.ascii "tmode_t\0"
 337      655F7400 
 338 01e6 04       		.byte	0x4
 339 01e7 24       		.byte	0x24
 340 01e8 7A010000 		.long	0x17a
 341 01ec 03       		.uleb128 0x3
 342 01ed 74737461 		.ascii "tstate_t\0"
 342      74655F74 
 342      00
 343 01f6 04       		.byte	0x4
 344 01f7 25       		.byte	0x25
 345 01f8 7A010000 		.long	0x17a
 346 01fc 03       		.uleb128 0x3
 347 01fd 74726566 		.ascii "trefs_t\0"
 347      735F7400 
 348 0205 04       		.byte	0x4
 349 0206 26       		.byte	0x26
 350 0207 7A010000 		.long	0x17a
 351 020b 03       		.uleb128 0x3
 352 020c 74736C69 		.ascii "tslices_t\0"
 352      6365735F 
 352      7400
 353 0216 04       		.byte	0x4
 354 0217 27       		.byte	0x27
 355 0218 7A010000 		.long	0x17a
 356 021c 03       		.uleb128 0x3
 357 021d 74707269 		.ascii "tprio_t\0"
 357      6F5F7400 
 358 0225 04       		.byte	0x4
 359 0226 28       		.byte	0x28
 360 0227 AA010000 		.long	0x1aa
 361 022b 03       		.uleb128 0x3
 362 022c 6D73675F 		.ascii "msg_t\0"
 362      7400
 363 0232 04       		.byte	0x4
 364 0233 29       		.byte	0x29
 365 0234 5A010000 		.long	0x15a
 366 0238 03       		.uleb128 0x3
 367 0239 6576656E 		.ascii "eventmask_t\0"
 367      746D6173 
 367      6B5F7400 
 368 0245 04       		.byte	0x4
 369 0246 2B       		.byte	0x2b
 370 0247 AA010000 		.long	0x1aa
 371 024b 03       		.uleb128 0x3
 372 024c 73797374 		.ascii "systime_t\0"
 372      696D655F 
 372      7400
 373 0256 04       		.byte	0x4
 374 0257 2D       		.byte	0x2d
 375 0258 AA010000 		.long	0x1aa
 376 025c 03       		.uleb128 0x3
 377 025d 54687265 		.ascii "Thread\0"
 377      616400
 378 0264 05       		.byte	0x5
GAS LISTING /cygdrive/c/DOCUME~1/andrey/LOCALS~1/Temp/cc60YpKF.s 			page 9


 379 0265 2A       		.byte	0x2a
 380 0266 6A020000 		.long	0x26a
 381 026a 04       		.uleb128 0x4
 382 026b 54687265 		.ascii "Thread\0"
 382      616400
 383 0272 48       		.byte	0x48
 384 0273 06       		.byte	0x6
 385 0274 5E       		.byte	0x5e
 386 0275 B8030000 		.long	0x3b8
 387 0279 05       		.uleb128 0x5
 388 027a 00000000 		.secrel32	LASF0
 389 027e 06       		.byte	0x6
 390 027f 5F       		.byte	0x5f
 391 0280 DC030000 		.long	0x3dc
 392 0284 00       		.byte	0
 393 0285 06       		.uleb128 0x6
 394 0286 705F7072 		.ascii "p_prev\0"
 394      657600
 395 028d 06       		.byte	0x6
 396 028e 61       		.byte	0x61
 397 028f DC030000 		.long	0x3dc
 398 0293 04       		.byte	0x4
 399 0294 06       		.uleb128 0x6
 400 0295 705F7072 		.ascii "p_prio\0"
 400      696F00
 401 029c 06       		.byte	0x6
 402 029d 63       		.byte	0x63
 403 029e 1C020000 		.long	0x21c
 404 02a2 08       		.byte	0x8
 405 02a3 06       		.uleb128 0x6
 406 02a4 705F6374 		.ascii "p_ctx\0"
 406      7800
 407 02aa 06       		.byte	0x6
 408 02ab 64       		.byte	0x64
 409 02ac 86040000 		.long	0x486
 410 02b0 0C       		.byte	0xc
 411 02b1 06       		.uleb128 0x6
 412 02b2 705F6E65 		.ascii "p_newer\0"
 412      77657200 
 413 02ba 06       		.byte	0x6
 414 02bb 66       		.byte	0x66
 415 02bc DC030000 		.long	0x3dc
 416 02c0 10       		.byte	0x10
 417 02c1 06       		.uleb128 0x6
 418 02c2 705F6F6C 		.ascii "p_older\0"
 418      64657200 
 419 02ca 06       		.byte	0x6
 420 02cb 67       		.byte	0x67
 421 02cc DC030000 		.long	0x3dc
 422 02d0 14       		.byte	0x14
 423 02d1 06       		.uleb128 0x6
 424 02d2 705F6E61 		.ascii "p_name\0"
 424      6D6500
 425 02d9 06       		.byte	0x6
 426 02da 6E       		.byte	0x6e
 427 02db C0050000 		.long	0x5c0
 428 02df 18       		.byte	0x18
GAS LISTING /cygdrive/c/DOCUME~1/andrey/LOCALS~1/Temp/cc60YpKF.s 			page 10


 429 02e0 06       		.uleb128 0x6
 430 02e1 705F7374 		.ascii "p_state\0"
 430      61746500 
 431 02e9 06       		.byte	0x6
 432 02ea 79       		.byte	0x79
 433 02eb EC010000 		.long	0x1ec
 434 02ef 1C       		.byte	0x1c
 435 02f0 06       		.uleb128 0x6
 436 02f1 705F666C 		.ascii "p_flags\0"
 436      61677300 
 437 02f9 06       		.byte	0x6
 438 02fa 7D       		.byte	0x7d
 439 02fb DD010000 		.long	0x1dd
 440 02ff 1D       		.byte	0x1d
 441 0300 06       		.uleb128 0x6
 442 0301 705F7265 		.ascii "p_refs\0"
 442      667300
 443 0308 06       		.byte	0x6
 444 0309 82       		.byte	0x82
 445 030a FC010000 		.long	0x1fc
 446 030e 1E       		.byte	0x1e
 447 030f 06       		.uleb128 0x6
 448 0310 705F7072 		.ascii "p_preempt\0"
 448      65656D70 
 448      7400
 449 031a 06       		.byte	0x6
 450 031b 88       		.byte	0x88
 451 031c 0B020000 		.long	0x20b
 452 0320 1F       		.byte	0x1f
 453 0321 06       		.uleb128 0x6
 454 0322 705F7469 		.ascii "p_time\0"
 454      6D6500
 455 0329 06       		.byte	0x6
 456 032a 8F       		.byte	0x8f
 457 032b AE040000 		.long	0x4ae
 458 032f 20       		.byte	0x20
 459 0330 06       		.uleb128 0x6
 460 0331 705F7500 		.ascii "p_u\0"
 461 0335 06       		.byte	0x6
 462 0336 B4       		.byte	0xb4
 463 0337 7D050000 		.long	0x57d
 464 033b 24       		.byte	0x24
 465 033c 06       		.uleb128 0x6
 466 033d 705F7761 		.ascii "p_waiting\0"
 466      6974696E 
 466      6700
 467 0347 06       		.byte	0x6
 468 0348 B9       		.byte	0xb9
 469 0349 0B040000 		.long	0x40b
 470 034d 28       		.byte	0x28
 471 034e 06       		.uleb128 0x6
 472 034f 705F6D73 		.ascii "p_msgqueue\0"
 472      67717565 
 472      756500
 473 035a 06       		.byte	0x6
 474 035b BF       		.byte	0xbf
 475 035c E2030000 		.long	0x3e2
GAS LISTING /cygdrive/c/DOCUME~1/andrey/LOCALS~1/Temp/cc60YpKF.s 			page 11


 476 0360 2C       		.byte	0x2c
 477 0361 06       		.uleb128 0x6
 478 0362 705F6D73 		.ascii "p_msg\0"
 478      6700
 479 0368 06       		.byte	0x6
 480 0369 C3       		.byte	0xc3
 481 036a 2B020000 		.long	0x22b
 482 036e 34       		.byte	0x34
 483 036f 06       		.uleb128 0x6
 484 0370 705F6570 		.ascii "p_epending\0"
 484      656E6469 
 484      6E6700
 485 037b 06       		.byte	0x6
 486 037c C9       		.byte	0xc9
 487 037d 38020000 		.long	0x238
 488 0381 38       		.byte	0x38
 489 0382 06       		.uleb128 0x6
 490 0383 705F6D74 		.ascii "p_mtxlist\0"
 490      786C6973 
 490      7400
 491 038d 06       		.byte	0x6
 492 038e D0       		.byte	0xd0
 493 038f D3050000 		.long	0x5d3
 494 0393 3C       		.byte	0x3c
 495 0394 06       		.uleb128 0x6
 496 0395 705F7265 		.ascii "p_realprio\0"
 496      616C7072 
 496      696F00
 497 03a0 06       		.byte	0x6
 498 03a1 D4       		.byte	0xd4
 499 03a2 1C020000 		.long	0x21c
 500 03a6 40       		.byte	0x40
 501 03a7 06       		.uleb128 0x6
 502 03a8 705F6D70 		.ascii "p_mpool\0"
 502      6F6F6C00 
 503 03b0 06       		.byte	0x6
 504 03b1 DA       		.byte	0xda
 505 03b2 38040000 		.long	0x438
 506 03b6 44       		.byte	0x44
 507 03b7 00       		.byte	0
 508 03b8 07       		.uleb128 0x7
 509 03b9 08       		.byte	0x8
 510 03ba 05       		.byte	0x5
 511 03bb 61       		.byte	0x61
 512 03bc DC030000 		.long	0x3dc
 513 03c0 05       		.uleb128 0x5
 514 03c1 00000000 		.secrel32	LASF0
 515 03c5 05       		.byte	0x5
 516 03c6 62       		.byte	0x62
 517 03c7 DC030000 		.long	0x3dc
 518 03cb 00       		.byte	0
 519 03cc 06       		.uleb128 0x6
 520 03cd 705F7072 		.ascii "p_prev\0"
 520      657600
 521 03d4 05       		.byte	0x5
 522 03d5 64       		.byte	0x64
 523 03d6 DC030000 		.long	0x3dc
GAS LISTING /cygdrive/c/DOCUME~1/andrey/LOCALS~1/Temp/cc60YpKF.s 			page 12


 524 03da 04       		.byte	0x4
 525 03db 00       		.byte	0
 526 03dc 08       		.uleb128 0x8
 527 03dd 04       		.byte	0x4
 528 03de 5C020000 		.long	0x25c
 529 03e2 03       		.uleb128 0x3
 530 03e3 54687265 		.ascii "ThreadsQueue\0"
 530      61647351 
 530      75657565 
 530      00
 531 03f0 05       		.byte	0x5
 532 03f1 66       		.byte	0x66
 533 03f2 B8030000 		.long	0x3b8
 534 03f6 07       		.uleb128 0x7
 535 03f7 04       		.byte	0x4
 536 03f8 05       		.byte	0x5
 537 03f9 6B       		.byte	0x6b
 538 03fa 0B040000 		.long	0x40b
 539 03fe 05       		.uleb128 0x5
 540 03ff 00000000 		.secrel32	LASF0
 541 0403 05       		.byte	0x5
 542 0404 6D       		.byte	0x6d
 543 0405 DC030000 		.long	0x3dc
 544 0409 00       		.byte	0
 545 040a 00       		.byte	0
 546 040b 03       		.uleb128 0x3
 547 040c 54687265 		.ascii "ThreadsList\0"
 547      6164734C 
 547      69737400 
 548 0418 05       		.byte	0x5
 549 0419 70       		.byte	0x70
 550 041a F6030000 		.long	0x3f6
 551 041e 02       		.uleb128 0x2
 552 041f 04       		.byte	0x4
 553 0420 07       		.byte	0x7
 554 0421 73697A65 		.ascii "sizetype\0"
 554      74797065 
 554      00
 555 042a 03       		.uleb128 0x3
 556 042b 72656778 		.ascii "regx86\0"
 556      383600
 557 0432 07       		.byte	0x7
 558 0433 4B       		.byte	0x4b
 559 0434 38040000 		.long	0x438
 560 0438 09       		.uleb128 0x9
 561 0439 04       		.byte	0x4
 562 043a 04       		.uleb128 0x4
 563 043b 696E7463 		.ascii "intctx\0"
 563      747800
 564 0442 14       		.byte	0x14
 565 0443 07       		.byte	0x7
 566 0444 59       		.byte	0x59
 567 0445 86040000 		.long	0x486
 568 0449 06       		.uleb128 0x6
 569 044a 65627800 		.ascii "ebx\0"
 570 044e 07       		.byte	0x7
 571 044f 5A       		.byte	0x5a
GAS LISTING /cygdrive/c/DOCUME~1/andrey/LOCALS~1/Temp/cc60YpKF.s 			page 13


 572 0450 2A040000 		.long	0x42a
 573 0454 00       		.byte	0
 574 0455 06       		.uleb128 0x6
 575 0456 65646900 		.ascii "edi\0"
 576 045a 07       		.byte	0x7
 577 045b 5B       		.byte	0x5b
 578 045c 2A040000 		.long	0x42a
 579 0460 04       		.byte	0x4
 580 0461 06       		.uleb128 0x6
 581 0462 65736900 		.ascii "esi\0"
 582 0466 07       		.byte	0x7
 583 0467 5C       		.byte	0x5c
 584 0468 2A040000 		.long	0x42a
 585 046c 08       		.byte	0x8
 586 046d 06       		.uleb128 0x6
 587 046e 65627000 		.ascii "ebp\0"
 588 0472 07       		.byte	0x7
 589 0473 5D       		.byte	0x5d
 590 0474 2A040000 		.long	0x42a
 591 0478 0C       		.byte	0xc
 592 0479 06       		.uleb128 0x6
 593 047a 65697000 		.ascii "eip\0"
 594 047e 07       		.byte	0x7
 595 047f 5E       		.byte	0x5e
 596 0480 2A040000 		.long	0x42a
 597 0484 10       		.byte	0x10
 598 0485 00       		.byte	0
 599 0486 04       		.uleb128 0x4
 600 0487 636F6E74 		.ascii "context\0"
 600      65787400 
 601 048f 04       		.byte	0x4
 602 0490 07       		.byte	0x7
 603 0491 66       		.byte	0x66
 604 0492 A3040000 		.long	0x4a3
 605 0496 06       		.uleb128 0x6
 606 0497 65737000 		.ascii "esp\0"
 607 049b 07       		.byte	0x7
 608 049c 67       		.byte	0x67
 609 049d A3040000 		.long	0x4a3
 610 04a1 00       		.byte	0
 611 04a2 00       		.byte	0
 612 04a3 08       		.uleb128 0x8
 613 04a4 04       		.byte	0x4
 614 04a5 A9040000 		.long	0x4a9
 615 04a9 0A       		.uleb128 0xa
 616 04aa 3A040000 		.long	0x43a
 617 04ae 0A       		.uleb128 0xa
 618 04af 4B020000 		.long	0x24b
 619 04b3 07       		.uleb128 0x7
 620 04b4 1C       		.byte	0x1c
 621 04b5 08       		.byte	0x8
 622 04b6 5E       		.byte	0x5e
 623 04b7 1B050000 		.long	0x51b
 624 04bb 06       		.uleb128 0x6
 625 04bc 725F7175 		.ascii "r_queue\0"
 625      65756500 
 626 04c4 08       		.byte	0x8
GAS LISTING /cygdrive/c/DOCUME~1/andrey/LOCALS~1/Temp/cc60YpKF.s 			page 14


 627 04c5 5F       		.byte	0x5f
 628 04c6 E2030000 		.long	0x3e2
 629 04ca 00       		.byte	0
 630 04cb 06       		.uleb128 0x6
 631 04cc 725F7072 		.ascii "r_prio\0"
 631      696F00
 632 04d3 08       		.byte	0x8
 633 04d4 60       		.byte	0x60
 634 04d5 1C020000 		.long	0x21c
 635 04d9 08       		.byte	0x8
 636 04da 06       		.uleb128 0x6
 637 04db 725F6374 		.ascii "r_ctx\0"
 637      7800
 638 04e1 08       		.byte	0x8
 639 04e2 62       		.byte	0x62
 640 04e3 86040000 		.long	0x486
 641 04e7 0C       		.byte	0xc
 642 04e8 06       		.uleb128 0x6
 643 04e9 725F6E65 		.ascii "r_newer\0"
 643      77657200 
 644 04f1 08       		.byte	0x8
 645 04f2 65       		.byte	0x65
 646 04f3 DC030000 		.long	0x3dc
 647 04f7 10       		.byte	0x10
 648 04f8 06       		.uleb128 0x6
 649 04f9 725F6F6C 		.ascii "r_older\0"
 649      64657200 
 650 0501 08       		.byte	0x8
 651 0502 66       		.byte	0x66
 652 0503 DC030000 		.long	0x3dc
 653 0507 14       		.byte	0x14
 654 0508 06       		.uleb128 0x6
 655 0509 725F6375 		.ascii "r_current\0"
 655      7272656E 
 655      7400
 656 0513 08       		.byte	0x8
 657 0514 69       		.byte	0x69
 658 0515 DC030000 		.long	0x3dc
 659 0519 18       		.byte	0x18
 660 051a 00       		.byte	0
 661 051b 03       		.uleb128 0x3
 662 051c 52656164 		.ascii "ReadyList\0"
 662      794C6973 
 662      7400
 663 0526 08       		.byte	0x8
 664 0527 6B       		.byte	0x6b
 665 0528 B3040000 		.long	0x4b3
 666 052c 04       		.uleb128 0x4
 667 052d 4D757465 		.ascii "Mutex\0"
 667      7800
 668 0533 10       		.byte	0x10
 669 0534 09       		.byte	0x9
 670 0535 2C       		.byte	0x2c
 671 0536 6A050000 		.long	0x56a
 672 053a 06       		.uleb128 0x6
 673 053b 6D5F7175 		.ascii "m_queue\0"
 673      65756500 
GAS LISTING /cygdrive/c/DOCUME~1/andrey/LOCALS~1/Temp/cc60YpKF.s 			page 15


 674 0543 09       		.byte	0x9
 675 0544 2D       		.byte	0x2d
 676 0545 E2030000 		.long	0x3e2
 677 0549 00       		.byte	0
 678 054a 06       		.uleb128 0x6
 679 054b 6D5F6F77 		.ascii "m_owner\0"
 679      6E657200 
 680 0553 09       		.byte	0x9
 681 0554 2F       		.byte	0x2f
 682 0555 DC030000 		.long	0x3dc
 683 0559 08       		.byte	0x8
 684 055a 06       		.uleb128 0x6
 685 055b 6D5F6E65 		.ascii "m_next\0"
 685      787400
 686 0562 09       		.byte	0x9
 687 0563 31       		.byte	0x31
 688 0564 6A050000 		.long	0x56a
 689 0568 0C       		.byte	0xc
 690 0569 00       		.byte	0
 691 056a 08       		.uleb128 0x8
 692 056b 04       		.byte	0x4
 693 056c 2C050000 		.long	0x52c
 694 0570 03       		.uleb128 0x3
 695 0571 4D757465 		.ascii "Mutex\0"
 695      7800
 696 0577 09       		.byte	0x9
 697 0578 33       		.byte	0x33
 698 0579 2C050000 		.long	0x52c
 699 057d 0B       		.uleb128 0xb
 700 057e 04       		.byte	0x4
 701 057f 06       		.byte	0x6
 702 0580 96       		.byte	0x96
 703 0581 C0050000 		.long	0x5c0
 704 0585 0C       		.uleb128 0xc
 705 0586 7264796D 		.ascii "rdymsg\0"
 705      736700
 706 058d 06       		.byte	0x6
 707 058e 9D       		.byte	0x9d
 708 058f 2B020000 		.long	0x22b
 709 0593 0C       		.uleb128 0xc
 710 0594 65786974 		.ascii "exitcode\0"
 710      636F6465 
 710      00
 711 059d 06       		.byte	0x6
 712 059e A4       		.byte	0xa4
 713 059f 2B020000 		.long	0x22b
 714 05a3 0C       		.uleb128 0xc
 715 05a4 77746F62 		.ascii "wtobjp\0"
 715      6A7000
 716 05ab 06       		.byte	0x6
 717 05ac AB       		.byte	0xab
 718 05ad 38040000 		.long	0x438
 719 05b1 0C       		.uleb128 0xc
 720 05b2 65776D61 		.ascii "ewmask\0"
 720      736B00
 721 05b9 06       		.byte	0x6
 722 05ba B2       		.byte	0xb2
GAS LISTING /cygdrive/c/DOCUME~1/andrey/LOCALS~1/Temp/cc60YpKF.s 			page 16


 723 05bb 38020000 		.long	0x238
 724 05bf 00       		.byte	0
 725 05c0 08       		.uleb128 0x8
 726 05c1 04       		.byte	0x4
 727 05c2 C6050000 		.long	0x5c6
 728 05c6 0D       		.uleb128 0xd
 729 05c7 CB050000 		.long	0x5cb
 730 05cb 02       		.uleb128 0x2
 731 05cc 01       		.byte	0x1
 732 05cd 06       		.byte	0x6
 733 05ce 63686172 		.ascii "char\0"
 733      00
 734 05d3 08       		.uleb128 0x8
 735 05d4 04       		.byte	0x4
 736 05d5 70050000 		.long	0x570
 737 05d9 07       		.uleb128 0x7
 738 05da 16       		.byte	0x16
 739 05db 0A       		.byte	0xa
 740 05dc 2C       		.byte	0x2c
 741 05dd 4E070000 		.long	0x74e
 742 05e1 06       		.uleb128 0x6
 743 05e2 63685F69 		.ascii "ch_identifier\0"
 743      64656E74 
 743      69666965 
 743      7200
 744 05f0 0A       		.byte	0xa
 745 05f1 2D       		.byte	0x2d
 746 05f2 4E070000 		.long	0x74e
 747 05f6 00       		.byte	0
 748 05f7 06       		.uleb128 0x6
 749 05f8 63685F7A 		.ascii "ch_zero\0"
 749      65726F00 
 750 0600 0A       		.byte	0xa
 751 0601 2E       		.byte	0x2e
 752 0602 7A010000 		.long	0x17a
 753 0606 04       		.byte	0x4
 754 0607 06       		.uleb128 0x6
 755 0608 63685F73 		.ascii "ch_size\0"
 755      697A6500 
 756 0610 0A       		.byte	0xa
 757 0611 2F       		.byte	0x2f
 758 0612 7A010000 		.long	0x17a
 759 0616 05       		.byte	0x5
 760 0617 06       		.uleb128 0x6
 761 0618 63685F76 		.ascii "ch_version\0"
 761      65727369 
 761      6F6E00
 762 0623 0A       		.byte	0xa
 763 0624 30       		.byte	0x30
 764 0625 9A010000 		.long	0x19a
 765 0629 06       		.byte	0x6
 766 062a 06       		.uleb128 0x6
 767 062b 63685F70 		.ascii "ch_ptrsize\0"
 767      74727369 
 767      7A6500
 768 0636 0A       		.byte	0xa
 769 0637 31       		.byte	0x31
GAS LISTING /cygdrive/c/DOCUME~1/andrey/LOCALS~1/Temp/cc60YpKF.s 			page 17


 770 0638 7A010000 		.long	0x17a
 771 063c 08       		.byte	0x8
 772 063d 06       		.uleb128 0x6
 773 063e 63685F74 		.ascii "ch_timesize\0"
 773      696D6573 
 773      697A6500 
 774 064a 0A       		.byte	0xa
 775 064b 32       		.byte	0x32
 776 064c 7A010000 		.long	0x17a
 777 0650 09       		.byte	0x9
 778 0651 06       		.uleb128 0x6
 779 0652 63685F74 		.ascii "ch_threadsize\0"
 779      68726561 
 779      6473697A 
 779      6500
 780 0660 0A       		.byte	0xa
 781 0661 33       		.byte	0x33
 782 0662 7A010000 		.long	0x17a
 783 0666 0A       		.byte	0xa
 784 0667 06       		.uleb128 0x6
 785 0668 63665F6F 		.ascii "cf_off_prio\0"
 785      66665F70 
 785      72696F00 
 786 0674 0A       		.byte	0xa
 787 0675 34       		.byte	0x34
 788 0676 7A010000 		.long	0x17a
 789 067a 0B       		.byte	0xb
 790 067b 06       		.uleb128 0x6
 791 067c 63665F6F 		.ascii "cf_off_ctx\0"
 791      66665F63 
 791      747800
 792 0687 0A       		.byte	0xa
 793 0688 35       		.byte	0x35
 794 0689 7A010000 		.long	0x17a
 795 068d 0C       		.byte	0xc
 796 068e 06       		.uleb128 0x6
 797 068f 63665F6F 		.ascii "cf_off_newer\0"
 797      66665F6E 
 797      65776572 
 797      00
 798 069c 0A       		.byte	0xa
 799 069d 36       		.byte	0x36
 800 069e 7A010000 		.long	0x17a
 801 06a2 0D       		.byte	0xd
 802 06a3 06       		.uleb128 0x6
 803 06a4 63665F6F 		.ascii "cf_off_older\0"
 803      66665F6F 
 803      6C646572 
 803      00
 804 06b1 0A       		.byte	0xa
 805 06b2 37       		.byte	0x37
 806 06b3 7A010000 		.long	0x17a
 807 06b7 0E       		.byte	0xe
 808 06b8 06       		.uleb128 0x6
 809 06b9 63665F6F 		.ascii "cf_off_name\0"
 809      66665F6E 
 809      616D6500 
GAS LISTING /cygdrive/c/DOCUME~1/andrey/LOCALS~1/Temp/cc60YpKF.s 			page 18


 810 06c5 0A       		.byte	0xa
 811 06c6 38       		.byte	0x38
 812 06c7 7A010000 		.long	0x17a
 813 06cb 0F       		.byte	0xf
 814 06cc 06       		.uleb128 0x6
 815 06cd 63665F6F 		.ascii "cf_off_stklimit\0"
 815      66665F73 
 815      746B6C69 
 815      6D697400 
 816 06dd 0A       		.byte	0xa
 817 06de 39       		.byte	0x39
 818 06df 7A010000 		.long	0x17a
 819 06e3 10       		.byte	0x10
 820 06e4 06       		.uleb128 0x6
 821 06e5 63665F6F 		.ascii "cf_off_state\0"
 821      66665F73 
 821      74617465 
 821      00
 822 06f2 0A       		.byte	0xa
 823 06f3 3B       		.byte	0x3b
 824 06f4 7A010000 		.long	0x17a
 825 06f8 11       		.byte	0x11
 826 06f9 06       		.uleb128 0x6
 827 06fa 63665F6F 		.ascii "cf_off_flags\0"
 827      66665F66 
 827      6C616773 
 827      00
 828 0707 0A       		.byte	0xa
 829 0708 3C       		.byte	0x3c
 830 0709 7A010000 		.long	0x17a
 831 070d 12       		.byte	0x12
 832 070e 06       		.uleb128 0x6
 833 070f 63665F6F 		.ascii "cf_off_refs\0"
 833      66665F72 
 833      65667300 
 834 071b 0A       		.byte	0xa
 835 071c 3D       		.byte	0x3d
 836 071d 7A010000 		.long	0x17a
 837 0721 13       		.byte	0x13
 838 0722 06       		.uleb128 0x6
 839 0723 63665F6F 		.ascii "cf_off_preempt\0"
 839      66665F70 
 839      7265656D 
 839      707400
 840 0732 0A       		.byte	0xa
 841 0733 3E       		.byte	0x3e
 842 0734 7A010000 		.long	0x17a
 843 0738 14       		.byte	0x14
 844 0739 06       		.uleb128 0x6
 845 073a 63665F6F 		.ascii "cf_off_time\0"
 845      66665F74 
 845      696D6500 
 846 0746 0A       		.byte	0xa
 847 0747 40       		.byte	0x40
 848 0748 7A010000 		.long	0x17a
 849 074c 15       		.byte	0x15
 850 074d 00       		.byte	0
GAS LISTING /cygdrive/c/DOCUME~1/andrey/LOCALS~1/Temp/cc60YpKF.s 			page 19


 851 074e 0E       		.uleb128 0xe
 852 074f CB050000 		.long	0x5cb
 853 0753 5E070000 		.long	0x75e
 854 0757 0F       		.uleb128 0xf
 855 0758 1E040000 		.long	0x41e
 856 075c 03       		.byte	0x3
 857 075d 00       		.byte	0
 858 075e 03       		.uleb128 0x3
 859 075f 63686465 		.ascii "chdebug_t\0"
 859      6275675F 
 859      7400
 860 0769 0A       		.byte	0xa
 861 076a 41       		.byte	0x41
 862 076b D9050000 		.long	0x5d9
 863 076f 10       		.uleb128 0x10
 864 0770 63685265 		.ascii "chRegFirstThread\0"
 864      67466972 
 864      73745468 
 864      72656164 
 864      00
 865 0781 01       		.byte	0x1
 866 0782 75       		.byte	0x75
 867 0783 DC030000 		.long	0x3dc
 868 0787 00000000 		.long	LFB7
 869 078b 21000000 		.long	LFE7-LFB7
 870 078f 01       		.uleb128 0x1
 871 0790 9C       		.byte	0x9c
 872 0791 B6070000 		.long	0x7b6
 873 0795 11       		.uleb128 0x11
 874 0796 747000   		.ascii "tp\0"
 875 0799 01       		.byte	0x1
 876 079a 76       		.byte	0x76
 877 079b DC030000 		.long	0x3dc
 878 079f 00000000 		.secrel32	LLST0
 879 07a3 12       		.uleb128 0x12
 880 07a4 0A000000 		.long	LVL0
 881 07a8 6C080000 		.long	0x86c
 882 07ac 12       		.uleb128 0x12
 883 07ad 19000000 		.long	LVL2
 884 07b1 7E080000 		.long	0x87e
 885 07b5 00       		.byte	0
 886 07b6 10       		.uleb128 0x10
 887 07b7 63685265 		.ascii "chRegNextThread\0"
 887      674E6578 
 887      74546872 
 887      65616400 
 888 07c7 01       		.byte	0x1
 889 07c8 8C       		.byte	0x8c
 890 07c9 DC030000 		.long	0x3dc
 891 07cd 30000000 		.long	LFB8
 892 07d1 66000000 		.long	LFE8-LFB8
 893 07d5 01       		.uleb128 0x1
 894 07d6 9C       		.byte	0x9c
 895 07d7 44080000 		.long	0x844
 896 07db 13       		.uleb128 0x13
 897 07dc 747000   		.ascii "tp\0"
 898 07df 01       		.byte	0x1
GAS LISTING /cygdrive/c/DOCUME~1/andrey/LOCALS~1/Temp/cc60YpKF.s 			page 20


 899 07e0 8C       		.byte	0x8c
 900 07e1 DC030000 		.long	0x3dc
 901 07e5 02       		.uleb128 0x2
 902 07e6 91       		.byte	0x91
 903 07e7 00       		.sleb128 0
 904 07e8 11       		.uleb128 0x11
 905 07e9 6E747000 		.ascii "ntp\0"
 906 07ed 01       		.byte	0x1
 907 07ee 8D       		.byte	0x8d
 908 07ef DC030000 		.long	0x3dc
 909 07f3 1E000000 		.secrel32	LLST1
 910 07f7 12       		.uleb128 0x12
 911 07f8 3F000000 		.long	LVL5
 912 07fc 6C080000 		.long	0x86c
 913 0800 12       		.uleb128 0x12
 914 0801 5D000000 		.long	LVL8
 915 0805 7E080000 		.long	0x87e
 916 0809 14       		.uleb128 0x14
 917 080a 66000000 		.long	LVL9
 918 080e 92080000 		.long	0x892
 919 0812 1E080000 		.long	0x81e
 920 0816 15       		.uleb128 0x15
 921 0817 02       		.uleb128 0x2
 922 0818 74       		.byte	0x74
 923 0819 00       		.sleb128 0
 924 081a 02       		.uleb128 0x2
 925 081b 76       		.byte	0x76
 926 081c 00       		.sleb128 0
 927 081d 00       		.byte	0
 928 081e 16       		.uleb128 0x16
 929 081f 8C000000 		.long	LVL12
 930 0823 AC080000 		.long	0x8ac
 931 0827 15       		.uleb128 0x15
 932 0828 02       		.uleb128 0x2
 933 0829 74       		.byte	0x74
 934 082a 00       		.sleb128 0
 935 082b 05       		.uleb128 0x5
 936 082c 03       		.byte	0x3
 937 082d 2F000000 		.long	LC1
 938 0831 15       		.uleb128 0x15
 939 0832 02       		.uleb128 0x2
 940 0833 74       		.byte	0x74
 941 0834 04       		.sleb128 4
 942 0835 05       		.uleb128 0x5
 943 0836 03       		.byte	0x3
 944 0837 00000000 		.long	LC0
 945 083b 15       		.uleb128 0x15
 946 083c 02       		.uleb128 0x2
 947 083d 74       		.byte	0x74
 948 083e 08       		.sleb128 8
 949 083f 02       		.uleb128 0x2
 950 0840 08       		.byte	0x8
 951 0841 96       		.byte	0x96
 952 0842 00       		.byte	0
 953 0843 00       		.byte	0
 954 0844 17       		.uleb128 0x17
 955 0845 726C6973 		.ascii "rlist\0"
GAS LISTING /cygdrive/c/DOCUME~1/andrey/LOCALS~1/Temp/cc60YpKF.s 			page 21


 955      7400
 956 084b 08       		.byte	0x8
 957 084c 6F       		.byte	0x6f
 958 084d 1B050000 		.long	0x51b
 959 0851 18       		.uleb128 0x18
 960 0852 63685F64 		.ascii "ch_debug\0"
 960      65627567 
 960      00
 961 085b 01       		.byte	0x1
 962 085c 42       		.byte	0x42
 963 085d 67080000 		.long	0x867
 964 0861 05       		.uleb128 0x5
 965 0862 03       		.byte	0x3
 966 0863 46000000 		.long	_ch_debug
 967 0867 0D       		.uleb128 0xd
 968 0868 5E070000 		.long	0x75e
 969 086c 19       		.uleb128 0x19
 970 086d 6462675F 		.ascii "dbg_check_lock\0"
 970      63686563 
 970      6B5F6C6F 
 970      636B00
 971 087c 0B       		.byte	0xb
 972 087d E7       		.byte	0xe7
 973 087e 19       		.uleb128 0x19
 974 087f 6462675F 		.ascii "dbg_check_unlock\0"
 974      63686563 
 974      6B5F756E 
 974      6C6F636B 
 974      00
 975 0890 0B       		.byte	0xb
 976 0891 E8       		.byte	0xe8
 977 0892 1A       		.uleb128 0x1a
 978 0893 63685468 		.ascii "chThdRelease\0"
 978      6452656C 
 978      65617365 
 978      00
 979 08a0 0C       		.byte	0xc
 980 08a1 3A       		.byte	0x3a
 981 08a2 AC080000 		.long	0x8ac
 982 08a6 1B       		.uleb128 0x1b
 983 08a7 DC030000 		.long	0x3dc
 984 08ab 00       		.byte	0
 985 08ac 1A       		.uleb128 0x1a
 986 08ad 63684462 		.ascii "chDbgPanic\0"
 986      6750616E 
 986      696300
 987 08b8 0B       		.byte	0xb
 988 08b9 F6       		.byte	0xf6
 989 08ba CE080000 		.long	0x8ce
 990 08be 1B       		.uleb128 0x1b
 991 08bf C0050000 		.long	0x5c0
 992 08c3 1B       		.uleb128 0x1b
 993 08c4 CE080000 		.long	0x8ce
 994 08c8 1B       		.uleb128 0x1b
 995 08c9 03010000 		.long	0x103
 996 08cd 00       		.byte	0
 997 08ce 08       		.uleb128 0x8
GAS LISTING /cygdrive/c/DOCUME~1/andrey/LOCALS~1/Temp/cc60YpKF.s 			page 22


 998 08cf 04       		.byte	0x4
 999 08d0 CB050000 		.long	0x5cb
 1000 08d4 00       		.byte	0
 1001              		.section	.debug_abbrev,"dr"
 1002              	Ldebug_abbrev0:
 1003 0000 01       		.uleb128 0x1
 1004 0001 11       		.uleb128 0x11
 1005 0002 01       		.byte	0x1
 1006 0003 25       		.uleb128 0x25
 1007 0004 08       		.uleb128 0x8
 1008 0005 13       		.uleb128 0x13
 1009 0006 0B       		.uleb128 0xb
 1010 0007 03       		.uleb128 0x3
 1011 0008 08       		.uleb128 0x8
 1012 0009 1B       		.uleb128 0x1b
 1013 000a 08       		.uleb128 0x8
 1014 000b 11       		.uleb128 0x11
 1015 000c 01       		.uleb128 0x1
 1016 000d 12       		.uleb128 0x12
 1017 000e 06       		.uleb128 0x6
 1018 000f 10       		.uleb128 0x10
 1019 0010 17       		.uleb128 0x17
 1020 0011 00       		.byte	0
 1021 0012 00       		.byte	0
 1022 0013 02       		.uleb128 0x2
 1023 0014 24       		.uleb128 0x24
 1024 0015 00       		.byte	0
 1025 0016 0B       		.uleb128 0xb
 1026 0017 0B       		.uleb128 0xb
 1027 0018 3E       		.uleb128 0x3e
 1028 0019 0B       		.uleb128 0xb
 1029 001a 03       		.uleb128 0x3
 1030 001b 08       		.uleb128 0x8
 1031 001c 00       		.byte	0
 1032 001d 00       		.byte	0
 1033 001e 03       		.uleb128 0x3
 1034 001f 16       		.uleb128 0x16
 1035 0020 00       		.byte	0
 1036 0021 03       		.uleb128 0x3
 1037 0022 08       		.uleb128 0x8
 1038 0023 3A       		.uleb128 0x3a
 1039 0024 0B       		.uleb128 0xb
 1040 0025 3B       		.uleb128 0x3b
 1041 0026 0B       		.uleb128 0xb
 1042 0027 49       		.uleb128 0x49
 1043 0028 13       		.uleb128 0x13
 1044 0029 00       		.byte	0
 1045 002a 00       		.byte	0
 1046 002b 04       		.uleb128 0x4
 1047 002c 13       		.uleb128 0x13
 1048 002d 01       		.byte	0x1
 1049 002e 03       		.uleb128 0x3
 1050 002f 08       		.uleb128 0x8
 1051 0030 0B       		.uleb128 0xb
 1052 0031 0B       		.uleb128 0xb
 1053 0032 3A       		.uleb128 0x3a
 1054 0033 0B       		.uleb128 0xb
GAS LISTING /cygdrive/c/DOCUME~1/andrey/LOCALS~1/Temp/cc60YpKF.s 			page 23


 1055 0034 3B       		.uleb128 0x3b
 1056 0035 0B       		.uleb128 0xb
 1057 0036 01       		.uleb128 0x1
 1058 0037 13       		.uleb128 0x13
 1059 0038 00       		.byte	0
 1060 0039 00       		.byte	0
 1061 003a 05       		.uleb128 0x5
 1062 003b 0D       		.uleb128 0xd
 1063 003c 00       		.byte	0
 1064 003d 03       		.uleb128 0x3
 1065 003e 0E       		.uleb128 0xe
 1066 003f 3A       		.uleb128 0x3a
 1067 0040 0B       		.uleb128 0xb
 1068 0041 3B       		.uleb128 0x3b
 1069 0042 0B       		.uleb128 0xb
 1070 0043 49       		.uleb128 0x49
 1071 0044 13       		.uleb128 0x13
 1072 0045 38       		.uleb128 0x38
 1073 0046 0B       		.uleb128 0xb
 1074 0047 00       		.byte	0
 1075 0048 00       		.byte	0
 1076 0049 06       		.uleb128 0x6
 1077 004a 0D       		.uleb128 0xd
 1078 004b 00       		.byte	0
 1079 004c 03       		.uleb128 0x3
 1080 004d 08       		.uleb128 0x8
 1081 004e 3A       		.uleb128 0x3a
 1082 004f 0B       		.uleb128 0xb
 1083 0050 3B       		.uleb128 0x3b
 1084 0051 0B       		.uleb128 0xb
 1085 0052 49       		.uleb128 0x49
 1086 0053 13       		.uleb128 0x13
 1087 0054 38       		.uleb128 0x38
 1088 0055 0B       		.uleb128 0xb
 1089 0056 00       		.byte	0
 1090 0057 00       		.byte	0
 1091 0058 07       		.uleb128 0x7
 1092 0059 13       		.uleb128 0x13
 1093 005a 01       		.byte	0x1
 1094 005b 0B       		.uleb128 0xb
 1095 005c 0B       		.uleb128 0xb
 1096 005d 3A       		.uleb128 0x3a
 1097 005e 0B       		.uleb128 0xb
 1098 005f 3B       		.uleb128 0x3b
 1099 0060 0B       		.uleb128 0xb
 1100 0061 01       		.uleb128 0x1
 1101 0062 13       		.uleb128 0x13
 1102 0063 00       		.byte	0
 1103 0064 00       		.byte	0
 1104 0065 08       		.uleb128 0x8
 1105 0066 0F       		.uleb128 0xf
 1106 0067 00       		.byte	0
 1107 0068 0B       		.uleb128 0xb
 1108 0069 0B       		.uleb128 0xb
 1109 006a 49       		.uleb128 0x49
 1110 006b 13       		.uleb128 0x13
 1111 006c 00       		.byte	0
GAS LISTING /cygdrive/c/DOCUME~1/andrey/LOCALS~1/Temp/cc60YpKF.s 			page 24


 1112 006d 00       		.byte	0
 1113 006e 09       		.uleb128 0x9
 1114 006f 0F       		.uleb128 0xf
 1115 0070 00       		.byte	0
 1116 0071 0B       		.uleb128 0xb
 1117 0072 0B       		.uleb128 0xb
 1118 0073 00       		.byte	0
 1119 0074 00       		.byte	0
 1120 0075 0A       		.uleb128 0xa
 1121 0076 35       		.uleb128 0x35
 1122 0077 00       		.byte	0
 1123 0078 49       		.uleb128 0x49
 1124 0079 13       		.uleb128 0x13
 1125 007a 00       		.byte	0
 1126 007b 00       		.byte	0
 1127 007c 0B       		.uleb128 0xb
 1128 007d 17       		.uleb128 0x17
 1129 007e 01       		.byte	0x1
 1130 007f 0B       		.uleb128 0xb
 1131 0080 0B       		.uleb128 0xb
 1132 0081 3A       		.uleb128 0x3a
 1133 0082 0B       		.uleb128 0xb
 1134 0083 3B       		.uleb128 0x3b
 1135 0084 0B       		.uleb128 0xb
 1136 0085 01       		.uleb128 0x1
 1137 0086 13       		.uleb128 0x13
 1138 0087 00       		.byte	0
 1139 0088 00       		.byte	0
 1140 0089 0C       		.uleb128 0xc
 1141 008a 0D       		.uleb128 0xd
 1142 008b 00       		.byte	0
 1143 008c 03       		.uleb128 0x3
 1144 008d 08       		.uleb128 0x8
 1145 008e 3A       		.uleb128 0x3a
 1146 008f 0B       		.uleb128 0xb
 1147 0090 3B       		.uleb128 0x3b
 1148 0091 0B       		.uleb128 0xb
 1149 0092 49       		.uleb128 0x49
 1150 0093 13       		.uleb128 0x13
 1151 0094 00       		.byte	0
 1152 0095 00       		.byte	0
 1153 0096 0D       		.uleb128 0xd
 1154 0097 26       		.uleb128 0x26
 1155 0098 00       		.byte	0
 1156 0099 49       		.uleb128 0x49
 1157 009a 13       		.uleb128 0x13
 1158 009b 00       		.byte	0
 1159 009c 00       		.byte	0
 1160 009d 0E       		.uleb128 0xe
 1161 009e 01       		.uleb128 0x1
 1162 009f 01       		.byte	0x1
 1163 00a0 49       		.uleb128 0x49
 1164 00a1 13       		.uleb128 0x13
 1165 00a2 01       		.uleb128 0x1
 1166 00a3 13       		.uleb128 0x13
 1167 00a4 00       		.byte	0
 1168 00a5 00       		.byte	0
GAS LISTING /cygdrive/c/DOCUME~1/andrey/LOCALS~1/Temp/cc60YpKF.s 			page 25


 1169 00a6 0F       		.uleb128 0xf
 1170 00a7 21       		.uleb128 0x21
 1171 00a8 00       		.byte	0
 1172 00a9 49       		.uleb128 0x49
 1173 00aa 13       		.uleb128 0x13
 1174 00ab 2F       		.uleb128 0x2f
 1175 00ac 0B       		.uleb128 0xb
 1176 00ad 00       		.byte	0
 1177 00ae 00       		.byte	0
 1178 00af 10       		.uleb128 0x10
 1179 00b0 2E       		.uleb128 0x2e
 1180 00b1 01       		.byte	0x1
 1181 00b2 3F       		.uleb128 0x3f
 1182 00b3 19       		.uleb128 0x19
 1183 00b4 03       		.uleb128 0x3
 1184 00b5 08       		.uleb128 0x8
 1185 00b6 3A       		.uleb128 0x3a
 1186 00b7 0B       		.uleb128 0xb
 1187 00b8 3B       		.uleb128 0x3b
 1188 00b9 0B       		.uleb128 0xb
 1189 00ba 27       		.uleb128 0x27
 1190 00bb 19       		.uleb128 0x19
 1191 00bc 49       		.uleb128 0x49
 1192 00bd 13       		.uleb128 0x13
 1193 00be 11       		.uleb128 0x11
 1194 00bf 01       		.uleb128 0x1
 1195 00c0 12       		.uleb128 0x12
 1196 00c1 06       		.uleb128 0x6
 1197 00c2 40       		.uleb128 0x40
 1198 00c3 18       		.uleb128 0x18
 1199 00c4 9742     		.uleb128 0x2117
 1200 00c6 19       		.uleb128 0x19
 1201 00c7 01       		.uleb128 0x1
 1202 00c8 13       		.uleb128 0x13
 1203 00c9 00       		.byte	0
 1204 00ca 00       		.byte	0
 1205 00cb 11       		.uleb128 0x11
 1206 00cc 34       		.uleb128 0x34
 1207 00cd 00       		.byte	0
 1208 00ce 03       		.uleb128 0x3
 1209 00cf 08       		.uleb128 0x8
 1210 00d0 3A       		.uleb128 0x3a
 1211 00d1 0B       		.uleb128 0xb
 1212 00d2 3B       		.uleb128 0x3b
 1213 00d3 0B       		.uleb128 0xb
 1214 00d4 49       		.uleb128 0x49
 1215 00d5 13       		.uleb128 0x13
 1216 00d6 02       		.uleb128 0x2
 1217 00d7 17       		.uleb128 0x17
 1218 00d8 00       		.byte	0
 1219 00d9 00       		.byte	0
 1220 00da 12       		.uleb128 0x12
 1221 00db 898201   		.uleb128 0x4109
 1222 00de 00       		.byte	0
 1223 00df 11       		.uleb128 0x11
 1224 00e0 01       		.uleb128 0x1
 1225 00e1 31       		.uleb128 0x31
GAS LISTING /cygdrive/c/DOCUME~1/andrey/LOCALS~1/Temp/cc60YpKF.s 			page 26


 1226 00e2 13       		.uleb128 0x13
 1227 00e3 00       		.byte	0
 1228 00e4 00       		.byte	0
 1229 00e5 13       		.uleb128 0x13
 1230 00e6 05       		.uleb128 0x5
 1231 00e7 00       		.byte	0
 1232 00e8 03       		.uleb128 0x3
 1233 00e9 08       		.uleb128 0x8
 1234 00ea 3A       		.uleb128 0x3a
 1235 00eb 0B       		.uleb128 0xb
 1236 00ec 3B       		.uleb128 0x3b
 1237 00ed 0B       		.uleb128 0xb
 1238 00ee 49       		.uleb128 0x49
 1239 00ef 13       		.uleb128 0x13
 1240 00f0 02       		.uleb128 0x2
 1241 00f1 18       		.uleb128 0x18
 1242 00f2 00       		.byte	0
 1243 00f3 00       		.byte	0
 1244 00f4 14       		.uleb128 0x14
 1245 00f5 898201   		.uleb128 0x4109
 1246 00f8 01       		.byte	0x1
 1247 00f9 11       		.uleb128 0x11
 1248 00fa 01       		.uleb128 0x1
 1249 00fb 31       		.uleb128 0x31
 1250 00fc 13       		.uleb128 0x13
 1251 00fd 01       		.uleb128 0x1
 1252 00fe 13       		.uleb128 0x13
 1253 00ff 00       		.byte	0
 1254 0100 00       		.byte	0
 1255 0101 15       		.uleb128 0x15
 1256 0102 8A8201   		.uleb128 0x410a
 1257 0105 00       		.byte	0
 1258 0106 02       		.uleb128 0x2
 1259 0107 18       		.uleb128 0x18
 1260 0108 9142     		.uleb128 0x2111
 1261 010a 18       		.uleb128 0x18
 1262 010b 00       		.byte	0
 1263 010c 00       		.byte	0
 1264 010d 16       		.uleb128 0x16
 1265 010e 898201   		.uleb128 0x4109
 1266 0111 01       		.byte	0x1
 1267 0112 11       		.uleb128 0x11
 1268 0113 01       		.uleb128 0x1
 1269 0114 31       		.uleb128 0x31
 1270 0115 13       		.uleb128 0x13
 1271 0116 00       		.byte	0
 1272 0117 00       		.byte	0
 1273 0118 17       		.uleb128 0x17
 1274 0119 34       		.uleb128 0x34
 1275 011a 00       		.byte	0
 1276 011b 03       		.uleb128 0x3
 1277 011c 08       		.uleb128 0x8
 1278 011d 3A       		.uleb128 0x3a
 1279 011e 0B       		.uleb128 0xb
 1280 011f 3B       		.uleb128 0x3b
 1281 0120 0B       		.uleb128 0xb
 1282 0121 49       		.uleb128 0x49
GAS LISTING /cygdrive/c/DOCUME~1/andrey/LOCALS~1/Temp/cc60YpKF.s 			page 27


 1283 0122 13       		.uleb128 0x13
 1284 0123 3F       		.uleb128 0x3f
 1285 0124 19       		.uleb128 0x19
 1286 0125 3C       		.uleb128 0x3c
 1287 0126 19       		.uleb128 0x19
 1288 0127 00       		.byte	0
 1289 0128 00       		.byte	0
 1290 0129 18       		.uleb128 0x18
 1291 012a 34       		.uleb128 0x34
 1292 012b 00       		.byte	0
 1293 012c 03       		.uleb128 0x3
 1294 012d 08       		.uleb128 0x8
 1295 012e 3A       		.uleb128 0x3a
 1296 012f 0B       		.uleb128 0xb
 1297 0130 3B       		.uleb128 0x3b
 1298 0131 0B       		.uleb128 0xb
 1299 0132 49       		.uleb128 0x49
 1300 0133 13       		.uleb128 0x13
 1301 0134 3F       		.uleb128 0x3f
 1302 0135 19       		.uleb128 0x19
 1303 0136 02       		.uleb128 0x2
 1304 0137 18       		.uleb128 0x18
 1305 0138 00       		.byte	0
 1306 0139 00       		.byte	0
 1307 013a 19       		.uleb128 0x19
 1308 013b 2E       		.uleb128 0x2e
 1309 013c 00       		.byte	0
 1310 013d 3F       		.uleb128 0x3f
 1311 013e 19       		.uleb128 0x19
 1312 013f 03       		.uleb128 0x3
 1313 0140 08       		.uleb128 0x8
 1314 0141 3A       		.uleb128 0x3a
 1315 0142 0B       		.uleb128 0xb
 1316 0143 3B       		.uleb128 0x3b
 1317 0144 0B       		.uleb128 0xb
 1318 0145 27       		.uleb128 0x27
 1319 0146 19       		.uleb128 0x19
 1320 0147 3C       		.uleb128 0x3c
 1321 0148 19       		.uleb128 0x19
 1322 0149 00       		.byte	0
 1323 014a 00       		.byte	0
 1324 014b 1A       		.uleb128 0x1a
 1325 014c 2E       		.uleb128 0x2e
 1326 014d 01       		.byte	0x1
 1327 014e 3F       		.uleb128 0x3f
 1328 014f 19       		.uleb128 0x19
 1329 0150 03       		.uleb128 0x3
 1330 0151 08       		.uleb128 0x8
 1331 0152 3A       		.uleb128 0x3a
 1332 0153 0B       		.uleb128 0xb
 1333 0154 3B       		.uleb128 0x3b
 1334 0155 0B       		.uleb128 0xb
 1335 0156 27       		.uleb128 0x27
 1336 0157 19       		.uleb128 0x19
 1337 0158 3C       		.uleb128 0x3c
 1338 0159 19       		.uleb128 0x19
 1339 015a 01       		.uleb128 0x1
GAS LISTING /cygdrive/c/DOCUME~1/andrey/LOCALS~1/Temp/cc60YpKF.s 			page 28


 1340 015b 13       		.uleb128 0x13
 1341 015c 00       		.byte	0
 1342 015d 00       		.byte	0
 1343 015e 1B       		.uleb128 0x1b
 1344 015f 05       		.uleb128 0x5
 1345 0160 00       		.byte	0
 1346 0161 49       		.uleb128 0x49
 1347 0162 13       		.uleb128 0x13
 1348 0163 00       		.byte	0
 1349 0164 00       		.byte	0
 1350 0165 00       		.byte	0
 1351              		.section	.debug_loc,"dr"
 1352              	Ldebug_loc0:
 1353              	LLST0:
 1354 0000 10000000 		.long	LVL1-Ltext0
 1355 0004 20000000 		.long	LVL3-Ltext0
 1356 0008 0100     		.word	0x1
 1357 000a 53       		.byte	0x53
 1358 000b 20000000 		.long	LVL3-Ltext0
 1359 000f 21000000 		.long	LFE7-Ltext0
 1360 0013 0100     		.word	0x1
 1361 0015 50       		.byte	0x50
 1362 0016 00000000 		.long	0
 1363 001a 00000000 		.long	0
 1364              	LLST1:
 1365 001e 42000000 		.long	LVL6-Ltext0
 1366 0022 6C000000 		.long	LVL10-Ltext0
 1367 0026 0100     		.word	0x1
 1368 0028 53       		.byte	0x53
 1369 0029 6C000000 		.long	LVL10-Ltext0
 1370 002d 6E000000 		.long	LVL11-Ltext0
 1371 0031 0100     		.word	0x1
 1372 0033 50       		.byte	0x50
 1373 0034 6E000000 		.long	LVL11-Ltext0
 1374 0038 94000000 		.long	LVL13-Ltext0
 1375 003c 0100     		.word	0x1
 1376 003e 53       		.byte	0x53
 1377 003f 94000000 		.long	LVL13-Ltext0
 1378 0043 96000000 		.long	LFE8-Ltext0
 1379 0047 0200     		.word	0x2
 1380 0049 76       		.byte	0x76
 1381 004a 10       		.sleb128 16
 1382 004b 00000000 		.long	0
 1383 004f 00000000 		.long	0
 1384              		.section	.debug_aranges,"dr"
 1385 0000 1C000000 		.long	0x1c
 1386 0004 0200     		.word	0x2
 1387 0006 00000000 		.secrel32	Ldebug_info0
 1388 000a 04       		.byte	0x4
 1389 000b 00       		.byte	0
 1390 000c 0000     		.word	0
 1391 000e 0000     		.word	0
 1392 0010 00000000 		.long	Ltext0
 1393 0014 96000000 		.long	Letext0-Ltext0
 1394 0018 00000000 		.long	0
 1395 001c 00000000 		.long	0
 1396              		.section	.debug_line,"dr"
GAS LISTING /cygdrive/c/DOCUME~1/andrey/LOCALS~1/Temp/cc60YpKF.s 			page 29


 1397              	Ldebug_line0:
 1398 0000 8C010000 		.section	.debug_str,"dr"
 1398      02005B01 
 1398      00000101 
 1398      FB0E0D00 
 1398      01010101 
 1399              	LASF0:
 1400 0000 705F6E65 		.ascii "p_next\0"
 1400      787400
 1401              		.ident	"GCC: (GNU) 4.8.2"
 1402              		.def	_dbg_check_lock;	.scl	2;	.type	32;	.endef
 1403              		.def	_dbg_check_unlock;	.scl	2;	.type	32;	.endef
 1404              		.def	_chThdRelease;	.scl	2;	.type	32;	.endef
 1405              		.def	_chDbgPanic;	.scl	2;	.type	32;	.endef
GAS LISTING /cygdrive/c/DOCUME~1/andrey/LOCALS~1/Temp/cc60YpKF.s 			page 30


DEFINED SYMBOLS
                            *ABS*:00000000 chregistry.c
/cygdrive/c/DOCUME~1/andrey/LOCALS~1/Temp/cc60YpKF.s:72     .text:00000000 _chRegFirstThread
/cygdrive/c/DOCUME~1/andrey/LOCALS~1/Temp/cc60YpKF.s:124    .text:00000030 _chRegNextThread
/cygdrive/c/DOCUME~1/andrey/LOCALS~1/Temp/cc60YpKF.s:211    .rdata:00000046 _ch_debug

UNDEFINED SYMBOLS
_rlist
_dbg_check_lock
_dbg_check_unlock
_chThdRelease
_chDbgPanic
