eeschema (2011-04-29 BZR 2986)-stable  >> Creation date: Mon 27 Feb 2012 09:13:38 AM PST

#Cmp ( order = Reference )
| C1         10uf        ;             
| C2         1uf         ;             
| C3         22p         ;             
| C4         229         ;             
| C5         .1          ;             
| C6         .1          ;             
| C7         1uf         ;             
| C13        10uf        ;             
| C14        .1uf        ;             
| C15        1uf         ;             
| D1         LED         ;             
| D2         LED         ;             
| D3         DIODE-SOT   ;             
| F1         FUSE        ;             
| IC1        ATMEGA8-P   ; DIL28       
| K1         CONN_3      ;             
| K2         CONN_3      ;             
| L1         10uh        ;             
| P1         CONN_4      ;             
| P2         CONN_2      ;             
| P6         CONN_2      ;             
| P7         CONN_2      ;             
| Q1         MOS_N       ;             
| R1         100         ;             
| R2         1.8k        ;             
| R3         18k         ;             
| R4         10k         ;             
| R7         10k         ;             
| R8         10k         ;             
| R9         1.8k        ;             
| R10        6.8k        ;             
| R12        62ohm       ;             
| R13        22k         ;             
| R14        22k         ;             
| R15        12k         ;             
| R16        12k         ;             
| R17        100k        ;             
| R18        10k         ;             
| R19        10k         ;             
| R20        10k         ;             
| R21        10k         ;             
| R22        10k         ;             
| R23        10k         ;             
| R24        5k          ;             
| R25        5k          ;             
| R26        5k          ;             
| R27        5k          ;             
| R28        5k          ;             
| R29        10k         ;             
| R30        100k        ;             
| U2         7805        ;             
| U4         LM324       ;             
| X1         4mhz        ;             
#End Cmp

#Cmp ( order = Value )
| .1           C5        ;             
| .1           C6        ;             
| .1uf         C14       ;             
| 1.8k         R2        ;             
| 1.8k         R9        ;             
| 100          R1        ;             
| 100k         R17       ;             
| 100k         R30       ;             
| 10k          R4        ;             
| 10k          R7        ;             
| 10k          R8        ;             
| 10k          R18       ;             
| 10k          R19       ;             
| 10k          R20       ;             
| 10k          R21       ;             
| 10k          R22       ;             
| 10k          R23       ;             
| 10k          R29       ;             
| 10uf         C1        ;             
| 10uf         C13       ;             
| 10uh         L1        ;             
| 12k          R15       ;             
| 12k          R16       ;             
| 18k          R3        ;             
| 1uf          C2        ;             
| 1uf          C7        ;             
| 1uf          C15       ;             
| 229          C4        ;             
| 22k          R13       ;             
| 22k          R14       ;             
| 22p          C3        ;             
| 4mhz         X1        ;             
| 5k           R24       ;             
| 5k           R25       ;             
| 5k           R26       ;             
| 5k           R27       ;             
| 5k           R28       ;             
| 6.8k         R10       ;             
| 62ohm        R12       ;             
| 7805         U2        ;             
| ATMEGA8-P    IC1       ; DIL28       
| CONN_2       P2        ;             
| CONN_2       P6        ;             
| CONN_2       P7        ;             
| CONN_3       K1        ;             
| CONN_3       K2        ;             
| CONN_4       P1        ;             
| DIODE-SOT    D3        ;             
| FUSE         F1        ;             
| LED          D1        ;             
| LED          D2        ;             
| LM324        U4        ;             
| MOS_N        Q1        ;             
#End Cmp

#End List
