eeschema (2013-07-07 BZR 4022)-stable  >> Creation date: 16/12/2013 21:55:11
#Cmp ( order = Reference )
| D1         LED         ;             ;             ;             ;             ;             ;             ;             ;             
| D2         DIODE       ; BAT54       ;             ;             ;             ;             ;             ;             ;             
| D3         DIODE       ; BAT54       ;             ;             ;             ;             ;             ;             ;             
| D4         DIODE       ; BAT54       ;             ;             ;             ;             ;             ;             ;             
| D5         DIODE       ; BAT54       ;             ;             ;             ;             ;             ;             ;             
| D6         DIODE       ; BAT54       ;             ;             ;             ;             ;             ;             ;             
| D7         DIODE       ; BAT54       ;             ;             ;             ;             ;             ;             ;             
| D8         DIODE       ; BAT54       ;             ;             ;             ;             ;             ;             ;             
| P1         CONN_10X2   ;             ;             ;             ;             ;             ;             ;             ;             
| P2         CONN_2      ; 1760490000  ;             ;             ;             ;             ;             ;             ;             
| P3         CONN_3      ; 1760500000  ;             ;             ;             ;             ;             ;             ;             
| P4         CONN_2      ; 1760490000  ;             ;             ;             ;             ;             ;             ;             
| P5         CONN_3      ; 1760500000  ;             ;             ;             ;             ;             ;             ;             
| P7         CONN_10X2   ;             ;             ;             ;             ;             ;             ;             ;             
| Q1         OVP_DRIVER  ; ST,VNS14NV04; digi,497-11123-1-ND;             ;             ;             ;             ;             ;             
| Q2         OVP_DRIVER  ; ST,VNS14NV04; digi,497-11123-1-ND;             ;             ;             ;             ;             ;             
| Q3         OVP_DRIVER  ; ST,VNS14NV04; digi,497-11123-1-ND;             ;             ;             ;             ;             ;             
| Q4         OVP_DRIVER  ; ST,VNS14NV04; digi,497-11123-1-ND;             ;             ;             ;             ;             ;             
| Q5         OVP_DRIVER  ; ST,VNS14NV04; digi,497-11123-1-ND;             ;             ;             ;             ;             ;             
| Q6         OVP_DRIVER  ; ST,VNS14NV04; digi,497-11123-1-ND;             ;             ;             ;             ;             ;             
| R1         1K          ; VISHAY,CRCW0805100KFKEA; digi,CRCW0805100KFKEA;             ;             ;             ;             ;             ;             
| R2         OPT         ;             ;             ;             ;             ;             ;             ;             ;             
| R3         0R          ;             ;             ;             ;             ;             ;             ;             ;             
| R4         20R         ; Panasonic,ECG ERJ-6ENF20R0V; digi,ERJ-6ENF20R0V;             ;             ;             ;             ;             ;             
| R5         20R         ; Panasonic,ECG ERJ-6ENF20R0V; digi,ERJ-6ENF20R0V;             ;             ;             ;             ;             ;             
| R6         20R         ; Panasonic,ECG ERJ-6ENF20R0V; digi,ERJ-6ENF20R0V;             ;             ;             ;             ;             ;             
| R7         20R         ; Panasonic,ECG ERJ-6ENF20R0V; digi,ERJ-6ENF20R0V;             ;             ;             ;             ;             ;             
| R8         20R         ; Panasonic,ECG ERJ-6ENF20R0V; digi,ERJ-6ENF20R0V;             ;             ;             ;             ;             ;             
| R9         20R         ; Panasonic,ECG ERJ-6ENF20R0V; digi,ERJ-6ENF20R0V;             ;             ;             ;             ;             ;             
| R13        1K          ; VISHAY,CRCW0805100KFKEA; digi,CRCW0805100KFKEA;             ;             ;             ;             ;             ;             
| R14        1K          ; VISHAY,CRCW0805100KFKEA; digi,CRCW0805100KFKEA;             ;             ;             ;             ;             ;             
| R15        1K          ; VISHAY,CRCW0805100KFKEA; digi,CRCW0805100KFKEA;             ;             ;             ;             ;             ;             
| R16        1K          ; VISHAY,CRCW0805100KFKEA; digi,CRCW0805100KFKEA;             ;             ;             ;             ;             ;             
| R17        1K          ; VISHAY,CRCW0805100KFKEA; digi,CRCW0805100KFKEA;             ;             ;             ;             ;             ;             
| R18        1K          ; VISHAY,CRCW0805100KFKEA; digi,CRCW0805100KFKEA;             ;             ;             ;             ;             ;             
#End Cmp

#Cmp ( order = Value )
| LED          D1        ;             ;             ;             ;             ;             ;             ;             ;             
| DIODE        D3        ; BAT54       ;             ;             ;             ;             ;             ;             ;             
| DIODE        D4        ; BAT54       ;             ;             ;             ;             ;             ;             ;             
| DIODE        D5        ; BAT54       ;             ;             ;             ;             ;             ;             ;             
| DIODE        D6        ; BAT54       ;             ;             ;             ;             ;             ;             ;             
| DIODE        D7        ; BAT54       ;             ;             ;             ;             ;             ;             ;             
| DIODE        D8        ; BAT54       ;             ;             ;             ;             ;             ;             ;             
| DIODE        D2        ; BAT54       ;             ;             ;             ;             ;             ;             ;             
| CONN_2       P2        ; 1760490000  ;             ;             ;             ;             ;             ;             ;             
| CONN_2       P4        ; 1760490000  ;             ;             ;             ;             ;             ;             ;             
| CONN_3       P3        ; 1760500000  ;             ;             ;             ;             ;             ;             ;             
| CONN_3       P5        ; 1760500000  ;             ;             ;             ;             ;             ;             ;             
| CONN_10X2    P1        ;             ;             ;             ;             ;             ;             ;             ;             
| CONN_10X2    P7        ;             ;             ;             ;             ;             ;             ;             ;             
| OVP_DRIVER   Q1        ; ST,VNS14NV04; digi,497-11123-1-ND;             ;             ;             ;             ;             ;             
| OVP_DRIVER   Q2        ; ST,VNS14NV04; digi,497-11123-1-ND;             ;             ;             ;             ;             ;             
| OVP_DRIVER   Q3        ; ST,VNS14NV04; digi,497-11123-1-ND;             ;             ;             ;             ;             ;             
| OVP_DRIVER   Q4        ; ST,VNS14NV04; digi,497-11123-1-ND;             ;             ;             ;             ;             ;             
| OVP_DRIVER   Q5        ; ST,VNS14NV04; digi,497-11123-1-ND;             ;             ;             ;             ;             ;             
| OVP_DRIVER   Q6        ; ST,VNS14NV04; digi,497-11123-1-ND;             ;             ;             ;             ;             ;             
| 0R           R3        ;             ;             ;             ;             ;             ;             ;             ;             
| 20R          R4        ; Panasonic,ECG ERJ-6ENF20R0V; digi,ERJ-6ENF20R0V;             ;             ;             ;             ;             ;             
| 20R          R5        ; Panasonic,ECG ERJ-6ENF20R0V; digi,ERJ-6ENF20R0V;             ;             ;             ;             ;             ;             
| 20R          R6        ; Panasonic,ECG ERJ-6ENF20R0V; digi,ERJ-6ENF20R0V;             ;             ;             ;             ;             ;             
| 20R          R7        ; Panasonic,ECG ERJ-6ENF20R0V; digi,ERJ-6ENF20R0V;             ;             ;             ;             ;             ;             
| 20R          R8        ; Panasonic,ECG ERJ-6ENF20R0V; digi,ERJ-6ENF20R0V;             ;             ;             ;             ;             ;             
| 20R          R9        ; Panasonic,ECG ERJ-6ENF20R0V; digi,ERJ-6ENF20R0V;             ;             ;             ;             ;             ;             
| 1K           R1        ; VISHAY,CRCW0805100KFKEA; digi,CRCW0805100KFKEA;             ;             ;             ;             ;             ;             
| 1K           R13       ; VISHAY,CRCW0805100KFKEA; digi,CRCW0805100KFKEA;             ;             ;             ;             ;             ;             
| 1K           R14       ; VISHAY,CRCW0805100KFKEA; digi,CRCW0805100KFKEA;             ;             ;             ;             ;             ;             
| 1K           R15       ; VISHAY,CRCW0805100KFKEA; digi,CRCW0805100KFKEA;             ;             ;             ;             ;             ;             
| 1K           R16       ; VISHAY,CRCW0805100KFKEA; digi,CRCW0805100KFKEA;             ;             ;             ;             ;             ;             
| 1K           R17       ; VISHAY,CRCW0805100KFKEA; digi,CRCW0805100KFKEA;             ;             ;             ;             ;             ;             
| 1K           R18       ; VISHAY,CRCW0805100KFKEA; digi,CRCW0805100KFKEA;             ;             ;             ;             ;             ;             
| OPT          R2        ;             ;             ;             ;             ;             ;             ;             ;             
#End Cmp

#End List
