ARM GAS  C:\Users\pc\AppData\Local\Temp\ccKrA11F.s 			page 1


   1              		.syntax unified
   2              		.cpu cortex-m4
   3              		.eabi_attribute 27, 3
   4              		.fpu fpv4-sp-d16
   5              		.eabi_attribute 20, 1
   6              		.eabi_attribute 21, 1
   7              		.eabi_attribute 23, 3
   8              		.eabi_attribute 24, 1
   9              		.eabi_attribute 25, 1
  10              		.eabi_attribute 26, 1
  11              		.eabi_attribute 30, 2
  12              		.eabi_attribute 34, 1
  13              		.eabi_attribute 18, 4
  14              		.thumb
  15              		.file	"board.c"
  16              		.section	.text.__early_init,"ax",%progbits
  17              		.align	2
  18              		.p2align 4,,15
  19              		.global	__early_init
  20              		.thumb
  21              		.thumb_func
  22              		.type	__early_init, %function
  23              	__early_init:
  24              		@ args = 0, pretend = 0, frame = 0
  25              		@ frame_needed = 0, uses_anonymous_args = 0
  26              		@ link register save eliminated.
  27 0000 FFF7FEBF 		b	stm32_clock_init
  28              		.size	__early_init, .-__early_init
  29 0004 AFF30080 		.section	.text.mmc_lld_is_card_inserted,"ax",%progbits
  29      AFF30080 
  29      AFF30080 
  30              		.align	2
  31              		.p2align 4,,15
  32              		.global	mmc_lld_is_card_inserted
  33              		.thumb
  34              		.thumb_func
  35              		.type	mmc_lld_is_card_inserted, %function
  36              	mmc_lld_is_card_inserted:
  37              		@ args = 0, pretend = 0, frame = 0
  38              		@ frame_needed = 0, uses_anonymous_args = 0
  39              		@ link register save eliminated.
  40 0000 0120     		movs	r0, #1
  41 0002 7047     		bx	lr
  42              		.size	mmc_lld_is_card_inserted, .-mmc_lld_is_card_inserted
  43 0004 AFF30080 		.section	.text.mmc_lld_is_write_protected,"ax",%progbits
  43      AFF30080 
  43      AFF30080 
  44              		.align	2
  45              		.p2align 4,,15
  46              		.global	mmc_lld_is_write_protected
  47              		.thumb
  48              		.thumb_func
  49              		.type	mmc_lld_is_write_protected, %function
  50              	mmc_lld_is_write_protected:
  51              		@ args = 0, pretend = 0, frame = 0
  52              		@ frame_needed = 0, uses_anonymous_args = 0
  53              		@ link register save eliminated.
ARM GAS  C:\Users\pc\AppData\Local\Temp\ccKrA11F.s 			page 2


  54 0000 0020     		movs	r0, #0
  55 0002 7047     		bx	lr
  56              		.size	mmc_lld_is_write_protected, .-mmc_lld_is_write_protected
  57 0004 AFF30080 		.section	.text.boardInit,"ax",%progbits
  57      AFF30080 
  57      AFF30080 
  58              		.align	2
  59              		.p2align 4,,15
  60              		.global	boardInit
  61              		.thumb
  62              		.thumb_func
  63              		.type	boardInit, %function
  64              	boardInit:
  65              		@ args = 0, pretend = 0, frame = 0
  66              		@ frame_needed = 0, uses_anonymous_args = 0
  67              		@ link register save eliminated.
  68 0000 7047     		bx	lr
  69              		.size	boardInit, .-boardInit
  70              		.global	pal_default_config
  71 0002 00BFAFF3 		.section	.rodata.pal_default_config,"a",%progbits
  71      0080AFF3 
  71      0080AFF3 
  71      0080
  72              		.align	2
  73              		.type	pal_default_config, %object
  74              		.size	pal_default_config, 252
  75              	pal_default_config:
  76 0000 00AAA02A 		.word	715172352
  77 0004 00000000 		.word	0
  78 0008 FFABFFFF 		.word	-21505
  79 000c 54000140 		.word	1073807444
  80 0010 FFFF0000 		.word	65535
  81 0014 00005655 		.word	1431699456
  82 0018 00AA0A00 		.word	698880
  83 001c 80200800 		.word	532608
  84 0020 40020000 		.word	576
  85 0024 FFFFFFFF 		.word	-1
  86 0028 15455155 		.word	1431389461
  87 002c FFFF0000 		.word	65535
  88 0030 00000004 		.word	67108864
  89 0034 40000000 		.word	64
  90 0038 01802002 		.word	35684353
  91 003c 00000000 		.word	0
  92 0040 FFFFFFFF 		.word	-1
  93 0044 54154554 		.word	1413813588
  94 0048 FFFF0000 		.word	65535
  95 004c 00000060 		.word	1610612736
  96 0050 00060600 		.word	394752
  97 0054 00010055 		.word	1426063616
  98 0058 00000000 		.word	0
  99 005c FFFFFFFF 		.word	-1
 100 0060 55505500 		.word	5591125
 101 0064 FF0F0000 		.word	4095
 102 0068 00000000 		.word	0
 103 006c 00000000 		.word	0
 104 0070 40000000 		.word	64
 105 0074 00000000 		.word	0
ARM GAS  C:\Users\pc\AppData\Local\Temp\ccKrA11F.s 			page 3


 106 0078 FFFFFFFF 		.word	-1
 107 007c 00000000 		.word	0
 108 0080 FFFF0000 		.word	65535
 109 0084 00000000 		.word	0
 110 0088 00000000 		.word	0
 111 008c 00000000 		.word	0
 112 0090 00000000 		.word	0
 113 0094 FFFFFFFF 		.word	-1
 114 0098 00000000 		.word	0
 115 009c FFFF0000 		.word	65535
 116 00a0 00000000 		.word	0
 117 00a4 00000000 		.word	0
 118 00a8 00000000 		.word	0
 119 00ac 00000000 		.word	0
 120 00b0 FFFFFFFF 		.word	-1
 121 00b4 00000000 		.word	0
 122 00b8 FFFF0000 		.word	65535
 123 00bc 00000000 		.word	0
 124 00c0 00000000 		.word	0
 125 00c4 00000000 		.word	0
 126 00c8 00000000 		.word	0
 127 00cc FFFFFFFF 		.word	-1
 128 00d0 00000000 		.word	0
 129 00d4 FFFF0000 		.word	65535
 130 00d8 00000000 		.word	0
 131 00dc 00000000 		.word	0
 132 00e0 00000000 		.word	0
 133 00e4 00000000 		.word	0
 134 00e8 FFFFFFFF 		.word	-1
 135 00ec 00000000 		.word	0
 136 00f0 FFFF0000 		.word	65535
 137 00f4 00000000 		.word	0
 138 00f8 00000000 		.word	0
 139              		.ident	"GCC: (Sourcery CodeBench Lite 2013.11-24) 4.8.1"
ARM GAS  C:\Users\pc\AppData\Local\Temp\ccKrA11F.s 			page 4


DEFINED SYMBOLS
                            *ABS*:00000000 board.c
C:\Users\pc\AppData\Local\Temp\ccKrA11F.s:17     .text.__early_init:00000000 $t
C:\Users\pc\AppData\Local\Temp\ccKrA11F.s:23     .text.__early_init:00000000 __early_init
C:\Users\pc\AppData\Local\Temp\ccKrA11F.s:30     .text.mmc_lld_is_card_inserted:00000000 $t
C:\Users\pc\AppData\Local\Temp\ccKrA11F.s:36     .text.mmc_lld_is_card_inserted:00000000 mmc_lld_is_card_inserted
C:\Users\pc\AppData\Local\Temp\ccKrA11F.s:44     .text.mmc_lld_is_write_protected:00000000 $t
C:\Users\pc\AppData\Local\Temp\ccKrA11F.s:50     .text.mmc_lld_is_write_protected:00000000 mmc_lld_is_write_protected
C:\Users\pc\AppData\Local\Temp\ccKrA11F.s:58     .text.boardInit:00000000 $t
C:\Users\pc\AppData\Local\Temp\ccKrA11F.s:64     .text.boardInit:00000000 boardInit
C:\Users\pc\AppData\Local\Temp\ccKrA11F.s:75     .rodata.pal_default_config:00000000 pal_default_config
C:\Users\pc\AppData\Local\Temp\ccKrA11F.s:72     .rodata.pal_default_config:00000000 $d

UNDEFINED SYMBOLS
stm32_clock_init
