ARM GAS  C:\Users\pc\AppData\Local\Temp\ccCTR5Qp.s 			page 1


   1              		.syntax unified
   2              		.cpu cortex-m4
   3              		.eabi_attribute 27, 3
   4              		.fpu fpv4-sp-d16
   5              		.eabi_attribute 20, 1
   6              		.eabi_attribute 21, 1
   7              		.eabi_attribute 23, 3
   8              		.eabi_attribute 24, 1
   9              		.eabi_attribute 25, 1
  10              		.eabi_attribute 26, 1
  11              		.eabi_attribute 30, 2
  12              		.eabi_attribute 34, 1
  13              		.eabi_attribute 18, 4
  14              		.thumb
  15              		.file	"crt0.c"
  16              		.section	.text.__early_init,"ax",%progbits
  17              		.align	2
  18              		.p2align 4,,15
  19              		.weak	__early_init
  20              		.thumb
  21              		.thumb_func
  22              		.type	__early_init, %function
  23              	__early_init:
  24              		@ args = 0, pretend = 0, frame = 0
  25              		@ frame_needed = 0, uses_anonymous_args = 0
  26              		@ link register save eliminated.
  27 0000 7047     		bx	lr
  28              		.size	__early_init, .-__early_init
  29 0002 00BFAFF3 		.section	.text.__late_init,"ax",%progbits
  29      0080AFF3 
  29      0080AFF3 
  29      0080
  30              		.align	2
  31              		.p2align 4,,15
  32              		.weak	__late_init
  33              		.thumb
  34              		.thumb_func
  35              		.type	__late_init, %function
  36              	__late_init:
  37              		@ args = 0, pretend = 0, frame = 0
  38              		@ frame_needed = 0, uses_anonymous_args = 0
  39              		@ link register save eliminated.
  40 0000 7047     		bx	lr
  41              		.size	__late_init, .-__late_init
  42 0002 00BFAFF3 		.section	.text._default_exit,"ax",%progbits
  42      0080AFF3 
  42      0080AFF3 
  42      0080
  43              		.align	2
  44              		.p2align 4,,15
  45              		.weak	_default_exit
  46              		.thumb
  47              		.thumb_func
  48              		.type	_default_exit, %function
  49              	_default_exit:
  50              		@ Naked Function: prologue and epilogue provided by programmer.
  51              		@ args = 0, pretend = 0, frame = 0
ARM GAS  C:\Users\pc\AppData\Local\Temp\ccCTR5Qp.s 			page 2


  52              		@ frame_needed = 0, uses_anonymous_args = 0
  53              	.L4:
  54 0000 FEE7     		b	.L4
  55              		.size	_default_exit, .-_default_exit
  56 0002 00BFAFF3 		.section	.text.ResetHandler,"ax",%progbits
  56      0080AFF3 
  56      0080AFF3 
  56      0080
  57              		.align	2
  58              		.p2align 4,,15
  59              		.global	ResetHandler
  60              		.thumb
  61              		.thumb_func
  62              		.type	ResetHandler, %function
  63              	ResetHandler:
  64              		@ Naked Function: prologue and epilogue provided by programmer.
  65              		@ args = 0, pretend = 0, frame = 0
  66              		@ frame_needed = 0, uses_anonymous_args = 0
  67              	@ 274 "chibios/os/ports/GCC/ARMCMx/crt0.c" 1
  68 0000 72B6     		cpsid   i
  69              	@ 0 "" 2
  70              		.thumb
  71 0002 40F20000 		movw	r0, #:lower16:__process_stack_end__
  72 0006 C0F20000 		movt	r0, #:upper16:__process_stack_end__
  73              	@ 276 "chibios/os/ports/GCC/ARMCMx/crt0.c" 1
  74 000a 80F30988 		msr     PSP, r0
  75              	@ 0 "" 2
  76              		.thumb
  77 000e 4EF63472 		movw	r2, #61236
  78 0012 CEF20002 		movt	r2, 57344
  79 0016 4EF68853 		movw	r3, #60808
  80 001a CEF20003 		movt	r3, 57344
  81 001e 4FF04041 		mov	r1, #-1073741824
  82 0022 1160     		str	r1, [r2]
  83 0024 1A68     		ldr	r2, [r3]
  84 0026 42F47002 		orr	r2, r2, #15728640
  85 002a 1A60     		str	r2, [r3]
  86 002c 0023     		movs	r3, #0
  87              	@ 287 "chibios/os/ports/GCC/ARMCMx/crt0.c" 1
  88 002e E1EE103A 		vmsr    FPSCR, r3
  89              	@ 0 "" 2
  90              		.thumb
  91 0032 4EF63C73 		movw	r3, #61244
  92 0036 CEF20003 		movt	r3, 57344
  93 003a 0022     		movs	r2, #0
  94 003c 1A60     		str	r2, [r3]
  95 003e 0623     		movs	r3, #6
  96              	@ 296 "chibios/os/ports/GCC/ARMCMx/crt0.c" 1
  97 0040 83F31488 		msr     CONTROL, r3
  98              	@ 0 "" 2
  99              	@ 297 "chibios/os/ports/GCC/ARMCMx/crt0.c" 1
 100 0044 BFF36F8F 		isb
 101              	@ 0 "" 2
 102              		.thumb
 103 0048 40F20003 		movw	r3, #:lower16:__main_stack_base__
 104 004c 40F20002 		movw	r2, #:lower16:__main_stack_end__
 105 0050 C0F20003 		movt	r3, #:upper16:__main_stack_base__
ARM GAS  C:\Users\pc\AppData\Local\Temp\ccCTR5Qp.s 			page 3


 106 0054 C0F20002 		movt	r2, #:upper16:__main_stack_end__
 107 0058 9342     		cmp	r3, r2
 108 005a 0BD2     		bcs	.L9
 109 005c D943     		mvns	r1, r3
 110 005e 1144     		add	r1, r1, r2
 111 0060 21F00301 		bic	r1, r1, #3
 112 0064 1944     		add	r1, r1, r3
 113 0066 4FF05532 		mov	r2, #1431655765
 114 006a 043B     		subs	r3, r3, #4
 115              	.L10:
 116 006c 43F8042F 		str	r2, [r3, #4]!
 117 0070 8B42     		cmp	r3, r1
 118 0072 FBD1     		bne	.L10
 119              	.L9:
 120 0074 40F20003 		movw	r3, #:lower16:__process_stack_base__
 121 0078 C0F20003 		movt	r3, #:upper16:__process_stack_base__
 122 007c 8342     		cmp	r3, r0
 123 007e 0CD2     		bcs	.L8
 124 0080 3749     		ldr	r1, .L27
 125 0082 1A1D     		adds	r2, r3, #4
 126 0084 891A     		subs	r1, r1, r2
 127 0086 21F00301 		bic	r1, r1, #3
 128 008a 1944     		add	r1, r1, r3
 129 008c 4FF05532 		mov	r2, #1431655765
 130 0090 043B     		subs	r3, r3, #4
 131              	.L13:
 132 0092 43F8042F 		str	r2, [r3, #4]!
 133 0096 8B42     		cmp	r3, r1
 134 0098 FBD1     		bne	.L13
 135              	.L8:
 136 009a FFF7FEFF 		bl	__early_init
 137 009e 40F20001 		movw	r1, #:lower16:_data
 138 00a2 40F20003 		movw	r3, #:lower16:_edata
 139 00a6 C0F20001 		movt	r1, #:upper16:_data
 140 00aa C0F20003 		movt	r3, #:upper16:_edata
 141 00ae 9942     		cmp	r1, r3
 142 00b0 0ED2     		bcs	.L12
 143 00b2 CC43     		mvns	r4, r1
 144 00b4 1C44     		add	r4, r4, r3
 145 00b6 24F00304 		bic	r4, r4, #3
 146 00ba 40F20000 		movw	r0, #:lower16:_textdata
 147 00be 0434     		adds	r4, r4, #4
 148 00c0 C0F20000 		movt	r0, #:upper16:_textdata
 149 00c4 0023     		movs	r3, #0
 150              	.L16:
 151 00c6 C258     		ldr	r2, [r0, r3]
 152 00c8 CA50     		str	r2, [r1, r3]
 153 00ca 0433     		adds	r3, r3, #4
 154 00cc A342     		cmp	r3, r4
 155 00ce FAD1     		bne	.L16
 156              	.L12:
 157 00d0 40F20003 		movw	r3, #:lower16:_bss_start
 158 00d4 40F20002 		movw	r2, #:lower16:_bss_end
 159 00d8 C0F20003 		movt	r3, #:upper16:_bss_start
 160 00dc C0F20002 		movt	r2, #:upper16:_bss_end
 161 00e0 9342     		cmp	r3, r2
 162 00e2 0AD2     		bcs	.L15
ARM GAS  C:\Users\pc\AppData\Local\Temp\ccCTR5Qp.s 			page 4


 163 00e4 D943     		mvns	r1, r3
 164 00e6 1144     		add	r1, r1, r2
 165 00e8 21F00301 		bic	r1, r1, #3
 166 00ec 1944     		add	r1, r1, r3
 167 00ee 0022     		movs	r2, #0
 168 00f0 043B     		subs	r3, r3, #4
 169              	.L19:
 170 00f2 43F8042F 		str	r2, [r3, #4]!
 171 00f6 8B42     		cmp	r3, r1
 172 00f8 FBD1     		bne	.L19
 173              	.L15:
 174 00fa FFF7FEFF 		bl	__late_init
 175 00fe 40F20005 		movw	r5, #:lower16:__init_array_start
 176 0102 40F20003 		movw	r3, #:lower16:__init_array_end
 177 0106 C0F20005 		movt	r5, #:upper16:__init_array_start
 178 010a C0F20003 		movt	r3, #:upper16:__init_array_end
 179 010e 9D42     		cmp	r5, r3
 180 0110 0BD2     		bcs	.L18
 181 0112 EE43     		mvns	r6, r5
 182 0114 1E44     		add	r6, r6, r3
 183 0116 B608     		lsrs	r6, r6, #2
 184 0118 0136     		adds	r6, r6, #1
 185 011a 043D     		subs	r5, r5, #4
 186 011c 0024     		movs	r4, #0
 187              	.L22:
 188 011e 0134     		adds	r4, r4, #1
 189 0120 55F8043F 		ldr	r3, [r5, #4]!
 190 0124 9847     		blx	r3
 191 0126 B442     		cmp	r4, r6
 192 0128 F9D1     		bne	.L22
 193              	.L18:
 194 012a FFF7FEFF 		bl	main
 195 012e 40F20005 		movw	r5, #:lower16:__fini_array_start
 196 0132 40F20003 		movw	r3, #:lower16:__fini_array_end
 197 0136 C0F20005 		movt	r5, #:upper16:__fini_array_start
 198 013a C0F20003 		movt	r3, #:upper16:__fini_array_end
 199 013e 9D42     		cmp	r5, r3
 200 0140 0BD2     		bcs	.L21
 201 0142 EE43     		mvns	r6, r5
 202 0144 1E44     		add	r6, r6, r3
 203 0146 B608     		lsrs	r6, r6, #2
 204 0148 0136     		adds	r6, r6, #1
 205 014a 043D     		subs	r5, r5, #4
 206 014c 0024     		movs	r4, #0
 207              	.L23:
 208 014e 0134     		adds	r4, r4, #1
 209 0150 55F8043F 		ldr	r3, [r5, #4]!
 210 0154 9847     		blx	r3
 211 0156 B442     		cmp	r4, r6
 212 0158 F9D1     		bne	.L23
 213              	.L21:
 214 015a FFF7FEFF 		bl	_default_exit
 215              	.L28:
 216 015e 00BF     		.align	2
 217              	.L27:
 218 0160 03000000 		.word	__process_stack_end__+3
 219              		.size	ResetHandler, .-ResetHandler
ARM GAS  C:\Users\pc\AppData\Local\Temp\ccCTR5Qp.s 			page 5


 220 0164 AFF30080 		.ident	"GCC: (Sourcery CodeBench Lite 2013.11-24) 4.8.1"
 220      AFF30080 
 220      AFF30080 
ARM GAS  C:\Users\pc\AppData\Local\Temp\ccCTR5Qp.s 			page 6


DEFINED SYMBOLS
                            *ABS*:00000000 crt0.c
C:\Users\pc\AppData\Local\Temp\ccCTR5Qp.s:17     .text.__early_init:00000000 $t
C:\Users\pc\AppData\Local\Temp\ccCTR5Qp.s:23     .text.__early_init:00000000 __early_init
C:\Users\pc\AppData\Local\Temp\ccCTR5Qp.s:30     .text.__late_init:00000000 $t
C:\Users\pc\AppData\Local\Temp\ccCTR5Qp.s:36     .text.__late_init:00000000 __late_init
C:\Users\pc\AppData\Local\Temp\ccCTR5Qp.s:43     .text._default_exit:00000000 $t
C:\Users\pc\AppData\Local\Temp\ccCTR5Qp.s:49     .text._default_exit:00000000 _default_exit
C:\Users\pc\AppData\Local\Temp\ccCTR5Qp.s:57     .text.ResetHandler:00000000 $t
C:\Users\pc\AppData\Local\Temp\ccCTR5Qp.s:63     .text.ResetHandler:00000000 ResetHandler
C:\Users\pc\AppData\Local\Temp\ccCTR5Qp.s:218    .text.ResetHandler:00000160 $d
C:\Users\pc\AppData\Local\Temp\ccCTR5Qp.s:220    .text.ResetHandler:00000164 $t

UNDEFINED SYMBOLS
__process_stack_end__
__main_stack_base__
__main_stack_end__
__process_stack_base__
_data
_edata
_textdata
_bss_start
_bss_end
__init_array_start
__init_array_end
main
__fini_array_start
__fini_array_end
