ARM GAS  C:\Users\pc\AppData\Local\Temp\ccFTSlPL.s 			page 1


   1              		.syntax unified
   2              		.cpu cortex-m4
   3              		.eabi_attribute 27, 3
   4              		.fpu fpv4-sp-d16
   5              		.eabi_attribute 20, 1
   6              		.eabi_attribute 21, 1
   7              		.eabi_attribute 23, 3
   8              		.eabi_attribute 24, 1
   9              		.eabi_attribute 25, 1
  10              		.eabi_attribute 26, 1
  11              		.eabi_attribute 30, 2
  12              		.eabi_attribute 34, 1
  13              		.eabi_attribute 18, 4
  14              		.thumb
  15              		.file	"ext.c"
  16              		.section	.text.extInit,"ax",%progbits
  17              		.align	2
  18              		.p2align 4,,15
  19              		.global	extInit
  20              		.thumb
  21              		.thumb_func
  22              		.type	extInit, %function
  23              	extInit:
  24              		@ args = 0, pretend = 0, frame = 0
  25              		@ frame_needed = 0, uses_anonymous_args = 0
  26              		@ link register save eliminated.
  27 0000 FFF7FEBF 		b	ext_lld_init
  28              		.size	extInit, .-extInit
  29 0004 AFF30080 		.section	.text.extObjectInit,"ax",%progbits
  29      AFF30080 
  29      AFF30080 
  30              		.align	2
  31              		.p2align 4,,15
  32              		.global	extObjectInit
  33              		.thumb
  34              		.thumb_func
  35              		.type	extObjectInit, %function
  36              	extObjectInit:
  37              		@ args = 0, pretend = 0, frame = 0
  38              		@ frame_needed = 0, uses_anonymous_args = 0
  39              		@ link register save eliminated.
  40 0000 0122     		movs	r2, #1
  41 0002 0023     		movs	r3, #0
  42 0004 0270     		strb	r2, [r0]
  43 0006 4360     		str	r3, [r0, #4]
  44 0008 7047     		bx	lr
  45              		.size	extObjectInit, .-extObjectInit
  46 000a 00BFAFF3 		.section	.text.extStart,"ax",%progbits
  46      0080
  47              		.align	2
  48              		.p2align 4,,15
  49              		.global	extStart
  50              		.thumb
  51              		.thumb_func
  52              		.type	extStart, %function
  53              	extStart:
  54              		@ args = 0, pretend = 0, frame = 0
ARM GAS  C:\Users\pc\AppData\Local\Temp\ccFTSlPL.s 			page 2


  55              		@ frame_needed = 0, uses_anonymous_args = 0
  56 0000 0029     		cmp	r1, #0
  57 0002 18BF     		it	ne
  58 0004 0028     		cmpne	r0, #0
  59 0006 38B5     		push	{r3, r4, r5, lr}
  60 0008 0446     		mov	r4, r0
  61 000a 0D46     		mov	r5, r1
  62 000c 1BD0     		beq	.L10
  63              	.L4:
  64 000e 2023     		movs	r3, #32
  65              	@ 100 "chibios/os/hal/src/ext.c" 1
  66 0010 83F31188 		msr     BASEPRI, r3
  67              	@ 0 "" 2
  68              		.thumb
  69 0014 FFF7FEFF 		bl	dbg_check_lock
  70 0018 2378     		ldrb	r3, [r4]	@ zero_extendqisi2
  71 001a 013B     		subs	r3, r3, #1
  72 001c DBB2     		uxtb	r3, r3
  73 001e 012B     		cmp	r3, #1
  74 0020 05D9     		bls	.L5
  75 0022 40F20000 		movw	r0, #:lower16:.LC2
  76 0026 C0F20000 		movt	r0, #:upper16:.LC2
  77 002a FFF7FEFF 		bl	chDbgPanic
  78              	.L5:
  79 002e 2046     		mov	r0, r4
  80 0030 6560     		str	r5, [r4, #4]
  81 0032 FFF7FEFF 		bl	ext_lld_start
  82 0036 0223     		movs	r3, #2
  83 0038 2370     		strb	r3, [r4]
  84 003a FFF7FEFF 		bl	dbg_check_unlock
  85 003e 0023     		movs	r3, #0
  86              	@ 106 "chibios/os/hal/src/ext.c" 1
  87 0040 83F31188 		msr     BASEPRI, r3
  88              	@ 0 "" 2
  89              		.thumb
  90 0044 38BD     		pop	{r3, r4, r5, pc}
  91              	.L10:
  92 0046 40F20000 		movw	r0, #:lower16:.LC0
  93 004a 40F20001 		movw	r1, #:lower16:.LC1
  94 004e C0F20000 		movt	r0, #:upper16:.LC0
  95 0052 C0F20001 		movt	r1, #:upper16:.LC1
  96 0056 6222     		movs	r2, #98
  97 0058 FFF7FEFF 		bl	chDbgPanic3
  98 005c D7E7     		b	.L4
  99              		.size	extStart, .-extStart
 100 005e 00BF     		.section	.text.extStop,"ax",%progbits
 101              		.align	2
 102              		.p2align 4,,15
 103              		.global	extStop
 104              		.thumb
 105              		.thumb_func
 106              		.type	extStop, %function
 107              	extStop:
 108              		@ args = 0, pretend = 0, frame = 0
 109              		@ frame_needed = 0, uses_anonymous_args = 0
 110 0000 10B5     		push	{r4, lr}
 111 0002 0446     		mov	r4, r0
ARM GAS  C:\Users\pc\AppData\Local\Temp\ccFTSlPL.s 			page 3


 112 0004 D0B1     		cbz	r0, .L14
 113              	.L12:
 114 0006 2023     		movs	r3, #32
 115              	@ 120 "chibios/os/hal/src/ext.c" 1
 116 0008 83F31188 		msr     BASEPRI, r3
 117              	@ 0 "" 2
 118              		.thumb
 119 000c FFF7FEFF 		bl	dbg_check_lock
 120 0010 2378     		ldrb	r3, [r4]	@ zero_extendqisi2
 121 0012 013B     		subs	r3, r3, #1
 122 0014 DBB2     		uxtb	r3, r3
 123 0016 012B     		cmp	r3, #1
 124 0018 05D9     		bls	.L13
 125 001a 40F20000 		movw	r0, #:lower16:.LC4
 126 001e C0F20000 		movt	r0, #:upper16:.LC4
 127 0022 FFF7FEFF 		bl	chDbgPanic
 128              	.L13:
 129 0026 2046     		mov	r0, r4
 130 0028 FFF7FEFF 		bl	ext_lld_stop
 131 002c 0123     		movs	r3, #1
 132 002e 2370     		strb	r3, [r4]
 133 0030 FFF7FEFF 		bl	dbg_check_unlock
 134 0034 0023     		movs	r3, #0
 135              	@ 125 "chibios/os/hal/src/ext.c" 1
 136 0036 83F31188 		msr     BASEPRI, r3
 137              	@ 0 "" 2
 138              		.thumb
 139 003a 10BD     		pop	{r4, pc}
 140              	.L14:
 141 003c 40F20000 		movw	r0, #:lower16:.LC3
 142 0040 40F20001 		movw	r1, #:lower16:.LC1
 143 0044 C0F20000 		movt	r0, #:upper16:.LC3
 144 0048 C0F20001 		movt	r1, #:upper16:.LC1
 145 004c 7622     		movs	r2, #118
 146 004e FFF7FEFF 		bl	chDbgPanic3
 147 0052 D8E7     		b	.L12
 148              		.size	extStop, .-extStop
 149 0054 AFF30080 		.section	.text.extChannelEnable,"ax",%progbits
 149      AFF30080 
 149      AFF30080 
 150              		.align	2
 151              		.p2align 4,,15
 152              		.global	extChannelEnable
 153              		.thumb
 154              		.thumb_func
 155              		.type	extChannelEnable, %function
 156              	extChannelEnable:
 157              		@ args = 0, pretend = 0, frame = 0
 158              		@ frame_needed = 0, uses_anonymous_args = 0
 159 0000 1629     		cmp	r1, #22
 160 0002 38B5     		push	{r3, r4, r5, lr}
 161 0004 94BF     		ite	ls
 162 0006 0023     		movls	r3, #0
 163 0008 0123     		movhi	r3, #1
 164 000a 0028     		cmp	r0, #0
 165 000c 08BF     		it	eq
 166 000e 43F00103 		orreq	r3, r3, #1
ARM GAS  C:\Users\pc\AppData\Local\Temp\ccFTSlPL.s 			page 4


 167 0012 0D46     		mov	r5, r1
 168 0014 0446     		mov	r4, r0
 169 0016 EBB9     		cbnz	r3, .L22
 170              	.L16:
 171 0018 2023     		movs	r3, #32
 172              	@ 142 "chibios/os/hal/src/ext.c" 1
 173 001a 83F31188 		msr     BASEPRI, r3
 174              	@ 0 "" 2
 175              		.thumb
 176 001e FFF7FEFF 		bl	dbg_check_lock
 177 0022 2378     		ldrb	r3, [r4]	@ zero_extendqisi2
 178 0024 022B     		cmp	r3, #2
 179 0026 0FD0     		beq	.L23
 180              	.L17:
 181 0028 40F20000 		movw	r0, #:lower16:.LC6
 182 002c C0F20000 		movt	r0, #:upper16:.LC6
 183 0030 FFF7FEFF 		bl	chDbgPanic
 184              	.L18:
 185 0034 2046     		mov	r0, r4
 186 0036 2946     		mov	r1, r5
 187 0038 FFF7FEFF 		bl	ext_lld_channel_enable
 188 003c FFF7FEFF 		bl	dbg_check_unlock
 189 0040 0023     		movs	r3, #0
 190              	@ 148 "chibios/os/hal/src/ext.c" 1
 191 0042 83F31188 		msr     BASEPRI, r3
 192              	@ 0 "" 2
 193              		.thumb
 194 0046 38BD     		pop	{r3, r4, r5, pc}
 195              	.L23:
 196 0048 6368     		ldr	r3, [r4, #4]
 197 004a 53F83530 		ldr	r3, [r3, r5, lsl #3]
 198 004e 9B07     		lsls	r3, r3, #30
 199 0050 F0D1     		bne	.L18
 200 0052 E9E7     		b	.L17
 201              	.L22:
 202 0054 40F20000 		movw	r0, #:lower16:.LC5
 203 0058 40F20001 		movw	r1, #:lower16:.LC1
 204 005c C0F20000 		movt	r0, #:upper16:.LC5
 205 0060 C0F20001 		movt	r1, #:upper16:.LC1
 206 0064 8C22     		movs	r2, #140
 207 0066 FFF7FEFF 		bl	chDbgPanic3
 208 006a D5E7     		b	.L16
 209              		.size	extChannelEnable, .-extChannelEnable
 210 006c AFF30080 		.section	.text.extChannelDisable,"ax",%progbits
 211              		.align	2
 212              		.p2align 4,,15
 213              		.global	extChannelDisable
 214              		.thumb
 215              		.thumb_func
 216              		.type	extChannelDisable, %function
 217              	extChannelDisable:
 218              		@ args = 0, pretend = 0, frame = 0
 219              		@ frame_needed = 0, uses_anonymous_args = 0
 220 0000 1629     		cmp	r1, #22
 221 0002 38B5     		push	{r3, r4, r5, lr}
 222 0004 94BF     		ite	ls
 223 0006 0023     		movls	r3, #0
ARM GAS  C:\Users\pc\AppData\Local\Temp\ccFTSlPL.s 			page 5


 224 0008 0123     		movhi	r3, #1
 225 000a 0028     		cmp	r0, #0
 226 000c 08BF     		it	eq
 227 000e 43F00103 		orreq	r3, r3, #1
 228 0012 0D46     		mov	r5, r1
 229 0014 0446     		mov	r4, r0
 230 0016 EBB9     		cbnz	r3, .L31
 231              	.L25:
 232 0018 2023     		movs	r3, #32
 233              	@ 165 "chibios/os/hal/src/ext.c" 1
 234 001a 83F31188 		msr     BASEPRI, r3
 235              	@ 0 "" 2
 236              		.thumb
 237 001e FFF7FEFF 		bl	dbg_check_lock
 238 0022 2378     		ldrb	r3, [r4]	@ zero_extendqisi2
 239 0024 022B     		cmp	r3, #2
 240 0026 0FD0     		beq	.L32
 241              	.L26:
 242 0028 40F20000 		movw	r0, #:lower16:.LC8
 243 002c C0F20000 		movt	r0, #:upper16:.LC8
 244 0030 FFF7FEFF 		bl	chDbgPanic
 245              	.L27:
 246 0034 2046     		mov	r0, r4
 247 0036 2946     		mov	r1, r5
 248 0038 FFF7FEFF 		bl	ext_lld_channel_disable
 249 003c FFF7FEFF 		bl	dbg_check_unlock
 250 0040 0023     		movs	r3, #0
 251              	@ 171 "chibios/os/hal/src/ext.c" 1
 252 0042 83F31188 		msr     BASEPRI, r3
 253              	@ 0 "" 2
 254              		.thumb
 255 0046 38BD     		pop	{r3, r4, r5, pc}
 256              	.L32:
 257 0048 6368     		ldr	r3, [r4, #4]
 258 004a 53F83530 		ldr	r3, [r3, r5, lsl #3]
 259 004e 9A07     		lsls	r2, r3, #30
 260 0050 F0D1     		bne	.L27
 261 0052 E9E7     		b	.L26
 262              	.L31:
 263 0054 40F20000 		movw	r0, #:lower16:.LC7
 264 0058 40F20001 		movw	r1, #:lower16:.LC1
 265 005c C0F20000 		movt	r0, #:upper16:.LC7
 266 0060 C0F20001 		movt	r1, #:upper16:.LC1
 267 0064 A322     		movs	r2, #163
 268 0066 FFF7FEFF 		bl	chDbgPanic3
 269 006a D5E7     		b	.L25
 270              		.size	extChannelDisable, .-extChannelDisable
 271 006c AFF30080 		.section	.text.extSetChannelModeI,"ax",%progbits
 272              		.align	2
 273              		.p2align 4,,15
 274              		.global	extSetChannelModeI
 275              		.thumb
 276              		.thumb_func
 277              		.type	extSetChannelModeI, %function
 278              	extSetChannelModeI:
 279              		@ args = 0, pretend = 0, frame = 0
 280              		@ frame_needed = 0, uses_anonymous_args = 0
ARM GAS  C:\Users\pc\AppData\Local\Temp\ccFTSlPL.s 			page 6


 281 0000 1629     		cmp	r1, #22
 282 0002 94BF     		ite	ls
 283 0004 0023     		movls	r3, #0
 284 0006 0123     		movhi	r3, #1
 285 0008 0028     		cmp	r0, #0
 286 000a 08BF     		it	eq
 287 000c 43F00103 		orreq	r3, r3, #1
 288 0010 70B5     		push	{r4, r5, r6, lr}
 289 0012 0D46     		mov	r5, r1
 290 0014 0446     		mov	r4, r0
 291 0016 1646     		mov	r6, r2
 292 0018 B3B9     		cbnz	r3, .L34
 293 001a AAB1     		cbz	r2, .L34
 294              	.L35:
 295 001c 2378     		ldrb	r3, [r4]	@ zero_extendqisi2
 296 001e 022B     		cmp	r3, #2
 297 0020 05D0     		beq	.L36
 298 0022 40F20000 		movw	r0, #:lower16:.LC10
 299 0026 C0F20000 		movt	r0, #:upper16:.LC10
 300 002a FFF7FEFF 		bl	chDbgPanic
 301              	.L36:
 302 002e 96E80300 		ldmia	r6, {r0, r1}
 303 0032 6368     		ldr	r3, [r4, #4]
 304 0034 03EBC503 		add	r3, r3, r5, lsl #3
 305 0038 83E80300 		stmia	r3, {r0, r1}
 306 003c 2046     		mov	r0, r4
 307 003e 2946     		mov	r1, r5
 308 0040 BDE87040 		pop	{r4, r5, r6, lr}
 309 0044 FFF7FEBF 		b	ext_lld_channel_enable
 310              	.L34:
 311 0048 40F20000 		movw	r0, #:lower16:.LC9
 312 004c 40F20001 		movw	r1, #:lower16:.LC1
 313 0050 C0F20000 		movt	r0, #:upper16:.LC9
 314 0054 C0F20001 		movt	r1, #:upper16:.LC1
 315 0058 C522     		movs	r2, #197
 316 005a FFF7FEFF 		bl	chDbgPanic3
 317 005e DDE7     		b	.L35
 318              		.size	extSetChannelModeI, .-extSetChannelModeI
 319              		.section	.rodata.str1.4,"aMS",%progbits,1
 320              		.align	2
 321              	.LC0:
 322 0000 22657874 		.ascii	"\"extStart\"()\000"
 322      53746172 
 322      74222829 
 322      00
 323 000d 000000   		.space	3
 324              	.LC1:
 325 0010 63686962 		.ascii	"chibios/os/hal/src/ext.c\000"
 325      696F732F 
 325      6F732F68 
 325      616C2F73 
 325      72632F65 
 326 0029 000000   		.space	3
 327              	.LC2:
 328 002c 65787453 		.ascii	"extStart(), #1\000"
 328      74617274 
 328      28292C20 
ARM GAS  C:\Users\pc\AppData\Local\Temp\ccFTSlPL.s 			page 7


 328      233100
 329 003b 00       		.space	1
 330              	.LC3:
 331 003c 22657874 		.ascii	"\"extStop\"()\000"
 331      53746F70 
 331      22282900 
 332              	.LC4:
 333 0048 65787453 		.ascii	"extStop(), #1\000"
 333      746F7028 
 333      292C2023 
 333      3100
 334 0056 0000     		.space	2
 335              	.LC5:
 336 0058 22657874 		.ascii	"\"extChannelEnable\"()\000"
 336      4368616E 
 336      6E656C45 
 336      6E61626C 
 336      65222829 
 337 006d 000000   		.space	3
 338              	.LC6:
 339 0070 65787443 		.ascii	"extChannelEnable(), #1\000"
 339      68616E6E 
 339      656C456E 
 339      61626C65 
 339      28292C20 
 340 0087 00       		.space	1
 341              	.LC7:
 342 0088 22657874 		.ascii	"\"extChannelDisable\"()\000"
 342      4368616E 
 342      6E656C44 
 342      69736162 
 342      6C652228 
 343 009e 0000     		.space	2
 344              	.LC8:
 345 00a0 65787443 		.ascii	"extChannelDisable(), #1\000"
 345      68616E6E 
 345      656C4469 
 345      7361626C 
 345      6528292C 
 346              	.LC9:
 347 00b8 22657874 		.ascii	"\"extSetChannelModeI\"()\000"
 347      53657443 
 347      68616E6E 
 347      656C4D6F 
 347      64654922 
 348 00cf 00       		.space	1
 349              	.LC10:
 350 00d0 65787453 		.ascii	"extSetChannelModeI(), #1\000"
 350      65744368 
 350      616E6E65 
 350      6C4D6F64 
 350      65492829 
 351 00e9 000000   		.ident	"GCC: (Sourcery CodeBench Lite 2013.11-24) 4.8.1"
ARM GAS  C:\Users\pc\AppData\Local\Temp\ccFTSlPL.s 			page 8


DEFINED SYMBOLS
                            *ABS*:00000000 ext.c
C:\Users\pc\AppData\Local\Temp\ccFTSlPL.s:17     .text.extInit:00000000 $t
C:\Users\pc\AppData\Local\Temp\ccFTSlPL.s:23     .text.extInit:00000000 extInit
C:\Users\pc\AppData\Local\Temp\ccFTSlPL.s:30     .text.extObjectInit:00000000 $t
C:\Users\pc\AppData\Local\Temp\ccFTSlPL.s:36     .text.extObjectInit:00000000 extObjectInit
C:\Users\pc\AppData\Local\Temp\ccFTSlPL.s:47     .text.extStart:00000000 $t
C:\Users\pc\AppData\Local\Temp\ccFTSlPL.s:53     .text.extStart:00000000 extStart
C:\Users\pc\AppData\Local\Temp\ccFTSlPL.s:327    .rodata.str1.4:0000002c .LC2
C:\Users\pc\AppData\Local\Temp\ccFTSlPL.s:321    .rodata.str1.4:00000000 .LC0
C:\Users\pc\AppData\Local\Temp\ccFTSlPL.s:324    .rodata.str1.4:00000010 .LC1
C:\Users\pc\AppData\Local\Temp\ccFTSlPL.s:101    .text.extStop:00000000 $t
C:\Users\pc\AppData\Local\Temp\ccFTSlPL.s:107    .text.extStop:00000000 extStop
C:\Users\pc\AppData\Local\Temp\ccFTSlPL.s:332    .rodata.str1.4:00000048 .LC4
C:\Users\pc\AppData\Local\Temp\ccFTSlPL.s:330    .rodata.str1.4:0000003c .LC3
C:\Users\pc\AppData\Local\Temp\ccFTSlPL.s:150    .text.extChannelEnable:00000000 $t
C:\Users\pc\AppData\Local\Temp\ccFTSlPL.s:156    .text.extChannelEnable:00000000 extChannelEnable
C:\Users\pc\AppData\Local\Temp\ccFTSlPL.s:338    .rodata.str1.4:00000070 .LC6
C:\Users\pc\AppData\Local\Temp\ccFTSlPL.s:335    .rodata.str1.4:00000058 .LC5
C:\Users\pc\AppData\Local\Temp\ccFTSlPL.s:211    .text.extChannelDisable:00000000 $t
C:\Users\pc\AppData\Local\Temp\ccFTSlPL.s:217    .text.extChannelDisable:00000000 extChannelDisable
C:\Users\pc\AppData\Local\Temp\ccFTSlPL.s:344    .rodata.str1.4:000000a0 .LC8
C:\Users\pc\AppData\Local\Temp\ccFTSlPL.s:341    .rodata.str1.4:00000088 .LC7
C:\Users\pc\AppData\Local\Temp\ccFTSlPL.s:272    .text.extSetChannelModeI:00000000 $t
C:\Users\pc\AppData\Local\Temp\ccFTSlPL.s:278    .text.extSetChannelModeI:00000000 extSetChannelModeI
C:\Users\pc\AppData\Local\Temp\ccFTSlPL.s:349    .rodata.str1.4:000000d0 .LC10
C:\Users\pc\AppData\Local\Temp\ccFTSlPL.s:346    .rodata.str1.4:000000b8 .LC9
C:\Users\pc\AppData\Local\Temp\ccFTSlPL.s:320    .rodata.str1.4:00000000 $d

UNDEFINED SYMBOLS
ext_lld_init
dbg_check_lock
chDbgPanic
ext_lld_start
dbg_check_unlock
chDbgPanic3
ext_lld_stop
ext_lld_channel_enable
ext_lld_channel_disable
