ARM GAS  C:\Users\pc\AppData\Local\Temp\cc7KONDy.s 			page 1


   1              		.syntax unified
   2              		.cpu cortex-m4
   3              		.eabi_attribute 27, 3
   4              		.fpu fpv4-sp-d16
   5              		.eabi_attribute 20, 1
   6              		.eabi_attribute 21, 1
   7              		.eabi_attribute 23, 3
   8              		.eabi_attribute 24, 1
   9              		.eabi_attribute 25, 1
  10              		.eabi_attribute 26, 1
  11              		.eabi_attribute 30, 2
  12              		.eabi_attribute 34, 1
  13              		.eabi_attribute 18, 4
  14              		.thumb
  15              		.file	"fatfs_syscall.c"
  16              		.section	.text.ff_memalloc,"ax",%progbits
  17              		.align	2
  18              		.p2align 4,,15
  19              		.global	ff_memalloc
  20              		.thumb
  21              		.thumb_func
  22              		.type	ff_memalloc, %function
  23              	ff_memalloc:
  24              		@ args = 0, pretend = 0, frame = 0
  25              		@ frame_needed = 0, uses_anonymous_args = 0
  26              		@ link register save eliminated.
  27 0000 0146     		mov	r1, r0
  28 0002 0020     		movs	r0, #0
  29 0004 FFF7FEBF 		b	chHeapAlloc
  30              		.size	ff_memalloc, .-ff_memalloc
  31 0008 AFF30080 		.section	.text.ff_memfree,"ax",%progbits
  31      AFF30080 
  32              		.align	2
  33              		.p2align 4,,15
  34              		.global	ff_memfree
  35              		.thumb
  36              		.thumb_func
  37              		.type	ff_memfree, %function
  38              	ff_memfree:
  39              		@ args = 0, pretend = 0, frame = 0
  40              		@ frame_needed = 0, uses_anonymous_args = 0
  41              		@ link register save eliminated.
  42 0000 FFF7FEBF 		b	chHeapFree
  43              		.size	ff_memfree, .-ff_memfree
  44 0004 AFF30080 		.ident	"GCC: (Sourcery CodeBench Lite 2013.11-24) 4.8.1"
  44      AFF30080 
  44      AFF30080 
ARM GAS  C:\Users\pc\AppData\Local\Temp\cc7KONDy.s 			page 2


DEFINED SYMBOLS
                            *ABS*:00000000 fatfs_syscall.c
C:\Users\pc\AppData\Local\Temp\cc7KONDy.s:17     .text.ff_memalloc:00000000 $t
C:\Users\pc\AppData\Local\Temp\cc7KONDy.s:23     .text.ff_memalloc:00000000 ff_memalloc
C:\Users\pc\AppData\Local\Temp\cc7KONDy.s:32     .text.ff_memfree:00000000 $t
C:\Users\pc\AppData\Local\Temp\cc7KONDy.s:38     .text.ff_memfree:00000000 ff_memfree

UNDEFINED SYMBOLS
chHeapAlloc
chHeapFree
