ARM GAS  C:\Users\pc\AppData\Local\Temp\ccCc8dow.s 			page 1


   1              		.syntax unified
   2              		.cpu cortex-m4
   3              		.eabi_attribute 27, 3
   4              		.fpu fpv4-sp-d16
   5              		.eabi_attribute 20, 1
   6              		.eabi_attribute 21, 1
   7              		.eabi_attribute 23, 3
   8              		.eabi_attribute 24, 1
   9              		.eabi_attribute 25, 1
  10              		.eabi_attribute 26, 1
  11              		.eabi_attribute 30, 2
  12              		.eabi_attribute 34, 1
  13              		.eabi_attribute 18, 4
  14              		.thumb
  15              		.file	"fuel_math.cpp"
  16              		.section	.text._ZL21getNumberOfInjections16injection_mode_e,"ax",%progbits
  17              		.align	2
  18              		.p2align 4,,15
  19              		.thumb
  20              		.thumb_func
  21              		.type	_ZL21getNumberOfInjections16injection_mode_e, %function
  22              	_ZL21getNumberOfInjections16injection_mode_e:
  23              		@ args = 0, pretend = 0, frame = 0
  24              		@ frame_needed = 0, uses_anonymous_args = 0
  25 0000 0128     		cmp	r0, #1
  26 0002 08B5     		push	{r3, lr}
  27 0004 0146     		mov	r1, r0
  28 0006 1DD0     		beq	.L6
  29 0008 0228     		cmp	r0, #2
  30 000a 10D0     		beq	.L4
  31 000c 38B1     		cbz	r0, .L9
  32 000e 40F20000 		movw	r0, #:lower16:.LC0
  33 0012 C0F20000 		movt	r0, #:upper16:.LC0
  34 0016 FFF7FEFF 		bl	firmwareError
  35 001a 0120     		movs	r0, #1
  36 001c 08BD     		pop	{r3, pc}
  37              	.L9:
  38 001e 40F20003 		movw	r3, #:lower16:engineConfiguration
  39 0022 C0F20003 		movt	r3, #:upper16:engineConfiguration
  40 0026 1B68     		ldr	r3, [r3]
  41 0028 D3F89401 		ldr	r0, [r3, #404]
  42 002c 08BD     		pop	{r3, pc}
  43              	.L4:
  44 002e 40F20003 		movw	r3, #:lower16:engineConfiguration
  45 0032 C0F20003 		movt	r3, #:upper16:engineConfiguration
  46 0036 1B68     		ldr	r3, [r3]
  47 0038 D3F89401 		ldr	r0, [r3, #404]
  48 003c 00EBD070 		add	r0, r0, r0, lsr #31
  49 0040 4010     		asrs	r0, r0, #1
  50 0042 08BD     		pop	{r3, pc}
  51              	.L6:
  52 0044 08BD     		pop	{r3, pc}
  53              		.size	_ZL21getNumberOfInjections16injection_mode_e, .-_ZL21getNumberOfInjections16injection_mode_e
  54 0046 00BFAFF3 		.section	.text._Z20getInjectorDutyCyclei,"ax",%progbits
  54      0080AFF3 
  54      0080
  55              		.align	2
ARM GAS  C:\Users\pc\AppData\Local\Temp\ccCc8dow.s 			page 2


  56              		.p2align 4,,15
  57              		.global	_Z20getInjectorDutyCyclei
  58              		.thumb
  59              		.thumb_func
  60              		.type	_Z20getInjectorDutyCyclei, %function
  61              	_Z20getInjectorDutyCyclei:
  62              		@ args = 0, pretend = 0, frame = 0
  63              		@ frame_needed = 0, uses_anonymous_args = 0
  64              		@ link register save eliminated.
  65 0000 0020     		movs	r0, #0
  66 0002 7047     		bx	lr
  67              		.size	_Z20getInjectorDutyCyclei, .-_Z20getInjectorDutyCyclei
  68 0004 AFF30080 		.section	.text._Z14getRunningFuelfi,"ax",%progbits
  68      AFF30080 
  68      AFF30080 
  69              		.align	2
  70              		.p2align 4,,15
  71              		.global	_Z14getRunningFuelfi
  72              		.thumb
  73              		.thumb_func
  74              		.type	_Z14getRunningFuelfi, %function
  75              	_Z14getRunningFuelfi:
  76              		@ args = 0, pretend = 0, frame = 0
  77              		@ frame_needed = 0, uses_anonymous_args = 0
  78              		@ link register save eliminated.
  79 0000 064B     		ldr	r3, .L12
  80 0002 06EE900A 		fmsr	s13, r0
  81 0006 93ED027A 		flds	s14, [r3, #8]
  82 000a D3ED017A 		flds	s15, [r3, #4]
  83 000e 26EE877A 		fmuls	s14, s13, s14
  84 0012 67EE277A 		fmuls	s15, s14, s15
  85 0016 17EE900A 		fmrs	r0, s15
  86 001a 7047     		bx	lr
  87              	.L13:
  88              		.align	2
  89              	.L12:
  90 001c C01E0000 		.word	_engine+7872
  91              		.size	_Z14getRunningFuelfi, .-_Z14getRunningFuelfi
  92              		.global	__aeabi_f2d
  93              		.section	.text._Z14getInjectorLagf,"ax",%progbits
  94              		.align	2
  95              		.p2align 4,,15
  96              		.global	_Z14getInjectorLagf
  97              		.thumb
  98              		.thumb_func
  99              		.type	_Z14getInjectorLagf, %function
 100              	_Z14getInjectorLagf:
 101              		@ args = 0, pretend = 0, frame = 0
 102              		@ frame_needed = 0, uses_anonymous_args = 0
 103 0000 38B5     		push	{r3, r4, r5, lr}
 104 0002 0546     		mov	r5, r0	@ float
 105 0004 FFF7FEFF 		bl	__fpclassifyf
 106 0008 A8B1     		cbz	r0, .L17
 107 000a 40F20004 		movw	r4, #:lower16:engineConfiguration
 108 000e C0F20004 		movt	r4, #:upper16:engineConfiguration
 109 0012 2846     		mov	r0, r5	@ float
 110 0014 2268     		ldr	r2, [r4]
ARM GAS  C:\Users\pc\AppData\Local\Temp\ccCc8dow.s 			page 3


 111 0016 0823     		movs	r3, #8
 112 0018 02F11001 		add	r1, r2, #16
 113 001c 3032     		adds	r2, r2, #48
 114 001e FFF7FEFF 		bl	_Z13interpolate2dfPfS_i
 115 0022 2368     		ldr	r3, [r4]
 116 0024 07EE100A 		fmsr	s14, r0
 117 0028 D3ED037A 		flds	s15, [r3, #12]
 118 002c 77EE277A 		fadds	s15, s14, s15
 119 0030 17EE900A 		fmrs	r0, s15
 120 0034 38BD     		pop	{r3, r4, r5, pc}
 121              	.L17:
 122 0036 2846     		mov	r0, r5	@ float
 123 0038 FFF7FEFF 		bl	__aeabi_f2d
 124 003c 0B46     		mov	r3, r1
 125 003e 40F20001 		movw	r1, #:lower16:.LC1
 126 0042 0246     		mov	r2, r0
 127 0044 C0F20001 		movt	r1, #:upper16:.LC1
 128 0048 4FF40C70 		mov	r0, #560
 129 004c FFF7FEFF 		bl	warning
 130 0050 40F20003 		movw	r3, #:lower16:engineConfiguration
 131 0054 C0F20003 		movt	r3, #:upper16:engineConfiguration
 132 0058 1B68     		ldr	r3, [r3]
 133 005a D3ED037A 		flds	s15, [r3, #12]
 134 005e 17EE900A 		fmrs	r0, s15
 135 0062 38BD     		pop	{r3, r4, r5, pc}
 136              		.size	_Z14getInjectorLagf, .-_Z14getInjectorLagf
 137 0064 AFF30080 		.section	.text._Z14prepareFuelMapv,"ax",%progbits
 137      AFF30080 
 137      AFF30080 
 138              		.align	2
 139              		.p2align 4,,15
 140              		.global	_Z14prepareFuelMapv
 141              		.thumb
 142              		.thumb_func
 143              		.type	_Z14prepareFuelMapv, %function
 144              	_Z14prepareFuelMapv:
 145              		@ args = 0, pretend = 0, frame = 0
 146              		@ frame_needed = 0, uses_anonymous_args = 0
 147              		@ link register save eliminated.
 148 0000 40F20003 		movw	r3, #:lower16:config
 149 0004 C0F20003 		movt	r3, #:upper16:config
 150 0008 1E49     		ldr	r1, .L25
 151 000a 1B68     		ldr	r3, [r3]
 152 000c 70B4     		push	{r4, r5, r6}
 153 000e 03F52652 		add	r2, r3, #10624
 154 0012 03F53654 		add	r4, r3, #11648
 155 0016 03F53755 		add	r5, r3, #11712
 156 001a 3834     		adds	r4, r4, #56
 157 001c 3835     		adds	r5, r5, #56
 158 001e 3832     		adds	r2, r2, #56
 159 0020 01F14000 		add	r0, r1, #64
 160              	.L20:
 161 0024 41F8042F 		str	r2, [r1, #4]!
 162 0028 8142     		cmp	r1, r0
 163 002a 02F14002 		add	r2, r2, #64
 164 002e F9D1     		bne	.L20
 165 0030 40F20001 		movw	r1, #:lower16:.LANCHOR0
ARM GAS  C:\Users\pc\AppData\Local\Temp\ccCc8dow.s 			page 4


 166 0034 C0F20001 		movt	r1, #:upper16:.LANCHOR0
 167 0038 4FF25856 		movw	r6, #62808
 168 003c 124A     		ldr	r2, .L25+4
 169 003e 0C64     		str	r4, [r1, #64]
 170 0040 03F52550 		add	r0, r3, #10560
 171 0044 03F52454 		add	r4, r3, #10496
 172 0048 C0F62316 		movt	r6, 2339
 173 004c 03F51453 		add	r3, r3, #9472
 174 0050 4D64     		str	r5, [r1, #68]
 175 0052 8E64     		str	r6, [r1, #72]
 176 0054 3834     		adds	r4, r4, #56
 177 0056 02F14001 		add	r1, r2, #64
 178 005a 3830     		adds	r0, r0, #56
 179 005c 3833     		adds	r3, r3, #56
 180              	.L22:
 181 005e 42F8043F 		str	r3, [r2, #4]!
 182 0062 8A42     		cmp	r2, r1
 183 0064 03F14003 		add	r3, r3, #64
 184 0068 F9D1     		bne	.L22
 185 006a 40F20003 		movw	r3, #:lower16:.LANCHOR1
 186 006e C0F20003 		movt	r3, #:upper16:.LANCHOR1
 187 0072 4FF25852 		movw	r2, #62808
 188 0076 C0F62312 		movt	r2, 2339
 189 007a 1C64     		str	r4, [r3, #64]
 190 007c 5864     		str	r0, [r3, #68]
 191 007e 9A64     		str	r2, [r3, #72]
 192 0080 70BC     		pop	{r4, r5, r6}
 193 0082 7047     		bx	lr
 194              	.L26:
 195              		.align	2
 196              	.L25:
 197 0084 FCFFFFFF 		.word	.LANCHOR0-4
 198 0088 FCFFFFFF 		.word	.LANCHOR1-4
 199              		.size	_Z14prepareFuelMapv, .-_Z14prepareFuelMapv
 200 008c AFF30080 		.section	.text._Z16getCltCorrectionf,"ax",%progbits
 201              		.align	2
 202              		.p2align 4,,15
 203              		.global	_Z16getCltCorrectionf
 204              		.thumb
 205              		.thumb_func
 206              		.type	_Z16getCltCorrectionf, %function
 207              	_Z16getCltCorrectionf:
 208              		@ args = 0, pretend = 0, frame = 0
 209              		@ frame_needed = 0, uses_anonymous_args = 0
 210 0000 10B5     		push	{r4, lr}
 211 0002 0446     		mov	r4, r0	@ float
 212 0004 FFF7FEFF 		bl	__fpclassifyf
 213 0008 10B9     		cbnz	r0, .L29
 214 000a 4FF07E50 		mov	r0, #1065353216
 215 000e 10BD     		pop	{r4, pc}
 216              	.L29:
 217 0010 40F20003 		movw	r3, #:lower16:config
 218 0014 C0F20003 		movt	r3, #:upper16:config
 219 0018 2046     		mov	r0, r4	@ float
 220 001a 1A68     		ldr	r2, [r3]
 221 001c 02F5B551 		add	r1, r2, #5792
 222 0020 02F5B752 		add	r2, r2, #5856
ARM GAS  C:\Users\pc\AppData\Local\Temp\ccCc8dow.s 			page 5


 223 0024 1831     		adds	r1, r1, #24
 224 0026 1832     		adds	r2, r2, #24
 225 0028 1023     		movs	r3, #16
 226 002a BDE81040 		pop	{r4, lr}
 227 002e FFF7FEBF 		b	_Z13interpolate2dfPfS_i
 228              		.size	_Z16getCltCorrectionf, .-_Z16getCltCorrectionf
 229 0032 00BFAFF3 		.section	.text._Z16getIatCorrectionf,"ax",%progbits
 229      0080AFF3 
 229      0080AFF3 
 229      0080
 230              		.align	2
 231              		.p2align 4,,15
 232              		.global	_Z16getIatCorrectionf
 233              		.thumb
 234              		.thumb_func
 235              		.type	_Z16getIatCorrectionf, %function
 236              	_Z16getIatCorrectionf:
 237              		@ args = 0, pretend = 0, frame = 0
 238              		@ frame_needed = 0, uses_anonymous_args = 0
 239 0000 10B5     		push	{r4, lr}
 240 0002 0446     		mov	r4, r0	@ float
 241 0004 FFF7FEFF 		bl	__fpclassifyf
 242 0008 10B9     		cbnz	r0, .L32
 243 000a 4FF07E50 		mov	r0, #1065353216
 244 000e 10BD     		pop	{r4, pc}
 245              	.L32:
 246 0010 40F20003 		movw	r3, #:lower16:config
 247 0014 C0F20003 		movt	r3, #:upper16:config
 248 0018 2046     		mov	r0, r4	@ float
 249 001a 1A68     		ldr	r2, [r3]
 250 001c 02F5B951 		add	r1, r2, #5920
 251 0020 02F5BB52 		add	r2, r2, #5984
 252 0024 1831     		adds	r1, r1, #24
 253 0026 1832     		adds	r2, r2, #24
 254 0028 1023     		movs	r3, #16
 255 002a BDE81040 		pop	{r4, lr}
 256 002e FFF7FEBF 		b	_Z13interpolate2dfPfS_i
 257              		.size	_Z16getIatCorrectionf, .-_Z16getIatCorrectionf
 258 0032 00BFAFF3 		.section	.text._Z17getBaroCorrectionv,"ax",%progbits
 258      0080AFF3 
 258      0080AFF3 
 258      0080
 259              		.align	2
 260              		.p2align 4,,15
 261              		.global	_Z17getBaroCorrectionv
 262              		.thumb
 263              		.thumb_func
 264              		.type	_Z17getBaroCorrectionv, %function
 265              	_Z17getBaroCorrectionv:
 266              		@ args = 0, pretend = 0, frame = 0
 267              		@ frame_needed = 0, uses_anonymous_args = 0
 268 0000 30B5     		push	{r4, r5, lr}
 269 0002 85B0     		sub	sp, sp, #20
 270 0004 FFF7FEFF 		bl	_Z13hasBaroSensorv
 271 0008 18B9     		cbnz	r0, .L38
 272 000a 4FF07E50 		mov	r0, #1065353216
 273 000e 05B0     		add	sp, sp, #20
ARM GAS  C:\Users\pc\AppData\Local\Temp\ccCc8dow.s 			page 6


 274              		@ sp needed
 275 0010 30BD     		pop	{r4, r5, pc}
 276              	.L38:
 277 0012 FFF7FEFF 		bl	_Z15getBaroPressurev
 278 0016 40F20003 		movw	r3, #:lower16:engine
 279 001a C0F20003 		movt	r3, #:upper16:engine
 280 001e 0546     		mov	r5, r0	@ float
 281 0020 1868     		ldr	r0, [r3]
 282 0022 FFF7FEFF 		bl	_ZN13RpmCalculator3rpmEv
 283 0026 40F20002 		movw	r2, #:lower16:baroCorrMap
 284 002a C0F20002 		movt	r2, #:upper16:baroCorrMap
 285 002e 4FF25851 		movw	r1, #62808
 286 0032 9469     		ldr	r4, [r2, #24]
 287 0034 C0F62311 		movt	r1, 2339
 288 0038 8C42     		cmp	r4, r1
 289 003a 0346     		mov	r3, r0
 290 003c 0AD0     		beq	.L35
 291 003e 40F20000 		movw	r0, #:lower16:.LC2
 292 0042 C0F20000 		movt	r0, #:upper16:.LC2
 293 0046 FFF7FEFF 		bl	firmwareError
 294 004a 0020     		movs	r0, #0
 295 004c C7F6C070 		movt	r0, 32704
 296 0050 05B0     		add	sp, sp, #20
 297              		@ sp needed
 298 0052 30BD     		pop	{r4, r5, pc}
 299              	.L35:
 300 0054 07EE903A 		fmsr	s15, r3	@ int
 301 0058 5469     		ldr	r4, [r2, #20]
 302 005a 1169     		ldr	r1, [r2, #16]
 303 005c 0292     		str	r2, [sp, #8]
 304 005e F8EEE77A 		fsitos	s15, s15
 305 0062 0422     		movs	r2, #4
 306 0064 2846     		mov	r0, r5	@ float
 307 0066 17EE903A 		fmrs	r3, s15
 308 006a 0094     		str	r4, [sp]
 309 006c 0192     		str	r2, [sp, #4]
 310 006e FFF7FEFF 		bl	_Z13interpolate3dfPfifS_iPS_
 311 0072 05B0     		add	sp, sp, #20
 312              		@ sp needed
 313 0074 30BD     		pop	{r4, r5, pc}
 314              		.size	_Z17getBaroCorrectionv, .-_Z17getBaroCorrectionv
 315 0076 00BFAFF3 		.section	.text._Z16getCrankingFuel3fm,"ax",%progbits
 315      0080AFF3 
 315      0080
 316              		.align	2
 317              		.p2align 4,,15
 318              		.global	_Z16getCrankingFuel3fm
 319              		.thumb
 320              		.thumb_func
 321              		.type	_Z16getCrankingFuel3fm, %function
 322              	_Z16getCrankingFuel3fm:
 323              		@ args = 0, pretend = 0, frame = 0
 324              		@ frame_needed = 0, uses_anonymous_args = 0
 325 0000 70B5     		push	{r4, r5, r6, lr}
 326 0002 40F20003 		movw	r3, #:lower16:engineConfiguration
 327 0006 C0F20003 		movt	r3, #:upper16:engineConfiguration
 328 000a 2DED028B 		fstmfdd	sp!, {d8}
ARM GAS  C:\Users\pc\AppData\Local\Temp\ccCc8dow.s 			page 7


 329 000e 1B68     		ldr	r3, [r3]
 330 0010 0E46     		mov	r6, r1
 331 0012 0546     		mov	r5, r0	@ float
 332 0014 93ED178A 		flds	s16, [r3, #92]
 333 0018 FFF7FEFF 		bl	__fpclassifyf
 334 001c 30B3     		cbz	r0, .L40
 335 001e 40F20004 		movw	r4, #:lower16:config
 336 0022 C0F20004 		movt	r4, #:upper16:config
 337 0026 07EE906A 		fmsr	s15, r6	@ int
 338 002a 2268     		ldr	r2, [r4]
 339 002c F8EE677A 		fuitos	s15, s15
 340 0030 02F5C051 		add	r1, r2, #6144
 341 0034 02F5BF52 		add	r2, r2, #6112
 342 0038 17EE900A 		fmrs	r0, s15
 343 003c 1831     		adds	r1, r1, #24
 344 003e 1832     		adds	r2, r2, #24
 345 0040 0823     		movs	r3, #8
 346 0042 FFF7FEFF 		bl	_Z13interpolate2dfPfS_i
 347 0046 2268     		ldr	r2, [r4]
 348 0048 02F5BE51 		add	r1, r2, #6080
 349 004c 02F5BD52 		add	r2, r2, #6048
 350 0050 08EE900A 		fmsr	s17, r0
 351 0054 1831     		adds	r1, r1, #24
 352 0056 1832     		adds	r2, r2, #24
 353 0058 2846     		mov	r0, r5	@ float
 354 005a 0823     		movs	r3, #8
 355 005c FFF7FEFF 		bl	_Z13interpolate2dfPfS_i
 356 0060 07EE900A 		fmsr	s15, r0
 357 0064 27EE888A 		fmuls	s16, s15, s16
 358 0068 28EE288A 		fmuls	s16, s16, s17
 359              	.L40:
 360 006c 18EE100A 		fmrs	r0, s16
 361 0070 BDEC028B 		fldmfdd	sp!, {d8}
 362 0074 70BD     		pop	{r4, r5, r6, pc}
 363              		.size	_Z16getCrankingFuel3fm, .-_Z16getCrankingFuel3fm
 364 0076 00BFAFF3 		.section	.text._Z15getCrankingFuelv,"ax",%progbits
 364      0080AFF3 
 364      0080
 365              		.align	2
 366              		.p2align 4,,15
 367              		.global	_Z15getCrankingFuelv
 368              		.thumb
 369              		.thumb_func
 370              		.type	_Z15getCrankingFuelv, %function
 371              	_Z15getCrankingFuelv:
 372              		@ args = 0, pretend = 0, frame = 0
 373              		@ frame_needed = 0, uses_anonymous_args = 0
 374 0000 10B5     		push	{r4, lr}
 375 0002 FFF7FEFF 		bl	_Z21getCoolantTemperaturev
 376 0006 40F20003 		movw	r3, #:lower16:engine
 377 000a C0F20003 		movt	r3, #:upper16:engine
 378 000e 0446     		mov	r4, r0	@ float
 379 0010 1868     		ldr	r0, [r3]
 380 0012 FFF7FEFF 		bl	_ZN13RpmCalculator30getRevolutionCounterSinceStartEv
 381 0016 0146     		mov	r1, r0
 382 0018 2046     		mov	r0, r4	@ float
 383 001a BDE81040 		pop	{r4, lr}
ARM GAS  C:\Users\pc\AppData\Local\Temp\ccCc8dow.s 			page 8


 384 001e FFF7FEBF 		b	_Z16getCrankingFuel3fm
 385              		.size	_Z15getCrankingFuelv, .-_Z15getCrankingFuelv
 386 0022 00BFAFF3 		.section	.text._ZN5Map3DILi16ELi16EE8getValueEff,"axG",%progbits,_ZN5Map3DILi16ELi16EE8getValueEff
 386      0080AFF3 
 386      0080AFF3 
 386      0080
 387              		.align	2
 388              		.p2align 4,,15
 389              		.weak	_ZN5Map3DILi16ELi16EE8getValueEff
 390              		.thumb
 391              		.thumb_func
 392              		.type	_ZN5Map3DILi16ELi16EE8getValueEff, %function
 393              	_ZN5Map3DILi16ELi16EE8getValueEff:
 394              		@ args = 0, pretend = 0, frame = 0
 395              		@ frame_needed = 0, uses_anonymous_args = 0
 396 0000 70B5     		push	{r4, r5, r6, lr}
 397 0002 4FF25854 		movw	r4, #62808
 398 0006 856C     		ldr	r5, [r0, #72]
 399 0008 C0F62314 		movt	r4, 2339
 400 000c A542     		cmp	r5, r4
 401 000e 84B0     		sub	sp, sp, #16
 402 0010 0AD0     		beq	.L44
 403 0012 40F20000 		movw	r0, #:lower16:.LC2
 404 0016 C0F20000 		movt	r0, #:upper16:.LC2
 405 001a FFF7FEFF 		bl	firmwareError
 406 001e 0020     		movs	r0, #0
 407 0020 C7F6C070 		movt	r0, 32704
 408 0024 04B0     		add	sp, sp, #16
 409              		@ sp needed
 410 0026 70BD     		pop	{r4, r5, r6, pc}
 411              	.L44:
 412 0028 066C     		ldr	r6, [r0, #64]
 413 002a 456C     		ldr	r5, [r0, #68]
 414 002c 0290     		str	r0, [sp, #8]
 415 002e 1024     		movs	r4, #16
 416 0030 1346     		mov	r3, r2	@ float
 417 0032 0846     		mov	r0, r1	@ float
 418 0034 0095     		str	r5, [sp]
 419 0036 3146     		mov	r1, r6
 420 0038 0194     		str	r4, [sp, #4]
 421 003a 2246     		mov	r2, r4
 422 003c FFF7FEFF 		bl	_Z13interpolate3dfPfifS_iPS_
 423 0040 04B0     		add	sp, sp, #16
 424              		@ sp needed
 425 0042 70BD     		pop	{r4, r5, r6, pc}
 426              		.size	_ZN5Map3DILi16ELi16EE8getValueEff, .-_ZN5Map3DILi16ELi16EE8getValueEff
 427 0044 AFF30080 		.section	.text._Z14getRealMafFuelfi,"ax",%progbits
 427      AFF30080 
 427      AFF30080 
 428              		.align	2
 429              		.p2align 4,,15
 430              		.global	_Z14getRealMafFuelfi
 431              		.thumb
 432              		.thumb_func
 433              		.type	_Z14getRealMafFuelfi, %function
 434              	_Z14getRealMafFuelfi:
 435              		@ args = 0, pretend = 0, frame = 0
ARM GAS  C:\Users\pc\AppData\Local\Temp\ccCc8dow.s 			page 9


 436              		@ frame_needed = 0, uses_anonymous_args = 0
 437 0000 08B5     		push	{r3, lr}
 438 0002 07EE900A 		fmsr	s15, r0
 439 0006 2DED028B 		fstmfdd	sp!, {d8}
 440 000a 31B9     		cbnz	r1, .L49
 441 000c BDEC028B 		fldmfdd	sp!, {d8}
 442 0010 DFED1A7A 		flds	s15, .L50
 443 0014 17EE900A 		fmrs	r0, s15
 444 0018 08BD     		pop	{r3, pc}
 445              	.L49:
 446 001a 06EE901A 		fmsr	s13, r1	@ int
 447 001e B8EEE67A 		fsitos	s14, s13
 448 0022 DFED176A 		flds	s13, .L50+4
 449 0026 C6EE878A 		fdivs	s17, s13, s14
 450 002a 40F20003 		movw	r3, #:lower16:engineConfiguration
 451 002e C0F20003 		movt	r3, #:upper16:engineConfiguration
 452 0032 40F20000 		movw	r0, #:lower16:afrMap
 453 0036 1B68     		ldr	r3, [r3]
 454 0038 C0F20000 		movt	r0, #:upper16:afrMap
 455 003c 93ED028A 		flds	s16, [r3, #8]
 456 0040 DFED106A 		flds	s13, .L50+8
 457 0044 17EE102A 		fmrs	r2, s14
 458 0048 17EE901A 		fmrs	r1, s15
 459 004c 67EEA88A 		fmuls	s17, s15, s17
 460 0050 28EE268A 		fmuls	s16, s16, s13
 461 0054 FFF7FEFF 		bl	_ZN5Map3DILi16ELi16EE8getValueEff
 462 0058 07EE900A 		fmsr	s15, r0
 463 005c 88EEA77A 		fdivs	s14, s17, s15
 464 0060 DFED097A 		flds	s15, .L50+12
 465 0064 27EE277A 		fmuls	s14, s14, s15
 466 0068 67EE277A 		fmuls	s15, s14, s15
 467 006c C7EE887A 		fdivs	s15, s15, s16
 468 0070 BDEC028B 		fldmfdd	sp!, {d8}
 469 0074 17EE900A 		fmrs	r0, s15
 470 0078 08BD     		pop	{r3, pc}
 471              	.L51:
 472 007a 00BF     		.align	2
 473              	.L50:
 474 007c 00000000 		.word	0
 475 0080 8988883C 		.word	1015580809
 476 0084 CD9A443C 		.word	1011129037
 477 0088 00007A44 		.word	1148846080
 478              		.size	_Z14getRealMafFuelfi, .-_Z14getRealMafFuelfi
 479 008c AFF30080 		.section	.text._Z11getBaseFueli,"ax",%progbits
 480              		.align	2
 481              		.p2align 4,,15
 482              		.global	_Z11getBaseFueli
 483              		.thumb
 484              		.thumb_func
 485              		.type	_Z11getBaseFueli, %function
 486              	_Z11getBaseFueli:
 487              		@ args = 0, pretend = 0, frame = 0
 488              		@ frame_needed = 0, uses_anonymous_args = 0
 489 0000 10B5     		push	{r4, lr}
 490 0002 0446     		mov	r4, r0
 491 0004 2DED028B 		fstmfdd	sp!, {d8}
 492 0008 2348     		ldr	r0, .L58
ARM GAS  C:\Users\pc\AppData\Local\Temp\ccCc8dow.s 			page 10


 493 000a FFF7FEFF 		bl	_ZN16AccelEnrichmemnt16getTpsEnrichmentEv
 494 000e 40F20003 		movw	r3, #:lower16:persistentState
 495 0012 C0F20003 		movt	r3, #:upper16:persistentState
 496 0016 08EE100A 		fmsr	s16, r0
 497 001a D3F8B031 		ldr	r3, [r3, #432]
 498 001e 032B     		cmp	r3, #3
 499 0020 18D0     		beq	.L56
 500 0022 40F20003 		movw	r3, #:lower16:engineConfiguration
 501 0026 C0F20003 		movt	r3, #:upper16:engineConfiguration
 502 002a 1B68     		ldr	r3, [r3]
 503 002c D3F8A831 		ldr	r3, [r3, #424]
 504 0030 042B     		cmp	r3, #4
 505 0032 17D0     		beq	.L57
 506 0034 40F20003 		movw	r3, #:lower16:engine
 507 0038 C0F20003 		movt	r3, #:upper16:engine
 508 003c 1B68     		ldr	r3, [r3]
 509 003e 03F5F753 		add	r3, r3, #7904
 510 0042 D3ED007A 		flds	s15, [r3]
 511 0046 38EE278A 		fadds	s16, s16, s15
 512              	.L54:
 513 004a 18EE100A 		fmrs	r0, s16
 514 004e BDEC028B 		fldmfdd	sp!, {d8}
 515 0052 10BD     		pop	{r4, pc}
 516              	.L56:
 517 0054 2046     		mov	r0, r4
 518 0056 FFF7FEFF 		bl	_Z19getSpeedDensityFueli
 519 005a 07EE900A 		fmsr	s15, r0
 520 005e 37EE888A 		fadds	s16, s15, s16
 521 0062 F2E7     		b	.L54
 522              	.L57:
 523 0064 FFF7FEFF 		bl	_Z10getRealMafv
 524 0068 40F20003 		movw	r3, #:lower16:engine
 525 006c C0F20003 		movt	r3, #:upper16:engine
 526 0070 08EE900A 		fmsr	s17, r0
 527 0074 1868     		ldr	r0, [r3]
 528 0076 3830     		adds	r0, r0, #56
 529 0078 FFF7FEFF 		bl	_ZN16AccelEnrichmemnt16getMapEnrichmentEv
 530 007c 07EE900A 		fmsr	s15, r0
 531 0080 78EEA77A 		fadds	s15, s17, s15
 532 0084 2146     		mov	r1, r4
 533 0086 17EE900A 		fmrs	r0, s15
 534 008a FFF7FEFF 		bl	_Z14getRealMafFuelfi
 535 008e 07EE900A 		fmsr	s15, r0
 536 0092 37EE888A 		fadds	s16, s15, s16
 537 0096 D8E7     		b	.L54
 538              	.L59:
 539              		.align	2
 540              	.L58:
 541 0098 4C010000 		.word	_engine+332
 542              		.size	_Z11getBaseFueli, .-_Z11getBaseFueli
 543 009c AFF30080 		.section	.text._Z9getFuelMsi,"ax",%progbits
 544              		.align	2
 545              		.p2align 4,,15
 546              		.global	_Z9getFuelMsi
 547              		.thumb
 548              		.thumb_func
 549              		.type	_Z9getFuelMsi, %function
ARM GAS  C:\Users\pc\AppData\Local\Temp\ccCc8dow.s 			page 11


 550              	_Z9getFuelMsi:
 551              		@ args = 0, pretend = 0, frame = 0
 552              		@ frame_needed = 0, uses_anonymous_args = 0
 553 0000 08B5     		push	{r3, lr}
 554 0002 0028     		cmp	r0, #0
 555 0004 2DED028B 		fstmfdd	sp!, {d8}
 556 0008 07DD     		ble	.L61
 557 000a 40F20003 		movw	r3, #:lower16:persistentState
 558 000e C0F20003 		movt	r3, #:upper16:persistentState
 559 0012 B3F96830 		ldrsh	r3, [r3, #104]
 560 0016 9842     		cmp	r0, r3
 561 0018 25DB     		blt	.L63
 562              	.L61:
 563 001a FFF7FEFF 		bl	_Z11getBaseFueli
 564 001e 1C4A     		ldr	r2, .L64
 565 0020 40F20003 		movw	r3, #:lower16:engineConfiguration
 566 0024 C0F20003 		movt	r3, #:upper16:engineConfiguration
 567 0028 07EE900A 		fmsr	s15, r0
 568 002c 92ED028A 		flds	s16, [r2, #8]
 569 0030 1B68     		ldr	r3, [r3]
 570 0032 27EE888A 		fmuls	s16, s15, s16
 571 0036 D2ED017A 		flds	s15, [r2, #4]
 572 003a D3F8B001 		ldr	r0, [r3, #432]
 573 003e 28EE278A 		fmuls	s16, s16, s15
 574 0042 FFF7FEFF 		bl	_ZL21getNumberOfInjections16injection_mode_e
 575 0046 07EE100A 		fmsr	s14, r0	@ int
 576 004a F8EEC77A 		fsitos	s15, s14
 577 004e 88EE277A 		fdivs	s14, s16, s15
 578              	.L62:
 579 0052 104B     		ldr	r3, .L64+4
 580 0054 BDEC028B 		fldmfdd	sp!, {d8}
 581 0058 D3ED047A 		flds	s15, [r3, #16]
 582 005c 77EE277A 		fadds	s15, s14, s15
 583 0060 17EE900A 		fmrs	r0, s15
 584 0064 08BD     		pop	{r3, pc}
 585              	.L63:
 586 0066 FFF7FEFF 		bl	_Z15getCrankingFuelv
 587 006a 40F20003 		movw	r3, #:lower16:engineConfiguration
 588 006e C0F20003 		movt	r3, #:upper16:engineConfiguration
 589 0072 08EE100A 		fmsr	s16, r0
 590 0076 1B68     		ldr	r3, [r3]
 591 0078 D3F8AC01 		ldr	r0, [r3, #428]
 592 007c FFF7FEFF 		bl	_ZL21getNumberOfInjections16injection_mode_e
 593 0080 07EE100A 		fmsr	s14, r0	@ int
 594 0084 F8EEC77A 		fsitos	s15, s14
 595 0088 88EE277A 		fdivs	s14, s16, s15
 596 008c E1E7     		b	.L62
 597              	.L65:
 598 008e 00BF     		.align	2
 599              	.L64:
 600 0090 C01E0000 		.word	_engine+7872
 601 0094 E01E0000 		.word	_engine+7904
 602              		.size	_Z9getFuelMsi, .-_Z9getFuelMsi
 603 0098 AFF30080 		.section	.text._Z18getinjectionOffseti,"ax",%progbits
 603      AFF30080 
 604              		.align	2
 605              		.p2align 4,,15
ARM GAS  C:\Users\pc\AppData\Local\Temp\ccCc8dow.s 			page 12


 606              		.global	_Z18getinjectionOffseti
 607              		.thumb
 608              		.thumb_func
 609              		.type	_Z18getinjectionOffseti, %function
 610              	_Z18getinjectionOffseti:
 611              		@ args = 0, pretend = 0, frame = 0
 612              		@ frame_needed = 0, uses_anonymous_args = 0
 613 0000 10B5     		push	{r4, lr}
 614 0002 0446     		mov	r4, r0
 615 0004 FFF7FEFF 		bl	_Z14getEngineLoadTv
 616 0008 07EE904A 		fmsr	s15, r4	@ int
 617 000c F8EEE77A 		fsitos	s15, s15
 618 0010 0146     		mov	r1, r0	@ float
 619 0012 40F20000 		movw	r0, #:lower16:.LANCHOR1
 620 0016 17EE902A 		fmrs	r2, s15
 621 001a C0F20000 		movt	r0, #:upper16:.LANCHOR1
 622 001e FFF7FEFF 		bl	_ZN5Map3DILi16ELi16EE8getValueEff
 623 0022 10BD     		pop	{r4, pc}
 624              		.size	_Z18getinjectionOffseti, .-_Z18getinjectionOffseti
 625 0024 AFF30080 		.section	.text._Z16getBaseTableFuelP22engine_configuration_sif,"ax",%progbits
 625      AFF30080 
 625      AFF30080 
 626              		.align	2
 627              		.p2align 4,,15
 628              		.global	_Z16getBaseTableFuelP22engine_configuration_sif
 629              		.thumb
 630              		.thumb_func
 631              		.type	_Z16getBaseTableFuelP22engine_configuration_sif, %function
 632              	_Z16getBaseTableFuelP22engine_configuration_sif:
 633              		@ args = 0, pretend = 0, frame = 0
 634              		@ frame_needed = 0, uses_anonymous_args = 0
 635 0000 38B5     		push	{r3, r4, r5, lr}
 636 0002 1046     		mov	r0, r2	@ float
 637 0004 1446     		mov	r4, r2	@ float
 638 0006 0D46     		mov	r5, r1
 639 0008 FFF7FEFF 		bl	__fpclassifyf
 640 000c 68B1     		cbz	r0, .L70
 641 000e 07EE905A 		fmsr	s15, r5	@ int
 642 0012 F8EEE77A 		fsitos	s15, s15
 643 0016 40F20000 		movw	r0, #:lower16:.LANCHOR0
 644 001a 2146     		mov	r1, r4	@ float
 645 001c 17EE902A 		fmrs	r2, s15
 646 0020 C0F20000 		movt	r0, #:upper16:.LANCHOR0
 647 0024 FFF7FEFF 		bl	_ZN5Map3DILi16ELi16EE8getValueEff
 648 0028 38BD     		pop	{r3, r4, r5, pc}
 649              	.L70:
 650 002a 40F20001 		movw	r1, #:lower16:.LC3
 651 002e C0F20001 		movt	r1, #:upper16:.LC3
 652 0032 40F25E20 		movw	r0, #606
 653 0036 FFF7FEFF 		bl	warning
 654 003a 0020     		movs	r0, #0
 655 003c C7F6C070 		movt	r0, 32704
 656 0040 38BD     		pop	{r3, r4, r5, pc}
 657              		.size	_Z16getBaseTableFuelP22engine_configuration_sif, .-_Z16getBaseTableFuelP22engine_configurati
 658 0042 00BFAFF3 		.section	.text.startup._GLOBAL__sub_I__Z14getRealMafFuelfi,"ax",%progbits
 658      0080AFF3 
 658      0080AFF3 
ARM GAS  C:\Users\pc\AppData\Local\Temp\ccCc8dow.s 			page 13


 658      0080
 659              		.align	2
 660              		.p2align 4,,15
 661              		.thumb
 662              		.thumb_func
 663              		.type	_GLOBAL__sub_I__Z14getRealMafFuelfi, %function
 664              	_GLOBAL__sub_I__Z14getRealMafFuelfi:
 665              		@ args = 0, pretend = 0, frame = 0
 666              		@ frame_needed = 0, uses_anonymous_args = 0
 667 0000 F8B5     		push	{r3, r4, r5, r6, r7, lr}
 668 0002 40F20006 		movw	r6, #:lower16:.LANCHOR0
 669 0006 0024     		movs	r4, #0
 670 0008 C0F20006 		movt	r6, #:upper16:.LANCHOR0
 671 000c 4027     		movs	r7, #64
 672 000e 40F20005 		movw	r5, #:lower16:.LANCHOR1
 673 0012 C0F20005 		movt	r5, #:upper16:.LANCHOR1
 674 0016 2146     		mov	r1, r4
 675 0018 3A46     		mov	r2, r7
 676 001a 3046     		mov	r0, r6
 677 001c B464     		str	r4, [r6, #72]
 678 001e FFF7FEFF 		bl	memset
 679 0022 3A46     		mov	r2, r7
 680 0024 2846     		mov	r0, r5
 681 0026 2146     		mov	r1, r4
 682 0028 3464     		str	r4, [r6, #64]
 683 002a 7464     		str	r4, [r6, #68]
 684 002c AC64     		str	r4, [r5, #72]
 685 002e FFF7FEFF 		bl	memset
 686 0032 2C64     		str	r4, [r5, #64]
 687 0034 6C64     		str	r4, [r5, #68]
 688 0036 F8BD     		pop	{r3, r4, r5, r6, r7, pc}
 689              		.size	_GLOBAL__sub_I__Z14getRealMafFuelfi, .-_GLOBAL__sub_I__Z14getRealMafFuelfi
 690 0038 AFF30080 		.section	.init_array,"aw",%init_array
 690      AFF30080 
 691              		.align	2
 692 0000 00000000 		.word	_GLOBAL__sub_I__Z14getRealMafFuelfi(target1)
 693              		.section	.bss._ZL12fuelPhaseMap,"aw",%nobits
 694              		.align	2
 695              		.set	.LANCHOR1,. + 0
 696              		.type	_ZL12fuelPhaseMap, %object
 697              		.size	_ZL12fuelPhaseMap, 76
 698              	_ZL12fuelPhaseMap:
 699 0000 00000000 		.space	76
 699      00000000 
 699      00000000 
 699      00000000 
 699      00000000 
 700              		.section	.bss._ZL7fuelMap,"aw",%nobits
 701              		.align	2
 702              		.set	.LANCHOR0,. + 0
 703              		.type	_ZL7fuelMap, %object
 704              		.size	_ZL7fuelMap, 76
 705              	_ZL7fuelMap:
 706 0000 00000000 		.space	76
 706      00000000 
 706      00000000 
 706      00000000 
ARM GAS  C:\Users\pc\AppData\Local\Temp\ccCc8dow.s 			page 14


 706      00000000 
 707              		.section	.rodata.str1.4,"aMS",%progbits,1
 708              		.align	2
 709              	.LC0:
 710 0000 556E6578 		.ascii	"Unexpected getFuelMultiplier %d\000"
 710      70656374 
 710      65642067 
 710      65744675 
 710      656C4D75 
 711              	.LC1:
 712 0020 76426174 		.ascii	"vBatt=%f\000"
 712      743D2566 
 712      00
 713 0029 000000   		.space	3
 714              	.LC2:
 715 002c 6D617020 		.ascii	"map not initialized\000"
 715      6E6F7420 
 715      696E6974 
 715      69616C69 
 715      7A656400 
 716              	.LC3:
 717 0040 4E614E20 		.ascii	"NaN engine load\000"
 717      656E6769 
 717      6E65206C 
 717      6F616400 
 718              		.ident	"GCC: (Sourcery CodeBench Lite 2013.11-24) 4.8.1"
ARM GAS  C:\Users\pc\AppData\Local\Temp\ccCc8dow.s 			page 15


DEFINED SYMBOLS
                            *ABS*:00000000 fuel_math.cpp
C:\Users\pc\AppData\Local\Temp\ccCc8dow.s:17     .text._ZL21getNumberOfInjections16injection_mode_e:00000000 $t
C:\Users\pc\AppData\Local\Temp\ccCc8dow.s:22     .text._ZL21getNumberOfInjections16injection_mode_e:00000000 _ZL21getNumberOfInjections16injection_mode_e
C:\Users\pc\AppData\Local\Temp\ccCc8dow.s:709    .rodata.str1.4:00000000 .LC0
C:\Users\pc\AppData\Local\Temp\ccCc8dow.s:55     .text._Z20getInjectorDutyCyclei:00000000 $t
C:\Users\pc\AppData\Local\Temp\ccCc8dow.s:61     .text._Z20getInjectorDutyCyclei:00000000 _Z20getInjectorDutyCyclei
C:\Users\pc\AppData\Local\Temp\ccCc8dow.s:69     .text._Z14getRunningFuelfi:00000000 $t
C:\Users\pc\AppData\Local\Temp\ccCc8dow.s:75     .text._Z14getRunningFuelfi:00000000 _Z14getRunningFuelfi
C:\Users\pc\AppData\Local\Temp\ccCc8dow.s:90     .text._Z14getRunningFuelfi:0000001c $d
C:\Users\pc\AppData\Local\Temp\ccCc8dow.s:94     .text._Z14getInjectorLagf:00000000 $t
C:\Users\pc\AppData\Local\Temp\ccCc8dow.s:100    .text._Z14getInjectorLagf:00000000 _Z14getInjectorLagf
C:\Users\pc\AppData\Local\Temp\ccCc8dow.s:711    .rodata.str1.4:00000020 .LC1
C:\Users\pc\AppData\Local\Temp\ccCc8dow.s:138    .text._Z14prepareFuelMapv:00000000 $t
C:\Users\pc\AppData\Local\Temp\ccCc8dow.s:144    .text._Z14prepareFuelMapv:00000000 _Z14prepareFuelMapv
C:\Users\pc\AppData\Local\Temp\ccCc8dow.s:702    .bss._ZL7fuelMap:00000000 .LANCHOR0
C:\Users\pc\AppData\Local\Temp\ccCc8dow.s:695    .bss._ZL12fuelPhaseMap:00000000 .LANCHOR1
C:\Users\pc\AppData\Local\Temp\ccCc8dow.s:197    .text._Z14prepareFuelMapv:00000084 $d
C:\Users\pc\AppData\Local\Temp\ccCc8dow.s:201    .text._Z16getCltCorrectionf:00000000 $t
C:\Users\pc\AppData\Local\Temp\ccCc8dow.s:207    .text._Z16getCltCorrectionf:00000000 _Z16getCltCorrectionf
C:\Users\pc\AppData\Local\Temp\ccCc8dow.s:230    .text._Z16getIatCorrectionf:00000000 $t
C:\Users\pc\AppData\Local\Temp\ccCc8dow.s:236    .text._Z16getIatCorrectionf:00000000 _Z16getIatCorrectionf
C:\Users\pc\AppData\Local\Temp\ccCc8dow.s:259    .text._Z17getBaroCorrectionv:00000000 $t
C:\Users\pc\AppData\Local\Temp\ccCc8dow.s:265    .text._Z17getBaroCorrectionv:00000000 _Z17getBaroCorrectionv
C:\Users\pc\AppData\Local\Temp\ccCc8dow.s:714    .rodata.str1.4:0000002c .LC2
C:\Users\pc\AppData\Local\Temp\ccCc8dow.s:316    .text._Z16getCrankingFuel3fm:00000000 $t
C:\Users\pc\AppData\Local\Temp\ccCc8dow.s:322    .text._Z16getCrankingFuel3fm:00000000 _Z16getCrankingFuel3fm
C:\Users\pc\AppData\Local\Temp\ccCc8dow.s:365    .text._Z15getCrankingFuelv:00000000 $t
C:\Users\pc\AppData\Local\Temp\ccCc8dow.s:371    .text._Z15getCrankingFuelv:00000000 _Z15getCrankingFuelv
C:\Users\pc\AppData\Local\Temp\ccCc8dow.s:387    .text._ZN5Map3DILi16ELi16EE8getValueEff:00000000 $t
C:\Users\pc\AppData\Local\Temp\ccCc8dow.s:393    .text._ZN5Map3DILi16ELi16EE8getValueEff:00000000 _ZN5Map3DILi16ELi16EE8getValueEff
C:\Users\pc\AppData\Local\Temp\ccCc8dow.s:428    .text._Z14getRealMafFuelfi:00000000 $t
C:\Users\pc\AppData\Local\Temp\ccCc8dow.s:434    .text._Z14getRealMafFuelfi:00000000 _Z14getRealMafFuelfi
C:\Users\pc\AppData\Local\Temp\ccCc8dow.s:474    .text._Z14getRealMafFuelfi:0000007c $d
C:\Users\pc\AppData\Local\Temp\ccCc8dow.s:480    .text._Z11getBaseFueli:00000000 $t
C:\Users\pc\AppData\Local\Temp\ccCc8dow.s:486    .text._Z11getBaseFueli:00000000 _Z11getBaseFueli
C:\Users\pc\AppData\Local\Temp\ccCc8dow.s:541    .text._Z11getBaseFueli:00000098 $d
C:\Users\pc\AppData\Local\Temp\ccCc8dow.s:544    .text._Z9getFuelMsi:00000000 $t
C:\Users\pc\AppData\Local\Temp\ccCc8dow.s:550    .text._Z9getFuelMsi:00000000 _Z9getFuelMsi
C:\Users\pc\AppData\Local\Temp\ccCc8dow.s:600    .text._Z9getFuelMsi:00000090 $d
C:\Users\pc\AppData\Local\Temp\ccCc8dow.s:604    .text._Z18getinjectionOffseti:00000000 $t
C:\Users\pc\AppData\Local\Temp\ccCc8dow.s:610    .text._Z18getinjectionOffseti:00000000 _Z18getinjectionOffseti
C:\Users\pc\AppData\Local\Temp\ccCc8dow.s:626    .text._Z16getBaseTableFuelP22engine_configuration_sif:00000000 $t
C:\Users\pc\AppData\Local\Temp\ccCc8dow.s:632    .text._Z16getBaseTableFuelP22engine_configuration_sif:00000000 _Z16getBaseTableFuelP22engine_configuration_sif
C:\Users\pc\AppData\Local\Temp\ccCc8dow.s:716    .rodata.str1.4:00000040 .LC3
C:\Users\pc\AppData\Local\Temp\ccCc8dow.s:659    .text.startup._GLOBAL__sub_I__Z14getRealMafFuelfi:00000000 $t
C:\Users\pc\AppData\Local\Temp\ccCc8dow.s:664    .text.startup._GLOBAL__sub_I__Z14getRealMafFuelfi:00000000 _GLOBAL__sub_I__Z14getRealMafFuelfi
C:\Users\pc\AppData\Local\Temp\ccCc8dow.s:691    .init_array:00000000 $d
C:\Users\pc\AppData\Local\Temp\ccCc8dow.s:694    .bss._ZL12fuelPhaseMap:00000000 $d
C:\Users\pc\AppData\Local\Temp\ccCc8dow.s:698    .bss._ZL12fuelPhaseMap:00000000 _ZL12fuelPhaseMap
C:\Users\pc\AppData\Local\Temp\ccCc8dow.s:701    .bss._ZL7fuelMap:00000000 $d
C:\Users\pc\AppData\Local\Temp\ccCc8dow.s:705    .bss._ZL7fuelMap:00000000 _ZL7fuelMap
C:\Users\pc\AppData\Local\Temp\ccCc8dow.s:708    .rodata.str1.4:00000000 $d
C:\Users\pc\AppData\Local\Temp\ccCc8dow.s:200    .text._Z14prepareFuelMapv:0000008c $t
C:\Users\pc\AppData\Local\Temp\ccCc8dow.s:479    .text._Z14getRealMafFuelfi:0000008c $t
C:\Users\pc\AppData\Local\Temp\ccCc8dow.s:543    .text._Z11getBaseFueli:0000009c $t
C:\Users\pc\AppData\Local\Temp\ccCc8dow.s:603    .text._Z9getFuelMsi:00000098 $t
ARM GAS  C:\Users\pc\AppData\Local\Temp\ccCc8dow.s 			page 16



UNDEFINED SYMBOLS
firmwareError
engineConfiguration
_engine
__aeabi_f2d
__fpclassifyf
_Z13interpolate2dfPfS_i
warning
config
_Z13hasBaroSensorv
_Z15getBaroPressurev
engine
_ZN13RpmCalculator3rpmEv
baroCorrMap
_Z13interpolate3dfPfifS_iPS_
_Z21getCoolantTemperaturev
_ZN13RpmCalculator30getRevolutionCounterSinceStartEv
afrMap
_ZN16AccelEnrichmemnt16getTpsEnrichmentEv
persistentState
_Z19getSpeedDensityFueli
_Z10getRealMafv
_ZN16AccelEnrichmemnt16getMapEnrichmentEv
_Z14getEngineLoadTv
memset
