ARM GAS  C:\Users\pc\AppData\Local\Temp\ccSqZDPn.s 			page 1


   1              		.syntax unified
   2              		.cpu cortex-m4
   3              		.eabi_attribute 27, 3
   4              		.fpu fpv4-sp-d16
   5              		.eabi_attribute 20, 1
   6              		.eabi_attribute 21, 1
   7              		.eabi_attribute 23, 3
   8              		.eabi_attribute 24, 1
   9              		.eabi_attribute 25, 1
  10              		.eabi_attribute 26, 1
  11              		.eabi_attribute 30, 2
  12              		.eabi_attribute 34, 1
  13              		.eabi_attribute 18, 4
  14              		.thumb
  15              		.file	"gm_2_2.cpp"
  16              		.section	.text._Z8setGm2_2v,"ax",%progbits
  17              		.align	2
  18              		.p2align 4,,15
  19              		.global	_Z8setGm2_2v
  20              		.thumb
  21              		.thumb_func
  22              		.type	_Z8setGm2_2v, %function
  23              	_Z8setGm2_2v:
  24              		@ args = 0, pretend = 0, frame = 0
  25              		@ frame_needed = 0, uses_anonymous_args = 0
  26 0000 10B5     		push	{r4, lr}
  27 0002 40F20004 		movw	r4, #:lower16:engineConfiguration
  28 0006 C0F20004 		movt	r4, #:upper16:engineConfiguration
  29 000a 0221     		movs	r1, #2
  30 000c 2068     		ldr	r0, [r4]
  31 000e FFF7FEFF 		bl	_Z16setOperationModeP22engine_configuration_s16operation_mode_e
  32 0012 40F20003 		movw	r3, #:lower16:boardConfiguration
  33 0016 C0F20003 		movt	r3, #:upper16:boardConfiguration
  34 001a 2068     		ldr	r0, [r4]
  35 001c 1B68     		ldr	r3, [r3]
  36 001e 1124     		movs	r4, #17
  37 0020 2621     		movs	r1, #38
  38 0022 0822     		movs	r2, #8
  39 0024 C0F81842 		str	r4, [r0, #536]
  40 0028 C3F82811 		str	r1, [r3, #296]
  41 002c C3F82C21 		str	r2, [r3, #300]
  42 0030 10BD     		pop	{r4, pc}
  43              		.size	_Z8setGm2_2v, .-_Z8setGm2_2v
  44 0032 00BFAFF3 		.ident	"GCC: (Sourcery CodeBench Lite 2013.11-24) 4.8.1"
  44      0080AFF3 
  44      0080AFF3 
  44      0080
ARM GAS  C:\Users\pc\AppData\Local\Temp\ccSqZDPn.s 			page 2


DEFINED SYMBOLS
                            *ABS*:00000000 gm_2_2.cpp
C:\Users\pc\AppData\Local\Temp\ccSqZDPn.s:17     .text._Z8setGm2_2v:00000000 $t
C:\Users\pc\AppData\Local\Temp\ccSqZDPn.s:23     .text._Z8setGm2_2v:00000000 _Z8setGm2_2v

UNDEFINED SYMBOLS
engineConfiguration
_Z16setOperationModeP22engine_configuration_s16operation_mode_e
boardConfiguration
