ARM GAS  C:\Users\pc\AppData\Local\Temp\ccZjn68w.s 			page 1


   1              		.syntax unified
   2              		.cpu cortex-m4
   3              		.eabi_attribute 27, 3
   4              		.fpu fpv4-sp-d16
   5              		.eabi_attribute 20, 1
   6              		.eabi_attribute 21, 1
   7              		.eabi_attribute 23, 3
   8              		.eabi_attribute 24, 1
   9              		.eabi_attribute 25, 1
  10              		.eabi_attribute 26, 1
  11              		.eabi_attribute 30, 2
  12              		.eabi_attribute 34, 1
  13              		.eabi_attribute 18, 4
  14              		.thumb
  15              		.file	"injector_central.cpp"
  16              		.section	.text._ZL8pinbenchPKcS0_S0_S0_P9OutputPin11brain_pin_e,"ax",%progbits
  17              		.align	2
  18              		.p2align 4,,15
  19              		.thumb
  20              		.thumb_func
  21              		.type	_ZL8pinbenchPKcS0_S0_S0_P9OutputPin11brain_pin_e, %function
  22              	_ZL8pinbenchPKcS0_S0_S0_P9OutputPin11brain_pin_e:
  23              		@ args = 8, pretend = 0, frame = 0
  24              		@ frame_needed = 0, uses_anonymous_args = 0
  25 0000 2DE9F843 		push	{r3, r4, r5, r6, r7, r8, r9, lr}
  26 0004 089D     		ldr	r5, [sp, #32]
  27 0006 099C     		ldr	r4, [sp, #36]
  28 0008 9946     		mov	r9, r3
  29 000a 0F46     		mov	r7, r1
  30 000c 9046     		mov	r8, r2
  31 000e 40F20006 		movw	r6, #:lower16:.LANCHOR0
  32 0012 FFF7FEFF 		bl	atoff
  33 0016 C0F20006 		movt	r6, #:upper16:.LANCHOR0
  34 001a 3060     		str	r0, [r6]	@ float
  35 001c 3846     		mov	r0, r7
  36 001e FFF7FEFF 		bl	atoff
  37 0022 40F20001 		movw	r1, #:lower16:.LANCHOR1
  38 0026 C0F20001 		movt	r1, #:upper16:.LANCHOR1
  39 002a 40F20006 		movw	r6, #:lower16:.LANCHOR5
  40 002e 0860     		str	r0, [r1]	@ float
  41 0030 4046     		mov	r0, r8
  42 0032 FFF7FEFF 		bl	atoff
  43 0036 40F20002 		movw	r2, #:lower16:.LANCHOR2
  44 003a C0F20002 		movt	r2, #:upper16:.LANCHOR2
  45 003e C0F20006 		movt	r6, #:upper16:.LANCHOR5
  46 0042 1060     		str	r0, [r2]	@ float
  47 0044 4846     		mov	r0, r9
  48 0046 FFF7FEFF 		bl	atoi
  49 004a 40F20001 		movw	r1, #:lower16:.LANCHOR3
  50 004e 40F20002 		movw	r2, #:lower16:.LANCHOR4
  51 0052 40F20003 		movw	r3, #:lower16:.LANCHOR6
  52 0056 C0F20001 		movt	r1, #:upper16:.LANCHOR3
  53 005a C0F20002 		movt	r2, #:upper16:.LANCHOR4
  54 005e C0F20003 		movt	r3, #:upper16:.LANCHOR6
  55 0062 0127     		movs	r7, #1
  56 0064 3560     		str	r5, [r6]
  57 0066 0860     		str	r0, [r1]
ARM GAS  C:\Users\pc\AppData\Local\Temp\ccZjn68w.s 			page 2


  58 0068 1460     		str	r4, [r2]
  59 006a 1F70     		strb	r7, [r3]
  60 006c BDE8F883 		pop	{r3, r4, r5, r6, r7, r8, r9, pc}
  61              		.size	_ZL8pinbenchPKcS0_S0_S0_P9OutputPin11brain_pin_e, .-_ZL8pinbenchPKcS0_S0_S0_P9OutputPin11bra
  62              		.section	.text._Z8fanBenchv,"ax",%progbits
  63              		.align	2
  64              		.p2align 4,,15
  65              		.global	_Z8fanBenchv
  66              		.thumb
  67              		.thumb_func
  68              		.type	_Z8fanBenchv, %function
  69              	_Z8fanBenchv:
  70              		@ args = 0, pretend = 0, frame = 0
  71              		@ frame_needed = 0, uses_anonymous_args = 0
  72 0000 10B5     		push	{r4, lr}
  73 0002 40F20003 		movw	r3, #:lower16:boardConfiguration
  74 0006 C0F20003 		movt	r3, #:upper16:boardConfiguration
  75 000a 82B0     		sub	sp, sp, #8
  76 000c 0C4A     		ldr	r2, .L3
  77 000e 1B68     		ldr	r3, [r3]
  78 0010 0092     		str	r2, [sp]
  79 0012 D3F89040 		ldr	r4, [r3, #144]
  80 0016 40F20000 		movw	r0, #:lower16:.LC0
  81 001a 40F20001 		movw	r1, #:lower16:.LC1
  82 001e 40F20002 		movw	r2, #:lower16:.LC2
  83 0022 40F20003 		movw	r3, #:lower16:.LC3
  84 0026 0194     		str	r4, [sp, #4]
  85 0028 C0F20000 		movt	r0, #:upper16:.LC0
  86 002c C0F20001 		movt	r1, #:upper16:.LC1
  87 0030 C0F20002 		movt	r2, #:upper16:.LC2
  88 0034 C0F20003 		movt	r3, #:upper16:.LC3
  89 0038 FFF7FEFF 		bl	_ZL8pinbenchPKcS0_S0_S0_P9OutputPin11brain_pin_e
  90 003c 02B0     		add	sp, sp, #8
  91              		@ sp needed
  92 003e 10BD     		pop	{r4, pc}
  93              	.L4:
  94              		.align	2
  95              	.L3:
  96 0040 10000000 		.word	enginePins+16
  97              		.size	_Z8fanBenchv, .-_Z8fanBenchv
  98 0044 AFF30080 		.section	.text._Z8milBenchv,"ax",%progbits
  98      AFF30080 
  98      AFF30080 
  99              		.align	2
 100              		.p2align 4,,15
 101              		.global	_Z8milBenchv
 102              		.thumb
 103              		.thumb_func
 104              		.type	_Z8milBenchv, %function
 105              	_Z8milBenchv:
 106              		@ args = 0, pretend = 0, frame = 0
 107              		@ frame_needed = 0, uses_anonymous_args = 0
 108 0000 10B5     		push	{r4, lr}
 109 0002 40F20002 		movw	r2, #:lower16:boardConfiguration
 110 0006 C0F20002 		movt	r2, #:upper16:boardConfiguration
 111 000a 82B0     		sub	sp, sp, #8
 112 000c 40F20003 		movw	r3, #:lower16:checkEnginePin
ARM GAS  C:\Users\pc\AppData\Local\Temp\ccZjn68w.s 			page 3


 113 0010 1268     		ldr	r2, [r2]
 114 0012 C0F20003 		movt	r3, #:upper16:checkEnginePin
 115 0016 0093     		str	r3, [sp]
 116 0018 D2F88840 		ldr	r4, [r2, #136]
 117 001c 40F20000 		movw	r0, #:lower16:.LC0
 118 0020 40F20001 		movw	r1, #:lower16:.LC1
 119 0024 40F20002 		movw	r2, #:lower16:.LC2
 120 0028 40F20003 		movw	r3, #:lower16:.LC3
 121 002c 0194     		str	r4, [sp, #4]
 122 002e C0F20000 		movt	r0, #:upper16:.LC0
 123 0032 C0F20001 		movt	r1, #:upper16:.LC1
 124 0036 C0F20002 		movt	r2, #:upper16:.LC2
 125 003a C0F20003 		movt	r3, #:upper16:.LC3
 126 003e FFF7FEFF 		bl	_ZL8pinbenchPKcS0_S0_S0_P9OutputPin11brain_pin_e
 127 0042 02B0     		add	sp, sp, #8
 128              		@ sp needed
 129 0044 10BD     		pop	{r4, pc}
 130              		.size	_Z8milBenchv, .-_Z8milBenchv
 131 0046 00BFAFF3 		.section	.text._Z13fuelPumpBenchv,"ax",%progbits
 131      0080AFF3 
 131      0080
 132              		.align	2
 133              		.p2align 4,,15
 134              		.global	_Z13fuelPumpBenchv
 135              		.thumb
 136              		.thumb_func
 137              		.type	_Z13fuelPumpBenchv, %function
 138              	_Z13fuelPumpBenchv:
 139              		@ args = 0, pretend = 0, frame = 0
 140              		@ frame_needed = 0, uses_anonymous_args = 0
 141 0000 10B5     		push	{r4, lr}
 142 0002 40F20003 		movw	r3, #:lower16:boardConfiguration
 143 0006 C0F20003 		movt	r3, #:upper16:boardConfiguration
 144 000a 82B0     		sub	sp, sp, #8
 145 000c 0C4A     		ldr	r2, .L7
 146 000e 1B68     		ldr	r3, [r3]
 147 0010 0092     		str	r2, [sp]
 148 0012 9C69     		ldr	r4, [r3, #24]
 149 0014 40F20000 		movw	r0, #:lower16:.LC0
 150 0018 40F20001 		movw	r1, #:lower16:.LC1
 151 001c 40F20002 		movw	r2, #:lower16:.LC2
 152 0020 40F20003 		movw	r3, #:lower16:.LC3
 153 0024 0194     		str	r4, [sp, #4]
 154 0026 C0F20000 		movt	r0, #:upper16:.LC0
 155 002a C0F20001 		movt	r1, #:upper16:.LC1
 156 002e C0F20002 		movt	r2, #:upper16:.LC2
 157 0032 C0F20003 		movt	r3, #:upper16:.LC3
 158 0036 FFF7FEFF 		bl	_ZL8pinbenchPKcS0_S0_S0_P9OutputPin11brain_pin_e
 159 003a 02B0     		add	sp, sp, #8
 160              		@ sp needed
 161 003c 10BD     		pop	{r4, pc}
 162              	.L8:
 163 003e 00BF     		.align	2
 164              	.L7:
 165 0040 30000000 		.word	enginePins+48
 166              		.size	_Z13fuelPumpBenchv, .-_Z13fuelPumpBenchv
 167 0044 AFF30080 		.section	.text._ZL11sparkbench2PKcS0_S0_S0_S0_,"ax",%progbits
ARM GAS  C:\Users\pc\AppData\Local\Temp\ccZjn68w.s 			page 4


 167      AFF30080 
 167      AFF30080 
 168              		.align	2
 169              		.p2align 4,,15
 170              		.thumb
 171              		.thumb_func
 172              		.type	_ZL11sparkbench2PKcS0_S0_S0_S0_, %function
 173              	_ZL11sparkbench2PKcS0_S0_S0_S0_:
 174              		@ args = 4, pretend = 0, frame = 0
 175              		@ frame_needed = 0, uses_anonymous_args = 0
 176 0000 2DE9F043 		push	{r4, r5, r6, r7, r8, r9, lr}
 177 0004 83B0     		sub	sp, sp, #12
 178 0006 8146     		mov	r9, r0
 179 0008 0846     		mov	r0, r1
 180 000a 9046     		mov	r8, r2
 181 000c 1F46     		mov	r7, r3
 182 000e 0A9E     		ldr	r6, [sp, #40]
 183 0010 FFF7FEFF 		bl	atoi
 184 0014 051E     		subs	r5, r0, #0
 185 0016 08DD     		ble	.L10
 186 0018 40F20004 		movw	r4, #:lower16:engineConfiguration
 187 001c C0F20004 		movt	r4, #:upper16:engineConfiguration
 188 0020 2368     		ldr	r3, [r4]
 189 0022 D3F89441 		ldr	r4, [r3, #404]
 190 0026 A542     		cmp	r5, r4
 191 0028 0DDD     		ble	.L11
 192              	.L10:
 193 002a 40F20000 		movw	r0, #:lower16:.LANCHOR7
 194 002e 40F20001 		movw	r1, #:lower16:.LC4
 195 0032 2A46     		mov	r2, r5
 196 0034 C0F20000 		movt	r0, #:upper16:.LANCHOR7
 197 0038 C0F20001 		movt	r1, #:upper16:.LC4
 198 003c 03B0     		add	sp, sp, #12
 199              		@ sp needed
 200 003e BDE8F043 		pop	{r4, r5, r6, r7, r8, r9, lr}
 201 0042 FFF7FEBF 		b	scheduleMsg
 202              	.L11:
 203 0046 40F20003 		movw	r3, #:lower16:boardConfiguration
 204 004a C0F20003 		movt	r3, #:upper16:boardConfiguration
 205 004e 6A1E     		subs	r2, r5, #1
 206 0050 1968     		ldr	r1, [r3]
 207 0052 094B     		ldr	r3, .L13
 208 0054 02EB8202 		add	r2, r2, r2, lsl #2
 209 0058 01EB8505 		add	r5, r1, r5, lsl #2
 210 005c 03EB8202 		add	r2, r3, r2, lsl #2
 211 0060 0092     		str	r2, [sp]
 212 0062 2C6D     		ldr	r4, [r5, #80]
 213 0064 4846     		mov	r0, r9
 214 0066 4146     		mov	r1, r8
 215 0068 3A46     		mov	r2, r7
 216 006a 3346     		mov	r3, r6
 217 006c 0194     		str	r4, [sp, #4]
 218 006e FFF7FEFF 		bl	_ZL8pinbenchPKcS0_S0_S0_P9OutputPin11brain_pin_e
 219 0072 03B0     		add	sp, sp, #12
 220              		@ sp needed
 221 0074 BDE8F083 		pop	{r4, r5, r6, r7, r8, r9, pc}
 222              	.L14:
ARM GAS  C:\Users\pc\AppData\Local\Temp\ccZjn68w.s 			page 5


 223              		.align	2
 224              	.L13:
 225 0078 50010000 		.word	enginePins+336
 226              		.size	_ZL11sparkbench2PKcS0_S0_S0_S0_, .-_ZL11sparkbench2PKcS0_S0_S0_S0_
 227 007c AFF30080 		.section	.text._ZL10sparkbenchPKcS0_S0_,"ax",%progbits
 228              		.align	2
 229              		.p2align 4,,15
 230              		.thumb
 231              		.thumb_func
 232              		.type	_ZL10sparkbenchPKcS0_S0_, %function
 233              	_ZL10sparkbenchPKcS0_S0_:
 234              		@ args = 0, pretend = 0, frame = 0
 235              		@ frame_needed = 0, uses_anonymous_args = 0
 236 0000 10B5     		push	{r4, lr}
 237 0002 82B0     		sub	sp, sp, #8
 238 0004 0446     		mov	r4, r0
 239 0006 0B46     		mov	r3, r1
 240 0008 40F20000 		movw	r0, #:lower16:.LC0
 241 000c 40F20001 		movw	r1, #:lower16:.LC3
 242 0010 0092     		str	r2, [sp]
 243 0012 C0F20000 		movt	r0, #:upper16:.LC0
 244 0016 2246     		mov	r2, r4
 245 0018 C0F20001 		movt	r1, #:upper16:.LC3
 246 001c FFF7FEFF 		bl	_ZL11sparkbench2PKcS0_S0_S0_S0_
 247 0020 02B0     		add	sp, sp, #8
 248              		@ sp needed
 249 0022 10BD     		pop	{r4, pc}
 250              		.size	_ZL10sparkbenchPKcS0_S0_, .-_ZL10sparkbenchPKcS0_S0_
 251 0024 AFF30080 		.section	.text._ZL10fuelbench2PKcS0_S0_S0_S0_,"ax",%progbits
 251      AFF30080 
 251      AFF30080 
 252              		.align	2
 253              		.p2align 4,,15
 254              		.thumb
 255              		.thumb_func
 256              		.type	_ZL10fuelbench2PKcS0_S0_S0_S0_, %function
 257              	_ZL10fuelbench2PKcS0_S0_S0_S0_:
 258              		@ args = 4, pretend = 0, frame = 0
 259              		@ frame_needed = 0, uses_anonymous_args = 0
 260 0000 2DE9F043 		push	{r4, r5, r6, r7, r8, r9, lr}
 261 0004 83B0     		sub	sp, sp, #12
 262 0006 8146     		mov	r9, r0
 263 0008 0846     		mov	r0, r1
 264 000a 9046     		mov	r8, r2
 265 000c 1F46     		mov	r7, r3
 266 000e 0A9E     		ldr	r6, [sp, #40]
 267 0010 FFF7FEFF 		bl	atoi
 268 0014 051E     		subs	r5, r0, #0
 269 0016 08DD     		ble	.L17
 270 0018 40F20004 		movw	r4, #:lower16:engineConfiguration
 271 001c C0F20004 		movt	r4, #:upper16:engineConfiguration
 272 0020 2368     		ldr	r3, [r4]
 273 0022 D3F89441 		ldr	r4, [r3, #404]
 274 0026 A542     		cmp	r5, r4
 275 0028 0DDD     		ble	.L18
 276              	.L17:
 277 002a 40F20000 		movw	r0, #:lower16:.LANCHOR7
ARM GAS  C:\Users\pc\AppData\Local\Temp\ccZjn68w.s 			page 6


 278 002e 40F20001 		movw	r1, #:lower16:.LC4
 279 0032 2A46     		mov	r2, r5
 280 0034 C0F20000 		movt	r0, #:upper16:.LANCHOR7
 281 0038 C0F20001 		movt	r1, #:upper16:.LC4
 282 003c 03B0     		add	sp, sp, #12
 283              		@ sp needed
 284 003e BDE8F043 		pop	{r4, r5, r6, r7, r8, r9, lr}
 285 0042 FFF7FEBF 		b	scheduleMsg
 286              	.L18:
 287 0046 40F20003 		movw	r3, #:lower16:boardConfiguration
 288 004a 6A1E     		subs	r2, r5, #1
 289 004c 0A49     		ldr	r1, .L19
 290 004e C0F20003 		movt	r3, #:upper16:boardConfiguration
 291 0052 02EB8202 		add	r2, r2, r2, lsl #2
 292 0056 1B68     		ldr	r3, [r3]
 293 0058 01EB8202 		add	r2, r1, r2, lsl #2
 294 005c 0735     		adds	r5, r5, #7
 295 005e 0092     		str	r2, [sp]
 296 0060 53F82540 		ldr	r4, [r3, r5, lsl #2]
 297 0064 4846     		mov	r0, r9
 298 0066 4146     		mov	r1, r8
 299 0068 3A46     		mov	r2, r7
 300 006a 3346     		mov	r3, r6
 301 006c 0194     		str	r4, [sp, #4]
 302 006e FFF7FEFF 		bl	_ZL8pinbenchPKcS0_S0_S0_P9OutputPin11brain_pin_e
 303 0072 03B0     		add	sp, sp, #12
 304              		@ sp needed
 305 0074 BDE8F083 		pop	{r4, r5, r6, r7, r8, r9, pc}
 306              	.L20:
 307              		.align	2
 308              	.L19:
 309 0078 60000000 		.word	enginePins+96
 310              		.size	_ZL10fuelbench2PKcS0_S0_S0_S0_, .-_ZL10fuelbench2PKcS0_S0_S0_S0_
 311 007c AFF30080 		.section	.text._ZL9fuelbenchPKcS0_S0_,"ax",%progbits
 312              		.align	2
 313              		.p2align 4,,15
 314              		.thumb
 315              		.thumb_func
 316              		.type	_ZL9fuelbenchPKcS0_S0_, %function
 317              	_ZL9fuelbenchPKcS0_S0_:
 318              		@ args = 0, pretend = 0, frame = 0
 319              		@ frame_needed = 0, uses_anonymous_args = 0
 320 0000 10B5     		push	{r4, lr}
 321 0002 82B0     		sub	sp, sp, #8
 322 0004 0446     		mov	r4, r0
 323 0006 0B46     		mov	r3, r1
 324 0008 40F20000 		movw	r0, #:lower16:.LC0
 325 000c 40F20001 		movw	r1, #:lower16:.LC3
 326 0010 0092     		str	r2, [sp]
 327 0012 C0F20000 		movt	r0, #:upper16:.LC0
 328 0016 2246     		mov	r2, r4
 329 0018 C0F20001 		movt	r1, #:upper16:.LC3
 330 001c FFF7FEFF 		bl	_ZL10fuelbench2PKcS0_S0_S0_S0_
 331 0020 02B0     		add	sp, sp, #8
 332              		@ sp needed
 333 0022 10BD     		pop	{r4, pc}
 334              		.size	_ZL9fuelbenchPKcS0_S0_, .-_ZL9fuelbenchPKcS0_S0_
ARM GAS  C:\Users\pc\AppData\Local\Temp\ccZjn68w.s 			page 7


 335              		.global	__aeabi_f2d
 336 0024 AFF30080 		.section	.text._ZL11benchThreadi,"ax",%progbits
 336      AFF30080 
 336      AFF30080 
 337              		.align	2
 338              		.p2align 4,,15
 339              		.thumb
 340              		.thumb_func
 341              		.type	_ZL11benchThreadi, %function
 342              	_ZL11benchThreadi:
 343              		@ args = 0, pretend = 0, frame = 32
 344              		@ frame_needed = 0, uses_anonymous_args = 0
 345 0000 2DE9F04F 		push	{r4, r5, r6, r7, r8, r9, r10, fp, lr}
 346 0004 40F20002 		movw	r2, #:lower16:rlist
 347 0008 C0F20002 		movt	r2, #:upper16:rlist
 348 000c 2DED048B 		fstmfdd	sp!, {d8, d9}
 349 0010 9269     		ldr	r2, [r2, #24]
 350 0012 40F20003 		movw	r3, #:lower16:.LC5
 351 0016 C0F20003 		movt	r3, #:upper16:.LC5
 352 001a 8DB0     		sub	sp, sp, #52
 353 001c 9361     		str	r3, [r2, #24]
 354 001e 40F20002 		movw	r2, #:lower16:.LANCHOR4
 355 0022 40F20003 		movw	r3, #:lower16:.LANCHOR5
 356 0026 C0F20002 		movt	r2, #:upper16:.LANCHOR4
 357 002a C0F20003 		movt	r3, #:upper16:.LANCHOR5
 358 002e 0A92     		str	r2, [sp, #40]
 359 0030 0B93     		str	r3, [sp, #44]
 360 0032 40F20001 		movw	r1, #:lower16:.LANCHOR0
 361 0036 40F20002 		movw	r2, #:lower16:.LANCHOR1
 362 003a 40F20003 		movw	r3, #:lower16:.LANCHOR2
 363 003e 40F2000A 		movw	r10, #:lower16:.LANCHOR6
 364 0042 40F20005 		movw	r5, #:lower16:.LANCHOR3
 365 0046 40F2000B 		movw	fp, #:lower16:.LANCHOR8
 366 004a C0F20001 		movt	r1, #:upper16:.LANCHOR0
 367 004e C0F20002 		movt	r2, #:upper16:.LANCHOR1
 368 0052 C0F20003 		movt	r3, #:upper16:.LANCHOR2
 369 0056 9FED6B8A 		flds	s16, .L41
 370 005a C0F2000A 		movt	r10, #:upper16:.LANCHOR6
 371 005e 0791     		str	r1, [sp, #28]
 372 0060 0892     		str	r2, [sp, #32]
 373 0062 0993     		str	r3, [sp, #36]
 374 0064 C0F20005 		movt	r5, #:upper16:.LANCHOR3
 375 0068 C0F2000B 		movt	fp, #:upper16:.LANCHOR8
 376              	.L23:
 377 006c 9AF80030 		ldrb	r3, [r10]	@ zero_extendqisi2
 378 0070 002B     		cmp	r3, #0
 379 0072 00F08A80 		beq	.L24
 380              	.L40:
 381 0076 0799     		ldr	r1, [sp, #28]
 382 0078 089A     		ldr	r2, [sp, #32]
 383 007a 099B     		ldr	r3, [sp, #36]
 384 007c 2F68     		ldr	r7, [r5]
 385 007e 91ED007A 		flds	s14, [r1]
 386 0082 67EE086A 		fmuls	s13, s14, s16
 387 0086 D2ED007A 		flds	s15, [r2]
 388 008a 93ED009A 		flds	s18, [r3]
 389 008e C6EE888A 		fdivs	s17, s13, s16
ARM GAS  C:\Users\pc\AppData\Local\Temp\ccZjn68w.s 			page 8


 390 0092 40F20001 		movw	r1, #:lower16:.LANCHOR6
 391 0096 C0F20001 		movt	r1, #:upper16:.LANCHOR6
 392 009a 0023     		movs	r3, #0
 393 009c 0B70     		strb	r3, [r1]
 394 009e 0A9A     		ldr	r2, [sp, #40]
 395 00a0 0B9B     		ldr	r3, [sp, #44]
 396 00a2 1468     		ldr	r4, [r2]
 397 00a4 1E68     		ldr	r6, [r3]
 398 00a6 27EE886A 		fmuls	s12, s15, s16
 399 00aa 69EE086A 		fmuls	s13, s18, s16
 400 00ae 86EE086A 		fdivs	s12, s12, s16
 401 00b2 C6EE886A 		fdivs	s13, s13, s16
 402 00b6 FDEEE88A 		ftosizs	s17, s17
 403 00ba BDEEC66A 		ftosizs	s12, s12
 404 00be 18EE901A 		fmrs	r1, s17	@ int
 405 00c2 FDEEE66A 		ftosizs	s13, s13
 406 00c6 0029     		cmp	r1, #0
 407 00c8 16EE108A 		fmrs	r8, s12	@ int
 408 00cc 16EE909A 		fmrs	r9, s13	@ int
 409 00d0 75DB     		blt	.L36
 410 00d2 B8F1000F 		cmp	r8, #0
 411 00d6 40F38380 		ble	.L37
 412 00da B9F1000F 		cmp	r9, #0
 413 00de 5DDD     		ble	.L38
 414 00e0 17EE900A 		fmrs	r0, s15
 415 00e4 FFF7FEFF 		bl	__aeabi_f2d
 416 00e8 0246     		mov	r2, r0
 417 00ea 19EE100A 		fmrs	r0, s18
 418 00ee 0692     		str	r2, [sp, #24]
 419 00f0 0591     		str	r1, [sp, #20]
 420 00f2 FFF7FEFF 		bl	__aeabi_f2d
 421 00f6 CDE90001 		strd	r0, [sp]
 422 00fa 40F20000 		movw	r0, #:lower16:.LANCHOR7
 423 00fe 40F20001 		movw	r1, #:lower16:.LC9
 424 0102 069A     		ldr	r2, [sp, #24]
 425 0104 059B     		ldr	r3, [sp, #20]
 426 0106 0297     		str	r7, [sp, #8]
 427 0108 C0F20001 		movt	r1, #:upper16:.LC9
 428 010c C0F20000 		movt	r0, #:upper16:.LANCHOR7
 429 0110 FFF7FEFF 		bl	scheduleMsg
 430 0114 2046     		mov	r0, r4
 431 0116 FFF7FEFF 		bl	_Z10hwPortname11brain_pin_e
 432 011a 40F20001 		movw	r1, #:lower16:.LC10
 433 011e 0246     		mov	r2, r0
 434 0120 40F20000 		movw	r0, #:lower16:.LANCHOR7
 435 0124 C0F20000 		movt	r0, #:upper16:.LANCHOR7
 436 0128 C0F20001 		movt	r1, #:upper16:.LC10
 437 012c FFF7FEFF 		bl	scheduleMsg
 438 0130 18EE902A 		fmrs	r2, s17	@ int
 439 0134 6ABB     		cbnz	r2, .L39
 440              	.L29:
 441 0136 0123     		movs	r3, #1
 442 0138 002F     		cmp	r7, #0
 443 013a 8BF80030 		strb	r3, [fp]
 444 013e C8BF     		it	gt
 445 0140 0024     		movgt	r4, #0
 446 0142 10DD     		ble	.L31
ARM GAS  C:\Users\pc\AppData\Local\Temp\ccZjn68w.s 			page 9


 447              	.L32:
 448 0144 0121     		movs	r1, #1
 449 0146 3046     		mov	r0, r6
 450 0148 FFF7FEFF 		bl	_ZN9OutputPin8setValueEi
 451 014c 4046     		mov	r0, r8
 452 014e FFF7FEFF 		bl	chThdSleep
 453 0152 3046     		mov	r0, r6
 454 0154 0021     		movs	r1, #0
 455 0156 FFF7FEFF 		bl	_ZN9OutputPin8setValueEi
 456 015a 0134     		adds	r4, r4, #1
 457 015c 4846     		mov	r0, r9
 458 015e FFF7FEFF 		bl	chThdSleep
 459 0162 BC42     		cmp	r4, r7
 460 0164 EED1     		bne	.L32
 461              	.L31:
 462 0166 40F20000 		movw	r0, #:lower16:.LANCHOR7
 463 016a 40F20001 		movw	r1, #:lower16:.LC11
 464 016e C0F20000 		movt	r0, #:upper16:.LANCHOR7
 465 0172 C0F20001 		movt	r1, #:upper16:.LC11
 466 0176 FFF7FEFF 		bl	scheduleMsg
 467 017a 0023     		movs	r3, #0
 468 017c 8BF80030 		strb	r3, [fp]
 469 0180 9AF80030 		ldrb	r3, [r10]	@ zero_extendqisi2
 470 0184 002B     		cmp	r3, #0
 471 0186 7FF476AF 		bne	.L40
 472              	.L24:
 473 018a C820     		movs	r0, #200
 474 018c FFF7FEFF 		bl	chThdSleep
 475 0190 6CE7     		b	.L23
 476              	.L39:
 477 0192 18EE900A 		fmrs	r0, s17	@ int
 478 0196 FFF7FEFF 		bl	chThdSleep
 479 019a CCE7     		b	.L29
 480              	.L38:
 481 019c 19EE100A 		fmrs	r0, s18
 482 01a0 FFF7FEFF 		bl	__aeabi_f2d
 483 01a4 0246     		mov	r2, r0
 484 01a6 0B46     		mov	r3, r1
 485 01a8 40F20000 		movw	r0, #:lower16:.LANCHOR7
 486 01ac 40F20001 		movw	r1, #:lower16:.LC8
 487 01b0 C0F20000 		movt	r0, #:upper16:.LANCHOR7
 488 01b4 C0F20001 		movt	r1, #:upper16:.LC8
 489 01b8 FFF7FEFF 		bl	scheduleMsg
 490 01bc 56E7     		b	.L23
 491              	.L36:
 492 01be 17EE100A 		fmrs	r0, s14
 493 01c2 FFF7FEFF 		bl	__aeabi_f2d
 494 01c6 0246     		mov	r2, r0
 495 01c8 0B46     		mov	r3, r1
 496 01ca 40F20000 		movw	r0, #:lower16:.LANCHOR7
 497 01ce 40F20001 		movw	r1, #:lower16:.LC6
 498 01d2 C0F20000 		movt	r0, #:upper16:.LANCHOR7
 499 01d6 C0F20001 		movt	r1, #:upper16:.LC6
 500 01da FFF7FEFF 		bl	scheduleMsg
 501 01de 45E7     		b	.L23
 502              	.L37:
 503 01e0 17EE900A 		fmrs	r0, s15
ARM GAS  C:\Users\pc\AppData\Local\Temp\ccZjn68w.s 			page 10


 504 01e4 FFF7FEFF 		bl	__aeabi_f2d
 505 01e8 0246     		mov	r2, r0
 506 01ea 0B46     		mov	r3, r1
 507 01ec 40F20000 		movw	r0, #:lower16:.LANCHOR7
 508 01f0 40F20001 		movw	r1, #:lower16:.LC7
 509 01f4 C0F20000 		movt	r0, #:upper16:.LANCHOR7
 510 01f8 C0F20001 		movt	r1, #:upper16:.LC7
 511 01fc FFF7FEFF 		bl	scheduleMsg
 512 0200 34E7     		b	.L23
 513              	.L42:
 514 0202 00BF     		.align	2
 515              	.L41:
 516 0204 00007A44 		.word	1148846080
 517              		.size	_ZL11benchThreadi, .-_ZL11benchThreadi
 518 0208 AFF30080 		.section	.text._ZL10unregister11brain_pin_eP9OutputPin.part.0,"ax",%progbits
 518      AFF30080 
 519              		.align	2
 520              		.p2align 4,,15
 521              		.thumb
 522              		.thumb_func
 523              		.type	_ZL10unregister11brain_pin_eP9OutputPin.part.0, %function
 524              	_ZL10unregister11brain_pin_eP9OutputPin.part.0:
 525              		@ args = 0, pretend = 0, frame = 0
 526              		@ frame_needed = 0, uses_anonymous_args = 0
 527 0000 38B5     		push	{r3, r4, r5, lr}
 528 0002 0C46     		mov	r4, r1
 529 0004 0546     		mov	r5, r0
 530 0006 FFF7FEFF 		bl	_Z10hwPortname11brain_pin_e
 531 000a 40F20001 		movw	r1, #:lower16:.LC12
 532 000e 0246     		mov	r2, r0
 533 0010 40F20000 		movw	r0, #:lower16:.LANCHOR7
 534 0014 C0F20000 		movt	r0, #:upper16:.LANCHOR7
 535 0018 C0F20001 		movt	r1, #:upper16:.LC12
 536 001c FFF7FEFF 		bl	scheduleMsg
 537 0020 2846     		mov	r0, r5
 538 0022 FFF7FEFF 		bl	_Z9unmarkPin11brain_pin_e
 539 0026 2046     		mov	r0, r4
 540 0028 BDE83840 		pop	{r3, r4, r5, lr}
 541 002c FFF7FEBF 		b	_ZN9OutputPin10unregisterEv
 542              		.size	_ZL10unregister11brain_pin_eP9OutputPin.part.0, .-_ZL10unregister11brain_pin_eP9OutputPin.pa
 543              		.section	.text._Z18isRunningBenchTestv,"ax",%progbits
 544              		.align	2
 545              		.p2align 4,,15
 546              		.global	_Z18isRunningBenchTestv
 547              		.thumb
 548              		.thumb_func
 549              		.type	_Z18isRunningBenchTestv, %function
 550              	_Z18isRunningBenchTestv:
 551              		@ args = 0, pretend = 0, frame = 0
 552              		@ frame_needed = 0, uses_anonymous_args = 0
 553              		@ link register save eliminated.
 554 0000 40F20003 		movw	r3, #:lower16:.LANCHOR8
 555 0004 C0F20003 		movt	r3, #:upper16:.LANCHOR8
 556 0008 1878     		ldrb	r0, [r3]	@ zero_extendqisi2
 557 000a 7047     		bx	lr
 558              		.size	_Z18isRunningBenchTestv, .-_Z18isRunningBenchTestv
 559 000c AFF30080 		.section	.text._Z16assertCylinderIdiPKc,"ax",%progbits
ARM GAS  C:\Users\pc\AppData\Local\Temp\ccZjn68w.s 			page 11


 560              		.align	2
 561              		.p2align 4,,15
 562              		.global	_Z16assertCylinderIdiPKc
 563              		.thumb
 564              		.thumb_func
 565              		.type	_Z16assertCylinderIdiPKc, %function
 566              	_Z16assertCylinderIdiPKc:
 567              		@ args = 0, pretend = 0, frame = 0
 568              		@ frame_needed = 0, uses_anonymous_args = 0
 569 0000 021E     		subs	r2, r0, #0
 570 0002 08B5     		push	{r3, lr}
 571 0004 09DD     		ble	.L46
 572 0006 40F20003 		movw	r3, #:lower16:engineConfiguration
 573 000a C0F20003 		movt	r3, #:upper16:engineConfiguration
 574 000e 1B68     		ldr	r3, [r3]
 575 0010 D3F89431 		ldr	r3, [r3, #404]
 576 0014 9A42     		cmp	r2, r3
 577 0016 00DC     		bgt	.L46
 578 0018 08BD     		pop	{r3, pc}
 579              	.L46:
 580 001a 40F20000 		movw	r0, #:lower16:.LC13
 581 001e C0F20000 		movt	r0, #:upper16:.LC13
 582 0022 FFF7FEFF 		bl	print
 583 0026 40F20000 		movw	r0, #:lower16:.LC14
 584 002a C0F20000 		movt	r0, #:upper16:.LC14
 585 002e BDE80840 		pop	{r3, lr}
 586 0032 FFF7FEBF 		b	firmwareError
 587              		.size	_Z16assertCylinderIdiPKc, .-_Z16assertCylinderIdiPKc
 588 0036 00BFAFF3 		.section	.text._ZL11printStatusv,"ax",%progbits
 588      0080AFF3 
 588      0080
 589              		.align	2
 590              		.p2align 4,,15
 591              		.thumb
 592              		.thumb_func
 593              		.type	_ZL11printStatusv, %function
 594              	_ZL11printStatusv:
 595              		@ args = 0, pretend = 0, frame = 0
 596              		@ frame_needed = 0, uses_anonymous_args = 0
 597 0000 70B5     		push	{r4, r5, r6, lr}
 598 0002 40F20006 		movw	r6, #:lower16:engineConfiguration
 599 0006 C0F20006 		movt	r6, #:upper16:engineConfiguration
 600 000a 3368     		ldr	r3, [r6]
 601 000c D3F89431 		ldr	r3, [r3, #404]
 602 0010 002B     		cmp	r3, #0
 603 0012 1ADD     		ble	.L48
 604 0014 0D4D     		ldr	r5, .L52
 605 0016 0124     		movs	r4, #1
 606              	.L51:
 607 0018 40F20001 		movw	r1, #:lower16:.LC15
 608 001c 2046     		mov	r0, r4
 609 001e C0F20001 		movt	r1, #:upper16:.LC15
 610 0022 FFF7FEFF 		bl	_Z16assertCylinderIdiPKc
 611 0026 40F20000 		movw	r0, #:lower16:.LANCHOR7
 612 002a 40F20001 		movw	r1, #:lower16:.LC16
 613 002e C0F20000 		movt	r0, #:upper16:.LANCHOR7
 614 0032 C0F20001 		movt	r1, #:upper16:.LC16
ARM GAS  C:\Users\pc\AppData\Local\Temp\ccZjn68w.s 			page 12


 615 0036 55F8042F 		ldr	r2, [r5, #4]!
 616 003a FFF7FEFF 		bl	scheduleMsg
 617 003e 3368     		ldr	r3, [r6]
 618 0040 D3F89431 		ldr	r3, [r3, #404]
 619 0044 0134     		adds	r4, r4, #1
 620 0046 A342     		cmp	r3, r4
 621 0048 E6DA     		bge	.L51
 622              	.L48:
 623 004a 70BD     		pop	{r4, r5, r6, pc}
 624              	.L53:
 625              		.align	2
 626              	.L52:
 627 004c FCFFFFFF 		.word	.LANCHOR9-4
 628              		.size	_ZL11printStatusv, .-_ZL11printStatusv
 629              		.section	.text._ZL18setInjectorEnabledii,"ax",%progbits
 630              		.align	2
 631              		.p2align 4,,15
 632              		.thumb
 633              		.thumb_func
 634              		.type	_ZL18setInjectorEnabledii, %function
 635              	_ZL18setInjectorEnabledii:
 636              		@ args = 0, pretend = 0, frame = 0
 637              		@ frame_needed = 0, uses_anonymous_args = 0
 638              		@ link register save eliminated.
 639 0000 0028     		cmp	r0, #0
 640 0002 08DB     		blt	.L55
 641 0004 40F20003 		movw	r3, #:lower16:engineConfiguration
 642 0008 C0F20003 		movt	r3, #:upper16:engineConfiguration
 643 000c 1B68     		ldr	r3, [r3]
 644 000e D3F89431 		ldr	r3, [r3, #404]
 645 0012 9842     		cmp	r0, r3
 646 0014 05DB     		blt	.L56
 647              	.L55:
 648 0016 40F20000 		movw	r0, #:lower16:.LC17
 649 001a C0F20000 		movt	r0, #:upper16:.LC17
 650 001e FFF7FEBF 		b	firmwareError
 651              	.L56:
 652 0022 40F20003 		movw	r3, #:lower16:.LANCHOR9
 653 0026 C0F20003 		movt	r3, #:upper16:.LANCHOR9
 654 002a 43F82010 		str	r1, [r3, r0, lsl #2]
 655 002e FFF7FEBF 		b	_ZL11printStatusv
 656              		.size	_ZL18setInjectorEnabledii, .-_ZL18setInjectorEnabledii
 657 0032 00BFAFF3 		.section	.text._Z17isInjectorEnabledi,"ax",%progbits
 657      0080AFF3 
 657      0080AFF3 
 657      0080
 658              		.align	2
 659              		.p2align 4,,15
 660              		.global	_Z17isInjectorEnabledi
 661              		.thumb
 662              		.thumb_func
 663              		.type	_Z17isInjectorEnabledi, %function
 664              	_Z17isInjectorEnabledi:
 665              		@ args = 0, pretend = 0, frame = 0
 666              		@ frame_needed = 0, uses_anonymous_args = 0
 667 0000 10B5     		push	{r4, lr}
 668 0002 40F20001 		movw	r1, #:lower16:.LC15
ARM GAS  C:\Users\pc\AppData\Local\Temp\ccZjn68w.s 			page 13


 669 0006 C0F20001 		movt	r1, #:upper16:.LC15
 670 000a 0446     		mov	r4, r0
 671 000c FFF7FEFF 		bl	_Z16assertCylinderIdiPKc
 672 0010 40F20003 		movw	r3, #:lower16:.LANCHOR9
 673 0014 013C     		subs	r4, r4, #1
 674 0016 C0F20003 		movt	r3, #:upper16:.LANCHOR9
 675 001a 53F82400 		ldr	r0, [r3, r4, lsl #2]
 676 001e 10BD     		pop	{r4, pc}
 677              		.size	_Z17isInjectorEnabledi, .-_Z17isInjectorEnabledi
 678              		.section	.text._Z16stopIgnitionPinsv,"ax",%progbits
 679              		.align	2
 680              		.p2align 4,,15
 681              		.global	_Z16stopIgnitionPinsv
 682              		.thumb
 683              		.thumb_func
 684              		.type	_Z16stopIgnitionPinsv, %function
 685              	_Z16stopIgnitionPinsv:
 686              		@ args = 0, pretend = 0, frame = 0
 687              		@ frame_needed = 0, uses_anonymous_args = 0
 688 0000 F8B5     		push	{r3, r4, r5, r6, r7, lr}
 689 0002 40F20007 		movw	r7, #:lower16:engineConfiguration
 690 0006 0C4E     		ldr	r6, .L65
 691 0008 0C4D     		ldr	r5, .L65+4
 692 000a C0F20007 		movt	r7, #:upper16:engineConfiguration
 693 000e 0024     		movs	r4, #0
 694              	.L61:
 695 0010 3B68     		ldr	r3, [r7]
 696 0012 56F8040F 		ldr	r0, [r6, #4]!
 697 0016 03EB8403 		add	r3, r3, r4, lsl #2
 698 001a 0134     		adds	r4, r4, #1
 699 001c D3F8C432 		ldr	r3, [r3, #708]
 700 0020 8342     		cmp	r3, r0
 701 0022 04D0     		beq	.L59
 702 0024 5028     		cmp	r0, #80
 703 0026 2946     		mov	r1, r5
 704 0028 01D0     		beq	.L59
 705 002a FFF7FEFF 		bl	_ZL10unregister11brain_pin_eP9OutputPin.part.0
 706              	.L59:
 707 002e 0C2C     		cmp	r4, #12
 708 0030 05F11405 		add	r5, r5, #20
 709 0034 ECD1     		bne	.L61
 710 0036 F8BD     		pop	{r3, r4, r5, r6, r7, pc}
 711              	.L66:
 712              		.align	2
 713              	.L65:
 714 0038 C0020000 		.word	activeConfiguration+704
 715 003c 60000000 		.word	enginePins+96
 716              		.size	_Z16stopIgnitionPinsv, .-_Z16stopIgnitionPinsv
 717              		.section	.text._Z17stopInjectionPinsv,"ax",%progbits
 718              		.align	2
 719              		.p2align 4,,15
 720              		.global	_Z17stopInjectionPinsv
 721              		.thumb
 722              		.thumb_func
 723              		.type	_Z17stopInjectionPinsv, %function
 724              	_Z17stopInjectionPinsv:
 725              		@ args = 0, pretend = 0, frame = 0
ARM GAS  C:\Users\pc\AppData\Local\Temp\ccZjn68w.s 			page 14


 726              		@ frame_needed = 0, uses_anonymous_args = 0
 727 0000 F8B5     		push	{r3, r4, r5, r6, r7, lr}
 728 0002 40F20007 		movw	r7, #:lower16:engineConfiguration
 729 0006 0D4E     		ldr	r6, .L74
 730 0008 0D4D     		ldr	r5, .L74+4
 731 000a C0F20007 		movt	r7, #:upper16:engineConfiguration
 732 000e 0024     		movs	r4, #0
 733              	.L70:
 734 0010 04F1A402 		add	r2, r4, #164
 735 0014 3B68     		ldr	r3, [r7]
 736 0016 56F8040F 		ldr	r0, [r6, #4]!
 737 001a 53F82230 		ldr	r3, [r3, r2, lsl #2]
 738 001e 8342     		cmp	r3, r0
 739 0020 04F10104 		add	r4, r4, #1
 740 0024 04D0     		beq	.L68
 741 0026 5028     		cmp	r0, #80
 742 0028 2946     		mov	r1, r5
 743 002a 01D0     		beq	.L68
 744 002c FFF7FEFF 		bl	_ZL10unregister11brain_pin_eP9OutputPin.part.0
 745              	.L68:
 746 0030 0C2C     		cmp	r4, #12
 747 0032 05F11405 		add	r5, r5, #20
 748 0036 EBD1     		bne	.L70
 749 0038 F8BD     		pop	{r3, r4, r5, r6, r7, pc}
 750              	.L75:
 751 003a 00BF     		.align	2
 752              	.L74:
 753 003c 8C020000 		.word	activeConfiguration+652
 754 0040 60000000 		.word	enginePins+96
 755              		.size	_Z17stopInjectionPinsv, .-_Z17stopInjectionPinsv
 756 0044 AFF30080 		.section	.text._Z17startIgnitionPinsv,"ax",%progbits
 756      AFF30080 
 756      AFF30080 
 757              		.align	2
 758              		.p2align 4,,15
 759              		.global	_Z17startIgnitionPinsv
 760              		.thumb
 761              		.thumb_func
 762              		.type	_Z17startIgnitionPinsv, %function
 763              	_Z17startIgnitionPinsv:
 764              		@ args = 0, pretend = 0, frame = 0
 765              		@ frame_needed = 0, uses_anonymous_args = 0
 766 0000 2DE9F041 		push	{r4, r5, r6, r7, r8, lr}
 767 0004 40F20007 		movw	r7, #:lower16:engineConfiguration
 768 0008 C0F20007 		movt	r7, #:upper16:engineConfiguration
 769 000c 3B68     		ldr	r3, [r7]
 770 000e D3F89431 		ldr	r3, [r3, #404]
 771 0012 002B     		cmp	r3, #0
 772 0014 1DDD     		ble	.L76
 773 0016 40F20008 		movw	r8, #:lower16:boardConfiguration
 774 001a 0F4E     		ldr	r6, .L81
 775 001c 0F4D     		ldr	r5, .L81+4
 776 001e C0F20008 		movt	r8, #:upper16:boardConfiguration
 777 0022 0024     		movs	r4, #0
 778              	.L80:
 779 0024 D8F80030 		ldr	r3, [r8]
 780 0028 56F8041F 		ldr	r1, [r6, #4]!
ARM GAS  C:\Users\pc\AppData\Local\Temp\ccZjn68w.s 			page 15


 781 002c 03EB8402 		add	r2, r3, r4, lsl #2
 782 0030 0134     		adds	r4, r4, #1
 783 0032 526D     		ldr	r2, [r2, #84]
 784 0034 8A42     		cmp	r2, r1
 785 0036 03F18403 		add	r3, r3, #132
 786 003a 2946     		mov	r1, r5
 787 003c 02D0     		beq	.L78
 788 003e 2869     		ldr	r0, [r5, #16]
 789 0040 FFF7FEFF 		bl	_Z21outputPinRegisterExt2PKcP9OutputPin11brain_pin_eP17pin_output_mode_e
 790              	.L78:
 791 0044 3B68     		ldr	r3, [r7]
 792 0046 D3F89431 		ldr	r3, [r3, #404]
 793 004a A342     		cmp	r3, r4
 794 004c 05F11405 		add	r5, r5, #20
 795 0050 E8DC     		bgt	.L80
 796              	.L76:
 797 0052 BDE8F081 		pop	{r4, r5, r6, r7, r8, pc}
 798              	.L82:
 799 0056 00BF     		.align	2
 800              	.L81:
 801 0058 C0020000 		.word	activeConfiguration+704
 802 005c 50010000 		.word	enginePins+336
 803              		.size	_Z17startIgnitionPinsv, .-_Z17startIgnitionPinsv
 804              		.section	.text._Z18startInjectionPinsv,"ax",%progbits
 805              		.align	2
 806              		.p2align 4,,15
 807              		.global	_Z18startInjectionPinsv
 808              		.thumb
 809              		.thumb_func
 810              		.type	_Z18startInjectionPinsv, %function
 811              	_Z18startInjectionPinsv:
 812              		@ args = 0, pretend = 0, frame = 0
 813              		@ frame_needed = 0, uses_anonymous_args = 0
 814 0000 2DE9F041 		push	{r4, r5, r6, r7, r8, lr}
 815 0004 40F20007 		movw	r7, #:lower16:engineConfiguration
 816 0008 C0F20007 		movt	r7, #:upper16:engineConfiguration
 817 000c 3B68     		ldr	r3, [r7]
 818 000e D3F89421 		ldr	r2, [r3, #404]
 819 0012 002A     		cmp	r2, #0
 820 0014 22DD     		ble	.L83
 821 0016 40F20008 		movw	r8, #:lower16:boardConfiguration
 822 001a 114E     		ldr	r6, .L88
 823 001c 114D     		ldr	r5, .L88+4
 824 001e C0F20008 		movt	r8, #:upper16:boardConfiguration
 825 0022 0024     		movs	r4, #0
 826              	.L87:
 827 0024 04F1A401 		add	r1, r4, #164
 828 0028 56F8042F 		ldr	r2, [r6, #4]!
 829 002c 53F82130 		ldr	r3, [r3, r1, lsl #2]
 830 0030 9342     		cmp	r3, r2
 831 0032 04F1080C 		add	ip, r4, #8
 832 0036 2946     		mov	r1, r5
 833 0038 04F10104 		add	r4, r4, #1
 834 003c 07D0     		beq	.L85
 835 003e D8F80030 		ldr	r3, [r8]
 836 0042 2869     		ldr	r0, [r5, #16]
 837 0044 53F82C20 		ldr	r2, [r3, ip, lsl #2]
ARM GAS  C:\Users\pc\AppData\Local\Temp\ccZjn68w.s 			page 16


 838 0048 5033     		adds	r3, r3, #80
 839 004a FFF7FEFF 		bl	_Z21outputPinRegisterExt2PKcP9OutputPin11brain_pin_eP17pin_output_mode_e
 840              	.L85:
 841 004e 3B68     		ldr	r3, [r7]
 842 0050 D3F89421 		ldr	r2, [r3, #404]
 843 0054 A242     		cmp	r2, r4
 844 0056 05F11405 		add	r5, r5, #20
 845 005a E3DC     		bgt	.L87
 846              	.L83:
 847 005c BDE8F081 		pop	{r4, r5, r6, r7, r8, pc}
 848              	.L89:
 849              		.align	2
 850              	.L88:
 851 0060 8C020000 		.word	activeConfiguration+652
 852 0064 60000000 		.word	enginePins+96
 853              		.size	_Z18startInjectionPinsv, .-_Z18startInjectionPinsv
 854 0068 AFF30080 		.section	.text._Z19initInjectorCentralv,"ax",%progbits
 854      AFF30080 
 855              		.align	2
 856              		.p2align 4,,15
 857              		.global	_Z19initInjectorCentralv
 858              		.thumb
 859              		.thumb_func
 860              		.type	_Z19initInjectorCentralv, %function
 861              	_Z19initInjectorCentralv:
 862              		@ args = 0, pretend = 0, frame = 0
 863              		@ frame_needed = 0, uses_anonymous_args = 0
 864 0000 00B5     		push	{lr}
 865 0002 83B0     		sub	sp, sp, #12
 866 0004 0022     		movs	r2, #0
 867 0006 40F20000 		movw	r0, #:lower16:.LANCHOR10
 868 000a 40F20003 		movw	r3, #:lower16:_ZL11benchThreadi
 869 000e 0092     		str	r2, [sp]
 870 0010 C0F20003 		movt	r3, #:upper16:_ZL11benchThreadi
 871 0014 4022     		movs	r2, #64
 872 0016 C0F20000 		movt	r0, #:upper16:.LANCHOR10
 873 001a 4FF43A71 		mov	r1, #744
 874 001e FFF7FEFF 		bl	chThdCreateStatic
 875 0022 40F20003 		movw	r3, #:lower16:engineConfiguration
 876 0026 C0F20003 		movt	r3, #:upper16:engineConfiguration
 877 002a 1B68     		ldr	r3, [r3]
 878 002c D3F89421 		ldr	r2, [r3, #404]
 879 0030 002A     		cmp	r2, #0
 880 0032 07DD     		ble	.L92
 881 0034 304B     		ldr	r3, .L95
 882 0036 0121     		movs	r1, #1
 883 0038 03EB8202 		add	r2, r3, r2, lsl #2
 884              	.L93:
 885 003c 43F8041F 		str	r1, [r3, #4]!
 886 0040 9342     		cmp	r3, r2
 887 0042 FBD1     		bne	.L93
 888              	.L92:
 889 0044 FFF7FEFF 		bl	_Z18startInjectionPinsv
 890 0048 FFF7FEFF 		bl	_Z17startIgnitionPinsv
 891 004c FFF7FEFF 		bl	_ZL11printStatusv
 892 0050 40F20000 		movw	r0, #:lower16:.LC18
 893 0054 40F20001 		movw	r1, #:lower16:_ZL18setInjectorEnabledii
ARM GAS  C:\Users\pc\AppData\Local\Temp\ccZjn68w.s 			page 17


 894 0058 C0F20000 		movt	r0, #:upper16:.LC18
 895 005c C0F20001 		movt	r1, #:upper16:_ZL18setInjectorEnabledii
 896 0060 FFF7FEFF 		bl	addConsoleActionII
 897 0064 40F20000 		movw	r0, #:lower16:.LC19
 898 0068 40F20001 		movw	r1, #:lower16:_Z13fuelPumpBenchv
 899 006c C0F20000 		movt	r0, #:upper16:.LC19
 900 0070 C0F20001 		movt	r1, #:upper16:_Z13fuelPumpBenchv
 901 0074 FFF7FEFF 		bl	addConsoleAction
 902 0078 40F20000 		movw	r0, #:lower16:.LC20
 903 007c 40F20001 		movw	r1, #:lower16:_Z8fanBenchv
 904 0080 C0F20000 		movt	r0, #:upper16:.LC20
 905 0084 C0F20001 		movt	r1, #:upper16:_Z8fanBenchv
 906 0088 FFF7FEFF 		bl	addConsoleAction
 907 008c 40F20000 		movw	r0, #:lower16:.LC21
 908 0090 40F20001 		movw	r1, #:lower16:_Z8milBenchv
 909 0094 C0F20000 		movt	r0, #:upper16:.LC21
 910 0098 C0F20001 		movt	r1, #:upper16:_Z8milBenchv
 911 009c FFF7FEFF 		bl	addConsoleAction
 912 00a0 40F20000 		movw	r0, #:lower16:.LC22
 913 00a4 40F20001 		movw	r1, #:lower16:_ZL9fuelbenchPKcS0_S0_
 914 00a8 C0F20000 		movt	r0, #:upper16:.LC22
 915 00ac C0F20001 		movt	r1, #:upper16:_ZL9fuelbenchPKcS0_S0_
 916 00b0 FFF7FEFF 		bl	addConsoleActionSSS
 917 00b4 40F20000 		movw	r0, #:lower16:.LC23
 918 00b8 40F20001 		movw	r1, #:lower16:_ZL10sparkbenchPKcS0_S0_
 919 00bc C0F20000 		movt	r0, #:upper16:.LC23
 920 00c0 C0F20001 		movt	r1, #:upper16:_ZL10sparkbenchPKcS0_S0_
 921 00c4 FFF7FEFF 		bl	addConsoleActionSSS
 922 00c8 40F20000 		movw	r0, #:lower16:.LC24
 923 00cc 40F20001 		movw	r1, #:lower16:_ZL10fuelbench2PKcS0_S0_S0_S0_
 924 00d0 C0F20000 		movt	r0, #:upper16:.LC24
 925 00d4 C0F20001 		movt	r1, #:upper16:_ZL10fuelbench2PKcS0_S0_S0_S0_
 926 00d8 FFF7FEFF 		bl	addConsoleActionSSSSS
 927 00dc 40F20000 		movw	r0, #:lower16:.LC25
 928 00e0 40F20001 		movw	r1, #:lower16:_ZL11sparkbench2PKcS0_S0_S0_S0_
 929 00e4 C0F20000 		movt	r0, #:upper16:.LC25
 930 00e8 C0F20001 		movt	r1, #:upper16:_ZL11sparkbench2PKcS0_S0_S0_S0_
 931 00ec 03B0     		add	sp, sp, #12
 932              		@ sp needed
 933 00ee 5DF804EB 		ldr	lr, [sp], #4
 934 00f2 FFF7FEBF 		b	addConsoleActionSSSSS
 935              	.L96:
 936 00f6 00BF     		.align	2
 937              	.L95:
 938 00f8 FCFFFFFF 		.word	.LANCHOR9-4
 939              		.size	_Z19initInjectorCentralv, .-_Z19initInjectorCentralv
 940 00fc AFF30080 		.section	.text.startup._GLOBAL__sub_I__Z18isRunningBenchTestv,"ax",%progbits
 941              		.align	2
 942              		.p2align 4,,15
 943              		.thumb
 944              		.thumb_func
 945              		.type	_GLOBAL__sub_I__Z18isRunningBenchTestv, %function
 946              	_GLOBAL__sub_I__Z18isRunningBenchTestv:
 947              		@ args = 0, pretend = 0, frame = 0
 948              		@ frame_needed = 0, uses_anonymous_args = 0
 949              		@ link register save eliminated.
 950 0000 40F20000 		movw	r0, #:lower16:.LANCHOR7
ARM GAS  C:\Users\pc\AppData\Local\Temp\ccZjn68w.s 			page 18


 951 0004 40F20001 		movw	r1, #:lower16:.LC26
 952 0008 C0F20000 		movt	r0, #:upper16:.LANCHOR7
 953 000c C0F20001 		movt	r1, #:upper16:.LC26
 954 0010 FFF7FEBF 		b	_ZN18LoggingWithStorageC1EPKc
 955              		.size	_GLOBAL__sub_I__Z18isRunningBenchTestv, .-_GLOBAL__sub_I__Z18isRunningBenchTestv
 956 0014 AFF30080 		.section	.init_array,"aw",%init_array
 956      AFF30080 
 956      AFF30080 
 957              		.align	2
 958 0000 00000000 		.word	_GLOBAL__sub_I__Z18isRunningBenchTestv(target1)
 959              		.section	.bss._ZL14isRunningBench,"aw",%nobits
 960              		.set	.LANCHOR8,. + 0
 961              		.type	_ZL14isRunningBench, %object
 962              		.size	_ZL14isRunningBench, 1
 963              	_ZL14isRunningBench:
 964 0000 00       		.space	1
 965              		.section	.bss._ZL16benchThreadStack,"aw",%nobits
 966              		.align	3
 967              		.set	.LANCHOR10,. + 0
 968              		.type	_ZL16benchThreadStack, %object
 969              		.size	_ZL16benchThreadStack, 744
 970              	_ZL16benchThreadStack:
 971 0000 00000000 		.space	744
 971      00000000 
 971      00000000 
 971      00000000 
 971      00000000 
 972              		.section	.bss._ZL14needToRunBench,"aw",%nobits
 973              		.set	.LANCHOR6,. + 0
 974              		.type	_ZL14needToRunBench, %object
 975              		.size	_ZL14needToRunBench, 1
 976              	_ZL14needToRunBench:
 977 0000 00       		.space	1
 978              		.section	.bss._ZL19is_injector_enabled,"aw",%nobits
 979              		.align	2
 980              		.set	.LANCHOR9,. + 0
 981              		.type	_ZL19is_injector_enabled, %object
 982              		.size	_ZL19is_injector_enabled, 48
 983              	_ZL19is_injector_enabled:
 984 0000 00000000 		.space	48
 984      00000000 
 984      00000000 
 984      00000000 
 984      00000000 
 985              		.section	.bss._ZL7offTime,"aw",%nobits
 986              		.align	2
 987              		.set	.LANCHOR2,. + 0
 988              		.type	_ZL7offTime, %object
 989              		.size	_ZL7offTime, 4
 990              	_ZL7offTime:
 991 0000 00000000 		.space	4
 992              		.section	.bss._ZL6logger,"aw",%nobits
 993              		.align	2
 994              		.set	.LANCHOR7,. + 0
 995              		.type	_ZL6logger, %object
 996              		.size	_ZL6logger, 260
 997              	_ZL6logger:
ARM GAS  C:\Users\pc\AppData\Local\Temp\ccZjn68w.s 			page 19


 998 0000 00000000 		.space	260
 998      00000000 
 998      00000000 
 998      00000000 
 998      00000000 
 999              		.section	.rodata.str1.4,"aMS",%progbits,1
 1000              		.align	2
 1001              	.LC0:
 1002 0000 3000     		.ascii	"0\000"
 1003 0002 0000     		.space	2
 1004              	.LC1:
 1005 0004 33303030 		.ascii	"3000\000"
 1005      00
 1006 0009 000000   		.space	3
 1007              	.LC2:
 1008 000c 31303000 		.ascii	"100\000"
 1009              	.LC3:
 1010 0010 3100     		.ascii	"1\000"
 1011 0012 0000     		.space	2
 1012              	.LC4:
 1013 0014 496E7661 		.ascii	"Invalid index: %d\000"
 1013      6C696420 
 1013      696E6465 
 1013      783A2025 
 1013      6400
 1014 0026 0000     		.space	2
 1015              	.LC5:
 1016 0028 42656E63 		.ascii	"BenchThread\000"
 1016      68546872 
 1016      65616400 
 1017              	.LC6:
 1018 0034 496E7661 		.ascii	"Invalid delay %f\000"
 1018      6C696420 
 1018      64656C61 
 1018      79202566 
 1018      00
 1019 0045 000000   		.space	3
 1020              	.LC7:
 1021 0048 496E7661 		.ascii	"Invalid onTime %f\000"
 1021      6C696420 
 1021      6F6E5469 
 1021      6D652025 
 1021      6600
 1022 005a 0000     		.space	2
 1023              	.LC8:
 1024 005c 496E7661 		.ascii	"Invalid offTime %f\000"
 1024      6C696420 
 1024      6F666654 
 1024      696D6520 
 1024      256600
 1025 006f 00       		.space	1
 1026              	.LC9:
 1027 0070 52756E6E 		.ascii	"Running bench: ON_TIME=%f ms OFF_TIME=%fms Counter="
 1027      696E6720 
 1027      62656E63 
 1027      683A204F 
 1027      4E5F5449 
ARM GAS  C:\Users\pc\AppData\Local\Temp\ccZjn68w.s 			page 20


 1028 00a3 256400   		.ascii	"%d\000"
 1029 00a6 0000     		.space	2
 1030              	.LC10:
 1031 00a8 6F757470 		.ascii	"output on %s\000"
 1031      7574206F 
 1031      6E202573 
 1031      00
 1032 00b5 000000   		.space	3
 1033              	.LC11:
 1034 00b8 446F6E65 		.ascii	"Done!\000"
 1034      2100
 1035 00be 0000     		.space	2
 1036              	.LC12:
 1037 00c0 756E7265 		.ascii	"unregistering %s\000"
 1037      67697374 
 1037      6572696E 
 1037      67202573 
 1037      00
 1038 00d1 000000   		.space	3
 1039              	.LC13:
 1040 00d4 4552524F 		.ascii	"ERROR [%s] cid=%d\015\012\000"
 1040      52205B25 
 1040      735D2063 
 1040      69643D25 
 1040      640D0A00 
 1041              	.LC14:
 1042 00e8 43796C69 		.ascii	"Cylinder ID\000"
 1042      6E646572 
 1042      20494400 
 1043              	.LC15:
 1044 00f4 6973496E 		.ascii	"isInjectorEnabled\000"
 1044      6A656374 
 1044      6F72456E 
 1044      61626C65 
 1044      6400
 1045 0106 0000     		.space	2
 1046              	.LC16:
 1047 0108 696E6A65 		.ascii	"injector_%d_%d\000"
 1047      63746F72 
 1047      5F25645F 
 1047      256400
 1048 0117 00       		.space	1
 1049              	.LC17:
 1050 0118 696E6A65 		.ascii	"injector id\000"
 1050      63746F72 
 1050      20696400 
 1051              	.LC18:
 1052 0124 696E6A65 		.ascii	"injector\000"
 1052      63746F72 
 1052      00
 1053 012d 000000   		.space	3
 1054              	.LC19:
 1055 0130 6675656C 		.ascii	"fuelpumpbench\000"
 1055      70756D70 
 1055      62656E63 
 1055      6800
 1056 013e 0000     		.space	2
ARM GAS  C:\Users\pc\AppData\Local\Temp\ccZjn68w.s 			page 21


 1057              	.LC20:
 1058 0140 66616E62 		.ascii	"fanbench\000"
 1058      656E6368 
 1058      00
 1059 0149 000000   		.space	3
 1060              	.LC21:
 1061 014c 6D696C62 		.ascii	"milbench\000"
 1061      656E6368 
 1061      00
 1062 0155 000000   		.space	3
 1063              	.LC22:
 1064 0158 6675656C 		.ascii	"fuelbench\000"
 1064      62656E63 
 1064      6800
 1065 0162 0000     		.space	2
 1066              	.LC23:
 1067 0164 73706172 		.ascii	"sparkbench\000"
 1067      6B62656E 
 1067      636800
 1068 016f 00       		.space	1
 1069              	.LC24:
 1070 0170 6675656C 		.ascii	"fuelbench2\000"
 1070      62656E63 
 1070      683200
 1071 017b 00       		.space	1
 1072              	.LC25:
 1073 017c 73706172 		.ascii	"sparkbench2\000"
 1073      6B62656E 
 1073      63683200 
 1074              	.LC26:
 1075 0188 496E6A65 		.ascii	"InjectorCentral\000"
 1075      63746F72 
 1075      43656E74 
 1075      72616C00 
 1076              		.section	.bss._ZL8brainPin,"aw",%nobits
 1077              		.align	2
 1078              		.set	.LANCHOR4,. + 0
 1079              		.type	_ZL8brainPin, %object
 1080              		.size	_ZL8brainPin, 4
 1081              	_ZL8brainPin:
 1082 0000 00000000 		.space	4
 1083              		.section	.bss._ZL7delayMs,"aw",%nobits
 1084              		.align	2
 1085              		.set	.LANCHOR0,. + 0
 1086              		.type	_ZL7delayMs, %object
 1087              		.size	_ZL7delayMs, 4
 1088              	_ZL7delayMs:
 1089 0000 00000000 		.space	4
 1090              		.section	.bss._ZL5count,"aw",%nobits
 1091              		.align	2
 1092              		.set	.LANCHOR3,. + 0
 1093              		.type	_ZL5count, %object
 1094              		.size	_ZL5count, 4
 1095              	_ZL5count:
 1096 0000 00000000 		.space	4
 1097              		.section	.bss._ZL4pinX,"aw",%nobits
 1098              		.align	2
ARM GAS  C:\Users\pc\AppData\Local\Temp\ccZjn68w.s 			page 22


 1099              		.set	.LANCHOR5,. + 0
 1100              		.type	_ZL4pinX, %object
 1101              		.size	_ZL4pinX, 4
 1102              	_ZL4pinX:
 1103 0000 00000000 		.space	4
 1104              		.section	.bss._ZL6onTime,"aw",%nobits
 1105              		.align	2
 1106              		.set	.LANCHOR1,. + 0
 1107              		.type	_ZL6onTime, %object
 1108              		.size	_ZL6onTime, 4
 1109              	_ZL6onTime:
 1110 0000 00000000 		.space	4
 1111              		.ident	"GCC: (Sourcery CodeBench Lite 2013.11-24) 4.8.1"
ARM GAS  C:\Users\pc\AppData\Local\Temp\ccZjn68w.s 			page 23


DEFINED SYMBOLS
                            *ABS*:00000000 injector_central.cpp
C:\Users\pc\AppData\Local\Temp\ccZjn68w.s:17     .text._ZL8pinbenchPKcS0_S0_S0_P9OutputPin11brain_pin_e:00000000 $t
C:\Users\pc\AppData\Local\Temp\ccZjn68w.s:22     .text._ZL8pinbenchPKcS0_S0_S0_P9OutputPin11brain_pin_e:00000000 _ZL8pinbenchPKcS0_S0_S0_P9OutputPin11brain_pin_e
C:\Users\pc\AppData\Local\Temp\ccZjn68w.s:1085   .bss._ZL7delayMs:00000000 .LANCHOR0
C:\Users\pc\AppData\Local\Temp\ccZjn68w.s:1106   .bss._ZL6onTime:00000000 .LANCHOR1
C:\Users\pc\AppData\Local\Temp\ccZjn68w.s:1099   .bss._ZL4pinX:00000000 .LANCHOR5
C:\Users\pc\AppData\Local\Temp\ccZjn68w.s:987    .bss._ZL7offTime:00000000 .LANCHOR2
C:\Users\pc\AppData\Local\Temp\ccZjn68w.s:1092   .bss._ZL5count:00000000 .LANCHOR3
C:\Users\pc\AppData\Local\Temp\ccZjn68w.s:1078   .bss._ZL8brainPin:00000000 .LANCHOR4
C:\Users\pc\AppData\Local\Temp\ccZjn68w.s:973    .bss._ZL14needToRunBench:00000000 .LANCHOR6
C:\Users\pc\AppData\Local\Temp\ccZjn68w.s:63     .text._Z8fanBenchv:00000000 $t
C:\Users\pc\AppData\Local\Temp\ccZjn68w.s:69     .text._Z8fanBenchv:00000000 _Z8fanBenchv
C:\Users\pc\AppData\Local\Temp\ccZjn68w.s:1001   .rodata.str1.4:00000000 .LC0
C:\Users\pc\AppData\Local\Temp\ccZjn68w.s:1004   .rodata.str1.4:00000004 .LC1
C:\Users\pc\AppData\Local\Temp\ccZjn68w.s:1007   .rodata.str1.4:0000000c .LC2
C:\Users\pc\AppData\Local\Temp\ccZjn68w.s:1009   .rodata.str1.4:00000010 .LC3
C:\Users\pc\AppData\Local\Temp\ccZjn68w.s:96     .text._Z8fanBenchv:00000040 $d
C:\Users\pc\AppData\Local\Temp\ccZjn68w.s:99     .text._Z8milBenchv:00000000 $t
C:\Users\pc\AppData\Local\Temp\ccZjn68w.s:105    .text._Z8milBenchv:00000000 _Z8milBenchv
C:\Users\pc\AppData\Local\Temp\ccZjn68w.s:132    .text._Z13fuelPumpBenchv:00000000 $t
C:\Users\pc\AppData\Local\Temp\ccZjn68w.s:138    .text._Z13fuelPumpBenchv:00000000 _Z13fuelPumpBenchv
C:\Users\pc\AppData\Local\Temp\ccZjn68w.s:165    .text._Z13fuelPumpBenchv:00000040 $d
C:\Users\pc\AppData\Local\Temp\ccZjn68w.s:168    .text._ZL11sparkbench2PKcS0_S0_S0_S0_:00000000 $t
C:\Users\pc\AppData\Local\Temp\ccZjn68w.s:173    .text._ZL11sparkbench2PKcS0_S0_S0_S0_:00000000 _ZL11sparkbench2PKcS0_S0_S0_S0_
C:\Users\pc\AppData\Local\Temp\ccZjn68w.s:994    .bss._ZL6logger:00000000 .LANCHOR7
C:\Users\pc\AppData\Local\Temp\ccZjn68w.s:1012   .rodata.str1.4:00000014 .LC4
C:\Users\pc\AppData\Local\Temp\ccZjn68w.s:225    .text._ZL11sparkbench2PKcS0_S0_S0_S0_:00000078 $d
C:\Users\pc\AppData\Local\Temp\ccZjn68w.s:228    .text._ZL10sparkbenchPKcS0_S0_:00000000 $t
C:\Users\pc\AppData\Local\Temp\ccZjn68w.s:233    .text._ZL10sparkbenchPKcS0_S0_:00000000 _ZL10sparkbenchPKcS0_S0_
C:\Users\pc\AppData\Local\Temp\ccZjn68w.s:252    .text._ZL10fuelbench2PKcS0_S0_S0_S0_:00000000 $t
C:\Users\pc\AppData\Local\Temp\ccZjn68w.s:257    .text._ZL10fuelbench2PKcS0_S0_S0_S0_:00000000 _ZL10fuelbench2PKcS0_S0_S0_S0_
C:\Users\pc\AppData\Local\Temp\ccZjn68w.s:309    .text._ZL10fuelbench2PKcS0_S0_S0_S0_:00000078 $d
C:\Users\pc\AppData\Local\Temp\ccZjn68w.s:312    .text._ZL9fuelbenchPKcS0_S0_:00000000 $t
C:\Users\pc\AppData\Local\Temp\ccZjn68w.s:317    .text._ZL9fuelbenchPKcS0_S0_:00000000 _ZL9fuelbenchPKcS0_S0_
C:\Users\pc\AppData\Local\Temp\ccZjn68w.s:337    .text._ZL11benchThreadi:00000000 $t
C:\Users\pc\AppData\Local\Temp\ccZjn68w.s:342    .text._ZL11benchThreadi:00000000 _ZL11benchThreadi
C:\Users\pc\AppData\Local\Temp\ccZjn68w.s:1015   .rodata.str1.4:00000028 .LC5
C:\Users\pc\AppData\Local\Temp\ccZjn68w.s:960    .bss._ZL14isRunningBench:00000000 .LANCHOR8
C:\Users\pc\AppData\Local\Temp\ccZjn68w.s:1026   .rodata.str1.4:00000070 .LC9
C:\Users\pc\AppData\Local\Temp\ccZjn68w.s:1030   .rodata.str1.4:000000a8 .LC10
C:\Users\pc\AppData\Local\Temp\ccZjn68w.s:1033   .rodata.str1.4:000000b8 .LC11
C:\Users\pc\AppData\Local\Temp\ccZjn68w.s:1023   .rodata.str1.4:0000005c .LC8
C:\Users\pc\AppData\Local\Temp\ccZjn68w.s:1017   .rodata.str1.4:00000034 .LC6
C:\Users\pc\AppData\Local\Temp\ccZjn68w.s:1020   .rodata.str1.4:00000048 .LC7
C:\Users\pc\AppData\Local\Temp\ccZjn68w.s:516    .text._ZL11benchThreadi:00000204 $d
C:\Users\pc\AppData\Local\Temp\ccZjn68w.s:519    .text._ZL10unregister11brain_pin_eP9OutputPin.part.0:00000000 $t
C:\Users\pc\AppData\Local\Temp\ccZjn68w.s:524    .text._ZL10unregister11brain_pin_eP9OutputPin.part.0:00000000 _ZL10unregister11brain_pin_eP9OutputPin.part.0
C:\Users\pc\AppData\Local\Temp\ccZjn68w.s:1036   .rodata.str1.4:000000c0 .LC12
C:\Users\pc\AppData\Local\Temp\ccZjn68w.s:544    .text._Z18isRunningBenchTestv:00000000 $t
C:\Users\pc\AppData\Local\Temp\ccZjn68w.s:550    .text._Z18isRunningBenchTestv:00000000 _Z18isRunningBenchTestv
C:\Users\pc\AppData\Local\Temp\ccZjn68w.s:560    .text._Z16assertCylinderIdiPKc:00000000 $t
C:\Users\pc\AppData\Local\Temp\ccZjn68w.s:566    .text._Z16assertCylinderIdiPKc:00000000 _Z16assertCylinderIdiPKc
C:\Users\pc\AppData\Local\Temp\ccZjn68w.s:1039   .rodata.str1.4:000000d4 .LC13
C:\Users\pc\AppData\Local\Temp\ccZjn68w.s:1041   .rodata.str1.4:000000e8 .LC14
C:\Users\pc\AppData\Local\Temp\ccZjn68w.s:589    .text._ZL11printStatusv:00000000 $t
C:\Users\pc\AppData\Local\Temp\ccZjn68w.s:594    .text._ZL11printStatusv:00000000 _ZL11printStatusv
ARM GAS  C:\Users\pc\AppData\Local\Temp\ccZjn68w.s 			page 24


C:\Users\pc\AppData\Local\Temp\ccZjn68w.s:1043   .rodata.str1.4:000000f4 .LC15
C:\Users\pc\AppData\Local\Temp\ccZjn68w.s:1046   .rodata.str1.4:00000108 .LC16
C:\Users\pc\AppData\Local\Temp\ccZjn68w.s:627    .text._ZL11printStatusv:0000004c $d
C:\Users\pc\AppData\Local\Temp\ccZjn68w.s:630    .text._ZL18setInjectorEnabledii:00000000 $t
C:\Users\pc\AppData\Local\Temp\ccZjn68w.s:635    .text._ZL18setInjectorEnabledii:00000000 _ZL18setInjectorEnabledii
C:\Users\pc\AppData\Local\Temp\ccZjn68w.s:1049   .rodata.str1.4:00000118 .LC17
C:\Users\pc\AppData\Local\Temp\ccZjn68w.s:980    .bss._ZL19is_injector_enabled:00000000 .LANCHOR9
C:\Users\pc\AppData\Local\Temp\ccZjn68w.s:658    .text._Z17isInjectorEnabledi:00000000 $t
C:\Users\pc\AppData\Local\Temp\ccZjn68w.s:664    .text._Z17isInjectorEnabledi:00000000 _Z17isInjectorEnabledi
C:\Users\pc\AppData\Local\Temp\ccZjn68w.s:679    .text._Z16stopIgnitionPinsv:00000000 $t
C:\Users\pc\AppData\Local\Temp\ccZjn68w.s:685    .text._Z16stopIgnitionPinsv:00000000 _Z16stopIgnitionPinsv
C:\Users\pc\AppData\Local\Temp\ccZjn68w.s:714    .text._Z16stopIgnitionPinsv:00000038 $d
C:\Users\pc\AppData\Local\Temp\ccZjn68w.s:718    .text._Z17stopInjectionPinsv:00000000 $t
C:\Users\pc\AppData\Local\Temp\ccZjn68w.s:724    .text._Z17stopInjectionPinsv:00000000 _Z17stopInjectionPinsv
C:\Users\pc\AppData\Local\Temp\ccZjn68w.s:753    .text._Z17stopInjectionPinsv:0000003c $d
C:\Users\pc\AppData\Local\Temp\ccZjn68w.s:757    .text._Z17startIgnitionPinsv:00000000 $t
C:\Users\pc\AppData\Local\Temp\ccZjn68w.s:763    .text._Z17startIgnitionPinsv:00000000 _Z17startIgnitionPinsv
C:\Users\pc\AppData\Local\Temp\ccZjn68w.s:801    .text._Z17startIgnitionPinsv:00000058 $d
C:\Users\pc\AppData\Local\Temp\ccZjn68w.s:805    .text._Z18startInjectionPinsv:00000000 $t
C:\Users\pc\AppData\Local\Temp\ccZjn68w.s:811    .text._Z18startInjectionPinsv:00000000 _Z18startInjectionPinsv
C:\Users\pc\AppData\Local\Temp\ccZjn68w.s:851    .text._Z18startInjectionPinsv:00000060 $d
C:\Users\pc\AppData\Local\Temp\ccZjn68w.s:855    .text._Z19initInjectorCentralv:00000000 $t
C:\Users\pc\AppData\Local\Temp\ccZjn68w.s:861    .text._Z19initInjectorCentralv:00000000 _Z19initInjectorCentralv
C:\Users\pc\AppData\Local\Temp\ccZjn68w.s:967    .bss._ZL16benchThreadStack:00000000 .LANCHOR10
C:\Users\pc\AppData\Local\Temp\ccZjn68w.s:1051   .rodata.str1.4:00000124 .LC18
C:\Users\pc\AppData\Local\Temp\ccZjn68w.s:1054   .rodata.str1.4:00000130 .LC19
C:\Users\pc\AppData\Local\Temp\ccZjn68w.s:1057   .rodata.str1.4:00000140 .LC20
C:\Users\pc\AppData\Local\Temp\ccZjn68w.s:1060   .rodata.str1.4:0000014c .LC21
C:\Users\pc\AppData\Local\Temp\ccZjn68w.s:1063   .rodata.str1.4:00000158 .LC22
C:\Users\pc\AppData\Local\Temp\ccZjn68w.s:1066   .rodata.str1.4:00000164 .LC23
C:\Users\pc\AppData\Local\Temp\ccZjn68w.s:1069   .rodata.str1.4:00000170 .LC24
C:\Users\pc\AppData\Local\Temp\ccZjn68w.s:1072   .rodata.str1.4:0000017c .LC25
C:\Users\pc\AppData\Local\Temp\ccZjn68w.s:938    .text._Z19initInjectorCentralv:000000f8 $d
C:\Users\pc\AppData\Local\Temp\ccZjn68w.s:941    .text.startup._GLOBAL__sub_I__Z18isRunningBenchTestv:00000000 $t
C:\Users\pc\AppData\Local\Temp\ccZjn68w.s:946    .text.startup._GLOBAL__sub_I__Z18isRunningBenchTestv:00000000 _GLOBAL__sub_I__Z18isRunningBenchTestv
C:\Users\pc\AppData\Local\Temp\ccZjn68w.s:1074   .rodata.str1.4:00000188 .LC26
C:\Users\pc\AppData\Local\Temp\ccZjn68w.s:957    .init_array:00000000 $d
C:\Users\pc\AppData\Local\Temp\ccZjn68w.s:963    .bss._ZL14isRunningBench:00000000 _ZL14isRunningBench
C:\Users\pc\AppData\Local\Temp\ccZjn68w.s:964    .bss._ZL14isRunningBench:00000000 $d
C:\Users\pc\AppData\Local\Temp\ccZjn68w.s:966    .bss._ZL16benchThreadStack:00000000 $d
C:\Users\pc\AppData\Local\Temp\ccZjn68w.s:970    .bss._ZL16benchThreadStack:00000000 _ZL16benchThreadStack
C:\Users\pc\AppData\Local\Temp\ccZjn68w.s:976    .bss._ZL14needToRunBench:00000000 _ZL14needToRunBench
C:\Users\pc\AppData\Local\Temp\ccZjn68w.s:977    .bss._ZL14needToRunBench:00000000 $d
C:\Users\pc\AppData\Local\Temp\ccZjn68w.s:979    .bss._ZL19is_injector_enabled:00000000 $d
C:\Users\pc\AppData\Local\Temp\ccZjn68w.s:983    .bss._ZL19is_injector_enabled:00000000 _ZL19is_injector_enabled
C:\Users\pc\AppData\Local\Temp\ccZjn68w.s:986    .bss._ZL7offTime:00000000 $d
C:\Users\pc\AppData\Local\Temp\ccZjn68w.s:990    .bss._ZL7offTime:00000000 _ZL7offTime
C:\Users\pc\AppData\Local\Temp\ccZjn68w.s:993    .bss._ZL6logger:00000000 $d
C:\Users\pc\AppData\Local\Temp\ccZjn68w.s:997    .bss._ZL6logger:00000000 _ZL6logger
C:\Users\pc\AppData\Local\Temp\ccZjn68w.s:1000   .rodata.str1.4:00000000 $d
C:\Users\pc\AppData\Local\Temp\ccZjn68w.s:1077   .bss._ZL8brainPin:00000000 $d
C:\Users\pc\AppData\Local\Temp\ccZjn68w.s:1081   .bss._ZL8brainPin:00000000 _ZL8brainPin
C:\Users\pc\AppData\Local\Temp\ccZjn68w.s:1084   .bss._ZL7delayMs:00000000 $d
C:\Users\pc\AppData\Local\Temp\ccZjn68w.s:1088   .bss._ZL7delayMs:00000000 _ZL7delayMs
C:\Users\pc\AppData\Local\Temp\ccZjn68w.s:1091   .bss._ZL5count:00000000 $d
C:\Users\pc\AppData\Local\Temp\ccZjn68w.s:1095   .bss._ZL5count:00000000 _ZL5count
C:\Users\pc\AppData\Local\Temp\ccZjn68w.s:1098   .bss._ZL4pinX:00000000 $d
ARM GAS  C:\Users\pc\AppData\Local\Temp\ccZjn68w.s 			page 25


C:\Users\pc\AppData\Local\Temp\ccZjn68w.s:1102   .bss._ZL4pinX:00000000 _ZL4pinX
C:\Users\pc\AppData\Local\Temp\ccZjn68w.s:1105   .bss._ZL6onTime:00000000 $d
C:\Users\pc\AppData\Local\Temp\ccZjn68w.s:1109   .bss._ZL6onTime:00000000 _ZL6onTime
C:\Users\pc\AppData\Local\Temp\ccZjn68w.s:98     .text._Z8fanBenchv:00000044 $t
C:\Users\pc\AppData\Local\Temp\ccZjn68w.s:167    .text._Z13fuelPumpBenchv:00000044 $t
C:\Users\pc\AppData\Local\Temp\ccZjn68w.s:227    .text._ZL11sparkbench2PKcS0_S0_S0_S0_:0000007c $t
C:\Users\pc\AppData\Local\Temp\ccZjn68w.s:311    .text._ZL10fuelbench2PKcS0_S0_S0_S0_:0000007c $t
C:\Users\pc\AppData\Local\Temp\ccZjn68w.s:518    .text._ZL11benchThreadi:00000208 $t
C:\Users\pc\AppData\Local\Temp\ccZjn68w.s:756    .text._Z17stopInjectionPinsv:00000044 $t
C:\Users\pc\AppData\Local\Temp\ccZjn68w.s:854    .text._Z18startInjectionPinsv:00000068 $t
C:\Users\pc\AppData\Local\Temp\ccZjn68w.s:940    .text._Z19initInjectorCentralv:000000fc $t

UNDEFINED SYMBOLS
atoff
atoi
boardConfiguration
enginePins
checkEnginePin
engineConfiguration
scheduleMsg
__aeabi_f2d
rlist
_Z10hwPortname11brain_pin_e
_ZN9OutputPin8setValueEi
chThdSleep
_Z9unmarkPin11brain_pin_e
_ZN9OutputPin10unregisterEv
print
firmwareError
activeConfiguration
_Z21outputPinRegisterExt2PKcP9OutputPin11brain_pin_eP17pin_output_mode_e
chThdCreateStatic
addConsoleActionII
addConsoleAction
addConsoleActionSSS
addConsoleActionSSSSS
_ZN18LoggingWithStorageC1EPKc
