ARM GAS  C:\Users\pc\AppData\Local\Temp\ccADu6Zv.s 			page 1


   1              		.syntax unified
   2              		.cpu cortex-m4
   3              		.eabi_attribute 27, 3
   4              		.fpu fpv4-sp-d16
   5              		.eabi_attribute 20, 1
   6              		.eabi_attribute 21, 1
   7              		.eabi_attribute 23, 3
   8              		.eabi_attribute 24, 1
   9              		.eabi_attribute 25, 1
  10              		.eabi_attribute 26, 1
  11              		.eabi_attribute 30, 2
  12              		.eabi_attribute 34, 1
  13              		.eabi_attribute 18, 4
  14              		.thumb
  15              		.file	"nvic.c"
  16              		.section	.text.nvicEnableVector,"ax",%progbits
  17              		.align	2
  18              		.p2align 4,,15
  19              		.global	nvicEnableVector
  20              		.thumb
  21              		.thumb_func
  22              		.type	nvicEnableVector, %function
  23              	nvicEnableVector:
  24              		@ args = 0, pretend = 0, frame = 0
  25              		@ frame_needed = 0, uses_anonymous_args = 0
  26              		@ link register save eliminated.
  27 0000 20F00303 		bic	r3, r0, #3
  28 0004 03F16043 		add	r3, r3, #-536870912
  29 0008 03F56143 		add	r3, r3, #57600
  30 000c F0B4     		push	{r4, r5, r6, r7}
  31 000e 00F00302 		and	r2, r0, #3
  32 0012 4409     		lsrs	r4, r0, #5
  33 0014 D3F80053 		ldr	r5, [r3, #768]
  34 0018 D200     		lsls	r2, r2, #3
  35 001a FF26     		movs	r6, #255
  36 001c A400     		lsls	r4, r4, #2
  37 001e 9640     		lsls	r6, r6, r2
  38 0020 04F16044 		add	r4, r4, #-536870912
  39 0024 04F56144 		add	r4, r4, #57600
  40 0028 25EA0605 		bic	r5, r5, r6
  41 002c 0127     		movs	r7, #1
  42 002e 9140     		lsls	r1, r1, r2
  43 0030 00F01F00 		and	r0, r0, #31
  44 0034 07FA00F0 		lsl	r0, r7, r0
  45 0038 45EA0102 		orr	r2, r5, r1
  46 003c C3F80023 		str	r2, [r3, #768]
  47 0040 C4F88001 		str	r0, [r4, #384]
  48 0044 2060     		str	r0, [r4]
  49 0046 F0BC     		pop	{r4, r5, r6, r7}
  50 0048 7047     		bx	lr
  51              		.size	nvicEnableVector, .-nvicEnableVector
  52 004a 00BFAFF3 		.section	.text.nvicDisableVector,"ax",%progbits
  52      0080
  53              		.align	2
  54              		.p2align 4,,15
  55              		.global	nvicDisableVector
  56              		.thumb
ARM GAS  C:\Users\pc\AppData\Local\Temp\ccADu6Zv.s 			page 2


  57              		.thumb_func
  58              		.type	nvicDisableVector, %function
  59              	nvicDisableVector:
  60              		@ args = 0, pretend = 0, frame = 0
  61              		@ frame_needed = 0, uses_anonymous_args = 0
  62              		@ link register save eliminated.
  63 0000 4109     		lsrs	r1, r0, #5
  64 0002 4FF46142 		mov	r2, #57600
  65 0006 30B4     		push	{r4, r5}
  66 0008 2031     		adds	r1, r1, #32
  67 000a 00F01F04 		and	r4, r0, #31
  68 000e 0125     		movs	r5, #1
  69 0010 CEF20002 		movt	r2, 57344
  70 0014 20F00303 		bic	r3, r0, #3
  71 0018 05FA04F4 		lsl	r4, r5, r4
  72 001c 03F16043 		add	r3, r3, #-536870912
  73 0020 42F82140 		str	r4, [r2, r1, lsl #2]
  74 0024 03F56143 		add	r3, r3, #57600
  75 0028 00F00300 		and	r0, r0, #3
  76 002c D3F80023 		ldr	r2, [r3, #768]
  77 0030 C000     		lsls	r0, r0, #3
  78 0032 FF21     		movs	r1, #255
  79 0034 01FA00F0 		lsl	r0, r1, r0
  80 0038 22EA0000 		bic	r0, r2, r0
  81 003c C3F80003 		str	r0, [r3, #768]
  82 0040 30BC     		pop	{r4, r5}
  83 0042 7047     		bx	lr
  84              		.size	nvicDisableVector, .-nvicDisableVector
  85 0044 AFF30080 		.section	.text.nvicSetSystemHandlerPriority,"ax",%progbits
  85      AFF30080 
  85      AFF30080 
  86              		.align	2
  87              		.p2align 4,,15
  88              		.global	nvicSetSystemHandlerPriority
  89              		.thumb
  90              		.thumb_func
  91              		.type	nvicSetSystemHandlerPriority, %function
  92              	nvicSetSystemHandlerPriority:
  93              		@ args = 0, pretend = 0, frame = 0
  94              		@ frame_needed = 0, uses_anonymous_args = 0
  95              		@ link register save eliminated.
  96 0000 20F00303 		bic	r3, r0, #3
  97 0004 03F16043 		add	r3, r3, #-536870912
  98 0008 03F56D43 		add	r3, r3, #60672
  99 000c 00F00300 		and	r0, r0, #3
 100 0010 10B4     		push	{r4}
 101 0012 C000     		lsls	r0, r0, #3
 102 0014 9A69     		ldr	r2, [r3, #24]
 103 0016 FF24     		movs	r4, #255
 104 0018 8440     		lsls	r4, r4, r0
 105 001a 22EA0402 		bic	r2, r2, r4
 106 001e 8140     		lsls	r1, r1, r0
 107 0020 0A43     		orrs	r2, r2, r1
 108 0022 9A61     		str	r2, [r3, #24]
 109 0024 5DF8044B 		ldr	r4, [sp], #4
 110 0028 7047     		bx	lr
 111              		.size	nvicSetSystemHandlerPriority, .-nvicSetSystemHandlerPriority
ARM GAS  C:\Users\pc\AppData\Local\Temp\ccADu6Zv.s 			page 3


 112 002a 00BFAFF3 		.ident	"GCC: (Sourcery CodeBench Lite 2013.11-24) 4.8.1"
 112      0080
ARM GAS  C:\Users\pc\AppData\Local\Temp\ccADu6Zv.s 			page 4


DEFINED SYMBOLS
                            *ABS*:00000000 nvic.c
C:\Users\pc\AppData\Local\Temp\ccADu6Zv.s:17     .text.nvicEnableVector:00000000 $t
C:\Users\pc\AppData\Local\Temp\ccADu6Zv.s:23     .text.nvicEnableVector:00000000 nvicEnableVector
C:\Users\pc\AppData\Local\Temp\ccADu6Zv.s:53     .text.nvicDisableVector:00000000 $t
C:\Users\pc\AppData\Local\Temp\ccADu6Zv.s:59     .text.nvicDisableVector:00000000 nvicDisableVector
C:\Users\pc\AppData\Local\Temp\ccADu6Zv.s:86     .text.nvicSetSystemHandlerPriority:00000000 $t
C:\Users\pc\AppData\Local\Temp\ccADu6Zv.s:92     .text.nvicSetSystemHandlerPriority:00000000 nvicSetSystemHandlerPriority

NO UNDEFINED SYMBOLS
