ARM GAS  C:\Users\pc\AppData\Local\Temp\ccDLfaLa.s 			page 1


   1              		.syntax unified
   2              		.cpu cortex-m4
   3              		.eabi_attribute 27, 3
   4              		.fpu fpv4-sp-d16
   5              		.eabi_attribute 20, 1
   6              		.eabi_attribute 21, 1
   7              		.eabi_attribute 23, 3
   8              		.eabi_attribute 24, 1
   9              		.eabi_attribute 25, 1
  10              		.eabi_attribute 26, 1
  11              		.eabi_attribute 30, 2
  12              		.eabi_attribute 34, 1
  13              		.eabi_attribute 18, 4
  14              		.thumb
  15              		.file	"pwm_generator_logic.cpp"
  16              		.section	.text._ZN9PwmConfig15baseConstructorEv,"ax",%progbits
  17              		.align	2
  18              		.p2align 4,,15
  19              		.global	_ZN9PwmConfig15baseConstructorEv
  20              		.thumb
  21              		.thumb_func
  22              		.type	_ZN9PwmConfig15baseConstructorEv, %function
  23              	_ZN9PwmConfig15baseConstructorEv:
  24              		@ args = 0, pretend = 0, frame = 0
  25              		@ frame_needed = 0, uses_anonymous_args = 0
  26 0000 38B5     		push	{r3, r4, r5, lr}
  27 0002 1825     		movs	r5, #24
  28 0004 0446     		mov	r4, r0
  29 0006 2A46     		mov	r2, r5
  30 0008 0021     		movs	r1, #0
  31 000a 2030     		adds	r0, r0, #32
  32 000c FFF7FEFF 		bl	memset
  33 0010 2A46     		mov	r2, r5
  34 0012 0021     		movs	r1, #0
  35 0014 04F13800 		add	r0, r4, #56
  36 0018 FFF7FEFF 		bl	memset
  37 001c 2346     		mov	r3, r4
  38 001e 0021     		movs	r1, #0
  39 0020 0022     		movs	r2, #0
  40 0022 C7F6C071 		movt	r1, 32704
  41 0026 A161     		str	r1, [r4, #24]	@ float
  42 0028 E261     		str	r2, [r4, #28]
  43 002a 03F8012B 		strb	r2, [r3], #1
  44 002e 0133     		adds	r3, r3, #1
  45 0030 6270     		strb	r2, [r4, #1]
  46 0032 03F8012B 		strb	r2, [r3], #1
  47 0036 03F8012B 		strb	r2, [r3], #1
  48 003a 03F8012B 		strb	r2, [r3], #1
  49 003e 03F8012B 		strb	r2, [r3], #1
  50 0042 03F8012B 		strb	r2, [r3], #1
  51 0046 03F8012B 		strb	r2, [r3], #1
  52 004a 03F8012B 		strb	r2, [r3], #1
  53 004e 03F8012B 		strb	r2, [r3], #1
  54 0052 03F8012B 		strb	r2, [r3], #1
  55 0056 1A70     		strb	r2, [r3]
  56 0058 2265     		str	r2, [r4, #80]
  57 005a 6265     		str	r2, [r4, #84]
ARM GAS  C:\Users\pc\AppData\Local\Temp\ccDLfaLa.s 			page 2


  58 005c A265     		str	r2, [r4, #88]
  59 005e 38BD     		pop	{r3, r4, r5, pc}
  60              		.size	_ZN9PwmConfig15baseConstructorEv, .-_ZN9PwmConfig15baseConstructorEv
  61              		.section	.text._ZN9PwmConfigC2Ev,"ax",%progbits
  62              		.align	2
  63              		.p2align 4,,15
  64              		.global	_ZN9PwmConfigC2Ev
  65              		.thumb
  66              		.thumb_func
  67              		.type	_ZN9PwmConfigC2Ev, %function
  68              	_ZN9PwmConfigC2Ev:
  69              		@ args = 0, pretend = 0, frame = 0
  70              		@ frame_needed = 0, uses_anonymous_args = 0
  71 0000 10B5     		push	{r4, lr}
  72 0002 0446     		mov	r4, r0
  73 0004 0C30     		adds	r0, r0, #12
  74 0006 FFF7FEFF 		bl	_ZN12multi_wave_sC1Ev
  75 000a 04F12000 		add	r0, r4, #32
  76 000e FFF7FEFF 		bl	_ZN12scheduling_sC1Ev
  77 0012 2046     		mov	r0, r4
  78 0014 FFF7FEFF 		bl	_ZN9PwmConfig15baseConstructorEv
  79 0018 2046     		mov	r0, r4
  80 001a 10BD     		pop	{r4, pc}
  81              		.size	_ZN9PwmConfigC2Ev, .-_ZN9PwmConfigC2Ev
  82              		.global	_ZN9PwmConfigC1Ev
  83              		.thumb_set _ZN9PwmConfigC1Ev,_ZN9PwmConfigC2Ev
  84 001c AFF30080 		.section	.text._ZN9SimplePwmC2Ev,"ax",%progbits
  85              		.align	2
  86              		.p2align 4,,15
  87              		.global	_ZN9SimplePwmC2Ev
  88              		.thumb
  89              		.thumb_func
  90              		.type	_ZN9SimplePwmC2Ev, %function
  91              	_ZN9SimplePwmC2Ev:
  92              		@ args = 0, pretend = 0, frame = 0
  93              		@ frame_needed = 0, uses_anonymous_args = 0
  94 0000 70B5     		push	{r4, r5, r6, lr}
  95 0002 0446     		mov	r4, r0
  96 0004 00F16005 		add	r5, r0, #96
  97 0008 04F16C06 		add	r6, r4, #108
  98 000c FFF7FEFF 		bl	_ZN9PwmConfigC2Ev
  99 0010 2846     		mov	r0, r5
 100 0012 FFF7FEFF 		bl	_ZN13single_wave_sC1Ev
 101 0016 3046     		mov	r0, r6
 102 0018 FFF7FEFF 		bl	_ZN13single_wave_sC1Ev
 103 001c 3046     		mov	r0, r6
 104 001e 04F15C01 		add	r1, r4, #92
 105 0022 FFF7FEFF 		bl	_ZN13single_wave_s4initEPa
 106 0026 E36E     		ldr	r3, [r4, #108]
 107 0028 04F10C00 		add	r0, r4, #12
 108 002c 2A46     		mov	r2, r5
 109 002e 2366     		str	r3, [r4, #96]
 110 0030 04F16401 		add	r1, r4, #100
 111 0034 FFF7FEFF 		bl	_ZN12multi_wave_s4initEPfP13single_wave_s
 112 0038 2046     		mov	r0, r4
 113 003a 70BD     		pop	{r4, r5, r6, pc}
 114              		.size	_ZN9SimplePwmC2Ev, .-_ZN9SimplePwmC2Ev
ARM GAS  C:\Users\pc\AppData\Local\Temp\ccDLfaLa.s 			page 3


 115              		.global	_ZN9SimplePwmC1Ev
 116              		.thumb_set _ZN9SimplePwmC1Ev,_ZN9SimplePwmC2Ev
 117 003c AFF30080 		.section	.text._ZN9PwmConfigC2EPfP13single_wave_s,"ax",%progbits
 118              		.align	2
 119              		.p2align 4,,15
 120              		.global	_ZN9PwmConfigC2EPfP13single_wave_s
 121              		.thumb
 122              		.thumb_func
 123              		.type	_ZN9PwmConfigC2EPfP13single_wave_s, %function
 124              	_ZN9PwmConfigC2EPfP13single_wave_s:
 125              		@ args = 0, pretend = 0, frame = 0
 126              		@ frame_needed = 0, uses_anonymous_args = 0
 127 0000 F8B5     		push	{r3, r4, r5, r6, r7, lr}
 128 0002 00F10C05 		add	r5, r0, #12
 129 0006 0446     		mov	r4, r0
 130 0008 2846     		mov	r0, r5
 131 000a 0F46     		mov	r7, r1
 132 000c 1646     		mov	r6, r2
 133 000e FFF7FEFF 		bl	_ZN12multi_wave_sC1Ev
 134 0012 04F12000 		add	r0, r4, #32
 135 0016 FFF7FEFF 		bl	_ZN12scheduling_sC1Ev
 136 001a 2046     		mov	r0, r4
 137 001c FFF7FEFF 		bl	_ZN9PwmConfig15baseConstructorEv
 138 0020 2846     		mov	r0, r5
 139 0022 3946     		mov	r1, r7
 140 0024 3246     		mov	r2, r6
 141 0026 FFF7FEFF 		bl	_ZN12multi_wave_s4initEPfP13single_wave_s
 142 002a 2046     		mov	r0, r4
 143 002c F8BD     		pop	{r3, r4, r5, r6, r7, pc}
 144              		.size	_ZN9PwmConfigC2EPfP13single_wave_s, .-_ZN9PwmConfigC2EPfP13single_wave_s
 145              		.global	_ZN9PwmConfigC1EPfP13single_wave_s
 146              		.thumb_set _ZN9PwmConfigC1EPfP13single_wave_s,_ZN9PwmConfigC2EPfP13single_wave_s
 147 002e 00BF     		.section	.text._ZN9PwmConfig4initEPfP13single_wave_s,"ax",%progbits
 148              		.align	2
 149              		.p2align 4,,15
 150              		.global	_ZN9PwmConfig4initEPfP13single_wave_s
 151              		.thumb
 152              		.thumb_func
 153              		.type	_ZN9PwmConfig4initEPfP13single_wave_s, %function
 154              	_ZN9PwmConfig4initEPfP13single_wave_s:
 155              		@ args = 0, pretend = 0, frame = 0
 156              		@ frame_needed = 0, uses_anonymous_args = 0
 157              		@ link register save eliminated.
 158 0000 0C30     		adds	r0, r0, #12
 159 0002 FFF7FEBF 		b	_ZN12multi_wave_s4initEPfP13single_wave_s
 160              		.size	_ZN9PwmConfig4initEPfP13single_wave_s, .-_ZN9PwmConfig4initEPfP13single_wave_s
 161 0006 00BFAFF3 		.section	.text._ZN9SimplePwm21setSimplePwmDutyCycleEf,"ax",%progbits
 161      0080AFF3 
 161      0080
 162              		.align	2
 163              		.p2align 4,,15
 164              		.global	_ZN9SimplePwm21setSimplePwmDutyCycleEf
 165              		.thumb
 166              		.thumb_func
 167              		.type	_ZN9SimplePwm21setSimplePwmDutyCycleEf, %function
 168              	_ZN9SimplePwm21setSimplePwmDutyCycleEf:
 169              		@ args = 0, pretend = 0, frame = 0
ARM GAS  C:\Users\pc\AppData\Local\Temp\ccDLfaLa.s 			page 4


 170              		@ frame_needed = 0, uses_anonymous_args = 0
 171              		@ link register save eliminated.
 172 0000 0A46     		mov	r2, r1	@ float
 173 0002 0C30     		adds	r0, r0, #12
 174 0004 0021     		movs	r1, #0
 175 0006 FFF7FEBF 		b	_ZN12multi_wave_s13setSwitchTimeEif
 176              		.size	_ZN9SimplePwm21setSimplePwmDutyCycleEf, .-_ZN9SimplePwm21setSimplePwmDutyCycleEf
 177 000a 00BFAFF3 		.section	.text._ZN9PwmConfig16handleCycleStartEv,"ax",%progbits
 177      0080
 178              		.align	2
 179              		.p2align 4,,15
 180              		.global	_ZN9PwmConfig16handleCycleStartEv
 181              		.thumb
 182              		.thumb_func
 183              		.type	_ZN9PwmConfig16handleCycleStartEv, %function
 184              	_ZN9PwmConfig16handleCycleStartEv:
 185              		@ args = 0, pretend = 0, frame = 0
 186              		@ frame_needed = 0, uses_anonymous_args = 0
 187 0000 836C     		ldr	r3, [r0, #72]
 188 0002 10B5     		push	{r4, lr}
 189 0004 0446     		mov	r4, r0
 190 0006 A3B9     		cbnz	r3, .L7
 191 0008 436D     		ldr	r3, [r0, #84]
 192 000a 03B1     		cbz	r3, .L10
 193 000c 9847     		blx	r3
 194              	.L10:
 195 000e D4ED067A 		flds	s15, [r4, #24]
 196 0012 F5EE407A 		fcmpzs	s15
 197 0016 F1EE10FA 		fmstat
 198 001a 14D0     		beq	.L18
 199 001c 94ED0E7A 		flds	s14, [r4, #56]
 200 0020 F4EE477A 		fcmps	s15, s14
 201 0024 F1EE10FA 		fmstat
 202 0028 04D1     		bne	.L12
 203 002a E36B     		ldr	r3, [r4, #60]
 204 002c B3F57A7F 		cmp	r3, #1000
 205 0030 00D0     		beq	.L12
 206              	.L7:
 207 0032 10BD     		pop	{r4, pc}
 208              	.L12:
 209 0034 FFF7FEFF 		bl	getTimeNowNt
 210 0038 A369     		ldr	r3, [r4, #24]	@ float
 211 003a A363     		str	r3, [r4, #56]	@ float
 212 003c 0023     		movs	r3, #0
 213 003e C4E91001 		strd	r0, [r4, #64]
 214 0042 E363     		str	r3, [r4, #60]
 215 0044 10BD     		pop	{r4, pc}
 216              	.L18:
 217 0046 40F20000 		movw	r0, #:lower16:.LC0
 218 004a C0F20000 		movt	r0, #:upper16:.LC0
 219 004e BDE81040 		pop	{r4, lr}
 220 0052 FFF7FEBF 		b	firmwareError
 221              		.size	_ZN9PwmConfig16handleCycleStartEv, .-_ZN9PwmConfig16handleCycleStartEv
 222              		.global	__aeabi_f2ulz
 223              		.global	__aeabi_uldivmod
 224 0056 00BFAFF3 		.section	.text._ZL13timerCallbackP9PwmConfig,"ax",%progbits
 224      0080AFF3 
ARM GAS  C:\Users\pc\AppData\Local\Temp\ccDLfaLa.s 			page 5


 224      0080
 225              		.align	2
 226              		.p2align 4,,15
 227              		.thumb
 228              		.thumb_func
 229              		.type	_ZL13timerCallbackP9PwmConfig, %function
 230              	_ZL13timerCallbackP9PwmConfig:
 231              		@ args = 0, pretend = 0, frame = 0
 232              		@ frame_needed = 0, uses_anonymous_args = 0
 233 0000 70B5     		push	{r4, r5, r6, lr}
 234 0002 C369     		ldr	r3, [r0, #28]
 235 0004 0133     		adds	r3, r3, #1
 236 0006 182B     		cmp	r3, #24
 237 0008 82B0     		sub	sp, sp, #8
 238 000a 0646     		mov	r6, r0
 239 000c C361     		str	r3, [r0, #28]
 240 000e 5DDC     		bgt	.L27
 241 0010 8069     		ldr	r0, [r0, #24]	@ float
 242 0012 FFF7FEFF 		bl	__fpclassifyf
 243 0016 0028     		cmp	r0, #0
 244 0018 3BD0     		beq	.L28
 245 001a 3046     		mov	r0, r6
 246 001c FFF7FEFF 		bl	_ZN9PwmConfig16handleCycleStartEv
 247 0020 B16C     		ldr	r1, [r6, #72]
 248 0022 0029     		cmp	r1, #0
 249 0024 5BD0     		beq	.L29
 250 0026 0139     		subs	r1, r1, #1
 251              	.L24:
 252 0028 B36D     		ldr	r3, [r6, #88]
 253 002a 3046     		mov	r0, r6
 254 002c 9847     		blx	r3
 255 002e B16C     		ldr	r1, [r6, #72]
 256 0030 FB29     		cmp	r1, #251
 257 0032 57DC     		bgt	.L30
 258 0034 F46B     		ldr	r4, [r6, #60]
 259 0036 06F10C00 		add	r0, r6, #12
 260 003a FFF7FEFF 		bl	_ZNK12multi_wave_s13getSwitchTimeEi
 261 003e 06EE904A 		fmsr	s13, r4	@ int
 262 0042 B8EEE67A 		fsitos	s14, s13
 263 0046 06EE900A 		fmsr	s13, r0
 264 004a D6ED0E7A 		flds	s15, [r6, #56]
 265 004e 36EE877A 		fadds	s14, s13, s14
 266 0052 67EE277A 		fmuls	s15, s14, s15
 267 0056 17EE900A 		fmrs	r0, s15
 268 005a FFF7FEFF 		bl	__aeabi_f2ulz
 269 005e D6E91045 		ldrd	r4, [r6, #64]
 270 0062 0019     		adds	r0, r0, r4
 271 0064 4FF0A802 		mov	r2, #168
 272 0068 4FF00003 		mov	r3, #0
 273 006c 41EB0501 		adc	r1, r1, r5
 274 0070 FFF7FEFF 		bl	__aeabi_uldivmod
 275 0074 0246     		mov	r2, r0
 276 0076 0B46     		mov	r3, r1
 277              	.L26:
 278 0078 B16C     		ldr	r1, [r6, #72]
 279 007a 306D     		ldr	r0, [r6, #80]
 280 007c 0131     		adds	r1, r1, #1
ARM GAS  C:\Users\pc\AppData\Local\Temp\ccDLfaLa.s 			page 6


 281 007e 8142     		cmp	r1, r0
 282 0080 B164     		str	r1, [r6, #72]
 283 0082 01BF     		itttt	eq
 284 0084 F16B     		ldreq	r1, [r6, #60]
 285 0086 0020     		moveq	r0, #0
 286 0088 0131     		addeq	r1, r1, #1
 287 008a F163     		streq	r1, [r6, #60]
 288 008c 08BF     		it	eq
 289 008e B064     		streq	r0, [r6, #72]
 290 0090 09E0     		b	.L22
 291              	.L28:
 292 0092 FFF7FEFF 		bl	getTimeNowUs
 293 0096 48F2A062 		movw	r2, #34464
 294 009a C0F20102 		movt	r2, 1
 295 009e 0023     		movs	r3, #0
 296 00a0 1218     		adds	r2, r2, r0
 297 00a2 43EB0103 		adc	r3, r3, r1
 298              	.L22:
 299 00a6 40F20001 		movw	r1, #:lower16:_ZL13timerCallbackP9PwmConfig
 300 00aa C0F20001 		movt	r1, #:upper16:_ZL13timerCallbackP9PwmConfig
 301 00ae 40F20000 		movw	r0, #:lower16:.LC3
 302 00b2 8DE84200 		stmia	sp, {r1, r6}
 303 00b6 C0F20000 		movt	r0, #:upper16:.LC3
 304 00ba 06F12001 		add	r1, r6, #32
 305 00be FFF7FEFF 		bl	_Z14scheduleByTimePKcP12scheduling_syPFvPvES3_
 306 00c2 F369     		ldr	r3, [r6, #28]
 307 00c4 013B     		subs	r3, r3, #1
 308 00c6 F361     		str	r3, [r6, #28]
 309 00c8 02B0     		add	sp, sp, #8
 310              		@ sp needed
 311 00ca 70BD     		pop	{r4, r5, r6, pc}
 312              	.L27:
 313 00cc 40F20000 		movw	r0, #:lower16:.LC1
 314 00d0 C0F20000 		movt	r0, #:upper16:.LC1
 315 00d4 02B0     		add	sp, sp, #8
 316              		@ sp needed
 317 00d6 BDE87040 		pop	{r4, r5, r6, lr}
 318 00da FFF7FEBF 		b	firmwareError
 319              	.L29:
 320 00de 316D     		ldr	r1, [r6, #80]
 321 00e0 0139     		subs	r1, r1, #1
 322 00e2 A1E7     		b	.L24
 323              	.L30:
 324 00e4 40F20000 		movw	r0, #:lower16:.LC2
 325 00e8 C0F20000 		movt	r0, #:upper16:.LC2
 326 00ec FFF7FEFF 		bl	firmwareError
 327 00f0 0022     		movs	r2, #0
 328 00f2 0023     		movs	r3, #0
 329 00f4 C0E7     		b	.L26
 330              		.size	_ZL13timerCallbackP9PwmConfig, .-_ZL13timerCallbackP9PwmConfig
 331 00f6 00BFAFF3 		.section	.text._Z17copyPwmParametersP9PwmConfigiPfiPPa,"ax",%progbits
 331      0080AFF3 
 331      0080
 332              		.align	2
 333              		.p2align 4,,15
 334              		.global	_Z17copyPwmParametersP9PwmConfigiPfiPPa
 335              		.thumb
ARM GAS  C:\Users\pc\AppData\Local\Temp\ccDLfaLa.s 			page 7


 336              		.thumb_func
 337              		.type	_Z17copyPwmParametersP9PwmConfigiPfiPPa, %function
 338              	_Z17copyPwmParametersP9PwmConfigiPfiPPa:
 339              		@ args = 4, pretend = 0, frame = 8
 340              		@ frame_needed = 0, uses_anonymous_args = 0
 341 0000 2DE9F04F 		push	{r4, r5, r6, r7, r8, r9, r10, fp, lr}
 342 0004 0746     		mov	r7, r0
 343 0006 83B0     		sub	sp, sp, #12
 344 0008 0029     		cmp	r1, #0
 345 000a 8946     		mov	r9, r1
 346 000c 3965     		str	r1, [r7, #80]
 347 000e 9A46     		mov	r10, r3
 348 0010 DDF830B0 		ldr	fp, [sp, #48]
 349 0014 1DDD     		ble	.L31
 350 0016 00F10C03 		add	r3, r0, #12
 351 001a 1646     		mov	r6, r2
 352 001c 0193     		str	r3, [sp, #4]
 353 001e 4FEA8A08 		lsl	r8, r10, #2
 354 0022 0025     		movs	r5, #0
 355              	.L38:
 356 0024 0198     		ldr	r0, [sp, #4]
 357 0026 56F8042B 		ldr	r2, [r6], #4	@ float
 358 002a 2946     		mov	r1, r5
 359 002c FFF7FEFF 		bl	_ZN12multi_wave_s13setSwitchTimeEif
 360 0030 BAF1000F 		cmp	r10, #0
 361 0034 C8BF     		it	gt
 362 0036 0024     		movgt	r4, #0
 363 0038 08DD     		ble	.L36
 364              	.L37:
 365 003a 5BF80420 		ldr	r2, [fp, r4]
 366 003e 3B69     		ldr	r3, [r7, #16]
 367 0040 515D     		ldrb	r1, [r2, r5]	@ zero_extendqisi2
 368 0042 1A59     		ldr	r2, [r3, r4]
 369 0044 0434     		adds	r4, r4, #4
 370 0046 4445     		cmp	r4, r8
 371 0048 5155     		strb	r1, [r2, r5]
 372 004a F6D1     		bne	.L37
 373              	.L36:
 374 004c 0135     		adds	r5, r5, #1
 375 004e 4D45     		cmp	r5, r9
 376 0050 E8D1     		bne	.L38
 377              	.L31:
 378 0052 03B0     		add	sp, sp, #12
 379              		@ sp needed
 380 0054 BDE8F08F 		pop	{r4, r5, r6, r7, r8, r9, r10, fp, pc}
 381              		.size	_Z17copyPwmParametersP9PwmConfigiPfiPPa, .-_Z17copyPwmParametersP9PwmConfigiPfiPPa
 382 0058 AFF30080 		.section	.text._ZN9PwmConfig13weComplexInitEPKciPfiPPaPFvPS_EPFvS5_iE,"ax",%progbits
 382      AFF30080 
 383              		.align	2
 384              		.p2align 4,,15
 385              		.global	_ZN9PwmConfig13weComplexInitEPKciPfiPPaPFvPS_EPFvS5_iE
 386              		.thumb
 387              		.thumb_func
 388              		.type	_ZN9PwmConfig13weComplexInitEPKciPfiPPaPFvPS_EPFvS5_iE, %function
 389              	_ZN9PwmConfig13weComplexInitEPKciPfiPPaPFvPS_EPFvS5_iE:
 390              		@ args = 16, pretend = 0, frame = 0
 391              		@ frame_needed = 0, uses_anonymous_args = 0
ARM GAS  C:\Users\pc\AppData\Local\Temp\ccDLfaLa.s 			page 8


 392 0000 2DE9F047 		push	{r4, r5, r6, r7, r8, r9, r10, lr}
 393 0004 D0ED067A 		flds	s15, [r0, #24]
 394 0008 F5EE407A 		fcmpzs	s15
 395 000c 82B0     		sub	sp, sp, #8
 396 000e F1EE10FA 		fmstat
 397 0012 0446     		mov	r4, r0
 398 0014 0AAF     		add	r7, sp, #40
 399 0016 08BF     		it	eq
 400 0018 40F20000 		movweq	r0, #:lower16:.LC4
 401 001c 1546     		mov	r5, r2
 402 001e 1E46     		mov	r6, r3
 403 0020 97E88005 		ldmia	r7, {r7, r8, r10}
 404 0024 DDF83490 		ldr	r9, [sp, #52]
 405 0028 08BF     		it	eq
 406 002a C0F20000 		movteq	r0, #:upper16:.LC4
 407 002e 43D0     		beq	.L45
 408 0030 002A     		cmp	r2, #0
 409 0032 3DD0     		beq	.L46
 410 0034 FC2A     		cmp	r2, #252
 411 0036 C4BF     		itt	gt
 412 0038 40F20000 		movwgt	r0, #:lower16:.LC6
 413 003c C0F20000 		movtgt	r0, #:upper16:.LC6
 414 0040 3ADC     		bgt	.L45
 415 0042 03EB8203 		add	r3, r3, r2, lsl #2
 416 0046 13ED017A 		flds	s14, [r3, #-4]
 417 004a F7EE007A 		fconsts	s15, #112
 418 004e B4EE677A 		fcmps	s14, s15
 419 0052 F1EE10FA 		fmstat
 420 0056 1CBF     		itt	ne
 421 0058 40F20000 		movwne	r0, #:lower16:.LC7
 422 005c C0F20000 		movtne	r0, #:upper16:.LC7
 423 0060 2AD1     		bne	.L45
 424 0062 002F     		cmp	r7, #0
 425 0064 DCBF     		itt	le
 426 0066 40F20000 		movwle	r0, #:lower16:.LC8
 427 006a C0F20000 		movtle	r0, #:upper16:.LC8
 428 006e 23DD     		ble	.L45
 429 0070 1046     		mov	r0, r2
 430 0072 3146     		mov	r1, r6
 431 0074 FFF7FEFF 		bl	_Z17checkSwitchTimes2iPf
 432 0078 C4F854A0 		str	r10, [r4, #84]
 433 007c C4F85890 		str	r9, [r4, #88]
 434 0080 E760     		str	r7, [r4, #12]
 435 0082 2946     		mov	r1, r5
 436 0084 3246     		mov	r2, r6
 437 0086 3B46     		mov	r3, r7
 438 0088 2046     		mov	r0, r4
 439 008a CDF80080 		str	r8, [sp]
 440 008e FFF7FEFF 		bl	_Z17copyPwmParametersP9PwmConfigiPfiPPa
 441 0092 0021     		movs	r1, #0
 442 0094 0022     		movs	r2, #0
 443 0096 CBF68071 		movt	r1, 49024
 444 009a 4FF0FF33 		mov	r3, #-1
 445 009e 2046     		mov	r0, r4
 446 00a0 A264     		str	r2, [r4, #72]
 447 00a2 A163     		str	r1, [r4, #56]	@ float
 448 00a4 E363     		str	r3, [r4, #60]
ARM GAS  C:\Users\pc\AppData\Local\Temp\ccDLfaLa.s 			page 9


 449 00a6 02B0     		add	sp, sp, #8
 450              		@ sp needed
 451 00a8 BDE8F047 		pop	{r4, r5, r6, r7, r8, r9, r10, lr}
 452 00ac FFF7FEBF 		b	_ZL13timerCallbackP9PwmConfig
 453              	.L46:
 454 00b0 40F20000 		movw	r0, #:lower16:.LC5
 455 00b4 C0F20000 		movt	r0, #:upper16:.LC5
 456              	.L45:
 457 00b8 02B0     		add	sp, sp, #8
 458              		@ sp needed
 459 00ba BDE8F047 		pop	{r4, r5, r6, r7, r8, r9, r10, lr}
 460 00be FFF7FEBF 		b	firmwareError
 461              		.size	_ZN9PwmConfig13weComplexInitEPKciPfiPPaPFvPS_EPFvS5_iE, .-_ZN9PwmConfig13weComplexInitEPKciP
 462 00c2 00BFAFF3 		.section	.rodata.str1.4,"aMS",%progbits,1
 462      0080AFF3 
 462      0080AFF3 
 462      0080
 463              		.align	2
 464              	.LC0:
 465 0000 70657269 		.ascii	"period not initialized\000"
 465      6F64206E 
 465      6F742069 
 465      6E697469 
 465      616C697A 
 466 0017 00       		.space	1
 467              	.LC1:
 468 0018 50574D20 		.ascii	"PWM nesting issue\000"
 468      6E657374 
 468      696E6720 
 468      69737375 
 468      6500
 469 002a 0000     		.space	2
 470              	.LC2:
 471 002c 70686173 		.ascii	"phaseIndex range\000"
 471      65496E64 
 471      65782072 
 471      616E6765 
 471      00
 472 003d 000000   		.space	3
 473              	.LC3:
 474 0040 70776D00 		.ascii	"pwm\000"
 475              	.LC4:
 476 0044 70657269 		.ascii	"period is not initialized\000"
 476      6F642069 
 476      73206E6F 
 476      7420696E 
 476      69746961 
 477 005e 0000     		.space	2
 478              	.LC5:
 479 0060 7369676E 		.ascii	"signal length cannot be zero\000"
 479      616C206C 
 479      656E6774 
 479      68206361 
 479      6E6E6F74 
 480 007d 000000   		.space	3
 481              	.LC6:
 482 0080 746F6F20 		.ascii	"too many phases in PWM\000"
ARM GAS  C:\Users\pc\AppData\Local\Temp\ccDLfaLa.s 			page 10


 482      6D616E79 
 482      20706861 
 482      73657320 
 482      696E2050 
 483 0097 00       		.space	1
 484              	.LC7:
 485 0098 6C617374 		.ascii	"last switch time has to be 1\000"
 485      20737769 
 485      74636820 
 485      74696D65 
 485      20686173 
 486 00b5 000000   		.space	3
 487              	.LC8:
 488 00b8 77617665 		.ascii	"waveCount should be positive\000"
 488      436F756E 
 488      74207368 
 488      6F756C64 
 488      20626520 
 489 00d5 000000   		.ident	"GCC: (Sourcery CodeBench Lite 2013.11-24) 4.8.1"
ARM GAS  C:\Users\pc\AppData\Local\Temp\ccDLfaLa.s 			page 11


DEFINED SYMBOLS
                            *ABS*:00000000 pwm_generator_logic.cpp
C:\Users\pc\AppData\Local\Temp\ccDLfaLa.s:17     .text._ZN9PwmConfig15baseConstructorEv:00000000 $t
C:\Users\pc\AppData\Local\Temp\ccDLfaLa.s:23     .text._ZN9PwmConfig15baseConstructorEv:00000000 _ZN9PwmConfig15baseConstructorEv
C:\Users\pc\AppData\Local\Temp\ccDLfaLa.s:62     .text._ZN9PwmConfigC2Ev:00000000 $t
C:\Users\pc\AppData\Local\Temp\ccDLfaLa.s:68     .text._ZN9PwmConfigC2Ev:00000000 _ZN9PwmConfigC2Ev
C:\Users\pc\AppData\Local\Temp\ccDLfaLa.s:68     .text._ZN9PwmConfigC2Ev:00000000 _ZN9PwmConfigC1Ev
C:\Users\pc\AppData\Local\Temp\ccDLfaLa.s:85     .text._ZN9SimplePwmC2Ev:00000000 $t
C:\Users\pc\AppData\Local\Temp\ccDLfaLa.s:91     .text._ZN9SimplePwmC2Ev:00000000 _ZN9SimplePwmC2Ev
C:\Users\pc\AppData\Local\Temp\ccDLfaLa.s:91     .text._ZN9SimplePwmC2Ev:00000000 _ZN9SimplePwmC1Ev
C:\Users\pc\AppData\Local\Temp\ccDLfaLa.s:118    .text._ZN9PwmConfigC2EPfP13single_wave_s:00000000 $t
C:\Users\pc\AppData\Local\Temp\ccDLfaLa.s:124    .text._ZN9PwmConfigC2EPfP13single_wave_s:00000000 _ZN9PwmConfigC2EPfP13single_wave_s
C:\Users\pc\AppData\Local\Temp\ccDLfaLa.s:124    .text._ZN9PwmConfigC2EPfP13single_wave_s:00000000 _ZN9PwmConfigC1EPfP13single_wave_s
C:\Users\pc\AppData\Local\Temp\ccDLfaLa.s:148    .text._ZN9PwmConfig4initEPfP13single_wave_s:00000000 $t
C:\Users\pc\AppData\Local\Temp\ccDLfaLa.s:154    .text._ZN9PwmConfig4initEPfP13single_wave_s:00000000 _ZN9PwmConfig4initEPfP13single_wave_s
C:\Users\pc\AppData\Local\Temp\ccDLfaLa.s:162    .text._ZN9SimplePwm21setSimplePwmDutyCycleEf:00000000 $t
C:\Users\pc\AppData\Local\Temp\ccDLfaLa.s:168    .text._ZN9SimplePwm21setSimplePwmDutyCycleEf:00000000 _ZN9SimplePwm21setSimplePwmDutyCycleEf
C:\Users\pc\AppData\Local\Temp\ccDLfaLa.s:178    .text._ZN9PwmConfig16handleCycleStartEv:00000000 $t
C:\Users\pc\AppData\Local\Temp\ccDLfaLa.s:184    .text._ZN9PwmConfig16handleCycleStartEv:00000000 _ZN9PwmConfig16handleCycleStartEv
C:\Users\pc\AppData\Local\Temp\ccDLfaLa.s:464    .rodata.str1.4:00000000 .LC0
C:\Users\pc\AppData\Local\Temp\ccDLfaLa.s:225    .text._ZL13timerCallbackP9PwmConfig:00000000 $t
C:\Users\pc\AppData\Local\Temp\ccDLfaLa.s:230    .text._ZL13timerCallbackP9PwmConfig:00000000 _ZL13timerCallbackP9PwmConfig
C:\Users\pc\AppData\Local\Temp\ccDLfaLa.s:473    .rodata.str1.4:00000040 .LC3
C:\Users\pc\AppData\Local\Temp\ccDLfaLa.s:467    .rodata.str1.4:00000018 .LC1
C:\Users\pc\AppData\Local\Temp\ccDLfaLa.s:470    .rodata.str1.4:0000002c .LC2
C:\Users\pc\AppData\Local\Temp\ccDLfaLa.s:332    .text._Z17copyPwmParametersP9PwmConfigiPfiPPa:00000000 $t
C:\Users\pc\AppData\Local\Temp\ccDLfaLa.s:338    .text._Z17copyPwmParametersP9PwmConfigiPfiPPa:00000000 _Z17copyPwmParametersP9PwmConfigiPfiPPa
C:\Users\pc\AppData\Local\Temp\ccDLfaLa.s:383    .text._ZN9PwmConfig13weComplexInitEPKciPfiPPaPFvPS_EPFvS5_iE:00000000 $t
C:\Users\pc\AppData\Local\Temp\ccDLfaLa.s:389    .text._ZN9PwmConfig13weComplexInitEPKciPfiPPaPFvPS_EPFvS5_iE:00000000 _ZN9PwmConfig13weComplexInitEPKciPfiPPaPFvPS_EPFvS5_iE
C:\Users\pc\AppData\Local\Temp\ccDLfaLa.s:475    .rodata.str1.4:00000044 .LC4
C:\Users\pc\AppData\Local\Temp\ccDLfaLa.s:481    .rodata.str1.4:00000080 .LC6
C:\Users\pc\AppData\Local\Temp\ccDLfaLa.s:484    .rodata.str1.4:00000098 .LC7
C:\Users\pc\AppData\Local\Temp\ccDLfaLa.s:487    .rodata.str1.4:000000b8 .LC8
C:\Users\pc\AppData\Local\Temp\ccDLfaLa.s:478    .rodata.str1.4:00000060 .LC5
C:\Users\pc\AppData\Local\Temp\ccDLfaLa.s:463    .rodata.str1.4:00000000 $d

UNDEFINED SYMBOLS
memset
_ZN12multi_wave_sC1Ev
_ZN12scheduling_sC1Ev
_ZN13single_wave_sC1Ev
_ZN13single_wave_s4initEPa
_ZN12multi_wave_s4initEPfP13single_wave_s
_ZN12multi_wave_s13setSwitchTimeEif
getTimeNowNt
firmwareError
__aeabi_f2ulz
__aeabi_uldivmod
__fpclassifyf
_ZNK12multi_wave_s13getSwitchTimeEi
getTimeNowUs
_Z14scheduleByTimePKcP12scheduling_syPFvPvES3_
_Z17checkSwitchTimes2iPf
