ARM GAS  C:\Users\pc\AppData\Local\Temp\ccHw5WkN.s 			page 1


   1              		.syntax unified
   2              		.cpu cortex-m4
   3              		.eabi_attribute 27, 3
   4              		.fpu fpv4-sp-d16
   5              		.eabi_attribute 20, 1
   6              		.eabi_attribute 21, 1
   7              		.eabi_attribute 23, 3
   8              		.eabi_attribute 24, 1
   9              		.eabi_attribute 25, 1
  10              		.eabi_attribute 26, 1
  11              		.eabi_attribute 30, 2
  12              		.eabi_attribute 34, 1
  13              		.eabi_attribute 18, 4
  14              		.thumb
  15              		.file	"saturn_ion.cpp"
  16              		.section	.text.setSaturnIonEngineConfiguration,"ax",%progbits
  17              		.align	2
  18              		.p2align 4,,15
  19              		.global	setSaturnIonEngineConfiguration
  20              		.thumb
  21              		.thumb_func
  22              		.type	setSaturnIonEngineConfiguration, %function
  23              	setSaturnIonEngineConfiguration:
  24              		@ args = 0, pretend = 0, frame = 0
  25              		@ frame_needed = 0, uses_anonymous_args = 0
  26              		@ link register save eliminated.
  27 0000 0523     		movs	r3, #5
  28 0002 C0F81832 		str	r3, [r0, #536]
  29 0006 7047     		bx	lr
  30              		.size	setSaturnIonEngineConfiguration, .-setSaturnIonEngineConfiguration
  31 0008 AFF30080 		.ident	"GCC: (Sourcery CodeBench Lite 2013.11-24) 4.8.1"
  31      AFF30080 
ARM GAS  C:\Users\pc\AppData\Local\Temp\ccHw5WkN.s 			page 2


DEFINED SYMBOLS
                            *ABS*:00000000 saturn_ion.cpp
C:\Users\pc\AppData\Local\Temp\ccHw5WkN.s:17     .text.setSaturnIonEngineConfiguration:00000000 $t
C:\Users\pc\AppData\Local\Temp\ccHw5WkN.s:23     .text.setSaturnIonEngineConfiguration:00000000 setSaturnIonEngineConfiguration

NO UNDEFINED SYMBOLS
