ARM GAS  C:\Users\pc\AppData\Local\Temp\ccDVK0re.s 			page 1


   1              		.syntax unified
   2              		.cpu cortex-m4
   3              		.eabi_attribute 27, 3
   4              		.fpu fpv4-sp-d16
   5              		.eabi_attribute 20, 1
   6              		.eabi_attribute 21, 1
   7              		.eabi_attribute 23, 3
   8              		.eabi_attribute 24, 1
   9              		.eabi_attribute 25, 1
  10              		.eabi_attribute 26, 1
  11              		.eabi_attribute 30, 2
  12              		.eabi_attribute 34, 1
  13              		.eabi_attribute 18, 4
  14              		.thumb
  15              		.file	"trigger_structure.cpp"
  16              		.section	.text._ZN20trigger_shape_helperC2Ev,"ax",%progbits
  17              		.align	2
  18              		.p2align 4,,15
  19              		.global	_ZN20trigger_shape_helperC2Ev
  20              		.thumb
  21              		.thumb_func
  22              		.type	_ZN20trigger_shape_helperC2Ev, %function
  23              	_ZN20trigger_shape_helperC2Ev:
  24              		@ args = 0, pretend = 0, frame = 0
  25              		@ frame_needed = 0, uses_anonymous_args = 0
  26 0000 70B5     		push	{r4, r5, r6, lr}
  27 0002 0446     		mov	r4, r0
  28 0004 061D     		adds	r6, r0, #4
  29 0006 04F10805 		add	r5, r4, #8
  30 000a FFF7FEFF 		bl	_ZN13single_wave_sC1Ev
  31 000e 3046     		mov	r0, r6
  32 0010 FFF7FEFF 		bl	_ZN13single_wave_sC1Ev
  33 0014 2846     		mov	r0, r5
  34 0016 FFF7FEFF 		bl	_ZN13single_wave_sC1Ev
  35 001a 2046     		mov	r0, r4
  36 001c 04F10C01 		add	r1, r4, #12
  37 0020 FFF7FEFF 		bl	_ZN13single_wave_s4initEPa
  38 0024 3046     		mov	r0, r6
  39 0026 04F58471 		add	r1, r4, #264
  40 002a FFF7FEFF 		bl	_ZN13single_wave_s4initEPa
  41 002e 2846     		mov	r0, r5
  42 0030 04F50171 		add	r1, r4, #516
  43 0034 FFF7FEFF 		bl	_ZN13single_wave_s4initEPa
  44 0038 2046     		mov	r0, r4
  45 003a 70BD     		pop	{r4, r5, r6, pc}
  46              		.size	_ZN20trigger_shape_helperC2Ev, .-_ZN20trigger_shape_helperC2Ev
  47              		.global	_ZN20trigger_shape_helperC1Ev
  48              		.thumb_set _ZN20trigger_shape_helperC1Ev,_ZN20trigger_shape_helperC2Ev
  49 003c AFF30080 		.section	.text._ZNK12TriggerShape7getSizeEv,"ax",%progbits
  50              		.align	2
  51              		.p2align 4,,15
  52              		.global	_ZNK12TriggerShape7getSizeEv
  53              		.thumb
  54              		.thumb_func
  55              		.type	_ZNK12TriggerShape7getSizeEv, %function
  56              	_ZNK12TriggerShape7getSizeEv:
  57              		@ args = 0, pretend = 0, frame = 0
ARM GAS  C:\Users\pc\AppData\Local\Temp\ccDVK0re.s 			page 2


  58              		@ frame_needed = 0, uses_anonymous_args = 0
  59              		@ link register save eliminated.
  60 0000 00F5A350 		add	r0, r0, #5216
  61 0004 C068     		ldr	r0, [r0, #12]
  62 0006 7047     		bx	lr
  63              		.size	_ZNK12TriggerShape7getSizeEv, .-_ZNK12TriggerShape7getSizeEv
  64 0008 AFF30080 		.section	.text._ZN12TriggerShape30getTriggerShapeSynchPointIndexEv,"ax",%progbits
  64      AFF30080 
  65              		.align	2
  66              		.p2align 4,,15
  67              		.global	_ZN12TriggerShape30getTriggerShapeSynchPointIndexEv
  68              		.thumb
  69              		.thumb_func
  70              		.type	_ZN12TriggerShape30getTriggerShapeSynchPointIndexEv, %function
  71              	_ZN12TriggerShape30getTriggerShapeSynchPointIndexEv:
  72              		@ args = 0, pretend = 0, frame = 0
  73              		@ frame_needed = 0, uses_anonymous_args = 0
  74              		@ link register save eliminated.
  75 0000 00F5BB50 		add	r0, r0, #5984
  76 0004 0069     		ldr	r0, [r0, #16]
  77 0006 7047     		bx	lr
  78              		.size	_ZN12TriggerShape30getTriggerShapeSynchPointIndexEv, .-_ZN12TriggerShape30getTriggerShapeSyn
  79 0008 AFF30080 		.section	.text._ZN12TriggerShape5clearEv,"ax",%progbits
  79      AFF30080 
  80              		.align	2
  81              		.p2align 4,,15
  82              		.global	_ZN12TriggerShape5clearEv
  83              		.thumb
  84              		.thumb_func
  85              		.type	_ZN12TriggerShape5clearEv, %function
  86              	_ZN12TriggerShape5clearEv:
  87              		@ args = 0, pretend = 0, frame = 0
  88              		@ frame_needed = 0, uses_anonymous_args = 0
  89              		@ link register save eliminated.
  90 0000 2DE9F001 		push	{r4, r5, r6, r7, r8}
  91 0004 00F5A351 		add	r1, r0, #5216
  92 0008 00F53666 		add	r6, r0, #2912
  93 000c 00F65835 		addw	r5, r0, #2904
  94 0010 00F65C34 		addw	r4, r0, #2908
  95 0014 0027     		movs	r7, #0
  96 0016 4FF00008 		mov	r8, #0
  97 001a 0122     		movs	r2, #1
  98 001c C4F22007 		movt	r7, 16416
  99 0020 0023     		movs	r3, #0
 100 0022 4FF07F5C 		mov	ip, #1069547520
 101 0026 C6F80080 		str	r8, [r6]	@ float
 102 002a 0270     		strb	r2, [r0]
 103 002c C5F800C0 		str	ip, [r5]	@ float
 104 0030 2760     		str	r7, [r4]	@ float
 105 0032 80F8642B 		strb	r2, [r0, #2916]
 106 0036 BDE8F001 		pop	{r4, r5, r6, r7, r8}
 107 003a 0B72     		strb	r3, [r1, #8]
 108 003c 80F8653B 		strb	r3, [r0, #2917]
 109 0040 7047     		bx	lr
 110              		.size	_ZN12TriggerShape5clearEv, .-_ZN12TriggerShape5clearEv
 111 0042 00BFAFF3 		.section	.text._ZN12TriggerShape5resetE16operation_mode_eb,"ax",%progbits
 111      0080AFF3 
ARM GAS  C:\Users\pc\AppData\Local\Temp\ccDVK0re.s 			page 3


 111      0080AFF3 
 111      0080
 112              		.align	2
 113              		.p2align 4,,15
 114              		.global	_ZN12TriggerShape5resetE16operation_mode_eb
 115              		.thumb
 116              		.thumb_func
 117              		.type	_ZN12TriggerShape5resetE16operation_mode_eb, %function
 118              	_ZN12TriggerShape5resetE16operation_mode_eb:
 119              		@ args = 0, pretend = 0, frame = 0
 120              		@ frame_needed = 0, uses_anonymous_args = 0
 121 0000 F8B5     		push	{r3, r4, r5, r6, r7, lr}
 122 0002 0446     		mov	r4, r0
 123 0004 00F5BB53 		add	r3, r0, #5984
 124 0008 00F5DB56 		add	r6, r0, #7008
 125 000c 00F5A357 		add	r7, r0, #5216
 126 0010 0025     		movs	r5, #0
 127 0012 B160     		str	r1, [r6, #8]
 128 0014 03F11400 		add	r0, r3, #20
 129 0018 FD60     		str	r5, [r7, #12]
 130 001a 2946     		mov	r1, r5
 131 001c 6270     		strb	r2, [r4, #1]
 132 001e 1D61     		str	r5, [r3, #16]
 133 0020 4FF47C72 		mov	r2, #1008
 134 0024 84F8805B 		strb	r5, [r4, #2944]
 135 0028 84F8815B 		strb	r5, [r4, #2945]
 136 002c 84F8825B 		strb	r5, [r4, #2946]
 137 0030 84F8835B 		strb	r5, [r4, #2947]
 138 0034 84F8845B 		strb	r5, [r4, #2948]
 139 0038 84F8855B 		strb	r5, [r4, #2949]
 140 003c 84F8865B 		strb	r5, [r4, #2950]
 141 0040 84F8875B 		strb	r5, [r4, #2951]
 142 0044 84F8885B 		strb	r5, [r4, #2952]
 143 0048 84F8895B 		strb	r5, [r4, #2953]
 144 004c 84F88A5B 		strb	r5, [r4, #2954]
 145 0050 84F88B5B 		strb	r5, [r4, #2955]
 146 0054 FFF7FEFF 		bl	memset
 147 0058 84F8685B 		strb	r5, [r4, #2920]
 148 005c 84F8695B 		strb	r5, [r4, #2921]
 149 0060 84F86A5B 		strb	r5, [r4, #2922]
 150 0064 84F86B5B 		strb	r5, [r4, #2923]
 151 0068 84F86C5B 		strb	r5, [r4, #2924]
 152 006c 84F86D5B 		strb	r5, [r4, #2925]
 153 0070 84F86E5B 		strb	r5, [r4, #2926]
 154 0074 84F86F5B 		strb	r5, [r4, #2927]
 155 0078 84F8705B 		strb	r5, [r4, #2928]
 156 007c 84F8715B 		strb	r5, [r4, #2929]
 157 0080 84F8725B 		strb	r5, [r4, #2930]
 158 0084 84F8735B 		strb	r5, [r4, #2931]
 159 0088 04F67430 		addw	r0, r4, #2932
 160 008c FFF7FEFF 		bl	_ZN12multi_wave_s5resetEv
 161 0090 0023     		movs	r3, #0
 162 0092 7360     		str	r3, [r6, #4]	@ float
 163 0094 F8BD     		pop	{r3, r4, r5, r6, r7, pc}
 164              		.size	_ZN12TriggerShape5resetE16operation_mode_eb, .-_ZN12TriggerShape5resetE16operation_mode_eb
 165 0096 00BFAFF3 		.section	.text._ZN12TriggerShapeC2Ev,"ax",%progbits
 165      0080AFF3 
ARM GAS  C:\Users\pc\AppData\Local\Temp\ccDVK0re.s 			page 4


 165      0080
 166              		.align	2
 167              		.p2align 4,,15
 168              		.global	_ZN12TriggerShapeC2Ev
 169              		.thumb
 170              		.thumb_func
 171              		.type	_ZN12TriggerShapeC2Ev, %function
 172              	_ZN12TriggerShapeC2Ev:
 173              		@ args = 0, pretend = 0, frame = 0
 174              		@ frame_needed = 0, uses_anonymous_args = 0
 175 0000 2DE9F041 		push	{r4, r5, r6, r7, r8, lr}
 176 0004 00F5BB51 		add	r1, r0, #5984
 177 0008 00F5A358 		add	r8, r0, #5216
 178 000c 0446     		mov	r4, r0
 179 000e 1431     		adds	r1, r1, #20
 180 0010 0022     		movs	r2, #0
 181 0012 08F11006 		add	r6, r8, #16
 182 0016 00F67430 		addw	r0, r0, #2932
 183 001a FFF7FEFF 		bl	_ZN12multi_wave_sC1EPfP13single_wave_s
 184 001e 3046     		mov	r0, r6
 185 0020 FFF7FEFF 		bl	_ZN20trigger_shape_helperC1Ev
 186 0024 0021     		movs	r1, #0
 187 0026 2046     		mov	r0, r4
 188 0028 0A46     		mov	r2, r1
 189 002a FFF7FEFF 		bl	_ZN12TriggerShape5resetE16operation_mode_eb
 190 002e 04F65C3C 		addw	ip, r4, #2908
 191 0032 04F6583E 		addw	lr, r4, #2904
 192 0036 04F53662 		add	r2, r4, #2912
 193 003a 0025     		movs	r5, #0
 194 003c 0023     		movs	r3, #0
 195 003e 4FF47C77 		mov	r7, #1008
 196 0042 C4F8786B 		str	r6, [r4, #2936]
 197 0046 84F8645B 		strb	r5, [r4, #2916]
 198 004a 84F8655B 		strb	r5, [r4, #2917]
 199 004e 2570     		strb	r5, [r4]
 200 0050 2946     		mov	r1, r5
 201 0052 88F80850 		strb	r5, [r8, #8]
 202 0056 04F68C30 		addw	r0, r4, #2956
 203 005a 1360     		str	r3, [r2]	@ float
 204 005c 6560     		str	r5, [r4, #4]
 205 005e A560     		str	r5, [r4, #8]
 206 0060 3A46     		mov	r2, r7
 207 0062 CCF80030 		str	r3, [ip]	@ float
 208 0066 CEF80030 		str	r3, [lr]	@ float
 209 006a FFF7FEFF 		bl	memset
 210 006e 04F58350 		add	r0, r4, #4192
 211 0072 3A46     		mov	r2, r7
 212 0074 2946     		mov	r1, r5
 213 0076 1830     		adds	r0, r0, #24
 214 0078 FFF7FEFF 		bl	memset
 215 007c 2946     		mov	r1, r5
 216 007e 04F67C70 		addw	r0, r4, #3964
 217 0082 FC22     		movs	r2, #252
 218 0084 FFF7FEFF 		bl	memset
 219 0088 2946     		mov	r1, r5
 220 008a 04F11800 		add	r0, r4, #24
 221 008e 4FF43462 		mov	r2, #2880
ARM GAS  C:\Users\pc\AppData\Local\Temp\ccDVK0re.s 			page 5


 222 0092 FFF7FEFF 		bl	memset
 223 0096 2046     		mov	r0, r4
 224 0098 BDE8F081 		pop	{r4, r5, r6, r7, r8, pc}
 225              		.size	_ZN12TriggerShapeC2Ev, .-_ZN12TriggerShapeC2Ev
 226              		.global	_ZN12TriggerShapeC1Ev
 227              		.thumb_set _ZN12TriggerShapeC1Ev,_ZN12TriggerShapeC2Ev
 228 009c AFF30080 		.section	.text._ZNK12multi_wave_s15getChannelStateEii,"ax",%progbits
 229              		.align	2
 230              		.p2align 4,,15
 231              		.global	_ZNK12multi_wave_s15getChannelStateEii
 232              		.thumb
 233              		.thumb_func
 234              		.type	_ZNK12multi_wave_s15getChannelStateEii, %function
 235              	_ZNK12multi_wave_s15getChannelStateEii:
 236              		@ args = 0, pretend = 0, frame = 0
 237              		@ frame_needed = 0, uses_anonymous_args = 0
 238              		@ link register save eliminated.
 239 0000 4368     		ldr	r3, [r0, #4]
 240 0002 53F82130 		ldr	r3, [r3, r1, lsl #2]
 241 0006 9856     		ldrsb	r0, [r3, r2]
 242 0008 7047     		bx	lr
 243              		.size	_ZNK12multi_wave_s15getChannelStateEii, .-_ZNK12multi_wave_s15getChannelStateEii
 244 000a 00BFAFF3 		.section	.text._ZNK12multi_wave_s18waveIndertionAngleEfi,"ax",%progbits
 244      0080
 245              		.align	2
 246              		.p2align 4,,15
 247              		.global	_ZNK12multi_wave_s18waveIndertionAngleEfi
 248              		.thumb
 249              		.thumb_func
 250              		.type	_ZNK12multi_wave_s18waveIndertionAngleEfi, %function
 251              	_ZNK12multi_wave_s18waveIndertionAngleEfi:
 252              		@ args = 0, pretend = 0, frame = 0
 253              		@ frame_needed = 0, uses_anonymous_args = 0
 254              		@ link register save eliminated.
 255 0000 013A     		subs	r2, r2, #1
 256 0002 07EE101A 		fmsr	s14, r1
 257 0006 14D4     		bmi	.L14
 258 0008 8368     		ldr	r3, [r0, #8]
 259 000a 03EB8203 		add	r3, r3, r2, lsl #2
 260 000e D3ED007A 		flds	s15, [r3]
 261 0012 B4EEE77A 		fcmpes	s14, s15
 262 0016 F1EE10FA 		fmstat
 263 001a 07DD     		ble	.L12
 264 001c 0BE0     		b	.L10
 265              	.L13:
 266 001e 73ED017A 		fldmdbs	r3!, {s15}
 267 0022 F4EEC77A 		fcmpes	s15, s14
 268 0026 F1EE10FA 		fmstat
 269 002a 04D4     		bmi	.L10
 270              	.L12:
 271 002c 12F1FF32 		adds	r2, r2, #-1
 272 0030 F5D2     		bcs	.L13
 273              	.L14:
 274 0032 0020     		movs	r0, #0
 275 0034 7047     		bx	lr
 276              	.L10:
 277 0036 501C     		adds	r0, r2, #1
ARM GAS  C:\Users\pc\AppData\Local\Temp\ccDVK0re.s 			page 6


 278 0038 7047     		bx	lr
 279              		.size	_ZNK12multi_wave_s18waveIndertionAngleEfi, .-_ZNK12multi_wave_s18waveIndertionAngleEfi
 280 003a 00BFAFF3 		.section	.text._ZNK12multi_wave_s14findAngleMatchEfi,"ax",%progbits
 280      0080
 281              		.align	2
 282              		.p2align 4,,15
 283              		.global	_ZNK12multi_wave_s14findAngleMatchEfi
 284              		.thumb
 285              		.thumb_func
 286              		.type	_ZNK12multi_wave_s14findAngleMatchEfi, %function
 287              	_ZNK12multi_wave_s14findAngleMatchEfi:
 288              		@ args = 0, pretend = 0, frame = 0
 289              		@ frame_needed = 0, uses_anonymous_args = 0
 290 0000 F8B5     		push	{r3, r4, r5, r6, r7, lr}
 291 0002 171E     		subs	r7, r2, #0
 292 0004 0646     		mov	r6, r0
 293 0006 0D46     		mov	r5, r1	@ float
 294 0008 C8BF     		it	gt
 295 000a 0024     		movgt	r4, #0
 296 000c 03DC     		bgt	.L21
 297 000e 0DE0     		b	.L20
 298              	.L23:
 299 0010 0134     		adds	r4, r4, #1
 300 0012 BC42     		cmp	r4, r7
 301 0014 0AD0     		beq	.L20
 302              	.L21:
 303 0016 B368     		ldr	r3, [r6, #8]
 304 0018 03EB8403 		add	r3, r3, r4, lsl #2
 305 001c 2946     		mov	r1, r5	@ float
 306 001e 1868     		ldr	r0, [r3]	@ float
 307 0020 FFF7FEFF 		bl	isSameF
 308 0024 0028     		cmp	r0, #0
 309 0026 F3D0     		beq	.L23
 310 0028 2046     		mov	r0, r4
 311 002a F8BD     		pop	{r3, r4, r5, r6, r7, pc}
 312              	.L20:
 313 002c 4FF0FF30 		mov	r0, #-1
 314 0030 F8BD     		pop	{r3, r4, r5, r6, r7, pc}
 315              		.size	_ZNK12multi_wave_s14findAngleMatchEfi, .-_ZNK12multi_wave_s14findAngleMatchEfi
 316 0032 00BFAFF3 		.section	.text._ZN12multi_wave_s13setSwitchTimeEif,"ax",%progbits
 316      0080AFF3 
 316      0080AFF3 
 316      0080
 317              		.align	2
 318              		.p2align 4,,15
 319              		.global	_ZN12multi_wave_s13setSwitchTimeEif
 320              		.thumb
 321              		.thumb_func
 322              		.type	_ZN12multi_wave_s13setSwitchTimeEif, %function
 323              	_ZN12multi_wave_s13setSwitchTimeEif:
 324              		@ args = 0, pretend = 0, frame = 0
 325              		@ frame_needed = 0, uses_anonymous_args = 0
 326              		@ link register save eliminated.
 327 0000 8368     		ldr	r3, [r0, #8]
 328 0002 03EB8101 		add	r1, r3, r1, lsl #2
 329 0006 0A60     		str	r2, [r1]	@ float
 330 0008 7047     		bx	lr
ARM GAS  C:\Users\pc\AppData\Local\Temp\ccDVK0re.s 			page 7


 331              		.size	_ZN12multi_wave_s13setSwitchTimeEif, .-_ZN12multi_wave_s13setSwitchTimeEif
 332 000a 00BFAFF3 		.section	.text._ZN12TriggerState15getCurrentIndexEv,"ax",%progbits
 332      0080
 333              		.align	2
 334              		.p2align 4,,15
 335              		.global	_ZN12TriggerState15getCurrentIndexEv
 336              		.thumb
 337              		.thumb_func
 338              		.type	_ZN12TriggerState15getCurrentIndexEv, %function
 339              	_ZN12TriggerState15getCurrentIndexEv:
 340              		@ args = 0, pretend = 0, frame = 0
 341              		@ frame_needed = 0, uses_anonymous_args = 0
 342              		@ link register save eliminated.
 343 0000 C06C     		ldr	r0, [r0, #76]
 344 0002 7047     		bx	lr
 345              		.size	_ZN12TriggerState15getCurrentIndexEv, .-_ZN12TriggerState15getCurrentIndexEv
 346 0004 AFF30080 		.section	.text._ZN12TriggerState25getStartOfRevolutionIndexEv,"ax",%progbits
 346      AFF30080 
 346      AFF30080 
 347              		.align	2
 348              		.p2align 4,,15
 349              		.global	_ZN12TriggerState25getStartOfRevolutionIndexEv
 350              		.thumb
 351              		.thumb_func
 352              		.type	_ZN12TriggerState25getStartOfRevolutionIndexEv, %function
 353              	_ZN12TriggerState25getStartOfRevolutionIndexEv:
 354              		@ args = 0, pretend = 0, frame = 0
 355              		@ frame_needed = 0, uses_anonymous_args = 0
 356              		@ link register save eliminated.
 357 0000 D0E92601 		ldrd	r0, [r0, #152]
 358 0004 7047     		bx	lr
 359              		.size	_ZN12TriggerState25getStartOfRevolutionIndexEv, .-_ZN12TriggerState25getStartOfRevolutionInd
 360 0006 00BFAFF3 		.section	.text._ZN12TriggerState20resetRunningCountersEv,"ax",%progbits
 360      0080AFF3 
 360      0080
 361              		.align	2
 362              		.p2align 4,,15
 363              		.global	_ZN12TriggerState20resetRunningCountersEv
 364              		.thumb
 365              		.thumb_func
 366              		.type	_ZN12TriggerState20resetRunningCountersEv, %function
 367              	_ZN12TriggerState20resetRunningCountersEv:
 368              		@ args = 0, pretend = 0, frame = 0
 369              		@ frame_needed = 0, uses_anonymous_args = 0
 370              		@ link register save eliminated.
 371 0000 0023     		movs	r3, #0
 372 0002 0365     		str	r3, [r0, #80]
 373 0004 0364     		str	r3, [r0, #64]
 374 0006 8364     		str	r3, [r0, #72]
 375 0008 7047     		bx	lr
 376              		.size	_ZN12TriggerState20resetRunningCountersEv, .-_ZN12TriggerState20resetRunningCountersEv
 377 000a 00BFAFF3 		.section	.text._ZN12TriggerState20getTotalEventCounterEv,"ax",%progbits
 377      0080
 378              		.align	2
 379              		.p2align 4,,15
 380              		.global	_ZN12TriggerState20getTotalEventCounterEv
 381              		.thumb
ARM GAS  C:\Users\pc\AppData\Local\Temp\ccDVK0re.s 			page 8


 382              		.thumb_func
 383              		.type	_ZN12TriggerState20getTotalEventCounterEv, %function
 384              	_ZN12TriggerState20getTotalEventCounterEv:
 385              		@ args = 0, pretend = 0, frame = 0
 386              		@ frame_needed = 0, uses_anonymous_args = 0
 387              		@ link register save eliminated.
 388 0000 30B4     		push	{r4, r5}
 389 0002 D0E92623 		ldrd	r2, [r0, #152]
 390 0006 C06C     		ldr	r0, [r0, #76]
 391 0008 1418     		adds	r4, r2, r0
 392 000a 43F10005 		adc	r5, r3, #0
 393 000e 2046     		mov	r0, r4
 394 0010 2946     		mov	r1, r5
 395 0012 30BC     		pop	{r4, r5}
 396 0014 7047     		bx	lr
 397              		.size	_ZN12TriggerState20getTotalEventCounterEv, .-_ZN12TriggerState20getTotalEventCounterEv
 398 0016 00BFAFF3 		.section	.text._ZN12TriggerState25getTotalRevolutionCounterEv,"ax",%progbits
 398      0080AFF3 
 398      0080
 399              		.align	2
 400              		.p2align 4,,15
 401              		.global	_ZN12TriggerState25getTotalRevolutionCounterEv
 402              		.thumb
 403              		.thumb_func
 404              		.type	_ZN12TriggerState25getTotalRevolutionCounterEv, %function
 405              	_ZN12TriggerState25getTotalRevolutionCounterEv:
 406              		@ args = 0, pretend = 0, frame = 0
 407              		@ frame_needed = 0, uses_anonymous_args = 0
 408              		@ link register save eliminated.
 409 0000 D0F8A000 		ldr	r0, [r0, #160]
 410 0004 7047     		bx	lr
 411              		.size	_ZN12TriggerState25getTotalRevolutionCounterEv, .-_ZN12TriggerState25getTotalRevolutionCount
 412 0006 00BFAFF3 		.section	.text._ZN12TriggerState5clearEv,"ax",%progbits
 412      0080AFF3 
 412      0080
 413              		.align	2
 414              		.p2align 4,,15
 415              		.global	_ZN12TriggerState5clearEv
 416              		.thumb
 417              		.thumb_func
 418              		.type	_ZN12TriggerState5clearEv, %function
 419              	_ZN12TriggerState5clearEv:
 420              		@ args = 0, pretend = 0, frame = 0
 421              		@ frame_needed = 0, uses_anonymous_args = 0
 422 0000 70B5     		push	{r4, r5, r6, lr}
 423 0002 0025     		movs	r5, #0
 424 0004 1826     		movs	r6, #24
 425 0006 0446     		mov	r4, r0
 426 0008 80F85450 		strb	r5, [r0, #84]
 427 000c 80F85550 		strb	r5, [r0, #85]
 428 0010 80F85650 		strb	r5, [r0, #86]
 429 0014 80F85750 		strb	r5, [r0, #87]
 430 0018 80F85850 		strb	r5, [r0, #88]
 431 001c 80F85950 		strb	r5, [r0, #89]
 432 0020 80F85A50 		strb	r5, [r0, #90]
 433 0024 80F85B50 		strb	r5, [r0, #91]
 434 0028 80F85C50 		strb	r5, [r0, #92]
ARM GAS  C:\Users\pc\AppData\Local\Temp\ccDVK0re.s 			page 9


 435 002c 80F85D50 		strb	r5, [r0, #93]
 436 0030 80F85E50 		strb	r5, [r0, #94]
 437 0034 80F85F50 		strb	r5, [r0, #95]
 438 0038 2946     		mov	r1, r5
 439 003a 3246     		mov	r2, r6
 440 003c 6430     		adds	r0, r0, #100
 441 003e FFF7FEFF 		bl	memset
 442 0042 3246     		mov	r2, r6
 443 0044 04F18000 		add	r0, r4, #128
 444 0048 2946     		mov	r1, r5
 445 004a FFF7FEFF 		bl	memset
 446 004e 2576     		strb	r5, [r4, #24]
 447 0050 6576     		strb	r5, [r4, #25]
 448 0052 A576     		strb	r5, [r4, #26]
 449 0054 E576     		strb	r5, [r4, #27]
 450 0056 2577     		strb	r5, [r4, #28]
 451 0058 6577     		strb	r5, [r4, #29]
 452 005a A577     		strb	r5, [r4, #30]
 453 005c E577     		strb	r5, [r4, #31]
 454 005e 84F82050 		strb	r5, [r4, #32]
 455 0062 84F82150 		strb	r5, [r4, #33]
 456 0066 84F82250 		strb	r5, [r4, #34]
 457 006a 84F82350 		strb	r5, [r4, #35]
 458 006e E564     		str	r5, [r4, #76]
 459 0070 70BD     		pop	{r4, r5, r6, pc}
 460              		.size	_ZN12TriggerState5clearEv, .-_ZN12TriggerState5clearEv
 461 0072 00BFAFF3 		.section	.text._ZN12TriggerStateC2Ev,"ax",%progbits
 461      0080AFF3 
 461      0080AFF3 
 461      0080
 462              		.align	2
 463              		.p2align 4,,15
 464              		.global	_ZN12TriggerStateC2Ev
 465              		.thumb
 466              		.thumb_func
 467              		.type	_ZN12TriggerStateC2Ev, %function
 468              	_ZN12TriggerStateC2Ev:
 469              		@ args = 0, pretend = 0, frame = 0
 470              		@ frame_needed = 0, uses_anonymous_args = 0
 471 0000 F8B5     		push	{r3, r4, r5, r6, r7, lr}
 472 0002 0027     		movs	r7, #0
 473 0004 0646     		mov	r6, r0
 474 0006 0024     		movs	r4, #0
 475 0008 0025     		movs	r5, #0
 476 000a 0760     		str	r7, [r0]
 477 000c 0771     		strb	r7, [r0, #4]
 478 000e 8760     		str	r7, [r0, #8]
 479 0010 C0F8A070 		str	r7, [r0, #160]
 480 0014 C763     		str	r7, [r0, #60]
 481 0016 4764     		str	r7, [r0, #68]
 482 0018 C760     		str	r7, [r0, #12]
 483 001a 80F86070 		strb	r7, [r0, #96]
 484 001e 80F86170 		strb	r7, [r0, #97]
 485 0022 0765     		str	r7, [r0, #80]
 486 0024 0764     		str	r7, [r0, #64]
 487 0026 8764     		str	r7, [r0, #72]
 488 0028 C0E90445 		strd	r4, [r0, #16]
ARM GAS  C:\Users\pc\AppData\Local\Temp\ccDVK0re.s 			page 10


 489 002c C0E92A45 		strd	r4, [r0, #168]
 490 0030 C0E92C45 		strd	r4, [r0, #176]
 491 0034 FFF7FEFF 		bl	_ZN12TriggerState5clearEv
 492 0038 0123     		movs	r3, #1
 493 003a 86F83070 		strb	r7, [r6, #48]
 494 003e 86F83170 		strb	r7, [r6, #49]
 495 0042 86F83270 		strb	r7, [r6, #50]
 496 0046 86F83370 		strb	r7, [r6, #51]
 497 004a 86F83470 		strb	r7, [r6, #52]
 498 004e 86F83570 		strb	r7, [r6, #53]
 499 0052 86F83670 		strb	r7, [r6, #54]
 500 0056 86F83770 		strb	r7, [r6, #55]
 501 005a 86F83870 		strb	r7, [r6, #56]
 502 005e 86F83970 		strb	r7, [r6, #57]
 503 0062 86F83A70 		strb	r7, [r6, #58]
 504 0066 86F83B70 		strb	r7, [r6, #59]
 505 006a C6E92645 		strd	r4, [r6, #152]
 506 006e 86F8A430 		strb	r3, [r6, #164]
 507 0072 3046     		mov	r0, r6
 508 0074 F8BD     		pop	{r3, r4, r5, r6, r7, pc}
 509              		.size	_ZN12TriggerStateC2Ev, .-_ZN12TriggerStateC2Ev
 510              		.global	_ZN12TriggerStateC1Ev
 511              		.thumb_set _ZN12TriggerStateC1Ev,_ZN12TriggerStateC2Ev
 512 0076 00BFAFF3 		.section	.text._ZNK12TriggerShape9getLengthEv,"ax",%progbits
 512      0080AFF3 
 512      0080
 513              		.align	2
 514              		.p2align 4,,15
 515              		.global	_ZNK12TriggerShape9getLengthEv
 516              		.thumb
 517              		.thumb_func
 518              		.type	_ZNK12TriggerShape9getLengthEv, %function
 519              	_ZNK12TriggerShape9getLengthEv:
 520              		@ args = 0, pretend = 0, frame = 0
 521              		@ frame_needed = 0, uses_anonymous_args = 0
 522              		@ link register save eliminated.
 523 0000 00F5DB53 		add	r3, r0, #7008
 524 0004 00F5A350 		add	r0, r0, #5216
 525 0008 9B68     		ldr	r3, [r3, #8]
 526 000a C068     		ldr	r0, [r0, #12]
 527 000c 022B     		cmp	r3, #2
 528 000e 18BF     		it	ne
 529 0010 4000     		lslne	r0, r0, #1
 530 0012 7047     		bx	lr
 531              		.size	_ZNK12TriggerShape9getLengthEv, .-_ZNK12TriggerShape9getLengthEv
 532 0014 AFF30080 		.section	.text._ZNK12TriggerShape8getAngleEi,"ax",%progbits
 532      AFF30080 
 532      AFF30080 
 533              		.align	2
 534              		.p2align 4,,15
 535              		.global	_ZNK12TriggerShape8getAngleEi
 536              		.thumb
 537              		.thumb_func
 538              		.type	_ZNK12TriggerShape8getAngleEi, %function
 539              	_ZNK12TriggerShape8getAngleEi:
 540              		@ args = 0, pretend = 0, frame = 0
 541              		@ frame_needed = 0, uses_anonymous_args = 0
ARM GAS  C:\Users\pc\AppData\Local\Temp\ccDVK0re.s 			page 11


 542 0000 00F5DB52 		add	r2, r0, #7008
 543 0004 08B5     		push	{r3, lr}
 544 0006 9268     		ldr	r2, [r2, #8]
 545 0008 022A     		cmp	r2, #2
 546 000a 1DD0     		beq	.L39
 547 000c 00F5A352 		add	r2, r0, #5216
 548 0010 00F67430 		addw	r0, r0, #2932
 549 0014 D268     		ldr	r2, [r2, #12]
 550 0016 9142     		cmp	r1, r2
 551 0018 0BDB     		blt	.L40
 552 001a 891A     		subs	r1, r1, r2
 553 001c FFF7FEFF 		bl	_ZNK12multi_wave_s13getSwitchTimeEi
 554 0020 DFED107A 		flds	s15, .L41
 555 0024 07EE100A 		fmsr	s14, r0
 556 0028 E7EE277A 		vfma.f32	s15, s14, s15
 557 002c 17EE900A 		fmrs	r0, s15
 558 0030 08BD     		pop	{r3, pc}
 559              	.L40:
 560 0032 FFF7FEFF 		bl	_ZNK12multi_wave_s13getSwitchTimeEi
 561 0036 DFED0B7A 		flds	s15, .L41
 562 003a 07EE100A 		fmsr	s14, r0
 563 003e 67EE277A 		fmuls	s15, s14, s15
 564 0042 17EE900A 		fmrs	r0, s15
 565 0046 08BD     		pop	{r3, pc}
 566              	.L39:
 567 0048 00F67430 		addw	r0, r0, #2932
 568 004c FFF7FEFF 		bl	_ZNK12multi_wave_s13getSwitchTimeEi
 569 0050 DFED057A 		flds	s15, .L41+4
 570 0054 07EE100A 		fmsr	s14, r0
 571 0058 67EE277A 		fmuls	s15, s14, s15
 572 005c 17EE900A 		fmrs	r0, s15
 573 0060 08BD     		pop	{r3, pc}
 574              	.L42:
 575 0062 00BF     		.align	2
 576              	.L41:
 577 0064 0000B443 		.word	1135869952
 578 0068 00003444 		.word	1144258560
 579              		.size	_ZNK12TriggerShape8getAngleEi, .-_ZNK12TriggerShape8getAngleEi
 580 006c AFF30080 		.section	.text._ZN12TriggerShape26calculateTriggerSynchPointEv,"ax",%progbits
 581              		.align	2
 582              		.p2align 4,,15
 583              		.global	_ZN12TriggerShape26calculateTriggerSynchPointEv
 584              		.thumb
 585              		.thumb_func
 586              		.type	_ZN12TriggerShape26calculateTriggerSynchPointEv, %function
 587              	_ZN12TriggerShape26calculateTriggerSynchPointEv:
 588              		@ args = 0, pretend = 0, frame = 16
 589              		@ frame_needed = 0, uses_anonymous_args = 0
 590 0000 2DE9F04F 		push	{r4, r5, r6, r7, r8, r9, r10, fp, lr}
 591 0004 40F20007 		movw	r7, #:lower16:engineConfiguration
 592 0008 C0F20007 		movt	r7, #:upper16:engineConfiguration
 593 000c 2DED048B 		fstmfdd	sp!, {d8, d9}
 594 0010 3968     		ldr	r1, [r7]
 595 0012 85B0     		sub	sp, sp, #20
 596 0014 01F50671 		add	r1, r1, #536
 597 0018 8346     		mov	fp, r0
 598 001a FFF7FEFF 		bl	_Z25findTriggerZeroEventIndexP12TriggerShapePK16trigger_config_s
ARM GAS  C:\Users\pc\AppData\Local\Temp\ccDVK0re.s 			page 12


 599 001e 40F20006 		movw	r6, #:lower16:engine
 600 0022 0BF5DB53 		add	r3, fp, #7008
 601 0026 C0F20006 		movt	r6, #:upper16:engine
 602 002a 0146     		mov	r1, r0
 603 002c 0BF5A352 		add	r2, fp, #5216
 604 0030 9868     		ldr	r0, [r3, #8]
 605 0032 3368     		ldr	r3, [r6]
 606 0034 0192     		str	r2, [sp, #4]
 607 0036 0228     		cmp	r0, #2
 608 0038 D068     		ldr	r0, [r2, #12]
 609 003a 03F5F753 		add	r3, r3, #7904
 610 003e 0BF5BB59 		add	r9, fp, #5984
 611 0042 18BF     		it	ne
 612 0044 4000     		lslne	r0, r0, #1
 613 0046 C9F81010 		str	r1, [r9, #16]
 614 004a D861     		str	r0, [r3, #28]
 615 004c 5846     		mov	r0, fp
 616 004e FFF7FEFF 		bl	_ZNK12TriggerShape8getAngleEi
 617 0052 3368     		ldr	r3, [r6]
 618 0054 03F5F753 		add	r3, r3, #7904
 619 0058 09EE100A 		fmsr	s18, r0
 620 005c D869     		ldr	r0, [r3, #28]
 621 005e 0028     		cmp	r0, #0
 622 0060 25DD     		ble	.L43
 623 0062 0BF68C33 		addw	r3, fp, #2956
 624 0066 9A46     		mov	r10, r3
 625 0068 0293     		str	r3, [sp, #8]
 626 006a 40F20002 		movw	r2, #:lower16:persistentState
 627 006e 0BF58353 		add	r3, fp, #4192
 628 0072 0024     		movs	r4, #0
 629 0074 C0F20002 		movt	r2, #:upper16:persistentState
 630 0078 0393     		str	r3, [sp, #12]
 631 007a DFED3D8A 		flds	s17, .L73
 632 007e 3B46     		mov	r3, r7
 633 0080 2546     		mov	r5, r4
 634 0082 5746     		mov	r7, r10
 635 0084 0092     		str	r2, [sp]
 636 0086 9A46     		mov	r10, r3
 637              	.L62:
 638 0088 B4B9     		cbnz	r4, .L47
 639 008a 029A     		ldr	r2, [sp, #8]
 640 008c 039B     		ldr	r3, [sp, #12]
 641 008e 0BF53961 		add	r1, fp, #2960
 642 0092 C2ED008A 		fsts	s17, [r2]
 643 0096 C1ED008A 		fsts	s17, [r1]
 644 009a 9C61     		str	r4, [r3, #24]
 645              	.L48:
 646 009c 3168     		ldr	r1, [r6]
 647 009e 01F5F751 		add	r1, r1, #7904
 648 00a2 0134     		adds	r4, r4, #1
 649 00a4 C869     		ldr	r0, [r1, #28]
 650 00a6 A042     		cmp	r0, r4
 651 00a8 07F10407 		add	r7, r7, #4
 652 00ac ECDC     		bgt	.L62
 653              	.L43:
 654 00ae 05B0     		add	sp, sp, #20
 655              		@ sp needed
ARM GAS  C:\Users\pc\AppData\Local\Temp\ccDVK0re.s 			page 13


 656 00b0 BDEC048B 		fldmfdd	sp!, {d8-d9}
 657 00b4 BDE8F08F 		pop	{r4, r5, r6, r7, r8, r9, r10, fp, pc}
 658              	.L47:
 659 00b8 D9F81010 		ldr	r1, [r9, #16]
 660 00bc 019A     		ldr	r2, [sp, #4]
 661 00be 2144     		add	r1, r1, r4
 662 00c0 D368     		ldr	r3, [r2, #12]
 663 00c2 91FBF0FE 		sdiv	lr, r1, r0
 664 00c6 00FB1E11 		mls	r1, r0, lr, r1
 665 00ca 9942     		cmp	r1, r3
 666 00cc 5846     		mov	r0, fp
 667 00ce ACBF     		ite	ge
 668 00d0 C3EB0108 		rsbge	r8, r3, r1
 669 00d4 8846     		movlt	r8, r1
 670 00d6 FFF7FEFF 		bl	_ZNK12TriggerShape8getAngleEi
 671 00da 009B     		ldr	r3, [sp]
 672 00dc 07EE100A 		fmsr	s14, r0
 673 00e0 D3F8A811 		ldr	r1, [r3, #424]
 674 00e4 37EE498A 		fsubs	s16, s14, s18
 675 00e8 C1B3     		cbz	r1, .L71
 676              	.L50:
 677 00ea B5EEC08A 		fcmpezs	s16
 678 00ee 07EE101A 		fmsr	s14, r1	@ int
 679 00f2 F1EE10FA 		fmstat
 680 00f6 F8EEC77A 		fsitos	s15, s14
 681 00fa 0DD5     		bpl	.L70
 682              	.L54:
 683 00fc 38EE278A 		fadds	s16, s16, s15
 684 0100 B5EEC08A 		fcmpezs	s16
 685 0104 F1EE10FA 		fmstat
 686 0108 F8D4     		bmi	.L54
 687 010a B4EEE78A 		fcmpes	s16, s15
 688 010e F1EE10FA 		fmstat
 689 0112 06DB     		blt	.L72
 690              	.L58:
 691 0114 38EE678A 		fsubs	s16, s16, s15
 692              	.L70:
 693 0118 B4EEE78A 		fcmpes	s16, s15
 694 011c F1EE10FA 		fmstat
 695 0120 F8DA     		bge	.L58
 696              	.L72:
 697 0122 DAF80010 		ldr	r1, [r10]
 698 0126 91F8E515 		ldrb	r1, [r1, #1509]	@ zero_extendqisi2
 699 012a 4B06     		lsls	r3, r1, #25
 700 012c 58BF     		it	pl
 701 012e 87ED008A 		fstspl	s16, [r7]
 702 0132 10D5     		bpl	.L60
 703 0134 D844     		add	r8, r8, fp
 704 0136 98F97C1F 		ldrsb	r1, [r8, #3964]
 705 013a 61B1     		cbz	r1, .L60
 706 013c 05F53970 		add	r0, r5, #740
 707 0140 05F2E521 		addw	r1, r5, #741
 708 0144 0BEB8000 		add	r0, fp, r0, lsl #2
 709 0148 0BEB8101 		add	r1, fp, r1, lsl #2
 710 014c 80ED018A 		fsts	s16, [r0, #4]
 711 0150 81ED018A 		fsts	s16, [r1, #4]
 712 0154 0235     		adds	r5, r5, #2
ARM GAS  C:\Users\pc\AppData\Local\Temp\ccDVK0re.s 			page 14


 713              	.L60:
 714 0156 C7F8EC54 		str	r5, [r7, #1260]
 715 015a 9FE7     		b	.L48
 716              	.L71:
 717 015c 40F20000 		movw	r0, #:lower16:.LC0
 718 0160 C0F20000 		movt	r0, #:upper16:.LC0
 719 0164 FFF7FEFF 		bl	firmwareError
 720 0168 009A     		ldr	r2, [sp]
 721 016a D2F8A811 		ldr	r1, [r2, #424]
 722 016e BCE7     		b	.L50
 723              	.L74:
 724              		.align	2
 725              	.L73:
 726 0170 00000000 		.word	0
 727              		.size	_ZN12TriggerShape26calculateTriggerSynchPointEv, .-_ZN12TriggerShape26calculateTriggerSynchP
 728 0174 AFF30080 		.section	.text._ZN12TriggerShape16getOperationModeEv,"ax",%progbits
 728      AFF30080 
 728      AFF30080 
 729              		.align	2
 730              		.p2align 4,,15
 731              		.global	_ZN12TriggerShape16getOperationModeEv
 732              		.thumb
 733              		.thumb_func
 734              		.type	_ZN12TriggerShape16getOperationModeEv, %function
 735              	_ZN12TriggerShape16getOperationModeEv:
 736              		@ args = 0, pretend = 0, frame = 0
 737              		@ frame_needed = 0, uses_anonymous_args = 0
 738              		@ link register save eliminated.
 739 0000 00F5DB50 		add	r0, r0, #7008
 740 0004 8068     		ldr	r0, [r0, #8]
 741 0006 7047     		bx	lr
 742              		.size	_ZN12TriggerShape16getOperationModeEv, .-_ZN12TriggerShape16getOperationModeEv
 743              		.global	__aeabi_f2d
 744 0008 AFF30080 		.section	.text._ZN12TriggerShape8addEventEf15trigger_wheel_e15trigger_value_e,"ax",%progbits
 744      AFF30080 
 745              		.align	2
 746              		.p2align 4,,15
 747              		.global	_ZN12TriggerShape8addEventEf15trigger_wheel_e15trigger_value_e
 748              		.thumb
 749              		.thumb_func
 750              		.type	_ZN12TriggerShape8addEventEf15trigger_wheel_e15trigger_value_e, %function
 751              	_ZN12TriggerShape8addEventEf15trigger_wheel_e15trigger_value_e:
 752              		@ args = 0, pretend = 0, frame = 24
 753              		@ frame_needed = 0, uses_anonymous_args = 0
 754 0000 2DE9F04F 		push	{r4, r5, r6, r7, r8, r9, r10, fp, lr}
 755 0004 00F5DB54 		add	r4, r0, #7008
 756 0008 2DED028B 		fstmfdd	sp!, {d8}
 757 000c 0546     		mov	r5, r0
 758 000e A068     		ldr	r0, [r4, #8]
 759 0010 89B0     		sub	sp, sp, #36
 760 0012 1746     		mov	r7, r2
 761 0014 9846     		mov	r8, r3
 762 0016 08EE101A 		fmsr	s16, r1
 763 001a 0028     		cmp	r0, #0
 764 001c 00F0E180 		beq	.L116
 765 0020 012A     		cmp	r2, #1
 766 0022 00F0D580 		beq	.L117
ARM GAS  C:\Users\pc\AppData\Local\Temp\ccDVK0re.s 			page 15


 767              	.L78:
 768 0026 05F5A356 		add	r6, r5, #5216
 769 002a 337A     		ldrb	r3, [r6, #8]	@ zero_extendqisi2
 770 002c 002B     		cmp	r3, #0
 771 002e 40F0B680 		bne	.L118
 772 0032 CDF80C80 		str	r8, [sp, #12]
 773              	.L79:
 774 0036 FFF7FEFF 		bl	_Z14getEngineCycle16operation_mode_e
 775 003a 40F20003 		movw	r3, #:lower16:engineConfiguration
 776 003e C0F20003 		movt	r3, #:upper16:engineConfiguration
 777 0042 07EE900A 		fmsr	s15, r0
 778 0046 1B68     		ldr	r3, [r3]
 779 0048 93F8E535 		ldrb	r3, [r3, #1509]	@ zero_extendqisi2
 780 004c 5B06     		lsls	r3, r3, #25
 781 004e 88EE278A 		fdivs	s16, s16, s15
 782 0052 40F1AA80 		bpl	.L80
 783 0056 B8F1010F 		cmp	r8, #1
 784 005a 00F0A680 		beq	.L80
 785              	.L81:
 786 005e B5EEC08A 		fcmpezs	s16
 787 0062 F1EE10FA 		fmstat
 788 0066 DCBF     		itt	le
 789 0068 40F20000 		movwle	r0, #:lower16:.LC3
 790 006c C0F20000 		movtle	r0, #:upper16:.LC3
 791 0070 40F3A780 		ble	.L115
 792 0074 F268     		ldr	r2, [r6, #12]
 793 0076 002A     		cmp	r2, #0
 794 0078 40F3BE80 		ble	.L83
 795 007c D4ED018A 		flds	s17, [r4, #4]
 796 0080 B4EEE88A 		fcmpes	s16, s17
 797 0084 F1EE10FA 		fmstat
 798 0088 88BF     		it	hi
 799 008a 84ED018A 		fstshi	s16, [r4, #4]
 800 008e 40F2DC80 		bls	.L119
 801              	.L87:
 802 0092 05F67433 		addw	r3, r5, #2932
 803 0096 1846     		mov	r0, r3
 804 0098 18EE101A 		fmrs	r1, s16
 805 009c 0293     		str	r3, [sp, #8]
 806 009e FFF7FEFF 		bl	_ZNK12multi_wave_s14findAngleMatchEfi
 807 00a2 411C     		adds	r1, r0, #1
 808 00a4 029B     		ldr	r3, [sp, #8]
 809 00a6 40F08880 		bne	.L120
 810 00aa F168     		ldr	r1, [r6, #12]
 811 00ac B1F1010A 		subs	r10, r1, #1
 812 00b0 00F1FB80 		bmi	.L107
 813 00b4 D5F87C0B 		ldr	r0, [r5, #2940]
 814 00b8 4FEA8A0C 		lsl	ip, r10, #2
 815 00bc 6044     		add	r0, r0, ip
 816 00be D0ED007A 		flds	s15, [r0]
 817 00c2 B4EEE78A 		fcmpes	s16, s15
 818 00c6 F1EE10FA 		fmstat
 819 00ca D8BF     		it	le
 820 00cc 5246     		movle	r2, r10
 821 00ce 08DD     		ble	.L95
 822 00d0 D4E0     		b	.L123
 823              	.L97:
ARM GAS  C:\Users\pc\AppData\Local\Temp\ccDVK0re.s 			page 16


 824 00d2 70ED017A 		fldmdbs	r0!, {s15}
 825 00d6 B4EEE78A 		fcmpes	s16, s15
 826 00da F1EE10FA 		fmstat
 827 00de 00F3CE80 		bgt	.L93
 828              	.L95:
 829 00e2 12F1FF32 		adds	r2, r2, #-1
 830 00e6 F4D2     		bcs	.L97
 831 00e8 0020     		movs	r0, #0
 832 00ea 0590     		str	r0, [sp, #20]
 833 00ec 0692     		str	r2, [sp, #24]
 834 00ee 8346     		mov	fp, r0
 835 00f0 0490     		str	r0, [sp, #16]
 836              	.L104:
 837 00f2 0CF10409 		add	r9, ip, #4
 838 00f6 049C     		ldr	r4, [sp, #16]
 839 00f8 0796     		str	r6, [sp, #28]
 840 00fa 5E46     		mov	r6, fp
 841 00fc CB46     		mov	fp, r9
 842 00fe 9946     		mov	r9, r3
 843              	.L98:
 844 0100 0AF10100 		add	r0, r10, #1
 845 0104 0023     		movs	r3, #0
 846              	.L105:
 847 0106 D5F8782B 		ldr	r2, [r5, #2936]
 848 010a D258     		ldr	r2, [r2, r3]
 849 010c 0433     		adds	r3, r3, #4
 850 010e 915D     		ldrb	r1, [r2, r6]	@ zero_extendqisi2
 851 0110 0C2B     		cmp	r3, #12
 852 0112 1154     		strb	r1, [r2, r0]
 853 0114 F7D1     		bne	.L105
 854 0116 5146     		mov	r1, r10
 855 0118 4846     		mov	r0, r9
 856 011a FFF7FEFF 		bl	_ZNK12multi_wave_s13getSwitchTimeEi
 857 011e D5F87C3B 		ldr	r3, [r5, #2940]
 858 0122 0AF1FF3A 		add	r10, r10, #-1
 859 0126 5B44     		add	r3, r3, fp
 860 0128 A245     		cmp	r10, r4
 861 012a 1860     		str	r0, [r3]	@ float
 862 012c ABF1040B 		sub	fp, fp, #4
 863 0130 E6DA     		bge	.L98
 864 0132 B346     		mov	fp, r6
 865 0134 079E     		ldr	r6, [sp, #28]
 866 0136 F168     		ldr	r1, [r6, #12]
 867              	.L92:
 868 0138 049B     		ldr	r3, [sp, #16]
 869 013a B8F10102 		subs	r2, r8, #1
 870 013e 2B44     		add	r3, r3, r5
 871 0140 D2F10008 		rsbs	r8, r2, #0
 872 0144 58EB0208 		adcs	r8, r8, r2
 873 0148 83F87C8F 		strb	r8, [r3, #3964]
 874 014c 049B     		ldr	r3, [sp, #16]
 875 014e 8B42     		cmp	r3, r1
 876 0150 06D0     		beq	.L101
 877 0152 40F20000 		movw	r0, #:lower16:.LC7
 878 0156 C0F20000 		movt	r0, #:upper16:.LC7
 879 015a FFF7FEFF 		bl	firmwareError
 880 015e F168     		ldr	r1, [r6, #12]
ARM GAS  C:\Users\pc\AppData\Local\Temp\ccDVK0re.s 			page 17


 881              	.L101:
 882 0160 0131     		adds	r1, r1, #1
 883 0162 0698     		ldr	r0, [sp, #24]
 884 0164 F160     		str	r1, [r6, #12]
 885 0166 0023     		movs	r3, #0
 886              	.L103:
 887 0168 D5F8782B 		ldr	r2, [r5, #2936]
 888 016c D258     		ldr	r2, [r2, r3]
 889 016e 0433     		adds	r3, r3, #4
 890 0170 115C     		ldrb	r1, [r2, r0]	@ zero_extendqisi2
 891 0172 0C2B     		cmp	r3, #12
 892 0174 02F80B10 		strb	r1, [r2, fp]
 893 0178 F6D1     		bne	.L103
 894 017a D5F8783B 		ldr	r3, [r5, #2936]
 895 017e D5F87C1B 		ldr	r1, [r5, #2940]
 896 0182 059A     		ldr	r2, [sp, #20]
 897 0184 53F82730 		ldr	r3, [r3, r7, lsl #2]
 898 0188 0398     		ldr	r0, [sp, #12]
 899 018a 1144     		add	r1, r1, r2
 900 018c 81ED008A 		fsts	s16, [r1]
 901 0190 03F80B00 		strb	r0, [r3, fp]
 902 0194 09B0     		add	sp, sp, #36
 903              		@ sp needed
 904 0196 BDEC028B 		fldmfdd	sp!, {d8}
 905 019a BDE8F08F 		pop	{r4, r5, r6, r7, r8, r9, r10, fp, pc}
 906              	.L118:
 907 019e D8F10103 		rsbs	r3, r8, #1
 908 01a2 38BF     		it	cc
 909 01a4 0023     		movcc	r3, #0
 910 01a6 0393     		str	r3, [sp, #12]
 911 01a8 45E7     		b	.L79
 912              	.L80:
 913 01aa 05EB8703 		add	r3, r5, r7, lsl #2
 914 01ae D3F8682B 		ldr	r2, [r3, #2920]
 915 01b2 0132     		adds	r2, r2, #1
 916 01b4 C3F8682B 		str	r2, [r3, #2920]
 917 01b8 51E7     		b	.L81
 918              	.L120:
 919 01ba 40F20000 		movw	r0, #:lower16:.LC6
 920 01be C0F20000 		movt	r0, #:upper16:.LC6
 921              	.L115:
 922 01c2 09B0     		add	sp, sp, #36
 923              		@ sp needed
 924 01c4 BDEC028B 		fldmfdd	sp!, {d8}
 925 01c8 BDE8F04F 		pop	{r4, r5, r6, r7, r8, r9, r10, fp, lr}
 926 01cc FFF7FEBF 		b	firmwareError
 927              	.L117:
 928 01d0 6B78     		ldrb	r3, [r5, #1]	@ zero_extendqisi2
 929 01d2 002B     		cmp	r3, #0
 930 01d4 7FF427AF 		bne	.L78
 931 01d8 40F20000 		movw	r0, #:lower16:.LC2
 932 01dc C0F20000 		movt	r0, #:upper16:.LC2
 933 01e0 EFE7     		b	.L115
 934              	.L116:
 935 01e2 40F20000 		movw	r0, #:lower16:.LC1
 936 01e6 C0F20000 		movt	r0, #:upper16:.LC1
 937 01ea 09B0     		add	sp, sp, #36
ARM GAS  C:\Users\pc\AppData\Local\Temp\ccDVK0re.s 			page 18


 938              		@ sp needed
 939 01ec BDEC028B 		fldmfdd	sp!, {d8}
 940 01f0 BDE8F04F 		pop	{r4, r5, r6, r7, r8, r9, r10, fp, lr}
 941 01f4 FFF7FEBF 		b	firmwareError
 942              	.L83:
 943 01f8 84ED018A 		fsts	s16, [r4, #4]
 944 01fc 7FF449AF 		bne	.L87
 945 0200 0123     		movs	r3, #1
 946 0202 F360     		str	r3, [r6, #12]
 947              	.L90:
 948 0204 D5F8783B 		ldr	r3, [r5, #2936]
 949 0208 9B58     		ldr	r3, [r3, r2]
 950 020a A918     		adds	r1, r5, r2
 951 020c 0432     		adds	r2, r2, #4
 952 020e 002B     		cmp	r3, #0
 953 0210 46D0     		beq	.L122
 954 0212 D1F8801B 		ldr	r1, [r1, #2944]
 955 0216 0C2A     		cmp	r2, #12
 956 0218 1970     		strb	r1, [r3]
 957 021a F3D1     		bne	.L90
 958 021c B8F10100 		subs	r0, r8, #1
 959 0220 D0F10008 		rsbs	r8, r0, #0
 960 0224 D5F8783B 		ldr	r3, [r5, #2936]
 961 0228 D5F87C2B 		ldr	r2, [r5, #2940]
 962 022c 58EB0008 		adcs	r8, r8, r0
 963 0230 85F87C8F 		strb	r8, [r5, #3964]
 964 0234 53F82730 		ldr	r3, [r3, r7, lsl #2]
 965 0238 0398     		ldr	r0, [sp, #12]
 966 023a 82ED008A 		fsts	s16, [r2]
 967 023e 1870     		strb	r0, [r3]
 968 0240 09B0     		add	sp, sp, #36
 969              		@ sp needed
 970 0242 BDEC028B 		fldmfdd	sp!, {d8}
 971 0246 BDE8F08F 		pop	{r4, r5, r6, r7, r8, r9, r10, fp, pc}
 972              	.L119:
 973 024a 18EE100A 		fmrs	r0, s16
 974 024e FFF7FEFF 		bl	__aeabi_f2d
 975 0252 0446     		mov	r4, r0
 976 0254 18EE900A 		fmrs	r0, s17
 977 0258 0D46     		mov	r5, r1
 978 025a FFF7FEFF 		bl	__aeabi_f2d
 979 025e CDE90001 		strd	r0, [sp]
 980 0262 40F20000 		movw	r0, #:lower16:.LC4
 981 0266 2246     		mov	r2, r4
 982 0268 2B46     		mov	r3, r5
 983 026a C0F20000 		movt	r0, #:upper16:.LC4
 984 026e FFF7FEFF 		bl	firmwareError
 985 0272 09B0     		add	sp, sp, #36
 986              		@ sp needed
 987 0274 BDEC028B 		fldmfdd	sp!, {d8}
 988 0278 BDE8F08F 		pop	{r4, r5, r6, r7, r8, r9, r10, fp, pc}
 989              	.L123:
 990 027c 5246     		mov	r2, r10
 991              	.L93:
 992 027e 501C     		adds	r0, r2, #1
 993 0280 8245     		cmp	r10, r0
 994 0282 0692     		str	r2, [sp, #24]
ARM GAS  C:\Users\pc\AppData\Local\Temp\ccDVK0re.s 			page 19


 995 0284 B8BF     		it	lt
 996 0286 8200     		lsllt	r2, r0, #2
 997 0288 0490     		str	r0, [sp, #16]
 998 028a BCBF     		itt	lt
 999 028c 8346     		movlt	fp, r0
 1000 028e 0592     		strlt	r2, [sp, #20]
 1001 0290 FFF652AF 		blt	.L92
 1002 0294 DDF810B0 		ldr	fp, [sp, #16]
 1003 0298 4FEA8B02 		lsl	r2, fp, #2
 1004 029c 0592     		str	r2, [sp, #20]
 1005 029e 28E7     		b	.L104
 1006              	.L122:
 1007 02a0 40F20000 		movw	r0, #:lower16:.LC5
 1008 02a4 C0F20000 		movt	r0, #:upper16:.LC5
 1009 02a8 8BE7     		b	.L115
 1010              	.L107:
 1011 02aa 0022     		movs	r2, #0
 1012 02ac 0592     		str	r2, [sp, #20]
 1013 02ae 0690     		str	r0, [sp, #24]
 1014 02b0 9346     		mov	fp, r2
 1015 02b2 0492     		str	r2, [sp, #16]
 1016 02b4 40E7     		b	.L92
 1017              		.size	_ZN12TriggerShape8addEventEf15trigger_wheel_e15trigger_value_e, .-_ZN12TriggerShape8addEvent
 1018 02b6 00BFAFF3 		.section	.text._ZN12TriggerShape8addEventEf15trigger_wheel_e15trigger_value_eff,"ax",%progbits
 1018      0080AFF3 
 1018      0080
 1019              		.align	2
 1020              		.p2align 4,,15
 1021              		.global	_ZN12TriggerShape8addEventEf15trigger_wheel_e15trigger_value_eff
 1022              		.thumb
 1023              		.thumb_func
 1024              		.type	_ZN12TriggerShape8addEventEf15trigger_wheel_e15trigger_value_eff, %function
 1025              	_ZN12TriggerShape8addEventEf15trigger_wheel_e15trigger_value_eff:
 1026              		@ args = 8, pretend = 0, frame = 0
 1027              		@ frame_needed = 0, uses_anonymous_args = 0
 1028              		@ link register save eliminated.
 1029 0000 07EE901A 		fmsr	s15, r1
 1030 0004 9DED007A 		flds	s14, [sp]
 1031 0008 F4EEC77A 		fcmpes	s15, s14
 1032 000c F1EE10FA 		fmstat
 1033 0010 DDED016A 		flds	s13, [sp, #4]
 1034 0014 04DD     		ble	.L124
 1035 0016 F4EEE67A 		fcmpes	s15, s13
 1036 001a F1EE10FA 		fmstat
 1037 001e 00D4     		bmi	.L130
 1038              	.L124:
 1039 0020 7047     		bx	lr
 1040              	.L130:
 1041 0022 FFF7FEBF 		b	_ZN12TriggerShape8addEventEf15trigger_wheel_e15trigger_value_e
 1042              		.size	_ZN12TriggerShape8addEventEf15trigger_wheel_e15trigger_value_eff, .-_ZN12TriggerShape8addEve
 1043 0026 00BFAFF3 		.section	.text._ZL14addAccordPair3P12TriggerShapef,"ax",%progbits
 1043      0080AFF3 
 1043      0080
 1044              		.align	2
 1045              		.p2align 4,,15
 1046              		.thumb
 1047              		.thumb_func
ARM GAS  C:\Users\pc\AppData\Local\Temp\ccDVK0re.s 			page 20


 1048              		.type	_ZL14addAccordPair3P12TriggerShapef, %function
 1049              	_ZL14addAccordPair3P12TriggerShapef:
 1050              		@ args = 0, pretend = 0, frame = 0
 1051              		@ frame_needed = 0, uses_anonymous_args = 0
 1052 0000 10B5     		push	{r4, lr}
 1053 0002 2DED028B 		fstmfdd	sp!, {d8}
 1054 0006 B1EE0E8A 		fconsts	s16, #30
 1055 000a 70EE088A 		fadds	s17, s0, s16
 1056 000e 0222     		movs	r2, #2
 1057 0010 18EE901A 		fmrs	r1, s17
 1058 0014 0123     		movs	r3, #1
 1059 0016 0446     		mov	r4, r0
 1060 0018 FFF7FEFF 		bl	_ZN12TriggerShape8addEventEf15trigger_wheel_e15trigger_value_e
 1061 001c 38EE888A 		fadds	s16, s17, s16
 1062 0020 2046     		mov	r0, r4
 1063 0022 18EE101A 		fmrs	r1, s16
 1064 0026 0222     		movs	r2, #2
 1065 0028 0023     		movs	r3, #0
 1066 002a FFF7FEFF 		bl	_ZN12TriggerShape8addEventEf15trigger_wheel_e15trigger_value_e
 1067 002e B2EE0E0A 		fconsts	s0, #46
 1068 0032 38EE000A 		fadds	s0, s16, s0
 1069 0036 BDEC028B 		fldmfdd	sp!, {d8}
 1070 003a 10BD     		pop	{r4, pc}
 1071              		.size	_ZL14addAccordPair3P12TriggerShapef, .-_ZL14addAccordPair3P12TriggerShapef
 1072 003c AFF30080 		.section	.text._ZL13addAccordPairP12TriggerShapef,"ax",%progbits
 1073              		.align	2
 1074              		.p2align 4,,15
 1075              		.thumb
 1076              		.thumb_func
 1077              		.type	_ZL13addAccordPairP12TriggerShapef, %function
 1078              	_ZL13addAccordPairP12TriggerShapef:
 1079              		@ args = 0, pretend = 0, frame = 0
 1080              		@ frame_needed = 0, uses_anonymous_args = 0
 1081 0000 10B5     		push	{r4, lr}
 1082 0002 0122     		movs	r2, #1
 1083 0004 2DED028B 		fstmfdd	sp!, {d8}
 1084 0008 10EE101A 		fmrs	r1, s0
 1085 000c F0EE408A 		fcpys	s17, s0
 1086 0010 1346     		mov	r3, r2
 1087 0012 B2EE0E8A 		fconsts	s16, #46
 1088 0016 0446     		mov	r4, r0
 1089 0018 FFF7FEFF 		bl	_ZN12TriggerShape8addEventEf15trigger_wheel_e15trigger_value_e
 1090 001c 78EE888A 		fadds	s17, s17, s16
 1091 0020 2046     		mov	r0, r4
 1092 0022 18EE901A 		fmrs	r1, s17
 1093 0026 0122     		movs	r2, #1
 1094 0028 0023     		movs	r3, #0
 1095 002a FFF7FEFF 		bl	_ZN12TriggerShape8addEventEf15trigger_wheel_e15trigger_value_e
 1096 002e 38EE880A 		fadds	s0, s17, s16
 1097 0032 BDEC028B 		fldmfdd	sp!, {d8}
 1098 0036 10BD     		pop	{r4, pc}
 1099              		.size	_ZL13addAccordPairP12TriggerShapef, .-_ZL13addAccordPairP12TriggerShapef
 1100 0038 AFF30080 		.section	.text._ZNK12TriggerShape16getCycleDurationEv,"ax",%progbits
 1100      AFF30080 
 1101              		.align	2
 1102              		.p2align 4,,15
 1103              		.global	_ZNK12TriggerShape16getCycleDurationEv
ARM GAS  C:\Users\pc\AppData\Local\Temp\ccDVK0re.s 			page 21


 1104              		.thumb
 1105              		.thumb_func
 1106              		.type	_ZNK12TriggerShape16getCycleDurationEv, %function
 1107              	_ZNK12TriggerShape16getCycleDurationEv:
 1108              		@ args = 0, pretend = 0, frame = 0
 1109              		@ frame_needed = 0, uses_anonymous_args = 0
 1110              		@ link register save eliminated.
 1111 0000 00F5DB50 		add	r0, r0, #7008
 1112 0004 8068     		ldr	r0, [r0, #8]
 1113 0006 0228     		cmp	r0, #2
 1114 0008 14BF     		ite	ne
 1115 000a 4FF4B470 		movne	r0, #360
 1116 000e 4FF43470 		moveq	r0, #720
 1117 0012 7047     		bx	lr
 1118              		.size	_ZNK12TriggerShape16getCycleDurationEv, .-_ZNK12TriggerShape16getCycleDurationEv
 1119 0014 AFF30080 		.section	.text._ZNK12TriggerShape14getSwitchAngleEi,"ax",%progbits
 1119      AFF30080 
 1119      AFF30080 
 1120              		.align	2
 1121              		.p2align 4,,15
 1122              		.global	_ZNK12TriggerShape14getSwitchAngleEi
 1123              		.thumb
 1124              		.thumb_func
 1125              		.type	_ZNK12TriggerShape14getSwitchAngleEi, %function
 1126              	_ZNK12TriggerShape14getSwitchAngleEi:
 1127              		@ args = 0, pretend = 0, frame = 0
 1128              		@ frame_needed = 0, uses_anonymous_args = 0
 1129 0000 08B5     		push	{r3, lr}
 1130 0002 00F5DB53 		add	r3, r0, #7008
 1131 0006 2DED028B 		fstmfdd	sp!, {d8}
 1132 000a 9B68     		ldr	r3, [r3, #8]
 1133 000c DFED0A7A 		flds	s15, .L139
 1134 0010 9FED0A8A 		flds	s16, .L139+4
 1135 0014 022B     		cmp	r3, #2
 1136 0016 00F67430 		addw	r0, r0, #2932
 1137 001a 08BF     		it	eq
 1138 001c B0EE678A 		fcpyseq	s16, s15
 1139 0020 FFF7FEFF 		bl	_ZNK12multi_wave_s13getSwitchTimeEi
 1140 0024 07EE900A 		fmsr	s15, r0
 1141 0028 67EE887A 		fmuls	s15, s15, s16
 1142 002c BDEC028B 		fldmfdd	sp!, {d8}
 1143 0030 17EE900A 		fmrs	r0, s15
 1144 0034 08BD     		pop	{r3, pc}
 1145              	.L140:
 1146 0036 00BF     		.align	2
 1147              	.L139:
 1148 0038 00003444 		.word	1144258560
 1149 003c 0000B443 		.word	1135869952
 1150              		.size	_ZNK12TriggerShape14getSwitchAngleEi, .-_ZNK12TriggerShape14getSwitchAngleEi
 1151              		.section	.text._ZN12multi_wave_s16checkSwitchTimesEi,"ax",%progbits
 1152              		.align	2
 1153              		.p2align 4,,15
 1154              		.global	_ZN12multi_wave_s16checkSwitchTimesEi
 1155              		.thumb
 1156              		.thumb_func
 1157              		.type	_ZN12multi_wave_s16checkSwitchTimesEi, %function
 1158              	_ZN12multi_wave_s16checkSwitchTimesEi:
ARM GAS  C:\Users\pc\AppData\Local\Temp\ccDVK0re.s 			page 22


 1159              		@ args = 0, pretend = 0, frame = 0
 1160              		@ frame_needed = 0, uses_anonymous_args = 0
 1161              		@ link register save eliminated.
 1162 0000 8368     		ldr	r3, [r0, #8]
 1163 0002 0846     		mov	r0, r1
 1164 0004 1946     		mov	r1, r3
 1165 0006 FFF7FEBF 		b	_Z17checkSwitchTimes2iPf
 1166              		.size	_ZN12multi_wave_s16checkSwitchTimesEi, .-_ZN12multi_wave_s16checkSwitchTimesEi
 1167 000a 00BFAFF3 		.section	.text._Z28setToothedWheelConfigurationP12TriggerShapeii16operation_mode_e,"ax",%progbits
 1167      0080
 1168              		.align	2
 1169              		.p2align 4,,15
 1170              		.global	_Z28setToothedWheelConfigurationP12TriggerShapeii16operation_mode_e
 1171              		.thumb
 1172              		.thumb_func
 1173              		.type	_Z28setToothedWheelConfigurationP12TriggerShapeii16operation_mode_e, %function
 1174              	_Z28setToothedWheelConfigurationP12TriggerShapeii16operation_mode_e:
 1175              		@ args = 0, pretend = 0, frame = 0
 1176              		@ frame_needed = 0, uses_anonymous_args = 0
 1177              		@ link register save eliminated.
 1178 0000 10B4     		push	{r4}
 1179 0002 0124     		movs	r4, #1
 1180 0004 80F8644B 		strb	r4, [r0, #2916]
 1181 0008 5DF8044B 		ldr	r4, [sp], #4
 1182 000c FFF7FEBF 		b	_Z37initializeSkippedToothTriggerShapeExtP12TriggerShapeii16operation_mode_e
 1183              		.size	_Z28setToothedWheelConfigurationP12TriggerShapeii16operation_mode_e, .-_Z28setToothedWheelCo
 1184              		.section	.text._ZN12TriggerShape29setTriggerSynchronizationGap2Eff,"ax",%progbits
 1185              		.align	2
 1186              		.p2align 4,,15
 1187              		.global	_ZN12TriggerShape29setTriggerSynchronizationGap2Eff
 1188              		.thumb
 1189              		.thumb_func
 1190              		.type	_ZN12TriggerShape29setTriggerSynchronizationGap2Eff, %function
 1191              	_ZN12TriggerShape29setTriggerSynchronizationGap2Eff:
 1192              		@ args = 0, pretend = 0, frame = 0
 1193              		@ frame_needed = 0, uses_anonymous_args = 0
 1194              		@ link register save eliminated.
 1195 0000 30B4     		push	{r4, r5}
 1196 0002 00F65C33 		addw	r3, r0, #2908
 1197 0006 00F65834 		addw	r4, r0, #2904
 1198 000a 0125     		movs	r5, #1
 1199 000c 0570     		strb	r5, [r0]
 1200 000e 2160     		str	r1, [r4]	@ float
 1201 0010 1A60     		str	r2, [r3]	@ float
 1202 0012 30BC     		pop	{r4, r5}
 1203 0014 7047     		bx	lr
 1204              		.size	_ZN12TriggerShape29setTriggerSynchronizationGap2Eff, .-_ZN12TriggerShape29setTriggerSynchron
 1205 0016 00BFAFF3 		.section	.text._ZN12TriggerShape28setTriggerSynchronizationGapEf,"ax",%progbits
 1205      0080AFF3 
 1205      0080
 1206              		.align	2
 1207              		.p2align 4,,15
 1208              		.global	_ZN12TriggerShape28setTriggerSynchronizationGapEf
 1209              		.thumb
 1210              		.thumb_func
 1211              		.type	_ZN12TriggerShape28setTriggerSynchronizationGapEf, %function
 1212              	_ZN12TriggerShape28setTriggerSynchronizationGapEf:
ARM GAS  C:\Users\pc\AppData\Local\Temp\ccDVK0re.s 			page 23


 1213              		@ args = 0, pretend = 0, frame = 0
 1214              		@ frame_needed = 0, uses_anonymous_args = 0
 1215              		@ link register save eliminated.
 1216 0000 07EE901A 		fmsr	s15, r1
 1217 0004 B6EE087A 		fconsts	s14, #104
 1218 0008 F7EE046A 		fconsts	s13, #116
 1219 000c 27EE877A 		fmuls	s14, s15, s14
 1220 0010 67EEA67A 		fmuls	s15, s15, s13
 1221 0014 0121     		movs	r1, #1
 1222 0016 00F65832 		addw	r2, r0, #2904
 1223 001a 00F65C33 		addw	r3, r0, #2908
 1224 001e 0170     		strb	r1, [r0]
 1225 0020 82ED007A 		fsts	s14, [r2]
 1226 0024 C3ED007A 		fsts	s15, [r3]
 1227 0028 7047     		bx	lr
 1228              		.size	_ZN12TriggerShape28setTriggerSynchronizationGapEf, .-_ZN12TriggerShape28setTriggerSynchroniz
 1229 002a 00BFAFF3 		.section	.text._Z25configureHondaAccordCDDipP12TriggerShape,"ax",%progbits
 1229      0080
 1230              		.align	2
 1231              		.p2align 4,,15
 1232              		.global	_Z25configureHondaAccordCDDipP12TriggerShape
 1233              		.thumb
 1234              		.thumb_func
 1235              		.type	_Z25configureHondaAccordCDDipP12TriggerShape, %function
 1236              	_Z25configureHondaAccordCDDipP12TriggerShape:
 1237              		@ args = 0, pretend = 0, frame = 0
 1238              		@ frame_needed = 0, uses_anonymous_args = 0
 1239 0000 70B5     		push	{r4, r5, r6, lr}
 1240 0002 0122     		movs	r2, #1
 1241 0004 0446     		mov	r4, r0
 1242 0006 1546     		mov	r5, r2
 1243 0008 0221     		movs	r1, #2
 1244 000a FFF7FEFF 		bl	_ZN12TriggerShape5resetE16operation_mode_eb
 1245 000e 2046     		mov	r0, r4
 1246 0010 C4F8845B 		str	r5, [r4, #2948]
 1247 0014 9FED590A 		flds	s0, .L146
 1248 0018 FFF7FEFF 		bl	_ZL14addAccordPair3P12TriggerShapef
 1249 001c 0026     		movs	r6, #0
 1250 001e 2046     		mov	r0, r4
 1251 0020 FFF7FEFF 		bl	_ZL14addAccordPair3P12TriggerShapef
 1252 0024 C4F2B426 		movt	r6, 17076
 1253 0028 2046     		mov	r0, r4
 1254 002a FFF7FEFF 		bl	_ZL14addAccordPair3P12TriggerShapef
 1255 002e 3146     		mov	r1, r6	@ float
 1256 0030 2A46     		mov	r2, r5
 1257 0032 0023     		movs	r3, #0
 1258 0034 2046     		mov	r0, r4
 1259 0036 FFF7FEFF 		bl	_ZN12TriggerShape8addEventEf15trigger_wheel_e15trigger_value_e
 1260 003a 2046     		mov	r0, r4
 1261 003c 00EE106A 		fmsr	s0, r6
 1262 0040 FFF7FEFF 		bl	_ZL14addAccordPair3P12TriggerShapef
 1263 0044 0026     		movs	r6, #0
 1264 0046 2046     		mov	r0, r4
 1265 0048 FFF7FEFF 		bl	_ZL14addAccordPair3P12TriggerShapef
 1266 004c C4F23436 		movt	r6, 17204
 1267 0050 2046     		mov	r0, r4
 1268 0052 FFF7FEFF 		bl	_ZL14addAccordPair3P12TriggerShapef
ARM GAS  C:\Users\pc\AppData\Local\Temp\ccDVK0re.s 			page 24


 1269 0056 3146     		mov	r1, r6	@ float
 1270 0058 2A46     		mov	r2, r5
 1271 005a 2B46     		mov	r3, r5
 1272 005c 2046     		mov	r0, r4
 1273 005e FFF7FEFF 		bl	_ZN12TriggerShape8addEventEf15trigger_wheel_e15trigger_value_e
 1274 0062 2046     		mov	r0, r4
 1275 0064 00EE106A 		fmsr	s0, r6
 1276 0068 FFF7FEFF 		bl	_ZL14addAccordPair3P12TriggerShapef
 1277 006c 0026     		movs	r6, #0
 1278 006e 2046     		mov	r0, r4
 1279 0070 FFF7FEFF 		bl	_ZL14addAccordPair3P12TriggerShapef
 1280 0074 C4F28736 		movt	r6, 17287
 1281 0078 2046     		mov	r0, r4
 1282 007a FFF7FEFF 		bl	_ZL14addAccordPair3P12TriggerShapef
 1283 007e 3146     		mov	r1, r6	@ float
 1284 0080 2A46     		mov	r2, r5
 1285 0082 0023     		movs	r3, #0
 1286 0084 2046     		mov	r0, r4
 1287 0086 FFF7FEFF 		bl	_ZN12TriggerShape8addEventEf15trigger_wheel_e15trigger_value_e
 1288 008a 2046     		mov	r0, r4
 1289 008c 00EE106A 		fmsr	s0, r6
 1290 0090 FFF7FEFF 		bl	_ZL14addAccordPair3P12TriggerShapef
 1291 0094 2046     		mov	r0, r4
 1292 0096 FFF7FEFF 		bl	_ZL14addAccordPair3P12TriggerShapef
 1293 009a 2046     		mov	r0, r4
 1294 009c FFF7FEFF 		bl	_ZL14addAccordPair3P12TriggerShapef
 1295 00a0 0026     		movs	r6, #0
 1296 00a2 4FF48041 		mov	r1, #16384
 1297 00a6 C4F2B436 		movt	r6, 17332
 1298 00aa 2046     		mov	r0, r4
 1299 00ac 2B46     		mov	r3, r5
 1300 00ae C4F2B031 		movt	r1, 17328
 1301 00b2 0022     		movs	r2, #0
 1302 00b4 FFF7FEFF 		bl	_ZN12TriggerShape8addEventEf15trigger_wheel_e15trigger_value_e
 1303 00b8 3146     		mov	r1, r6	@ float
 1304 00ba 2A46     		mov	r2, r5
 1305 00bc 2B46     		mov	r3, r5
 1306 00be 2046     		mov	r0, r4
 1307 00c0 FFF7FEFF 		bl	_ZN12TriggerShape8addEventEf15trigger_wheel_e15trigger_value_e
 1308 00c4 2046     		mov	r0, r4
 1309 00c6 00EE106A 		fmsr	s0, r6
 1310 00ca FFF7FEFF 		bl	_ZL14addAccordPair3P12TriggerShapef
 1311 00ce 0026     		movs	r6, #0
 1312 00d0 2046     		mov	r0, r4
 1313 00d2 FFF7FEFF 		bl	_ZL14addAccordPair3P12TriggerShapef
 1314 00d6 C4F2E136 		movt	r6, 17377
 1315 00da 2046     		mov	r0, r4
 1316 00dc FFF7FEFF 		bl	_ZL14addAccordPair3P12TriggerShapef
 1317 00e0 3146     		mov	r1, r6	@ float
 1318 00e2 2A46     		mov	r2, r5
 1319 00e4 0023     		movs	r3, #0
 1320 00e6 2046     		mov	r0, r4
 1321 00e8 FFF7FEFF 		bl	_ZN12TriggerShape8addEventEf15trigger_wheel_e15trigger_value_e
 1322 00ec 2046     		mov	r0, r4
 1323 00ee 00EE106A 		fmsr	s0, r6
 1324 00f2 FFF7FEFF 		bl	_ZL14addAccordPair3P12TriggerShapef
 1325 00f6 0026     		movs	r6, #0
ARM GAS  C:\Users\pc\AppData\Local\Temp\ccDVK0re.s 			page 25


 1326 00f8 2046     		mov	r0, r4
 1327 00fa FFF7FEFF 		bl	_ZL14addAccordPair3P12TriggerShapef
 1328 00fe C4F20746 		movt	r6, 17415
 1329 0102 2046     		mov	r0, r4
 1330 0104 FFF7FEFF 		bl	_ZL14addAccordPair3P12TriggerShapef
 1331 0108 3146     		mov	r1, r6	@ float
 1332 010a 2A46     		mov	r2, r5
 1333 010c 2B46     		mov	r3, r5
 1334 010e 2046     		mov	r0, r4
 1335 0110 FFF7FEFF 		bl	_ZN12TriggerShape8addEventEf15trigger_wheel_e15trigger_value_e
 1336 0114 2046     		mov	r0, r4
 1337 0116 00EE106A 		fmsr	s0, r6
 1338 011a FFF7FEFF 		bl	_ZL14addAccordPair3P12TriggerShapef
 1339 011e 4FF40046 		mov	r6, #32768
 1340 0122 2046     		mov	r0, r4
 1341 0124 FFF7FEFF 		bl	_ZL14addAccordPair3P12TriggerShapef
 1342 0128 C4F21D46 		movt	r6, 17437
 1343 012c 2046     		mov	r0, r4
 1344 012e FFF7FEFF 		bl	_ZL14addAccordPair3P12TriggerShapef
 1345 0132 2A46     		mov	r2, r5
 1346 0134 3146     		mov	r1, r6	@ float
 1347 0136 0023     		movs	r3, #0
 1348 0138 2046     		mov	r0, r4
 1349 013a FFF7FEFF 		bl	_ZN12TriggerShape8addEventEf15trigger_wheel_e15trigger_value_e
 1350 013e 2046     		mov	r0, r4
 1351 0140 00EE106A 		fmsr	s0, r6
 1352 0144 FFF7FEFF 		bl	_ZL14addAccordPair3P12TriggerShapef
 1353 0148 2046     		mov	r0, r4
 1354 014a FFF7FEFF 		bl	_ZL14addAccordPair3P12TriggerShapef
 1355 014e 2046     		mov	r0, r4
 1356 0150 FFF7FEFF 		bl	_ZL14addAccordPair3P12TriggerShapef
 1357 0154 0022     		movs	r2, #0
 1358 0156 4FF40051 		mov	r1, #8192
 1359 015a 1346     		mov	r3, r2
 1360 015c 2046     		mov	r0, r4
 1361 015e C4F23241 		movt	r1, 17458
 1362 0162 FFF7FEFF 		bl	_ZN12TriggerShape8addEventEf15trigger_wheel_e15trigger_value_e
 1363 0166 0021     		movs	r1, #0
 1364 0168 2B46     		mov	r3, r5
 1365 016a 2046     		mov	r0, r4
 1366 016c 2A46     		mov	r2, r5
 1367 016e C4F23441 		movt	r1, 17460
 1368 0172 FFF7FEFF 		bl	_ZN12TriggerShape8addEventEf15trigger_wheel_e15trigger_value_e
 1369 0176 0023     		movs	r3, #0
 1370 0178 2370     		strb	r3, [r4]
 1371 017a 70BD     		pop	{r4, r5, r6, pc}
 1372              	.L147:
 1373              		.align	2
 1374              	.L146:
 1375 017c 00000000 		.word	0
 1376              		.size	_Z25configureHondaAccordCDDipP12TriggerShape, .-_Z25configureHondaAccordCDDipP12TriggerShape
 1377              		.section	.text._Z22configureHondaAccordCDP12TriggerShapeb,"ax",%progbits
 1378              		.align	2
 1379              		.p2align 4,,15
 1380              		.global	_Z22configureHondaAccordCDP12TriggerShapeb
 1381              		.thumb
 1382              		.thumb_func
ARM GAS  C:\Users\pc\AppData\Local\Temp\ccDVK0re.s 			page 26


 1383              		.type	_Z22configureHondaAccordCDP12TriggerShapeb, %function
 1384              	_Z22configureHondaAccordCDP12TriggerShapeb:
 1385              		@ args = 0, pretend = 0, frame = 0
 1386              		@ frame_needed = 0, uses_anonymous_args = 0
 1387 0000 70B5     		push	{r4, r5, r6, lr}
 1388 0002 0446     		mov	r4, r0
 1389 0004 2DED048B 		fstmfdd	sp!, {d8, d9}
 1390 0008 0122     		movs	r2, #1
 1391 000a 0E46     		mov	r6, r1
 1392 000c 0025     		movs	r5, #0
 1393 000e 0221     		movs	r1, #2
 1394 0010 FFF7FEFF 		bl	_ZN12TriggerShape5resetE16operation_mode_eb
 1395 0014 2570     		strb	r5, [r4]
 1396 0016 2046     		mov	r0, r4
 1397 0018 B1EE040A 		fconsts	s0, #20
 1398 001c FFF7FEFF 		bl	_ZL13addAccordPairP12TriggerShapef
 1399 0020 B0EE408A 		fcpys	s16, s0
 1400 0024 002E     		cmp	r6, #0
 1401 0026 40F09080 		bne	.L153
 1402 002a 2046     		mov	r0, r4
 1403 002c FFF7FEFF 		bl	_ZL13addAccordPairP12TriggerShapef
 1404 0030 2046     		mov	r0, r4
 1405 0032 FFF7FEFF 		bl	_ZL13addAccordPairP12TriggerShapef
 1406 0036 B0EE408A 		fcpys	s16, s0
 1407              	.L152:
 1408 003a B0EE480A 		fcpys	s0, s16
 1409 003e 2046     		mov	r0, r4
 1410 0040 FFF7FEFF 		bl	_ZL13addAccordPairP12TriggerShapef
 1411 0044 2046     		mov	r0, r4
 1412 0046 FFF7FEFF 		bl	_ZL13addAccordPairP12TriggerShapef
 1413 004a 4AF2C501 		movw	r1, #41157
 1414 004e B0EE408A 		fcpys	s16, s0
 1415 0052 C4F21231 		movt	r1, 17170
 1416 0056 0022     		movs	r2, #0
 1417 0058 0123     		movs	r3, #1
 1418 005a 2046     		mov	r0, r4
 1419 005c FFF7FEFF 		bl	_ZN12TriggerShape8addEventEf15trigger_wheel_e15trigger_value_e
 1420 0060 2046     		mov	r0, r4
 1421 0062 B0EE480A 		fcpys	s0, s16
 1422 0066 FFF7FEFF 		bl	_ZL13addAccordPairP12TriggerShapef
 1423 006a 0022     		movs	r2, #0
 1424 006c 0021     		movs	r1, #0
 1425 006e 1346     		mov	r3, r2
 1426 0070 C4F23431 		movt	r1, 17204
 1427 0074 B0EE408A 		fcpys	s16, s0
 1428 0078 2046     		mov	r0, r4
 1429 007a FFF7FEFF 		bl	_ZN12TriggerShape8addEventEf15trigger_wheel_e15trigger_value_e
 1430 007e 2046     		mov	r0, r4
 1431 0080 B0EE480A 		fcpys	s0, s16
 1432 0084 FFF7FEFF 		bl	_ZL13addAccordPairP12TriggerShapef
 1433 0088 2046     		mov	r0, r4
 1434 008a FFF7FEFF 		bl	_ZL13addAccordPairP12TriggerShapef
 1435 008e 2046     		mov	r0, r4
 1436 0090 FFF7FEFF 		bl	_ZL13addAccordPairP12TriggerShapef
 1437 0094 2046     		mov	r0, r4
 1438 0096 FFF7FEFF 		bl	_ZL13addAccordPairP12TriggerShapef
 1439 009a 2046     		mov	r0, r4
ARM GAS  C:\Users\pc\AppData\Local\Temp\ccDVK0re.s 			page 27


 1440 009c FFF7FEFF 		bl	_ZL13addAccordPairP12TriggerShapef
 1441 00a0 45F26201 		movw	r1, #20578
 1442 00a4 C4F2A331 		movt	r1, 17315
 1443 00a8 0022     		movs	r2, #0
 1444 00aa 0123     		movs	r3, #1
 1445 00ac B0EE408A 		fcpys	s16, s0
 1446 00b0 2046     		mov	r0, r4
 1447 00b2 FFF7FEFF 		bl	_ZN12TriggerShape8addEventEf15trigger_wheel_e15trigger_value_e
 1448 00b6 2046     		mov	r0, r4
 1449 00b8 B0EE480A 		fcpys	s0, s16
 1450 00bc FFF7FEFF 		bl	_ZL13addAccordPairP12TriggerShapef
 1451 00c0 0022     		movs	r2, #0
 1452 00c2 0021     		movs	r1, #0
 1453 00c4 2046     		mov	r0, r4
 1454 00c6 1346     		mov	r3, r2
 1455 00c8 C4F2B431 		movt	r1, 17332
 1456 00cc F0EE408A 		fcpys	s17, s0
 1457 00d0 FFF7FEFF 		bl	_ZN12TriggerShape8addEventEf15trigger_wheel_e15trigger_value_e
 1458 00d4 DFED2C9A 		flds	s19, .L154
 1459 00d8 9FED2C9A 		flds	s18, .L154+4
 1460 00dc 0325     		movs	r5, #3
 1461              	.L151:
 1462 00de B0EE680A 		fcpys	s0, s17
 1463 00e2 2046     		mov	r0, r4
 1464 00e4 FFF7FEFF 		bl	_ZL13addAccordPairP12TriggerShapef
 1465 00e8 2046     		mov	r0, r4
 1466 00ea FFF7FEFF 		bl	_ZL13addAccordPairP12TriggerShapef
 1467 00ee 2046     		mov	r0, r4
 1468 00f0 FFF7FEFF 		bl	_ZL13addAccordPairP12TriggerShapef
 1469 00f4 2046     		mov	r0, r4
 1470 00f6 FFF7FEFF 		bl	_ZL13addAccordPairP12TriggerShapef
 1471 00fa 2046     		mov	r0, r4
 1472 00fc FFF7FEFF 		bl	_ZL13addAccordPairP12TriggerShapef
 1473 0100 07EE905A 		fmsr	s15, r5	@ int
 1474 0104 B8EEE78A 		fsitos	s16, s15
 1475 0108 F0EE408A 		fcpys	s17, s0
 1476 010c 28EE298A 		fmuls	s16, s16, s19
 1477 0110 0022     		movs	r2, #0
 1478 0112 78EE497A 		fsubs	s15, s16, s18
 1479 0116 0123     		movs	r3, #1
 1480 0118 17EE901A 		fmrs	r1, s15
 1481 011c 2046     		mov	r0, r4
 1482 011e FFF7FEFF 		bl	_ZN12TriggerShape8addEventEf15trigger_wheel_e15trigger_value_e
 1483 0122 2046     		mov	r0, r4
 1484 0124 B0EE680A 		fcpys	s0, s17
 1485 0128 FFF7FEFF 		bl	_ZL13addAccordPairP12TriggerShapef
 1486 012c 0022     		movs	r2, #0
 1487 012e 2046     		mov	r0, r4
 1488 0130 18EE101A 		fmrs	r1, s16
 1489 0134 0135     		adds	r5, r5, #1
 1490 0136 1346     		mov	r3, r2
 1491 0138 F0EE408A 		fcpys	s17, s0
 1492 013c FFF7FEFF 		bl	_ZN12TriggerShape8addEventEf15trigger_wheel_e15trigger_value_e
 1493 0140 052D     		cmp	r5, #5
 1494 0142 CCD1     		bne	.L151
 1495 0144 BDEC048B 		fldmfdd	sp!, {d8-d9}
 1496 0148 70BD     		pop	{r4, r5, r6, pc}
ARM GAS  C:\Users\pc\AppData\Local\Temp\ccDVK0re.s 			page 28


 1497              	.L153:
 1498 014a F1EE0E8A 		fconsts	s17, #30
 1499 014e 70EE687A 		fsubs	s15, s0, s17
 1500 0152 0222     		movs	r2, #2
 1501 0154 17EE901A 		fmrs	r1, s15
 1502 0158 0123     		movs	r3, #1
 1503 015a 2046     		mov	r0, r4
 1504 015c FFF7FEFF 		bl	_ZN12TriggerShape8addEventEf15trigger_wheel_e15trigger_value_e
 1505 0160 2046     		mov	r0, r4
 1506 0162 B0EE480A 		fcpys	s0, s16
 1507 0166 FFF7FEFF 		bl	_ZL13addAccordPairP12TriggerShapef
 1508 016a 2046     		mov	r0, r4
 1509 016c FFF7FEFF 		bl	_ZL13addAccordPairP12TriggerShapef
 1510 0170 70EE688A 		fsubs	s17, s0, s17
 1511 0174 2046     		mov	r0, r4
 1512 0176 2B46     		mov	r3, r5
 1513 0178 18EE901A 		fmrs	r1, s17
 1514 017c 0222     		movs	r2, #2
 1515 017e B0EE408A 		fcpys	s16, s0
 1516 0182 FFF7FEFF 		bl	_ZN12TriggerShape8addEventEf15trigger_wheel_e15trigger_value_e
 1517 0186 58E7     		b	.L152
 1518              	.L155:
 1519              		.align	2
 1520              	.L154:
 1521 0188 00003443 		.word	1127481344
 1522 018c ED7C0542 		.word	1107655917
 1523              		.size	_Z22configureHondaAccordCDP12TriggerShapeb, .-_Z22configureHondaAccordCDP12TriggerShapeb
 1524              		.section	.rodata.str1.4,"aMS",%progbits,1
 1525              		.align	2
 1526              	.LC0:
 1527 0000 7A65726F 		.ascii	"zero engineCycle\000"
 1527      20656E67 
 1527      696E6543 
 1527      79636C65 
 1527      00
 1528 0011 000000   		.space	3
 1529              	.LC1:
 1530 0014 6F706572 		.ascii	"operationMode not set\000"
 1530      6174696F 
 1530      6E4D6F64 
 1530      65206E6F 
 1530      74207365 
 1531 002a 0000     		.space	2
 1532              	.LC2:
 1533 002c 7365636F 		.ascii	"secondary needed or not?\000"
 1533      6E646172 
 1533      79206E65 
 1533      65646564 
 1533      206F7220 
 1534 0045 000000   		.space	3
 1535              	.LC3:
 1536 0048 616E676C 		.ascii	"angle should be positive\000"
 1536      65207368 
 1536      6F756C64 
 1536      20626520 
 1536      706F7369 
 1537 0061 000000   		.space	3
ARM GAS  C:\Users\pc\AppData\Local\Temp\ccDVK0re.s 			page 29


 1538              	.LC4:
 1539 0064 696E7661 		.ascii	"invalid angle order: %f and %f\000"
 1539      6C696420 
 1539      616E676C 
 1539      65206F72 
 1539      6465723A 
 1540 0083 00       		.space	1
 1541              	.LC5:
 1542 0084 77617665 		.ascii	"wave pinStates is NULL\000"
 1542      2070696E 
 1542      53746174 
 1542      65732069 
 1542      73204E55 
 1543 009b 00       		.space	1
 1544              	.LC6:
 1545 009c 73616D65 		.ascii	"same angle: not supported\000"
 1545      20616E67 
 1545      6C653A20 
 1545      6E6F7420 
 1545      73757070 
 1546 00b6 0000     		.space	2
 1547              	.LC7:
 1548 00b8 61726520 		.ascii	"are we ever here?\000"
 1548      77652065 
 1548      76657220 
 1548      68657265 
 1548      3F00
 1549 00ca 0000     		.ident	"GCC: (Sourcery CodeBench Lite 2013.11-24) 4.8.1"
ARM GAS  C:\Users\pc\AppData\Local\Temp\ccDVK0re.s 			page 30


DEFINED SYMBOLS
                            *ABS*:00000000 trigger_structure.cpp
C:\Users\pc\AppData\Local\Temp\ccDVK0re.s:17     .text._ZN20trigger_shape_helperC2Ev:00000000 $t
C:\Users\pc\AppData\Local\Temp\ccDVK0re.s:23     .text._ZN20trigger_shape_helperC2Ev:00000000 _ZN20trigger_shape_helperC2Ev
C:\Users\pc\AppData\Local\Temp\ccDVK0re.s:23     .text._ZN20trigger_shape_helperC2Ev:00000000 _ZN20trigger_shape_helperC1Ev
C:\Users\pc\AppData\Local\Temp\ccDVK0re.s:50     .text._ZNK12TriggerShape7getSizeEv:00000000 $t
C:\Users\pc\AppData\Local\Temp\ccDVK0re.s:56     .text._ZNK12TriggerShape7getSizeEv:00000000 _ZNK12TriggerShape7getSizeEv
C:\Users\pc\AppData\Local\Temp\ccDVK0re.s:65     .text._ZN12TriggerShape30getTriggerShapeSynchPointIndexEv:00000000 $t
C:\Users\pc\AppData\Local\Temp\ccDVK0re.s:71     .text._ZN12TriggerShape30getTriggerShapeSynchPointIndexEv:00000000 _ZN12TriggerShape30getTriggerShapeSynchPointIndexEv
C:\Users\pc\AppData\Local\Temp\ccDVK0re.s:80     .text._ZN12TriggerShape5clearEv:00000000 $t
C:\Users\pc\AppData\Local\Temp\ccDVK0re.s:86     .text._ZN12TriggerShape5clearEv:00000000 _ZN12TriggerShape5clearEv
C:\Users\pc\AppData\Local\Temp\ccDVK0re.s:112    .text._ZN12TriggerShape5resetE16operation_mode_eb:00000000 $t
C:\Users\pc\AppData\Local\Temp\ccDVK0re.s:118    .text._ZN12TriggerShape5resetE16operation_mode_eb:00000000 _ZN12TriggerShape5resetE16operation_mode_eb
C:\Users\pc\AppData\Local\Temp\ccDVK0re.s:166    .text._ZN12TriggerShapeC2Ev:00000000 $t
C:\Users\pc\AppData\Local\Temp\ccDVK0re.s:172    .text._ZN12TriggerShapeC2Ev:00000000 _ZN12TriggerShapeC2Ev
C:\Users\pc\AppData\Local\Temp\ccDVK0re.s:172    .text._ZN12TriggerShapeC2Ev:00000000 _ZN12TriggerShapeC1Ev
C:\Users\pc\AppData\Local\Temp\ccDVK0re.s:229    .text._ZNK12multi_wave_s15getChannelStateEii:00000000 $t
C:\Users\pc\AppData\Local\Temp\ccDVK0re.s:235    .text._ZNK12multi_wave_s15getChannelStateEii:00000000 _ZNK12multi_wave_s15getChannelStateEii
C:\Users\pc\AppData\Local\Temp\ccDVK0re.s:245    .text._ZNK12multi_wave_s18waveIndertionAngleEfi:00000000 $t
C:\Users\pc\AppData\Local\Temp\ccDVK0re.s:251    .text._ZNK12multi_wave_s18waveIndertionAngleEfi:00000000 _ZNK12multi_wave_s18waveIndertionAngleEfi
C:\Users\pc\AppData\Local\Temp\ccDVK0re.s:281    .text._ZNK12multi_wave_s14findAngleMatchEfi:00000000 $t
C:\Users\pc\AppData\Local\Temp\ccDVK0re.s:287    .text._ZNK12multi_wave_s14findAngleMatchEfi:00000000 _ZNK12multi_wave_s14findAngleMatchEfi
C:\Users\pc\AppData\Local\Temp\ccDVK0re.s:317    .text._ZN12multi_wave_s13setSwitchTimeEif:00000000 $t
C:\Users\pc\AppData\Local\Temp\ccDVK0re.s:323    .text._ZN12multi_wave_s13setSwitchTimeEif:00000000 _ZN12multi_wave_s13setSwitchTimeEif
C:\Users\pc\AppData\Local\Temp\ccDVK0re.s:333    .text._ZN12TriggerState15getCurrentIndexEv:00000000 $t
C:\Users\pc\AppData\Local\Temp\ccDVK0re.s:339    .text._ZN12TriggerState15getCurrentIndexEv:00000000 _ZN12TriggerState15getCurrentIndexEv
C:\Users\pc\AppData\Local\Temp\ccDVK0re.s:347    .text._ZN12TriggerState25getStartOfRevolutionIndexEv:00000000 $t
C:\Users\pc\AppData\Local\Temp\ccDVK0re.s:353    .text._ZN12TriggerState25getStartOfRevolutionIndexEv:00000000 _ZN12TriggerState25getStartOfRevolutionIndexEv
C:\Users\pc\AppData\Local\Temp\ccDVK0re.s:361    .text._ZN12TriggerState20resetRunningCountersEv:00000000 $t
C:\Users\pc\AppData\Local\Temp\ccDVK0re.s:367    .text._ZN12TriggerState20resetRunningCountersEv:00000000 _ZN12TriggerState20resetRunningCountersEv
C:\Users\pc\AppData\Local\Temp\ccDVK0re.s:378    .text._ZN12TriggerState20getTotalEventCounterEv:00000000 $t
C:\Users\pc\AppData\Local\Temp\ccDVK0re.s:384    .text._ZN12TriggerState20getTotalEventCounterEv:00000000 _ZN12TriggerState20getTotalEventCounterEv
C:\Users\pc\AppData\Local\Temp\ccDVK0re.s:399    .text._ZN12TriggerState25getTotalRevolutionCounterEv:00000000 $t
C:\Users\pc\AppData\Local\Temp\ccDVK0re.s:405    .text._ZN12TriggerState25getTotalRevolutionCounterEv:00000000 _ZN12TriggerState25getTotalRevolutionCounterEv
C:\Users\pc\AppData\Local\Temp\ccDVK0re.s:413    .text._ZN12TriggerState5clearEv:00000000 $t
C:\Users\pc\AppData\Local\Temp\ccDVK0re.s:419    .text._ZN12TriggerState5clearEv:00000000 _ZN12TriggerState5clearEv
C:\Users\pc\AppData\Local\Temp\ccDVK0re.s:462    .text._ZN12TriggerStateC2Ev:00000000 $t
C:\Users\pc\AppData\Local\Temp\ccDVK0re.s:468    .text._ZN12TriggerStateC2Ev:00000000 _ZN12TriggerStateC2Ev
C:\Users\pc\AppData\Local\Temp\ccDVK0re.s:468    .text._ZN12TriggerStateC2Ev:00000000 _ZN12TriggerStateC1Ev
C:\Users\pc\AppData\Local\Temp\ccDVK0re.s:513    .text._ZNK12TriggerShape9getLengthEv:00000000 $t
C:\Users\pc\AppData\Local\Temp\ccDVK0re.s:519    .text._ZNK12TriggerShape9getLengthEv:00000000 _ZNK12TriggerShape9getLengthEv
C:\Users\pc\AppData\Local\Temp\ccDVK0re.s:533    .text._ZNK12TriggerShape8getAngleEi:00000000 $t
C:\Users\pc\AppData\Local\Temp\ccDVK0re.s:539    .text._ZNK12TriggerShape8getAngleEi:00000000 _ZNK12TriggerShape8getAngleEi
C:\Users\pc\AppData\Local\Temp\ccDVK0re.s:577    .text._ZNK12TriggerShape8getAngleEi:00000064 $d
C:\Users\pc\AppData\Local\Temp\ccDVK0re.s:581    .text._ZN12TriggerShape26calculateTriggerSynchPointEv:00000000 $t
C:\Users\pc\AppData\Local\Temp\ccDVK0re.s:587    .text._ZN12TriggerShape26calculateTriggerSynchPointEv:00000000 _ZN12TriggerShape26calculateTriggerSynchPointEv
C:\Users\pc\AppData\Local\Temp\ccDVK0re.s:1526   .rodata.str1.4:00000000 .LC0
C:\Users\pc\AppData\Local\Temp\ccDVK0re.s:726    .text._ZN12TriggerShape26calculateTriggerSynchPointEv:00000170 $d
C:\Users\pc\AppData\Local\Temp\ccDVK0re.s:729    .text._ZN12TriggerShape16getOperationModeEv:00000000 $t
C:\Users\pc\AppData\Local\Temp\ccDVK0re.s:735    .text._ZN12TriggerShape16getOperationModeEv:00000000 _ZN12TriggerShape16getOperationModeEv
C:\Users\pc\AppData\Local\Temp\ccDVK0re.s:745    .text._ZN12TriggerShape8addEventEf15trigger_wheel_e15trigger_value_e:00000000 $t
C:\Users\pc\AppData\Local\Temp\ccDVK0re.s:751    .text._ZN12TriggerShape8addEventEf15trigger_wheel_e15trigger_value_e:00000000 _ZN12TriggerShape8addEventEf15trigger_wheel_e15trigger_value_e
C:\Users\pc\AppData\Local\Temp\ccDVK0re.s:1535   .rodata.str1.4:00000048 .LC3
C:\Users\pc\AppData\Local\Temp\ccDVK0re.s:1547   .rodata.str1.4:000000b8 .LC7
C:\Users\pc\AppData\Local\Temp\ccDVK0re.s:1544   .rodata.str1.4:0000009c .LC6
C:\Users\pc\AppData\Local\Temp\ccDVK0re.s:1532   .rodata.str1.4:0000002c .LC2
C:\Users\pc\AppData\Local\Temp\ccDVK0re.s:1529   .rodata.str1.4:00000014 .LC1
ARM GAS  C:\Users\pc\AppData\Local\Temp\ccDVK0re.s 			page 31


C:\Users\pc\AppData\Local\Temp\ccDVK0re.s:1538   .rodata.str1.4:00000064 .LC4
C:\Users\pc\AppData\Local\Temp\ccDVK0re.s:1541   .rodata.str1.4:00000084 .LC5
C:\Users\pc\AppData\Local\Temp\ccDVK0re.s:1019   .text._ZN12TriggerShape8addEventEf15trigger_wheel_e15trigger_value_eff:00000000 $t
C:\Users\pc\AppData\Local\Temp\ccDVK0re.s:1025   .text._ZN12TriggerShape8addEventEf15trigger_wheel_e15trigger_value_eff:00000000 _ZN12TriggerShape8addEventEf15trigger_wheel_e15trigger_value_eff
C:\Users\pc\AppData\Local\Temp\ccDVK0re.s:1044   .text._ZL14addAccordPair3P12TriggerShapef:00000000 $t
C:\Users\pc\AppData\Local\Temp\ccDVK0re.s:1049   .text._ZL14addAccordPair3P12TriggerShapef:00000000 _ZL14addAccordPair3P12TriggerShapef
C:\Users\pc\AppData\Local\Temp\ccDVK0re.s:1073   .text._ZL13addAccordPairP12TriggerShapef:00000000 $t
C:\Users\pc\AppData\Local\Temp\ccDVK0re.s:1078   .text._ZL13addAccordPairP12TriggerShapef:00000000 _ZL13addAccordPairP12TriggerShapef
C:\Users\pc\AppData\Local\Temp\ccDVK0re.s:1101   .text._ZNK12TriggerShape16getCycleDurationEv:00000000 $t
C:\Users\pc\AppData\Local\Temp\ccDVK0re.s:1107   .text._ZNK12TriggerShape16getCycleDurationEv:00000000 _ZNK12TriggerShape16getCycleDurationEv
C:\Users\pc\AppData\Local\Temp\ccDVK0re.s:1120   .text._ZNK12TriggerShape14getSwitchAngleEi:00000000 $t
C:\Users\pc\AppData\Local\Temp\ccDVK0re.s:1126   .text._ZNK12TriggerShape14getSwitchAngleEi:00000000 _ZNK12TriggerShape14getSwitchAngleEi
C:\Users\pc\AppData\Local\Temp\ccDVK0re.s:1148   .text._ZNK12TriggerShape14getSwitchAngleEi:00000038 $d
C:\Users\pc\AppData\Local\Temp\ccDVK0re.s:1152   .text._ZN12multi_wave_s16checkSwitchTimesEi:00000000 $t
C:\Users\pc\AppData\Local\Temp\ccDVK0re.s:1158   .text._ZN12multi_wave_s16checkSwitchTimesEi:00000000 _ZN12multi_wave_s16checkSwitchTimesEi
C:\Users\pc\AppData\Local\Temp\ccDVK0re.s:1168   .text._Z28setToothedWheelConfigurationP12TriggerShapeii16operation_mode_e:00000000 $t
C:\Users\pc\AppData\Local\Temp\ccDVK0re.s:1174   .text._Z28setToothedWheelConfigurationP12TriggerShapeii16operation_mode_e:00000000 _Z28setToothedWheelConfigurationP12TriggerShapeii16operation_mode_e
C:\Users\pc\AppData\Local\Temp\ccDVK0re.s:1185   .text._ZN12TriggerShape29setTriggerSynchronizationGap2Eff:00000000 $t
C:\Users\pc\AppData\Local\Temp\ccDVK0re.s:1191   .text._ZN12TriggerShape29setTriggerSynchronizationGap2Eff:00000000 _ZN12TriggerShape29setTriggerSynchronizationGap2Eff
C:\Users\pc\AppData\Local\Temp\ccDVK0re.s:1206   .text._ZN12TriggerShape28setTriggerSynchronizationGapEf:00000000 $t
C:\Users\pc\AppData\Local\Temp\ccDVK0re.s:1212   .text._ZN12TriggerShape28setTriggerSynchronizationGapEf:00000000 _ZN12TriggerShape28setTriggerSynchronizationGapEf
C:\Users\pc\AppData\Local\Temp\ccDVK0re.s:1230   .text._Z25configureHondaAccordCDDipP12TriggerShape:00000000 $t
C:\Users\pc\AppData\Local\Temp\ccDVK0re.s:1236   .text._Z25configureHondaAccordCDDipP12TriggerShape:00000000 _Z25configureHondaAccordCDDipP12TriggerShape
C:\Users\pc\AppData\Local\Temp\ccDVK0re.s:1375   .text._Z25configureHondaAccordCDDipP12TriggerShape:0000017c $d
C:\Users\pc\AppData\Local\Temp\ccDVK0re.s:1378   .text._Z22configureHondaAccordCDP12TriggerShapeb:00000000 $t
C:\Users\pc\AppData\Local\Temp\ccDVK0re.s:1384   .text._Z22configureHondaAccordCDP12TriggerShapeb:00000000 _Z22configureHondaAccordCDP12TriggerShapeb
C:\Users\pc\AppData\Local\Temp\ccDVK0re.s:1521   .text._Z22configureHondaAccordCDP12TriggerShapeb:00000188 $d
C:\Users\pc\AppData\Local\Temp\ccDVK0re.s:1525   .rodata.str1.4:00000000 $d
C:\Users\pc\AppData\Local\Temp\ccDVK0re.s:580    .text._ZNK12TriggerShape8getAngleEi:0000006c $t
C:\Users\pc\AppData\Local\Temp\ccDVK0re.s:728    .text._ZN12TriggerShape26calculateTriggerSynchPointEv:00000174 $t

UNDEFINED SYMBOLS
_ZN13single_wave_sC1Ev
_ZN13single_wave_s4initEPa
memset
_ZN12multi_wave_s5resetEv
_ZN12multi_wave_sC1EPfP13single_wave_s
isSameF
_ZNK12multi_wave_s13getSwitchTimeEi
engineConfiguration
_Z25findTriggerZeroEventIndexP12TriggerShapePK16trigger_config_s
engine
persistentState
firmwareError
__aeabi_f2d
_Z14getEngineCycle16operation_mode_e
_Z17checkSwitchTimes2iPf
_Z37initializeSkippedToothTriggerShapeExtP12TriggerShapeii16operation_mode_e
